2025-05-15 12:33:44,559 : INFO : root : Loading config.
2025-05-15 12:33:44,563 : INFO : YamlMultifileConfigLoader : Machine config file #1: config.yaml
2025-05-15 12:33:44,564 : WARNING : ConfigProcessor : Config file in cache changed: C:\supermariopinball\config\config.yaml
2025-05-15 12:33:44,564 : INFO : ConfigProcessor : Loading config from file C:\Users\Majo\AppData\Local\Programs\Python\Python312\Lib\site-packages\mpf\mpfconfig.yaml.
2025-05-15 12:33:44,576 : INFO : ConfigProcessor : Loading config: C:\Users\Majo\AppData\Local\Programs\Python\Python312\Lib\site-packages\mpf\mpfconfig.yaml
2025-05-15 12:33:44,576 : INFO : ConfigProcessor : Loading config from file C:\supermariopinball\config\config.yaml.
2025-05-15 12:33:44,578 : INFO : ConfigProcessor : Loading config: C:\supermariopinball\config\config.yaml
2025-05-15 12:33:44,579 : INFO : ConfigProcessor : Loading config: C:\supermariopinball\config\config_switches.yaml
2025-05-15 12:33:44,580 : INFO : ConfigProcessor : Loading config: C:\supermariopinball\config\config_ball_devices.yaml
2025-05-15 12:33:44,581 : INFO : ConfigProcessor : Loading config: C:\supermariopinball\config\config_coils.yaml
2025-05-15 12:33:44,582 : INFO : ConfigProcessor : Config file cache created: C:\Users\Majo\AppData\Local\Temp\49e243cdd9f1e1d25f58c376a5b1bcea.mpf_cache
2025-05-15 12:33:44,654 : INFO : ConfigProcessor : Loading config from cache: C:\Users\Majo\AppData\Local\Temp\d702bac24e056f3176be89df8780b321.mpf_cache
2025-05-15 12:33:44,655 : INFO : ConfigProcessor : Loading config from cache: C:\Users\Majo\AppData\Local\Temp\73f6dfef7f206545518fd71aa2c5591c.mpf_cache
2025-05-15 12:33:44,655 : INFO : ConfigProcessor : Loading config from cache: C:\Users\Majo\AppData\Local\Temp\d702bac24e056f3176be89df8780b321.mpf_cache
2025-05-15 12:33:44,656 : WARNING : ConfigProcessor : Config file in cache changed: C:\supermariopinball\modes\base\config\base.yaml
2025-05-15 12:33:44,656 : INFO : ConfigProcessor : Loading config from file C:\supermariopinball\modes\base\config\base.yaml.
2025-05-15 12:33:44,657 : INFO : ConfigProcessor : Loading config: C:\supermariopinball\modes\base\config\base.yaml
2025-05-15 12:33:44,657 : INFO : ConfigProcessor : Config file cache created: C:\Users\Majo\AppData\Local\Temp\8a05a22d50c9fd6520be5872b6dcd994.mpf_cache
2025-05-15 12:33:44,658 : INFO : ConfigProcessor : Loading config from file C:\supermariopinball\modes\jets\config\jets.yaml.
2025-05-15 12:33:44,659 : INFO : ConfigProcessor : Loading config: C:\supermariopinball\modes\jets\config\jets.yaml
2025-05-15 12:33:44,659 : INFO : ConfigProcessor : Config file cache created: C:\Users\Majo\AppData\Local\Temp\88b7623af3bb19725041b5cfdd7b04ce.mpf_cache
2025-05-15 12:33:44,659 : INFO : Machine : Mission Pinball Framework Core Engine v0.80.0.dev7
2025-05-15 12:33:44,660 : INFO : Machine : Command line arguments: {'no_load_cache': False, 'create_config_cache': True, 'bcp': True, 'configfile': ['config.yaml'], 'force_assets_load': False, 'platform_integration_test': False, 'jsonlogging': False, 'logfile': 'logs\\2025-05-15-12-33-44-mpf-LX15.log', 'pause': False, 'production': False, 'text_ui': False, 'loglevel': 15, 'consoleloglevel': 20, 'force_platform': 'virtual', 'syslog_address': None, 'full_logfile_path': 'C:\\supermariopinball\\logs\\2025-05-15-12-33-44-mpf-LX15.log'}
2025-05-15 12:33:44,660 : INFO : Machine : MPF path: C:\Users\Majo\AppData\Local\Programs\Python\Python312\Lib\site-packages\mpf
2025-05-15 12:33:44,660 : INFO : Machine : Machine path: C:\supermariopinball
2025-05-15 12:33:44,660 : INFO : Machine : Platform: win32
2025-05-15 12:33:44,660 : INFO : Machine : Python executable location: C:\Users\Majo\AppData\Local\Programs\Python\Python312\python.exe
2025-05-15 12:33:44,660 : INFO : Machine : Python version: 3.12.7 (64-bit)
2025-05-15 12:33:44,663 : INFO : Machine : Initializing MPF...
2025-05-15 12:33:44,732 : INFO : EventManager : Event: ======'machine_var_credits_string'====== Args={'value': 'FREE PLAY', 'prev_value': None, 'change': True}
2025-05-15 12:33:44,751 : INFO : EventManager : Event: ======'machine_var_master_volume'====== Args={'value': 0.5, 'prev_value': None, 'change': True}
2025-05-15 12:33:44,751 : INFO : EventManager : Event: ======'machine_var_mpf_version'====== Args={'value': 'Mission Pinball Framework v0.80.0.dev7', 'prev_value': None, 'change': True}
2025-05-15 12:33:44,751 : INFO : EventManager : Event: ======'machine_var_mpf_extended_version'====== Args={'value': 'Mission Pinball Framework v0.80.0.dev7, Config version:6, Show version: 6, BCP version:1.1', 'prev_value': None, 'change': True}
2025-05-15 12:33:44,751 : INFO : EventManager : Event: ======'machine_var_python_version'====== Args={'value': '3.12.7', 'prev_value': None, 'change': True}
2025-05-15 12:33:44,864 : INFO : EventManager : Event: ======'machine_var_platform'====== Args={'value': 'Windows-11-10.0.26100-SP0', 'prev_value': None, 'change': True}
2025-05-15 12:33:44,864 : INFO : EventManager : Event: ======'machine_var_platform_system'====== Args={'value': 'Windows', 'prev_value': None, 'change': True}
2025-05-15 12:33:44,864 : INFO : EventManager : Event: ======'machine_var_platform_release'====== Args={'value': '11', 'prev_value': None, 'change': True}
2025-05-15 12:33:44,864 : INFO : EventManager : Event: ======'machine_var_platform_version'====== Args={'value': '10.0.26100', 'prev_value': None, 'change': True}
2025-05-15 12:33:44,864 : INFO : EventManager : Event: ======'machine_var_platform_machine'====== Args={'value': 'AMD64', 'prev_value': None, 'change': True}
2025-05-15 12:33:44,864 : INFO : EventManager : Event: ======'machine_var_log_file_path'====== Args={'value': 'C:\\supermariopinball\\logs\\2025-05-15-12-33-44-mpf-LX15.log', 'prev_value': None, 'change': True}
2025-05-15 12:33:44,864 : INFO : EventManager : Event: ======'init_phase_1'====== Args={}
2025-05-15 12:33:44,882 : INFO : EventManager : Event: ======'init_phase_2'====== Args={}
2025-05-15 12:33:44,884 : INFO : EventManager : Event: ======'bcp_connection_attempt'====== Args={'name': 'local_display', 'host': 'localhost', 'port': 5050}
2025-05-15 12:33:44,885 : INFO : BCPClientSocket : Connecting BCP to 'local_display' at localhost:5050...
2025-05-15 12:33:51,627 : INFO : BCPClientSocket : Connected BCP to 'local_display' localhost:5050
2025-05-15 12:33:51,629 : INFO : EventManager : Event: ======'bcp_clients_connected'====== Args={}
2025-05-15 12:33:51,629 : INFO : ball_device.bd_balltruhe : BCH: Initial count: 0
2025-05-15 12:33:51,630 : INFO : ball_device.bd_balltruhe : State: idle
2025-05-15 12:33:51,630 : INFO : ball_device.bd_plunger : BCH: Initial count: 0
2025-05-15 12:33:51,630 : INFO : ball_device.bd_plunger : State: idle
2025-05-15 12:33:51,637 : INFO : EventManager : Event: ======'init_phase_3'====== Args={}
2025-05-15 12:33:51,639 : INFO : EventManager : Event: ======'init_phase_4'====== Args={}
2025-05-15 12:33:51,639 : INFO : BallController : Initial balls found: 0
2025-05-15 12:33:51,641 : INFO : EventManager : Event: ======'machine_var_audits_switches_s_balltruhe_4'====== Args={'value': 0, 'prev_value': None, 'change': True}
2025-05-15 12:33:51,641 : INFO : EventManager : Event: ======'machine_var_audits_switches_s_jet_left'====== Args={'value': 0, 'prev_value': None, 'change': True}
2025-05-15 12:33:51,641 : INFO : EventManager : Event: ======'machine_var_audits_switches_s_balltruhe_3'====== Args={'value': 0, 'prev_value': None, 'change': True}
2025-05-15 12:33:51,641 : INFO : EventManager : Event: ======'machine_var_audits_switches_s_upper_flipper'====== Args={'value': 0, 'prev_value': None, 'change': True}
2025-05-15 12:33:51,641 : INFO : EventManager : Event: ======'machine_var_audits_switches_s_balltruhe_2'====== Args={'value': 0, 'prev_value': None, 'change': True}
2025-05-15 12:33:51,641 : INFO : EventManager : Event: ======'machine_var_audits_switches_s_balltruhe_jam'====== Args={'value': 0, 'prev_value': None, 'change': True}
2025-05-15 12:33:51,641 : INFO : EventManager : Event: ======'machine_var_audits_switches_s_plunger_lane'====== Args={'value': 0, 'prev_value': None, 'change': True}
2025-05-15 12:33:51,641 : INFO : EventManager : Event: ======'machine_var_audits_switches_s_flipper_right'====== Args={'value': 0, 'prev_value': None, 'change': True}
2025-05-15 12:33:51,641 : INFO : EventManager : Event: ======'machine_var_audits_switches_s_jet_upper'====== Args={'value': 0, 'prev_value': None, 'change': True}
2025-05-15 12:33:51,641 : INFO : EventManager : Event: ======'machine_var_audits_switches_s_balltruhe_6'====== Args={'value': 0, 'prev_value': None, 'change': True}
2025-05-15 12:33:51,641 : INFO : EventManager : Event: ======'machine_var_audits_switches_s_ramp_left_opto'====== Args={'value': 0, 'prev_value': None, 'change': True}
2025-05-15 12:33:51,641 : INFO : EventManager : Event: ======'machine_var_audits_switches_s_balltruhe_5'====== Args={'value': 0, 'prev_value': None, 'change': True}
2025-05-15 12:33:51,641 : INFO : EventManager : Event: ======'machine_var_audits_switches_s_balltruhe_1'====== Args={'value': 0, 'prev_value': None, 'change': True}
2025-05-15 12:33:51,641 : INFO : EventManager : Event: ======'machine_var_audits_switches_s_jet_right'====== Args={'value': 0, 'prev_value': None, 'change': True}
2025-05-15 12:33:51,641 : INFO : EventManager : Event: ======'machine_var_audits_switches_s_flipper_left'====== Args={'value': 0, 'prev_value': None, 'change': True}
2025-05-15 12:33:51,641 : INFO : EventManager : Event: ======'machine_var_audits_events_game_started'====== Args={'value': 0, 'prev_value': None, 'change': True}
2025-05-15 12:33:51,641 : INFO : EventManager : Event: ======'machine_var_audits_events_game_ended'====== Args={'value': 0, 'prev_value': None, 'change': True}
2025-05-15 12:33:51,641 : INFO : EventManager : Event: ======'machine_var_audits_player_score'====== Args={'value': {'top': [], 'average': 0, 'total': 0}, 'prev_value': None, 'change': True}
2025-05-15 12:33:51,642 : INFO : EventManager : Event: ======'init_phase_5'====== Args={}
2025-05-15 12:33:51,642 : INFO : EventManager : Event: ======'init_done'====== Args={}
2025-05-15 12:33:51,642 : INFO : EventManager : Event: ======'machine_reset_phase_1'====== Args={}
2025-05-15 12:33:51,652 : INFO : EventManager : Event: ======'machine_reset_phase_2'====== Args={}
2025-05-15 12:33:51,652 : INFO : EventManager : Event: ======'machine_reset_phase_3'====== Args={}
2025-05-15 12:33:51,652 : INFO : EventManager : Event: ======'reset_complete'====== Args={}
2025-05-15 12:33:51,652 : INFO : EventManager : Event: ======'mode_attract_will_start'====== Args={}
2025-05-15 12:33:51,653 : INFO : Timer.attract_carousel_timer : Starting Timer.
2025-05-15 12:33:51,653 : INFO : EventManager : Event: ======'timer_attract_carousel_timer_started'====== Args={'ticks': 0, 'ticks_remaining': 1}
2025-05-15 12:33:51,653 : INFO : EventManager : Event: ======'timer_attract_carousel_timer_tick'====== Args={'ticks': 0, 'ticks_remaining': 1}
2025-05-15 12:33:51,653 : INFO : EventManager : Event: ======'mode_attract_starting'====== Args={}
2025-05-15 12:33:51,654 : INFO : Mode.attract : Started. Priority: 10
2025-05-15 12:33:51,654 : INFO : EventManager : Event: ======'modes_active_modes_changed'====== Args={}
2025-05-15 12:33:51,654 : INFO : EventManager : Event: ======'mode_attract_started'====== Args={}
2025-05-15 12:33:51,654 : INFO : EventManager : Event: ======'collecting_balls_complete'====== Args={}
2025-05-15 12:33:51,655 : INFO : EventManager : Event: ======'item_highlighted'====== Args={'carousel': 'attract', 'direction': None, 'item': 'title'}
2025-05-15 12:33:51,655 : INFO : EventManager : Event: ======'timer_attract_carousel_timer_tick'====== Args={'ticks': 0, 'ticks_remaining': 1}
2025-05-15 12:33:51,656 : INFO : Machine : Starting the main run loop with active modes: [<Mode.attract>]
2025-05-15 12:33:51,703 : INFO : EventManager : Event: ======'slide_attract_created'====== Args={'_from_bcp': True}
2025-05-15 12:33:51,704 : INFO : EventManager : Event: ======'slide__removed'====== Args={'_from_bcp': True}
2025-05-15 12:33:51,704 : INFO : EventManager : Event: ======'slide_attract_active'====== Args={'original_context': 'attract', 'original_calling_context': 'mode_attract_started', 'priority': 10.0, 'cmd': 'slides_play', '_from_bcp': True}
2025-05-15 12:33:56,675 : INFO : Timer.attract_carousel_timer : Timer Complete
2025-05-15 12:33:56,675 : INFO : Timer.attract_carousel_timer : Stopping Timer
2025-05-15 12:33:56,675 : INFO : EventManager : Event: ======'timer_attract_carousel_timer_stopped'====== Args={'ticks': 1, 'ticks_remaining': 1}
2025-05-15 12:33:56,675 : INFO : EventManager : Event: ======'timer_attract_carousel_timer_complete'====== Args={'ticks': 1, 'ticks_remaining': 1}
2025-05-15 12:33:56,675 : INFO : EventManager : Event: ======'item_highlighted'====== Args={'carousel': 'attract', 'direction': 'forwards', 'item': 'credits'}
2025-05-15 12:33:56,676 : INFO : Timer.attract_carousel_timer : Starting Timer.
2025-05-15 12:33:56,676 : INFO : EventManager : Event: ======'timer_attract_carousel_timer_started'====== Args={'ticks': 0, 'ticks_remaining': 1}
2025-05-15 12:33:56,676 : INFO : EventManager : Event: ======'timer_attract_carousel_timer_tick'====== Args={'ticks': 0, 'ticks_remaining': 1}
2025-05-15 12:34:01,681 : INFO : Timer.attract_carousel_timer : Timer Complete
2025-05-15 12:34:01,681 : INFO : Timer.attract_carousel_timer : Stopping Timer
2025-05-15 12:34:01,681 : INFO : EventManager : Event: ======'timer_attract_carousel_timer_stopped'====== Args={'ticks': 1, 'ticks_remaining': 1}
2025-05-15 12:34:01,681 : INFO : EventManager : Event: ======'timer_attract_carousel_timer_complete'====== Args={'ticks': 1, 'ticks_remaining': 1}
2025-05-15 12:34:01,681 : INFO : EventManager : Event: ======'item_highlighted'====== Args={'carousel': 'attract', 'direction': 'forwards', 'item': 'mpf_logo'}
2025-05-15 12:34:01,682 : INFO : Timer.attract_carousel_timer : Starting Timer.
2025-05-15 12:34:01,682 : INFO : EventManager : Event: ======'timer_attract_carousel_timer_started'====== Args={'ticks': 0, 'ticks_remaining': 1}
2025-05-15 12:34:01,682 : INFO : EventManager : Event: ======'timer_attract_carousel_timer_tick'====== Args={'ticks': 0, 'ticks_remaining': 1}
2025-05-15 12:34:06,693 : INFO : Timer.attract_carousel_timer : Timer Complete
2025-05-15 12:34:06,693 : INFO : Timer.attract_carousel_timer : Stopping Timer
2025-05-15 12:34:06,693 : INFO : EventManager : Event: ======'timer_attract_carousel_timer_stopped'====== Args={'ticks': 1, 'ticks_remaining': 1}
2025-05-15 12:34:06,693 : INFO : EventManager : Event: ======'timer_attract_carousel_timer_complete'====== Args={'ticks': 1, 'ticks_remaining': 1}
2025-05-15 12:34:06,693 : INFO : EventManager : Event: ======'item_highlighted'====== Args={'carousel': 'attract', 'direction': 'forwards', 'item': 'title'}
2025-05-15 12:34:06,694 : INFO : Timer.attract_carousel_timer : Starting Timer.
2025-05-15 12:34:06,694 : INFO : EventManager : Event: ======'timer_attract_carousel_timer_started'====== Args={'ticks': 0, 'ticks_remaining': 1}
2025-05-15 12:34:06,694 : INFO : EventManager : Event: ======'timer_attract_carousel_timer_tick'====== Args={'ticks': 0, 'ticks_remaining': 1}
2025-05-15 12:34:08,458 : INFO : Machine : Shutting down...
2025-05-15 12:34:08,458 : INFO : EventManager : Event: ======'shutdown'====== Args={}
2025-05-15 12:34:08,461 : INFO : root : MPF run loop ended.
