2025-05-15 12:52:23,478 : INFO : root : Loading config.
2025-05-15 12:52:23,485 : INFO : YamlMultifileConfigLoader : Machine config file #1: config.yaml
2025-05-15 12:52:23,485 : INFO : ConfigProcessor : Loading config from cache: C:\Users\Majo\AppData\Local\Temp\49e243cdd9f1e1d25f58c376a5b1bcea.mpf_cache
2025-05-15 12:52:23,839 : INFO : ConfigProcessor : Loading config from cache: C:\Users\Majo\AppData\Local\Temp\d702bac24e056f3176be89df8780b321.mpf_cache
2025-05-15 12:52:23,840 : INFO : ConfigProcessor : Loading config from cache: C:\Users\Majo\AppData\Local\Temp\73f6dfef7f206545518fd71aa2c5591c.mpf_cache
2025-05-15 12:52:23,842 : INFO : ConfigProcessor : Loading config from cache: C:\Users\Majo\AppData\Local\Temp\d702bac24e056f3176be89df8780b321.mpf_cache
2025-05-15 12:52:23,842 : INFO : ConfigProcessor : Loading config from cache: C:\Users\Majo\AppData\Local\Temp\8a05a22d50c9fd6520be5872b6dcd994.mpf_cache
2025-05-15 12:52:23,843 : INFO : ConfigProcessor : Loading config from cache: C:\Users\Majo\AppData\Local\Temp\88b7623af3bb19725041b5cfdd7b04ce.mpf_cache
2025-05-15 12:52:23,843 : INFO : Machine : Mission Pinball Framework Core Engine v0.80.0.dev7
2025-05-15 12:52:23,843 : INFO : Machine : Command line arguments: {'no_load_cache': False, 'create_config_cache': True, 'bcp': True, 'configfile': ['config.yaml'], 'force_assets_load': False, 'platform_integration_test': False, 'jsonlogging': False, 'logfile': 'logs\\2025-05-15-12-52-23-mpf-LX15.log', 'pause': False, 'production': False, 'text_ui': False, 'loglevel': 15, 'consoleloglevel': 20, 'force_platform': 'virtual', 'syslog_address': None, 'full_logfile_path': 'C:\\supermariopinball\\logs\\2025-05-15-12-52-23-mpf-LX15.log'}
2025-05-15 12:52:23,843 : INFO : Machine : MPF path: C:\Users\Majo\AppData\Local\Programs\Python\Python312\Lib\site-packages\mpf
2025-05-15 12:52:23,843 : INFO : Machine : Machine path: C:\supermariopinball
2025-05-15 12:52:23,844 : INFO : Machine : Platform: win32
2025-05-15 12:52:23,844 : INFO : Machine : Python executable location: C:\Users\Majo\AppData\Local\Programs\Python\Python312\python.exe
2025-05-15 12:52:23,844 : INFO : Machine : Python version: 3.12.7 (64-bit)
2025-05-15 12:52:23,849 : INFO : Machine : Initializing MPF...
2025-05-15 12:52:24,229 : INFO : EventManager : Event: ======'machine_var_credits_string'====== Args={'value': 'FREE PLAY', 'prev_value': None, 'change': True}
2025-05-15 12:52:24,303 : INFO : EventManager : Event: ======'machine_var_master_volume'====== Args={'value': 0.5, 'prev_value': None, 'change': True}
2025-05-15 12:52:24,303 : INFO : EventManager : Event: ======'machine_var_mpf_version'====== Args={'value': 'Mission Pinball Framework v0.80.0.dev7', 'prev_value': None, 'change': True}
2025-05-15 12:52:24,303 : INFO : EventManager : Event: ======'machine_var_mpf_extended_version'====== Args={'value': 'Mission Pinball Framework v0.80.0.dev7, Config version:6, Show version: 6, BCP version:1.1', 'prev_value': None, 'change': True}
2025-05-15 12:52:24,304 : INFO : EventManager : Event: ======'machine_var_python_version'====== Args={'value': '3.12.7', 'prev_value': None, 'change': True}
2025-05-15 12:52:24,529 : INFO : EventManager : Event: ======'machine_var_platform'====== Args={'value': 'Windows-11-10.0.26100-SP0', 'prev_value': None, 'change': True}
2025-05-15 12:52:24,529 : INFO : EventManager : Event: ======'machine_var_platform_system'====== Args={'value': 'Windows', 'prev_value': None, 'change': True}
2025-05-15 12:52:24,529 : INFO : EventManager : Event: ======'machine_var_platform_release'====== Args={'value': '11', 'prev_value': None, 'change': True}
2025-05-15 12:52:24,529 : INFO : EventManager : Event: ======'machine_var_platform_version'====== Args={'value': '10.0.26100', 'prev_value': None, 'change': True}
2025-05-15 12:52:24,529 : INFO : EventManager : Event: ======'machine_var_platform_machine'====== Args={'value': 'AMD64', 'prev_value': None, 'change': True}
2025-05-15 12:52:24,529 : INFO : EventManager : Event: ======'machine_var_log_file_path'====== Args={'value': 'C:\\supermariopinball\\logs\\2025-05-15-12-52-23-mpf-LX15.log', 'prev_value': None, 'change': True}
2025-05-15 12:52:24,529 : INFO : EventManager : Event: ======'init_phase_1'====== Args={}
2025-05-15 12:52:24,585 : INFO : EventManager : Event: ======'init_phase_2'====== Args={}
2025-05-15 12:52:24,585 : INFO : SwitchController : Found active switch: ('1-0-18', <Platform.Virtual>) <switch.s_balltruhe_1>
2025-05-15 12:52:24,585 : INFO : SwitchController : Found active switch: ('1-0-19', <Platform.Virtual>) <switch.s_balltruhe_2>
2025-05-15 12:52:24,585 : INFO : SwitchController : Found active switch: ('1-0-20', <Platform.Virtual>) <switch.s_balltruhe_3>
2025-05-15 12:52:24,585 : INFO : SwitchController : Found active switch: ('1-0-21', <Platform.Virtual>) <switch.s_balltruhe_4>
2025-05-15 12:52:24,586 : INFO : SwitchController : Found active switch: ('1-0-22', <Platform.Virtual>) <switch.s_balltruhe_5>
2025-05-15 12:52:24,586 : INFO : SwitchController : Found active switch: ('1-0-23', <Platform.Virtual>) <switch.s_balltruhe_6>
2025-05-15 12:52:24,587 : INFO : EventManager : Event: ======'bcp_connection_attempt'====== Args={'name': 'local_display', 'host': 'localhost', 'port': 5050}
2025-05-15 12:52:24,590 : INFO : BCPClientSocket : Connecting BCP to 'local_display' at localhost:5050...
2025-05-15 12:52:24,608 : INFO : BCPClientSocket : Connected BCP to 'local_display' localhost:5050
2025-05-15 12:52:24,610 : INFO : EventManager : Event: ======'bcp_clients_connected'====== Args={}
2025-05-15 12:52:24,610 : INFO : ball_device.bd_balltruhe : BCH: Initial count: 6
2025-05-15 12:52:24,611 : INFO : ball_device.bd_balltruhe : State: idle
2025-05-15 12:52:24,611 : INFO : ball_device.bd_plunger : BCH: Initial count: 0
2025-05-15 12:52:24,612 : INFO : ball_device.bd_plunger : State: idle
2025-05-15 12:52:24,641 : INFO : EventManager : Event: ======'init_phase_3'====== Args={}
2025-05-15 12:52:24,643 : INFO : EventManager : Event: ======'init_phase_4'====== Args={}
2025-05-15 12:52:24,643 : INFO : BallController : Initial balls found: 6
2025-05-15 12:52:24,645 : INFO : EventManager : Event: ======'machine_var_audits_events_game_ended'====== Args={'value': 0, 'prev_value': None, 'change': True}
2025-05-15 12:52:24,645 : INFO : EventManager : Event: ======'machine_var_audits_events_game_started'====== Args={'value': 1, 'prev_value': None, 'change': True}
2025-05-15 12:52:24,646 : INFO : EventManager : Event: ======'machine_var_audits_missing_switches_s_balltruhe_1'====== Args={'value': 1, 'prev_value': None, 'change': True}
2025-05-15 12:52:24,646 : INFO : EventManager : Event: ======'machine_var_audits_missing_switches_s_balltruhe_2'====== Args={'value': 1, 'prev_value': None, 'change': True}
2025-05-15 12:52:24,646 : INFO : EventManager : Event: ======'machine_var_audits_missing_switches_s_balltruhe_3'====== Args={'value': 1, 'prev_value': None, 'change': True}
2025-05-15 12:52:24,646 : INFO : EventManager : Event: ======'machine_var_audits_missing_switches_s_balltruhe_4'====== Args={'value': 1, 'prev_value': None, 'change': True}
2025-05-15 12:52:24,646 : INFO : EventManager : Event: ======'machine_var_audits_missing_switches_s_balltruhe_5'====== Args={'value': 1, 'prev_value': None, 'change': True}
2025-05-15 12:52:24,646 : INFO : EventManager : Event: ======'machine_var_audits_missing_switches_s_balltruhe_6'====== Args={'value': 1, 'prev_value': None, 'change': True}
2025-05-15 12:52:24,646 : INFO : EventManager : Event: ======'machine_var_audits_missing_switches_s_balltruhe_jam'====== Args={'value': 1, 'prev_value': None, 'change': True}
2025-05-15 12:52:24,646 : INFO : EventManager : Event: ======'machine_var_audits_missing_switches_s_flipper_left'====== Args={'value': 1, 'prev_value': None, 'change': True}
2025-05-15 12:52:24,646 : INFO : EventManager : Event: ======'machine_var_audits_missing_switches_s_flipper_right'====== Args={'value': 1, 'prev_value': None, 'change': True}
2025-05-15 12:52:24,646 : INFO : EventManager : Event: ======'machine_var_audits_missing_switches_s_plunger_lane'====== Args={'value': 1, 'prev_value': None, 'change': True}
2025-05-15 12:52:24,646 : INFO : EventManager : Event: ======'machine_var_audits_missing_switches_s_ramp_left_opto'====== Args={'value': 1, 'prev_value': None, 'change': True}
2025-05-15 12:52:24,646 : INFO : EventManager : Event: ======'machine_var_audits_missing_switches_s_start'====== Args={'value': 1, 'prev_value': None, 'change': True}
2025-05-15 12:52:24,646 : INFO : EventManager : Event: ======'machine_var_audits_missing_switches_s_upper_flipper'====== Args={'value': 1, 'prev_value': None, 'change': True}
2025-05-15 12:52:24,646 : INFO : EventManager : Event: ======'machine_var_audits_player_score'====== Args={'value': {'average': 0, 'top': [], 'total': 0}, 'prev_value': None, 'change': True}
2025-05-15 12:52:24,646 : INFO : EventManager : Event: ======'machine_var_audits_shots_jet_left'====== Args={'value': 7, 'prev_value': None, 'change': True}
2025-05-15 12:52:24,646 : INFO : EventManager : Event: ======'machine_var_audits_shots_jet_right'====== Args={'value': 7, 'prev_value': None, 'change': True}
2025-05-15 12:52:24,646 : INFO : EventManager : Event: ======'machine_var_audits_shots_s_jet_upper'====== Args={'value': 6, 'prev_value': None, 'change': True}
2025-05-15 12:52:24,646 : INFO : EventManager : Event: ======'machine_var_audits_switches_s_balltruhe_1'====== Args={'value': 0, 'prev_value': None, 'change': True}
2025-05-15 12:52:24,646 : INFO : EventManager : Event: ======'machine_var_audits_switches_s_balltruhe_2'====== Args={'value': 0, 'prev_value': None, 'change': True}
2025-05-15 12:52:24,646 : INFO : EventManager : Event: ======'machine_var_audits_switches_s_balltruhe_3'====== Args={'value': 0, 'prev_value': None, 'change': True}
2025-05-15 12:52:24,646 : INFO : EventManager : Event: ======'machine_var_audits_switches_s_balltruhe_4'====== Args={'value': 0, 'prev_value': None, 'change': True}
2025-05-15 12:52:24,647 : INFO : EventManager : Event: ======'machine_var_audits_switches_s_balltruhe_5'====== Args={'value': 0, 'prev_value': None, 'change': True}
2025-05-15 12:52:24,647 : INFO : EventManager : Event: ======'machine_var_audits_switches_s_balltruhe_6'====== Args={'value': 0, 'prev_value': None, 'change': True}
2025-05-15 12:52:24,647 : INFO : EventManager : Event: ======'machine_var_audits_switches_s_balltruhe_jam'====== Args={'value': 0, 'prev_value': None, 'change': True}
2025-05-15 12:52:24,647 : INFO : EventManager : Event: ======'machine_var_audits_switches_s_flipper_left'====== Args={'value': 0, 'prev_value': None, 'change': True}
2025-05-15 12:52:24,647 : INFO : EventManager : Event: ======'machine_var_audits_switches_s_flipper_right'====== Args={'value': 0, 'prev_value': None, 'change': True}
2025-05-15 12:52:24,647 : INFO : EventManager : Event: ======'machine_var_audits_switches_s_jet_left'====== Args={'value': 7, 'prev_value': None, 'change': True}
2025-05-15 12:52:24,647 : INFO : EventManager : Event: ======'machine_var_audits_switches_s_jet_right'====== Args={'value': 7, 'prev_value': None, 'change': True}
2025-05-15 12:52:24,647 : INFO : EventManager : Event: ======'machine_var_audits_switches_s_jet_upper'====== Args={'value': 6, 'prev_value': None, 'change': True}
2025-05-15 12:52:24,648 : INFO : EventManager : Event: ======'machine_var_audits_switches_s_plunger_lane'====== Args={'value': 0, 'prev_value': None, 'change': True}
2025-05-15 12:52:24,648 : INFO : EventManager : Event: ======'machine_var_audits_switches_s_ramp_left_opto'====== Args={'value': 0, 'prev_value': None, 'change': True}
2025-05-15 12:52:24,648 : INFO : EventManager : Event: ======'machine_var_audits_switches_s_start'====== Args={'value': 0, 'prev_value': None, 'change': True}
2025-05-15 12:52:24,648 : INFO : EventManager : Event: ======'machine_var_audits_switches_s_upper_flipper'====== Args={'value': 0, 'prev_value': None, 'change': True}
2025-05-15 12:52:24,649 : INFO : EventManager : Event: ======'init_phase_5'====== Args={}
2025-05-15 12:52:24,650 : INFO : EventManager : Event: ======'init_done'====== Args={}
2025-05-15 12:52:24,650 : INFO : EventManager : Event: ======'machine_reset_phase_1'====== Args={}
2025-05-15 12:52:24,655 : INFO : EventManager : Event: ======'machine_reset_phase_2'====== Args={}
2025-05-15 12:52:24,656 : INFO : EventManager : Event: ======'machine_reset_phase_3'====== Args={}
2025-05-15 12:52:24,656 : INFO : EventManager : Event: ======'reset_complete'====== Args={}
2025-05-15 12:52:24,656 : INFO : EventManager : Event: ======'mode_attract_will_start'====== Args={}
2025-05-15 12:52:24,656 : INFO : Timer.attract_carousel_timer : Starting Timer.
2025-05-15 12:52:24,656 : INFO : EventManager : Event: ======'timer_attract_carousel_timer_started'====== Args={'ticks': 0, 'ticks_remaining': 1}
2025-05-15 12:52:24,656 : INFO : EventManager : Event: ======'timer_attract_carousel_timer_tick'====== Args={'ticks': 0, 'ticks_remaining': 1}
2025-05-15 12:52:24,657 : INFO : EventManager : Event: ======'mode_attract_starting'====== Args={}
2025-05-15 12:52:24,657 : INFO : Mode.attract : Started. Priority: 10
2025-05-15 12:52:24,657 : INFO : EventManager : Event: ======'modes_active_modes_changed'====== Args={}
2025-05-15 12:52:24,657 : INFO : EventManager : Event: ======'mode_attract_started'====== Args={}
2025-05-15 12:52:24,658 : INFO : EventManager : Event: ======'collecting_balls_complete'====== Args={}
2025-05-15 12:52:24,658 : INFO : EventManager : Event: ======'item_highlighted'====== Args={'carousel': 'attract', 'direction': None, 'item': 'title'}
2025-05-15 12:52:24,658 : INFO : EventManager : Event: ======'timer_attract_carousel_timer_tick'====== Args={'ticks': 0, 'ticks_remaining': 1}
2025-05-15 12:52:24,659 : INFO : Machine : Starting the main run loop with active modes: [<Mode.attract>]
2025-05-15 12:52:24,700 : INFO : EventManager : Event: ======'slide_attract_created'====== Args={'_from_bcp': True}
2025-05-15 12:52:24,701 : INFO : EventManager : Event: ======'slide__removed'====== Args={'_from_bcp': True}
2025-05-15 12:52:24,701 : INFO : EventManager : Event: ======'slide_attract_active'====== Args={'original_context': 'attract', 'original_calling_context': 'mode_attract_started', 'priority': 10.0, 'cmd': 'slides_play', '_from_bcp': True}
2025-05-15 12:52:27,348 : INFO : SwitchController : <<<<<<< 's_start' active >>>>>>>
2025-05-15 12:52:27,415 : INFO : SwitchController : <<<<<<< 's_start' inactive >>>>>>>
2025-05-15 12:52:27,415 : INFO : EventManager : Event: ======'request_to_start_game'====== Args={}
2025-05-15 12:52:27,415 : INFO : EventManager : Event: ======'game_start'====== Args={'buttons': [], 'hold_time': 0.061999999976251274}
2025-05-15 12:52:27,415 : INFO : EventManager : Event: ======'mode_game_will_start'====== Args={'buttons': [], 'hold_time': 0.061999999976251274}
2025-05-15 12:52:27,416 : INFO : EventManager : Event: ======'mode_game_starting'====== Args={'buttons': [], 'hold_time': 0.061999999976251274}
2025-05-15 12:52:27,416 : INFO : EventManager : Event: ======'mode_attract_will_stop'====== Args={}
2025-05-15 12:52:27,416 : INFO : EventManager : Event: ======'mode_attract_stopping'====== Args={}
2025-05-15 12:52:27,416 : INFO : Mode.attract : Stopped.
2025-05-15 12:52:27,416 : INFO : EventManager : Event: ======'modes_active_modes_changed'====== Args={}
2025-05-15 12:52:27,416 : INFO : EventManager : Event: ======'mode_attract_stopped'====== Args={}
2025-05-15 12:52:27,416 : INFO : EventManager : Event: ======'clear'====== Args={'key': 'attract'}
2025-05-15 12:52:27,417 : INFO : Timer.attract_carousel_timer : Stopping Timer
2025-05-15 12:52:27,417 : INFO : EventManager : Event: ======'timer_attract_carousel_timer_stopped'====== Args={'ticks': 0, 'ticks_remaining': 1}
2025-05-15 12:52:27,417 : INFO : Mode.game : Started. Priority: 20
2025-05-15 12:52:27,417 : INFO : EventManager : Event: ======'modes_active_modes_changed'====== Args={}
2025-05-15 12:52:27,417 : INFO : EventManager : Event: ======'mode_game_started'====== Args={'buttons': [], 'hold_time': 0.061999999976251274}
2025-05-15 12:52:27,417 : INFO : EventManager : Event: ======'game_will_start'====== Args={}
2025-05-15 12:52:27,417 : INFO : EventManager : Event: ======'game_starting'====== Args={'game': <Mode.game>}
2025-05-15 12:52:27,418 : INFO : EventManager : Unordered handler for class <Auditor> on event game_ended with priority 1. Handlers: [RegisteredHandler(callback=<bound method Auditor.disable of <Auditor>>, priority=1, kwargs={}, key=UUID('21b36670-9951-40c1-913e-0a7b3b1046a5'), condition=None, blocking_facility=None), RegisteredHandler(callback=<bound method Auditor._save_audits of <Auditor>>, priority=1, kwargs={}, key=UUID('723781ac-bc9b-4ff1-ad3c-5a57f4fabbf5'), condition=None, blocking_facility=None)]. The order of those handlers is not defined and they will be executed in random order. This might lead to race conditions and potential bugs.
2025-05-15 12:52:27,418 : INFO : EventManager : Event: ======'player_add_request'====== Args={}
2025-05-15 12:52:27,418 : INFO : EventManager : Event: ======'player_will_add'====== Args={'number': 1}
2025-05-15 12:52:27,418 : INFO : EventManager : Event: ======'player_adding'====== Args={'player': <Player 1>, 'number': 1}
2025-05-15 12:52:27,418 : INFO : EventManager : Event: ======'player_added'====== Args={'player': <Player 1>, 'num': 1}
2025-05-15 12:52:27,418 : INFO : Mode.game : Player added successfully. Total players: 1
2025-05-15 12:52:27,419 : INFO : EventManager : Event: ======'player_index'====== Args={'value': 0, 'prev_value': 0, 'change': 0, 'player_num': 1}
2025-05-15 12:52:27,419 : INFO : EventManager : Event: ======'player_number'====== Args={'value': 1, 'prev_value': 1, 'change': 0, 'player_num': 1}
2025-05-15 12:52:27,419 : INFO : EventManager : Event: ======'player_score'====== Args={'value': 0, 'prev_value': 0, 'change': 0, 'player_num': 1}
2025-05-15 12:52:27,419 : INFO : EventManager : Event: ======'game_started'====== Args={}
2025-05-15 12:52:27,419 : INFO : EventManager : Event: ======'player_turn_will_start'====== Args={'player': <Player 1>, 'number': 1}
2025-05-15 12:52:27,419 : INFO : EventManager : Event: ======'player_turn_starting'====== Args={'player': <Player 1>, 'number': 1}
2025-05-15 12:52:27,419 : INFO : EventManager : Event: ======'player_ball'====== Args={'value': 1, 'prev_value': 0, 'change': 1, 'player_num': 1}
2025-05-15 12:52:27,420 : INFO : EventManager : Event: ======'player_turn_started'====== Args={'player': <Player 1>, 'number': 1}
2025-05-15 12:52:27,420 : INFO : EventManager : Event: ======'ball_will_start'====== Args={'player': 1, 'ball': 1, 'balls_remaining': 2, 'is_extra_ball': False}
2025-05-15 12:52:27,420 : INFO : EventManager : Event: ======'ball_starting'====== Args={'player': 1, 'ball': 1, 'balls_remaining': 2, 'is_extra_ball': False}
2025-05-15 12:52:27,420 : INFO : EventManager : Event: ======'mode_base_will_start'====== Args={'queue': <QueuedEvent>, 'player': 1, 'ball': 1, 'balls_remaining': 2, 'is_extra_ball': False}
2025-05-15 12:52:27,421 : INFO : EventManager : Event: ======'mode_base_starting'====== Args={'queue': <QueuedEvent>, 'player': 1, 'ball': 1, 'balls_remaining': 2, 'is_extra_ball': False}
2025-05-15 12:52:27,424 : INFO : Mode.base : Started. Priority: 100
2025-05-15 12:52:27,424 : INFO : EventManager : Event: ======'modes_active_modes_changed'====== Args={}
2025-05-15 12:52:27,424 : INFO : EventManager : Event: ======'mode_base_started'====== Args={'queue': <QueuedEvent>, 'player': 1, 'ball': 1, 'balls_remaining': 2, 'is_extra_ball': False}
2025-05-15 12:52:27,424 : INFO : EventManager : Event: ======'start_mode_jets'====== Args={'priority': 0}
2025-05-15 12:52:27,424 : INFO : EventManager : Event: ======'mode_jets_will_start'====== Args={'priority': 0}
2025-05-15 12:52:27,425 : INFO : EventManager : Event: ======'player_shot_jet_left_enabled'====== Args={'value': True, 'prev_value': 0, 'change': 1, 'player_num': 1}
2025-05-15 12:52:27,425 : INFO : EventManager : Event: ======'player_shot_jet_right_enabled'====== Args={'value': True, 'prev_value': 0, 'change': 1, 'player_num': 1}
2025-05-15 12:52:27,425 : INFO : EventManager : Event: ======'player_shot_s_jet_upper_enabled'====== Args={'value': True, 'prev_value': 0, 'change': 1, 'player_num': 1}
2025-05-15 12:52:27,425 : INFO : EventManager : Event: ======'jets_complete'====== Args={'state': 'unlit'}
2025-05-15 12:52:27,425 : INFO : EventManager : Event: ======'jets_unlit_complete'====== Args={}
2025-05-15 12:52:27,426 : INFO : EventManager : Event: ======'mode_jets_starting'====== Args={'priority': 0}
2025-05-15 12:52:27,426 : INFO : Mode.jets : Started. Priority: 200
2025-05-15 12:52:27,426 : INFO : EventManager : Event: ======'modes_active_modes_changed'====== Args={}
2025-05-15 12:52:27,426 : INFO : EventManager : Event: ======'mode_jets_started'====== Args={'priority': 0}
2025-05-15 12:52:27,426 : INFO : EventManager : Event: ======'balls_in_play'====== Args={'balls': 1}
2025-05-15 12:52:27,426 : INFO : EventManager : Event: ======'ball_started'====== Args={'player': 1, 'ball': 1, 'balls_remaining': 2, 'is_extra_ball': False}
2025-05-15 12:52:27,427 : INFO : EventManager : Event: ======'single_player_ball_started'====== Args={}
2025-05-15 12:52:27,427 : INFO : EventManager : Event: ======'ball_start_target'====== Args={'target': 'playfield'}
2025-05-15 12:52:27,427 : INFO : ball_device.bd_balltruhe : Setting up player-controlled eject. Balls: 1, Target: <playfield.playfield>, player_controlled_eject_event: None
2025-05-15 12:52:27,427 : INFO : ball_device.bd_balltruhe : Adding 1 ball(s) to the eject_queue with target <playfield.playfield>.
2025-05-15 12:52:27,427 : INFO : EventManager : Event: ======'balldevice_balls_available'====== Args={}
2025-05-15 12:52:27,428 : INFO : ball_device.bd_balltruhe : State: waiting_for_target_ready
2025-05-15 12:52:27,428 : INFO : EventManager : Event: ======'balldevice_bd_balltruhe_ball_eject_attempt'====== Args={'balls': 1, 'target': <ball_device.bd_plunger>, 'source': <ball_device.bd_balltruhe>, 'mechanical_eject': False, 'num_attempts': 0}
2025-05-15 12:52:27,428 : INFO : ball_device.bd_plunger : State: waiting_for_ball
2025-05-15 12:52:27,428 : INFO : ball_device.bd_balltruhe : State: ejecting
2025-05-15 12:52:27,428 : INFO : ball_device.bd_balltruhe : Ejecting ball to <ball_device.bd_plunger>
2025-05-15 12:52:27,428 : INFO : EventManager : Event: ======'balldevice_bd_balltruhe_ejecting_ball'====== Args={'balls': 1, 'target': <ball_device.bd_plunger>, 'source': <ball_device.bd_balltruhe>, 'mechanical_eject': False, 'num_attempts': 0}
2025-05-15 12:52:27,429 : INFO : ball_device.bd_balltruhe : Wait for ball to leave device
2025-05-15 12:52:27,429 : INFO : coil.c_drain_eject : Pulsing Driver for 22ms (1.0 pulse_power)
2025-05-15 12:52:27,453 : INFO : EventManager : Event: ======'slide_base_slide_created'====== Args={'_from_bcp': True}
2025-05-15 12:52:27,454 : INFO : EventManager : Event: ======'slide_attract_inactive'====== Args={'is_removing': True, '_from_bcp': True}
2025-05-15 12:52:27,454 : INFO : EventManager : Event: ======'slide_base_slide_active'====== Args={'original_context': 'base', 'original_calling_context': 'mode_base_started', 'priority': 100.0, 'queue': '<QueuedEvent>', 'player': 1.0, 'ball': 1.0, 'balls_remaining': 2.0, 'is_extra_ball': False, 'cmd': 'slides_play', '_from_bcp': True}
2025-05-15 12:52:27,454 : INFO : EventManager : Event: ======'slide_attract_removed'====== Args={'_from_bcp': True}
2025-05-15 12:52:28,425 : INFO : EventManager : Event: ======'balldevice_bd_balltruhe_ball_eject_failed'====== Args={'target': <ball_device.bd_plunger>, 'balls': 1, 'retry': True, 'num_attempts': 1}
2025-05-15 12:52:28,426 : INFO : ball_device.bd_balltruhe : State: waiting_for_target_ready
2025-05-15 12:52:28,426 : INFO : EventManager : Event: ======'balldevice_bd_balltruhe_ball_eject_attempt'====== Args={'balls': 1, 'target': <ball_device.bd_plunger>, 'source': <ball_device.bd_balltruhe>, 'mechanical_eject': False, 'num_attempts': 1}
2025-05-15 12:52:28,426 : INFO : ball_device.bd_balltruhe : State: ejecting
2025-05-15 12:52:28,426 : INFO : ball_device.bd_balltruhe : Ejecting ball to <ball_device.bd_plunger>
2025-05-15 12:52:28,426 : INFO : EventManager : Event: ======'balldevice_bd_balltruhe_ejecting_ball'====== Args={'balls': 1, 'target': <ball_device.bd_plunger>, 'source': <ball_device.bd_balltruhe>, 'mechanical_eject': False, 'num_attempts': 1}
2025-05-15 12:52:28,426 : INFO : ball_device.bd_balltruhe : Wait for ball to leave device
2025-05-15 12:52:28,427 : INFO : coil.c_drain_eject : Pulsing Driver for 22ms (1.0 pulse_power)
2025-05-15 12:52:29,438 : INFO : EventManager : Event: ======'balldevice_bd_balltruhe_ball_eject_failed'====== Args={'target': <ball_device.bd_plunger>, 'balls': 1, 'retry': True, 'num_attempts': 2}
2025-05-15 12:52:29,438 : INFO : ball_device.bd_balltruhe : State: waiting_for_target_ready
2025-05-15 12:52:29,438 : INFO : EventManager : Event: ======'balldevice_bd_balltruhe_ball_eject_attempt'====== Args={'balls': 1, 'target': <ball_device.bd_plunger>, 'source': <ball_device.bd_balltruhe>, 'mechanical_eject': False, 'num_attempts': 2}
2025-05-15 12:52:29,439 : INFO : ball_device.bd_balltruhe : State: ejecting
2025-05-15 12:52:29,439 : INFO : ball_device.bd_balltruhe : Ejecting ball to <ball_device.bd_plunger>
2025-05-15 12:52:29,439 : INFO : EventManager : Event: ======'balldevice_bd_balltruhe_ejecting_ball'====== Args={'balls': 1, 'target': <ball_device.bd_plunger>, 'source': <ball_device.bd_balltruhe>, 'mechanical_eject': False, 'num_attempts': 2}
2025-05-15 12:52:29,439 : INFO : ball_device.bd_balltruhe : Wait for ball to leave device
2025-05-15 12:52:29,439 : INFO : coil.c_drain_eject : Pulsing Driver for 22ms (1.0 pulse_power)
2025-05-15 12:52:30,048 : INFO : SwitchController : <<<<<<< 's_jet_upper' active >>>>>>>
2025-05-15 12:52:30,048 : INFO : EventManager : Event: ======'playfield_active'====== Args={'source': 's_jet_upper'}
2025-05-15 12:52:30,048 : INFO : EventManager : Event: ======'unexpected_ball_on_playfield'====== Args={}
2025-05-15 12:52:30,048 : INFO : EventManager : Event: ======'s_jet_upper_active'====== Args={}
2025-05-15 12:52:30,048 : INFO : EventManager : Event: ======'machine_var_audits_switches_s_jet_upper'====== Args={'value': 7, 'prev_value': 6, 'change': 1}
2025-05-15 12:52:30,049 : INFO : EventManager : Event: ======'player_shot_s_jet_upper'====== Args={'value': 1, 'prev_value': 0, 'change': 1, 'player_num': 1}
2025-05-15 12:52:30,049 : INFO : EventManager : Event: ======'machine_var_audits_shots_s_jet_upper'====== Args={'value': 7, 'prev_value': 6, 'change': 1}
2025-05-15 12:52:30,049 : INFO : EventManager : Event: ======'s_jet_upper_hit'====== Args={'profile': 'default', 'state': 'unlit', 'advancing': True}
2025-05-15 12:52:30,049 : INFO : EventManager : Event: ======'s_jet_upper_default_hit'====== Args={'profile': 'default', 'state': 'unlit', 'advancing': True}
2025-05-15 12:52:30,049 : INFO : EventManager : Event: ======'s_jet_upper_default_unlit_hit'====== Args={'profile': 'default', 'state': 'unlit', 'advancing': True}
2025-05-15 12:52:30,049 : INFO : EventManager : Event: ======'s_jet_upper_unlit_hit'====== Args={'profile': 'default', 'state': 'unlit', 'advancing': True}
2025-05-15 12:52:30,049 : INFO : EventManager : Event: ======'jets_hit'====== Args={'shot': 's_jet_upper'}
2025-05-15 12:52:30,049 : INFO : EventManager : Event: ======'jets_unlit_hit'====== Args={'shot': 's_jet_upper'}
2025-05-15 12:52:30,050 : INFO : EventManager : Event: ======'player_score'====== Args={'value': 1000, 'prev_value': 0, 'change': 1000, 'player_num': 1, 'source': 'jets'}
2025-05-15 12:52:30,115 : INFO : SwitchController : <<<<<<< 's_jet_right' active >>>>>>>
2025-05-15 12:52:30,115 : INFO : EventManager : Event: ======'playfield_active'====== Args={'source': 'jet_right'}
2025-05-15 12:52:30,115 : INFO : EventManager : Event: ======'unexpected_ball_on_playfield'====== Args={}
2025-05-15 12:52:30,115 : INFO : EventManager : Event: ======'s_jet_right_active'====== Args={}
2025-05-15 12:52:30,115 : INFO : EventManager : Event: ======'machine_var_audits_switches_s_jet_right'====== Args={'value': 8, 'prev_value': 7, 'change': 1}
2025-05-15 12:52:30,115 : INFO : EventManager : Event: ======'player_shot_jet_right'====== Args={'value': 1, 'prev_value': 0, 'change': 1, 'player_num': 1}
2025-05-15 12:52:30,115 : INFO : EventManager : Event: ======'machine_var_audits_shots_jet_right'====== Args={'value': 8, 'prev_value': 7, 'change': 1}
2025-05-15 12:52:30,115 : INFO : EventManager : Event: ======'jet_right_hit'====== Args={'profile': 'default', 'state': 'unlit', 'advancing': True}
2025-05-15 12:52:30,115 : INFO : EventManager : Event: ======'jet_right_default_hit'====== Args={'profile': 'default', 'state': 'unlit', 'advancing': True}
2025-05-15 12:52:30,116 : INFO : EventManager : Event: ======'jet_right_default_unlit_hit'====== Args={'profile': 'default', 'state': 'unlit', 'advancing': True}
2025-05-15 12:52:30,116 : INFO : EventManager : Event: ======'jet_right_unlit_hit'====== Args={'profile': 'default', 'state': 'unlit', 'advancing': True}
2025-05-15 12:52:30,116 : INFO : EventManager : Event: ======'jets_hit'====== Args={'shot': 'jet_right'}
2025-05-15 12:52:30,116 : INFO : EventManager : Event: ======'jets_unlit_hit'====== Args={'shot': 'jet_right'}
2025-05-15 12:52:30,116 : INFO : EventManager : Event: ======'player_score'====== Args={'value': 2000, 'prev_value': 1000, 'change': 1000, 'player_num': 1, 'source': 'jets'}
2025-05-15 12:52:30,215 : INFO : SwitchController : <<<<<<< 's_jet_upper' inactive >>>>>>>
2025-05-15 12:52:30,232 : INFO : SwitchController : <<<<<<< 's_jet_right' inactive >>>>>>>
2025-05-15 12:52:30,450 : INFO : EventManager : Event: ======'balldevice_bd_balltruhe_ball_eject_failed'====== Args={'target': <ball_device.bd_plunger>, 'balls': 1, 'retry': True, 'num_attempts': 3}
2025-05-15 12:52:30,450 : INFO : ball_device.bd_balltruhe : State: waiting_for_target_ready
2025-05-15 12:52:30,452 : INFO : EventManager : Event: ======'balldevice_bd_balltruhe_ball_eject_attempt'====== Args={'balls': 1, 'target': <ball_device.bd_plunger>, 'source': <ball_device.bd_balltruhe>, 'mechanical_eject': False, 'num_attempts': 3}
2025-05-15 12:52:30,452 : INFO : ball_device.bd_balltruhe : State: ejecting
2025-05-15 12:52:30,452 : INFO : ball_device.bd_balltruhe : Ejecting ball to <ball_device.bd_plunger>
2025-05-15 12:52:30,452 : INFO : EventManager : Event: ======'balldevice_bd_balltruhe_ejecting_ball'====== Args={'balls': 1, 'target': <ball_device.bd_plunger>, 'source': <ball_device.bd_balltruhe>, 'mechanical_eject': False, 'num_attempts': 3}
2025-05-15 12:52:30,452 : INFO : ball_device.bd_balltruhe : Wait for ball to leave device
2025-05-15 12:52:30,452 : INFO : coil.c_drain_eject : Pulsing Driver for 22ms (1.0 pulse_power)
2025-05-15 12:52:30,582 : INFO : SwitchController : <<<<<<< 's_jet_left' active >>>>>>>
2025-05-15 12:52:30,582 : INFO : EventManager : Event: ======'playfield_active'====== Args={'source': 'jet_left'}
2025-05-15 12:52:30,582 : INFO : EventManager : Event: ======'unexpected_ball_on_playfield'====== Args={}
2025-05-15 12:52:30,582 : INFO : EventManager : Event: ======'s_jet_left_active'====== Args={}
2025-05-15 12:52:30,582 : INFO : EventManager : Event: ======'machine_var_audits_switches_s_jet_left'====== Args={'value': 8, 'prev_value': 7, 'change': 1}
2025-05-15 12:52:30,583 : INFO : EventManager : Event: ======'player_shot_jet_left'====== Args={'value': 1, 'prev_value': 0, 'change': 1, 'player_num': 1}
2025-05-15 12:52:30,583 : INFO : EventManager : Event: ======'machine_var_audits_shots_jet_left'====== Args={'value': 8, 'prev_value': 7, 'change': 1}
2025-05-15 12:52:30,583 : INFO : EventManager : Event: ======'jet_left_hit'====== Args={'profile': 'default', 'state': 'unlit', 'advancing': True}
2025-05-15 12:52:30,583 : INFO : EventManager : Event: ======'jet_left_default_hit'====== Args={'profile': 'default', 'state': 'unlit', 'advancing': True}
2025-05-15 12:52:30,583 : INFO : EventManager : Event: ======'jet_left_default_unlit_hit'====== Args={'profile': 'default', 'state': 'unlit', 'advancing': True}
2025-05-15 12:52:30,584 : INFO : EventManager : Event: ======'jet_left_unlit_hit'====== Args={'profile': 'default', 'state': 'unlit', 'advancing': True}
2025-05-15 12:52:30,584 : INFO : EventManager : Event: ======'jets_complete'====== Args={'state': 'lit'}
2025-05-15 12:52:30,584 : INFO : EventManager : Event: ======'jets_lit_complete'====== Args={}
2025-05-15 12:52:30,584 : INFO : EventManager : Event: ======'jets_hit'====== Args={'shot': 'jet_left'}
2025-05-15 12:52:30,584 : INFO : EventManager : Event: ======'jets_unlit_hit'====== Args={'shot': 'jet_left'}
2025-05-15 12:52:30,584 : INFO : EventManager : Event: ======'player_score'====== Args={'value': 3000, 'prev_value': 2000, 'change': 1000, 'player_num': 1, 'source': 'jets'}
2025-05-15 12:52:30,749 : INFO : SwitchController : <<<<<<< 's_jet_left' inactive >>>>>>>
2025-05-15 12:52:30,848 : INFO : SwitchController : <<<<<<< 's_jet_right' active >>>>>>>
2025-05-15 12:52:30,848 : INFO : EventManager : Event: ======'playfield_active'====== Args={'source': 'jet_right'}
2025-05-15 12:52:30,848 : INFO : EventManager : Event: ======'unexpected_ball_on_playfield'====== Args={}
2025-05-15 12:52:30,848 : INFO : EventManager : Event: ======'s_jet_right_active'====== Args={}
2025-05-15 12:52:30,848 : INFO : EventManager : Event: ======'machine_var_audits_switches_s_jet_right'====== Args={'value': 9, 'prev_value': 8, 'change': 1}
2025-05-15 12:52:30,849 : INFO : EventManager : Event: ======'machine_var_audits_shots_jet_right'====== Args={'value': 9, 'prev_value': 8, 'change': 1}
2025-05-15 12:52:30,849 : INFO : EventManager : Event: ======'jet_right_hit'====== Args={'profile': 'default', 'state': 'lit', 'advancing': False}
2025-05-15 12:52:30,849 : INFO : EventManager : Event: ======'jet_right_default_hit'====== Args={'profile': 'default', 'state': 'lit', 'advancing': False}
2025-05-15 12:52:30,849 : INFO : EventManager : Event: ======'jet_right_default_lit_hit'====== Args={'profile': 'default', 'state': 'lit', 'advancing': False}
2025-05-15 12:52:30,849 : INFO : EventManager : Event: ======'jet_right_lit_hit'====== Args={'profile': 'default', 'state': 'lit', 'advancing': False}
2025-05-15 12:52:30,849 : INFO : EventManager : Event: ======'jets_hit'====== Args={'shot': 'jet_right'}
2025-05-15 12:52:30,849 : INFO : EventManager : Event: ======'jets_lit_hit'====== Args={'shot': 'jet_right'}
2025-05-15 12:52:30,849 : INFO : EventManager : Event: ======'player_score'====== Args={'value': 4000, 'prev_value': 3000, 'change': 1000, 'player_num': 1, 'source': 'jets'}
2025-05-15 12:52:30,948 : INFO : SwitchController : <<<<<<< 's_jet_right' inactive >>>>>>>
2025-05-15 12:52:30,965 : INFO : SwitchController : <<<<<<< 's_jet_left' active >>>>>>>
2025-05-15 12:52:30,965 : INFO : EventManager : Event: ======'playfield_active'====== Args={'source': 'jet_left'}
2025-05-15 12:52:30,965 : INFO : EventManager : Event: ======'unexpected_ball_on_playfield'====== Args={}
2025-05-15 12:52:30,965 : INFO : EventManager : Event: ======'s_jet_left_active'====== Args={}
2025-05-15 12:52:30,965 : INFO : EventManager : Event: ======'machine_var_audits_switches_s_jet_left'====== Args={'value': 9, 'prev_value': 8, 'change': 1}
2025-05-15 12:52:30,966 : INFO : EventManager : Event: ======'machine_var_audits_shots_jet_left'====== Args={'value': 9, 'prev_value': 8, 'change': 1}
2025-05-15 12:52:30,966 : INFO : EventManager : Event: ======'jet_left_hit'====== Args={'profile': 'default', 'state': 'lit', 'advancing': False}
2025-05-15 12:52:30,966 : INFO : EventManager : Event: ======'jet_left_default_hit'====== Args={'profile': 'default', 'state': 'lit', 'advancing': False}
2025-05-15 12:52:30,966 : INFO : EventManager : Event: ======'jet_left_default_lit_hit'====== Args={'profile': 'default', 'state': 'lit', 'advancing': False}
2025-05-15 12:52:30,966 : INFO : EventManager : Event: ======'jet_left_lit_hit'====== Args={'profile': 'default', 'state': 'lit', 'advancing': False}
2025-05-15 12:52:30,966 : INFO : EventManager : Event: ======'jets_hit'====== Args={'shot': 'jet_left'}
2025-05-15 12:52:30,966 : INFO : EventManager : Event: ======'jets_lit_hit'====== Args={'shot': 'jet_left'}
2025-05-15 12:52:30,966 : INFO : EventManager : Event: ======'player_score'====== Args={'value': 5000, 'prev_value': 4000, 'change': 1000, 'player_num': 1, 'source': 'jets'}
2025-05-15 12:52:31,115 : INFO : SwitchController : <<<<<<< 's_jet_left' inactive >>>>>>>
2025-05-15 12:52:31,132 : INFO : SwitchController : <<<<<<< 's_jet_right' active >>>>>>>
2025-05-15 12:52:31,132 : INFO : EventManager : Event: ======'playfield_active'====== Args={'source': 'jet_right'}
2025-05-15 12:52:31,133 : INFO : EventManager : Event: ======'unexpected_ball_on_playfield'====== Args={}
2025-05-15 12:52:31,133 : INFO : EventManager : Event: ======'s_jet_right_active'====== Args={}
2025-05-15 12:52:31,133 : INFO : EventManager : Event: ======'machine_var_audits_switches_s_jet_right'====== Args={'value': 10, 'prev_value': 9, 'change': 1}
2025-05-15 12:52:31,133 : INFO : EventManager : Event: ======'machine_var_audits_shots_jet_right'====== Args={'value': 10, 'prev_value': 9, 'change': 1}
2025-05-15 12:52:31,133 : INFO : EventManager : Event: ======'jet_right_hit'====== Args={'profile': 'default', 'state': 'lit', 'advancing': False}
2025-05-15 12:52:31,133 : INFO : EventManager : Event: ======'jet_right_default_hit'====== Args={'profile': 'default', 'state': 'lit', 'advancing': False}
2025-05-15 12:52:31,133 : INFO : EventManager : Event: ======'jet_right_default_lit_hit'====== Args={'profile': 'default', 'state': 'lit', 'advancing': False}
2025-05-15 12:52:31,133 : INFO : EventManager : Event: ======'jet_right_lit_hit'====== Args={'profile': 'default', 'state': 'lit', 'advancing': False}
2025-05-15 12:52:31,133 : INFO : EventManager : Event: ======'jets_hit'====== Args={'shot': 'jet_right'}
2025-05-15 12:52:31,133 : INFO : EventManager : Event: ======'jets_lit_hit'====== Args={'shot': 'jet_right'}
2025-05-15 12:52:31,133 : INFO : EventManager : Event: ======'player_score'====== Args={'value': 6000, 'prev_value': 5000, 'change': 1000, 'player_num': 1, 'source': 'jets'}
2025-05-15 12:52:31,148 : INFO : SwitchController : <<<<<<< 's_jet_left' active >>>>>>>
2025-05-15 12:52:31,148 : INFO : EventManager : Event: ======'playfield_active'====== Args={'source': 'jet_left'}
2025-05-15 12:52:31,148 : INFO : EventManager : Event: ======'unexpected_ball_on_playfield'====== Args={}
2025-05-15 12:52:31,148 : INFO : EventManager : Event: ======'s_jet_left_active'====== Args={}
2025-05-15 12:52:31,149 : INFO : EventManager : Event: ======'machine_var_audits_switches_s_jet_left'====== Args={'value': 10, 'prev_value': 9, 'change': 1}
2025-05-15 12:52:31,149 : INFO : EventManager : Event: ======'machine_var_audits_shots_jet_left'====== Args={'value': 10, 'prev_value': 9, 'change': 1}
2025-05-15 12:52:31,149 : INFO : EventManager : Event: ======'jet_left_hit'====== Args={'profile': 'default', 'state': 'lit', 'advancing': False}
2025-05-15 12:52:31,149 : INFO : EventManager : Event: ======'jet_left_default_hit'====== Args={'profile': 'default', 'state': 'lit', 'advancing': False}
2025-05-15 12:52:31,149 : INFO : EventManager : Event: ======'jet_left_default_lit_hit'====== Args={'profile': 'default', 'state': 'lit', 'advancing': False}
2025-05-15 12:52:31,149 : INFO : EventManager : Event: ======'jet_left_lit_hit'====== Args={'profile': 'default', 'state': 'lit', 'advancing': False}
2025-05-15 12:52:31,149 : INFO : EventManager : Event: ======'jets_hit'====== Args={'shot': 'jet_left'}
2025-05-15 12:52:31,149 : INFO : EventManager : Event: ======'jets_lit_hit'====== Args={'shot': 'jet_left'}
2025-05-15 12:52:31,150 : INFO : EventManager : Event: ======'player_score'====== Args={'value': 7000, 'prev_value': 6000, 'change': 1000, 'player_num': 1, 'source': 'jets'}
2025-05-15 12:52:31,215 : INFO : SwitchController : <<<<<<< 's_jet_right' inactive >>>>>>>
2025-05-15 12:52:31,299 : INFO : SwitchController : <<<<<<< 's_jet_left' inactive >>>>>>>
2025-05-15 12:52:31,316 : INFO : SwitchController : <<<<<<< 's_jet_upper' active >>>>>>>
2025-05-15 12:52:31,316 : INFO : EventManager : Event: ======'playfield_active'====== Args={'source': 's_jet_upper'}
2025-05-15 12:52:31,316 : INFO : EventManager : Event: ======'unexpected_ball_on_playfield'====== Args={}
2025-05-15 12:52:31,316 : INFO : EventManager : Event: ======'s_jet_upper_active'====== Args={}
2025-05-15 12:52:31,316 : INFO : EventManager : Event: ======'machine_var_audits_switches_s_jet_upper'====== Args={'value': 8, 'prev_value': 7, 'change': 1}
2025-05-15 12:52:31,316 : INFO : EventManager : Event: ======'machine_var_audits_shots_s_jet_upper'====== Args={'value': 8, 'prev_value': 7, 'change': 1}
2025-05-15 12:52:31,316 : INFO : EventManager : Event: ======'s_jet_upper_hit'====== Args={'profile': 'default', 'state': 'lit', 'advancing': False}
2025-05-15 12:52:31,316 : INFO : EventManager : Event: ======'s_jet_upper_default_hit'====== Args={'profile': 'default', 'state': 'lit', 'advancing': False}
2025-05-15 12:52:31,317 : INFO : EventManager : Event: ======'s_jet_upper_default_lit_hit'====== Args={'profile': 'default', 'state': 'lit', 'advancing': False}
2025-05-15 12:52:31,317 : INFO : EventManager : Event: ======'s_jet_upper_lit_hit'====== Args={'profile': 'default', 'state': 'lit', 'advancing': False}
2025-05-15 12:52:31,317 : INFO : EventManager : Event: ======'jets_hit'====== Args={'shot': 's_jet_upper'}
2025-05-15 12:52:31,317 : INFO : EventManager : Event: ======'jets_lit_hit'====== Args={'shot': 's_jet_upper'}
2025-05-15 12:52:31,317 : INFO : EventManager : Event: ======'player_score'====== Args={'value': 8000, 'prev_value': 7000, 'change': 1000, 'player_num': 1, 'source': 'jets'}
2025-05-15 12:52:31,415 : INFO : SwitchController : <<<<<<< 's_jet_left' active >>>>>>>
2025-05-15 12:52:31,415 : INFO : EventManager : Event: ======'playfield_active'====== Args={'source': 'jet_left'}
2025-05-15 12:52:31,415 : INFO : EventManager : Event: ======'unexpected_ball_on_playfield'====== Args={}
2025-05-15 12:52:31,415 : INFO : EventManager : Event: ======'s_jet_left_active'====== Args={}
2025-05-15 12:52:31,415 : INFO : EventManager : Event: ======'machine_var_audits_switches_s_jet_left'====== Args={'value': 11, 'prev_value': 10, 'change': 1}
2025-05-15 12:52:31,415 : INFO : EventManager : Event: ======'machine_var_audits_shots_jet_left'====== Args={'value': 11, 'prev_value': 10, 'change': 1}
2025-05-15 12:52:31,415 : INFO : EventManager : Event: ======'jet_left_hit'====== Args={'profile': 'default', 'state': 'lit', 'advancing': False}
2025-05-15 12:52:31,415 : INFO : EventManager : Event: ======'jet_left_default_hit'====== Args={'profile': 'default', 'state': 'lit', 'advancing': False}
2025-05-15 12:52:31,415 : INFO : EventManager : Event: ======'jet_left_default_lit_hit'====== Args={'profile': 'default', 'state': 'lit', 'advancing': False}
2025-05-15 12:52:31,417 : INFO : EventManager : Event: ======'jet_left_lit_hit'====== Args={'profile': 'default', 'state': 'lit', 'advancing': False}
2025-05-15 12:52:31,417 : INFO : EventManager : Event: ======'jets_hit'====== Args={'shot': 'jet_left'}
2025-05-15 12:52:31,417 : INFO : EventManager : Event: ======'jets_lit_hit'====== Args={'shot': 'jet_left'}
2025-05-15 12:52:31,417 : INFO : EventManager : Event: ======'player_score'====== Args={'value': 9000, 'prev_value': 8000, 'change': 1000, 'player_num': 1, 'source': 'jets'}
2025-05-15 12:52:31,448 : INFO : SwitchController : <<<<<<< 's_jet_upper' inactive >>>>>>>
2025-05-15 12:52:31,479 : INFO : EventManager : Event: ======'balldevice_bd_balltruhe_ball_eject_failed'====== Args={'target': <ball_device.bd_plunger>, 'balls': 1, 'retry': True, 'num_attempts': 4}
2025-05-15 12:52:31,480 : INFO : ball_device.bd_balltruhe : State: waiting_for_target_ready
2025-05-15 12:52:31,480 : INFO : EventManager : Event: ======'balldevice_bd_balltruhe_ball_eject_attempt'====== Args={'balls': 1, 'target': <ball_device.bd_plunger>, 'source': <ball_device.bd_balltruhe>, 'mechanical_eject': False, 'num_attempts': 4}
2025-05-15 12:52:31,480 : INFO : ball_device.bd_balltruhe : State: ejecting
2025-05-15 12:52:31,480 : INFO : ball_device.bd_balltruhe : Ejecting ball to <ball_device.bd_plunger>
2025-05-15 12:52:31,480 : INFO : EventManager : Event: ======'balldevice_bd_balltruhe_ejecting_ball'====== Args={'balls': 1, 'target': <ball_device.bd_plunger>, 'source': <ball_device.bd_balltruhe>, 'mechanical_eject': False, 'num_attempts': 4}
2025-05-15 12:52:31,480 : INFO : ball_device.bd_balltruhe : Wait for ball to leave device
2025-05-15 12:52:31,481 : INFO : coil.c_drain_eject : Pulsing Driver for 22ms (1.0 pulse_power)
2025-05-15 12:52:31,516 : INFO : SwitchController : <<<<<<< 's_jet_left' inactive >>>>>>>
2025-05-15 12:52:31,548 : INFO : SwitchController : <<<<<<< 's_jet_right' active >>>>>>>
2025-05-15 12:52:31,548 : INFO : EventManager : Event: ======'playfield_active'====== Args={'source': 'jet_right'}
2025-05-15 12:52:31,549 : INFO : EventManager : Event: ======'unexpected_ball_on_playfield'====== Args={}
2025-05-15 12:52:31,549 : INFO : EventManager : Event: ======'s_jet_right_active'====== Args={}
2025-05-15 12:52:31,549 : INFO : EventManager : Event: ======'machine_var_audits_switches_s_jet_right'====== Args={'value': 11, 'prev_value': 10, 'change': 1}
2025-05-15 12:52:31,549 : INFO : EventManager : Event: ======'machine_var_audits_shots_jet_right'====== Args={'value': 11, 'prev_value': 10, 'change': 1}
2025-05-15 12:52:31,549 : INFO : EventManager : Event: ======'jet_right_hit'====== Args={'profile': 'default', 'state': 'lit', 'advancing': False}
2025-05-15 12:52:31,549 : INFO : EventManager : Event: ======'jet_right_default_hit'====== Args={'profile': 'default', 'state': 'lit', 'advancing': False}
2025-05-15 12:52:31,549 : INFO : EventManager : Event: ======'jet_right_default_lit_hit'====== Args={'profile': 'default', 'state': 'lit', 'advancing': False}
2025-05-15 12:52:31,549 : INFO : EventManager : Event: ======'jet_right_lit_hit'====== Args={'profile': 'default', 'state': 'lit', 'advancing': False}
2025-05-15 12:52:31,549 : INFO : EventManager : Event: ======'jets_hit'====== Args={'shot': 'jet_right'}
2025-05-15 12:52:31,549 : INFO : EventManager : Event: ======'jets_lit_hit'====== Args={'shot': 'jet_right'}
2025-05-15 12:52:31,549 : INFO : EventManager : Event: ======'player_score'====== Args={'value': 10000, 'prev_value': 9000, 'change': 1000, 'player_num': 1, 'source': 'jets'}
2025-05-15 12:52:31,551 : INFO : SwitchController : <<<<<<< 's_jet_upper' active >>>>>>>
2025-05-15 12:52:31,551 : INFO : EventManager : Event: ======'playfield_active'====== Args={'source': 's_jet_upper'}
2025-05-15 12:52:31,551 : INFO : EventManager : Event: ======'unexpected_ball_on_playfield'====== Args={}
2025-05-15 12:52:31,551 : INFO : EventManager : Event: ======'s_jet_upper_active'====== Args={}
2025-05-15 12:52:31,551 : INFO : EventManager : Event: ======'machine_var_audits_switches_s_jet_upper'====== Args={'value': 9, 'prev_value': 8, 'change': 1}
2025-05-15 12:52:31,551 : INFO : EventManager : Event: ======'machine_var_audits_shots_s_jet_upper'====== Args={'value': 9, 'prev_value': 8, 'change': 1}
2025-05-15 12:52:31,551 : INFO : EventManager : Event: ======'s_jet_upper_hit'====== Args={'profile': 'default', 'state': 'lit', 'advancing': False}
2025-05-15 12:52:31,551 : INFO : EventManager : Event: ======'s_jet_upper_default_hit'====== Args={'profile': 'default', 'state': 'lit', 'advancing': False}
2025-05-15 12:52:31,551 : INFO : EventManager : Event: ======'s_jet_upper_default_lit_hit'====== Args={'profile': 'default', 'state': 'lit', 'advancing': False}
2025-05-15 12:52:31,552 : INFO : EventManager : Event: ======'s_jet_upper_lit_hit'====== Args={'profile': 'default', 'state': 'lit', 'advancing': False}
2025-05-15 12:52:31,552 : INFO : EventManager : Event: ======'jets_hit'====== Args={'shot': 's_jet_upper'}
2025-05-15 12:52:31,552 : INFO : EventManager : Event: ======'jets_lit_hit'====== Args={'shot': 's_jet_upper'}
2025-05-15 12:52:31,552 : INFO : EventManager : Event: ======'player_score'====== Args={'value': 11000, 'prev_value': 10000, 'change': 1000, 'player_num': 1, 'source': 'jets'}
2025-05-15 12:52:31,616 : INFO : SwitchController : <<<<<<< 's_jet_upper' inactive >>>>>>>
2025-05-15 12:52:31,665 : INFO : SwitchController : <<<<<<< 's_jet_right' inactive >>>>>>>
2025-05-15 12:52:31,665 : INFO : SwitchController : <<<<<<< 's_jet_left' active >>>>>>>
2025-05-15 12:52:31,665 : INFO : EventManager : Event: ======'playfield_active'====== Args={'source': 'jet_left'}
2025-05-15 12:52:31,665 : INFO : EventManager : Event: ======'unexpected_ball_on_playfield'====== Args={}
2025-05-15 12:52:31,665 : INFO : EventManager : Event: ======'s_jet_left_active'====== Args={}
2025-05-15 12:52:31,665 : INFO : EventManager : Event: ======'machine_var_audits_switches_s_jet_left'====== Args={'value': 12, 'prev_value': 11, 'change': 1}
2025-05-15 12:52:31,665 : INFO : EventManager : Event: ======'machine_var_audits_shots_jet_left'====== Args={'value': 12, 'prev_value': 11, 'change': 1}
2025-05-15 12:52:31,665 : INFO : EventManager : Event: ======'jet_left_hit'====== Args={'profile': 'default', 'state': 'lit', 'advancing': False}
2025-05-15 12:52:31,667 : INFO : EventManager : Event: ======'jet_left_default_hit'====== Args={'profile': 'default', 'state': 'lit', 'advancing': False}
2025-05-15 12:52:31,667 : INFO : EventManager : Event: ======'jet_left_default_lit_hit'====== Args={'profile': 'default', 'state': 'lit', 'advancing': False}
2025-05-15 12:52:31,667 : INFO : EventManager : Event: ======'jet_left_lit_hit'====== Args={'profile': 'default', 'state': 'lit', 'advancing': False}
2025-05-15 12:52:31,667 : INFO : EventManager : Event: ======'jets_hit'====== Args={'shot': 'jet_left'}
2025-05-15 12:52:31,667 : INFO : EventManager : Event: ======'jets_lit_hit'====== Args={'shot': 'jet_left'}
2025-05-15 12:52:31,667 : INFO : EventManager : Event: ======'player_score'====== Args={'value': 12000, 'prev_value': 11000, 'change': 1000, 'player_num': 1, 'source': 'jets'}
2025-05-15 12:52:31,716 : INFO : SwitchController : <<<<<<< 's_jet_left' inactive >>>>>>>
2025-05-15 12:52:32,494 : INFO : EventManager : Event: ======'balldevice_bd_balltruhe_ball_eject_failed'====== Args={'target': <ball_device.bd_plunger>, 'balls': 1, 'retry': True, 'num_attempts': 5}
2025-05-15 12:52:32,494 : INFO : ball_device.bd_balltruhe : State: waiting_for_target_ready
2025-05-15 12:52:32,494 : INFO : EventManager : Event: ======'balldevice_bd_balltruhe_ball_eject_attempt'====== Args={'balls': 1, 'target': <ball_device.bd_plunger>, 'source': <ball_device.bd_balltruhe>, 'mechanical_eject': False, 'num_attempts': 5}
2025-05-15 12:52:32,495 : INFO : ball_device.bd_balltruhe : State: ejecting
2025-05-15 12:52:32,495 : INFO : ball_device.bd_balltruhe : Ejecting ball to <ball_device.bd_plunger>
2025-05-15 12:52:32,495 : INFO : EventManager : Event: ======'balldevice_bd_balltruhe_ejecting_ball'====== Args={'balls': 1, 'target': <ball_device.bd_plunger>, 'source': <ball_device.bd_balltruhe>, 'mechanical_eject': False, 'num_attempts': 5}
2025-05-15 12:52:32,495 : INFO : ball_device.bd_balltruhe : Wait for ball to leave device
2025-05-15 12:52:32,495 : INFO : coil.c_drain_eject : Pulsing Driver for 22ms (1.0 pulse_power)
2025-05-15 12:52:33,499 : INFO : EventManager : Event: ======'balldevice_bd_balltruhe_ball_eject_failed'====== Args={'target': <ball_device.bd_plunger>, 'balls': 1, 'retry': True, 'num_attempts': 6}
2025-05-15 12:52:33,500 : INFO : ball_device.bd_balltruhe : State: waiting_for_target_ready
2025-05-15 12:52:33,500 : INFO : EventManager : Event: ======'balldevice_bd_balltruhe_ball_eject_attempt'====== Args={'balls': 1, 'target': <ball_device.bd_plunger>, 'source': <ball_device.bd_balltruhe>, 'mechanical_eject': False, 'num_attempts': 6}
2025-05-15 12:52:33,500 : INFO : ball_device.bd_balltruhe : State: ejecting
2025-05-15 12:52:33,500 : INFO : ball_device.bd_balltruhe : Ejecting ball to <ball_device.bd_plunger>
2025-05-15 12:52:33,500 : INFO : EventManager : Event: ======'balldevice_bd_balltruhe_ejecting_ball'====== Args={'balls': 1, 'target': <ball_device.bd_plunger>, 'source': <ball_device.bd_balltruhe>, 'mechanical_eject': False, 'num_attempts': 6}
2025-05-15 12:52:33,500 : INFO : ball_device.bd_balltruhe : Wait for ball to leave device
2025-05-15 12:52:33,500 : INFO : coil.c_drain_eject : Pulsing Driver for 22ms (1.0 pulse_power)
2025-05-15 12:52:34,265 : INFO : SwitchController : <<<<<<< 's_start' active >>>>>>>
2025-05-15 12:52:34,265 : INFO : EventManager : Event: ======'sw_start'====== Args={}
2025-05-15 12:52:34,266 : INFO : EventManager : Event: ======'machine_var_audits_switches_s_start'====== Args={'value': 1, 'prev_value': 0, 'change': 1}
2025-05-15 12:52:34,266 : INFO : EventManager : Event: ======'player_add_request'====== Args={}
2025-05-15 12:52:34,266 : INFO : EventManager : Event: ======'player_will_add'====== Args={'number': 2}
2025-05-15 12:52:34,266 : INFO : EventManager : Event: ======'player_adding'====== Args={'player': <Player 2>, 'number': 2}
2025-05-15 12:52:34,266 : INFO : EventManager : Event: ======'player_added'====== Args={'player': <Player 2>, 'num': 2}
2025-05-15 12:52:34,266 : INFO : Mode.game : Player added successfully. Total players: 2
2025-05-15 12:52:34,266 : INFO : EventManager : Event: ======'multiplayer_game'====== Args={}
2025-05-15 12:52:34,266 : INFO : EventManager : Event: ======'player_index'====== Args={'value': 1, 'prev_value': 1, 'change': 0, 'player_num': 2}
2025-05-15 12:52:34,268 : INFO : EventManager : Event: ======'player_number'====== Args={'value': 2, 'prev_value': 2, 'change': 0, 'player_num': 2}
2025-05-15 12:52:34,268 : INFO : EventManager : Event: ======'player_score'====== Args={'value': 0, 'prev_value': 0, 'change': 0, 'player_num': 2}
2025-05-15 12:52:34,332 : INFO : SwitchController : <<<<<<< 's_start' inactive >>>>>>>
2025-05-15 12:52:34,509 : INFO : EventManager : Event: ======'balldevice_bd_balltruhe_ball_eject_failed'====== Args={'target': <ball_device.bd_plunger>, 'balls': 1, 'retry': True, 'num_attempts': 7}
2025-05-15 12:52:34,509 : INFO : ball_device.bd_balltruhe : State: waiting_for_target_ready
2025-05-15 12:52:34,509 : INFO : EventManager : Event: ======'balldevice_bd_balltruhe_ball_eject_attempt'====== Args={'balls': 1, 'target': <ball_device.bd_plunger>, 'source': <ball_device.bd_balltruhe>, 'mechanical_eject': False, 'num_attempts': 7}
2025-05-15 12:52:34,510 : INFO : ball_device.bd_balltruhe : State: ejecting
2025-05-15 12:52:34,510 : INFO : ball_device.bd_balltruhe : Ejecting ball to <ball_device.bd_plunger>
2025-05-15 12:52:34,510 : INFO : EventManager : Event: ======'balldevice_bd_balltruhe_ejecting_ball'====== Args={'balls': 1, 'target': <ball_device.bd_plunger>, 'source': <ball_device.bd_balltruhe>, 'mechanical_eject': False, 'num_attempts': 7}
2025-05-15 12:52:34,510 : INFO : ball_device.bd_balltruhe : Wait for ball to leave device
2025-05-15 12:52:34,510 : INFO : coil.c_drain_eject : Pulsing Driver for 22ms (1.0 pulse_power)
2025-05-15 12:52:35,522 : INFO : EventManager : Event: ======'balldevice_bd_balltruhe_ball_eject_failed'====== Args={'target': <ball_device.bd_plunger>, 'balls': 1, 'retry': True, 'num_attempts': 8}
2025-05-15 12:52:35,523 : INFO : ball_device.bd_balltruhe : State: waiting_for_target_ready
2025-05-15 12:52:35,523 : INFO : EventManager : Event: ======'balldevice_bd_balltruhe_ball_eject_attempt'====== Args={'balls': 1, 'target': <ball_device.bd_plunger>, 'source': <ball_device.bd_balltruhe>, 'mechanical_eject': False, 'num_attempts': 8}
2025-05-15 12:52:35,523 : INFO : ball_device.bd_balltruhe : State: ejecting
2025-05-15 12:52:35,523 : INFO : ball_device.bd_balltruhe : Ejecting ball to <ball_device.bd_plunger>
2025-05-15 12:52:35,523 : INFO : EventManager : Event: ======'balldevice_bd_balltruhe_ejecting_ball'====== Args={'balls': 1, 'target': <ball_device.bd_plunger>, 'source': <ball_device.bd_balltruhe>, 'mechanical_eject': False, 'num_attempts': 8}
2025-05-15 12:52:35,525 : INFO : ball_device.bd_balltruhe : Wait for ball to leave device
2025-05-15 12:52:35,525 : INFO : coil.c_drain_eject : Pulsing Driver for 22ms (1.0 pulse_power)
2025-05-15 12:52:36,525 : INFO : EventManager : Event: ======'balldevice_bd_balltruhe_ball_eject_failed'====== Args={'target': <ball_device.bd_plunger>, 'balls': 1, 'retry': True, 'num_attempts': 9}
2025-05-15 12:52:36,525 : INFO : ball_device.bd_balltruhe : State: waiting_for_target_ready
2025-05-15 12:52:36,526 : INFO : EventManager : Event: ======'balldevice_bd_balltruhe_ball_eject_attempt'====== Args={'balls': 1, 'target': <ball_device.bd_plunger>, 'source': <ball_device.bd_balltruhe>, 'mechanical_eject': False, 'num_attempts': 9}
2025-05-15 12:52:36,526 : INFO : ball_device.bd_balltruhe : State: ejecting
2025-05-15 12:52:36,526 : INFO : ball_device.bd_balltruhe : Ejecting ball to <ball_device.bd_plunger>
2025-05-15 12:52:36,526 : INFO : EventManager : Event: ======'balldevice_bd_balltruhe_ejecting_ball'====== Args={'balls': 1, 'target': <ball_device.bd_plunger>, 'source': <ball_device.bd_balltruhe>, 'mechanical_eject': False, 'num_attempts': 9}
2025-05-15 12:52:36,526 : INFO : ball_device.bd_balltruhe : Wait for ball to leave device
2025-05-15 12:52:36,526 : INFO : coil.c_drain_eject : Pulsing Driver for 22ms (1.0 pulse_power)
2025-05-15 12:52:37,286 : INFO : Machine : Shutting down...
2025-05-15 12:52:37,286 : INFO : EventManager : Event: ======'shutdown'====== Args={}
2025-05-15 12:52:37,287 : INFO : EventManager : Event: ======'mode_game_will_stop'====== Args={}
2025-05-15 12:52:37,287 : INFO : EventManager : Event: ======'mode_game_stopping'====== Args={}
2025-05-15 12:52:37,289 : INFO : EventManager : Event: ======'mode_jets_will_stop'====== Args={}
2025-05-15 12:52:37,289 : INFO : EventManager : Event: ======'mode_jets_stopping'====== Args={}
2025-05-15 12:52:37,289 : INFO : EventManager : Event: ======'mode_base_will_stop'====== Args={}
2025-05-15 12:52:37,289 : INFO : EventManager : Event: ======'mode_base_stopping'====== Args={}
2025-05-15 12:52:37,289 : INFO : EventManager : Event: ======'stop_mode_jets'====== Args={'priority': 0}
2025-05-15 12:52:37,289 : INFO : Mode.base : Stopped.
2025-05-15 12:52:37,289 : INFO : EventManager : Event: ======'modes_active_modes_changed'====== Args={}
2025-05-15 12:52:37,289 : INFO : EventManager : Event: ======'mode_base_stopped'====== Args={}
2025-05-15 12:52:37,289 : INFO : EventManager : Event: ======'clear'====== Args={'key': 'base'}
2025-05-15 12:52:37,289 : INFO : Mode.jets : Stopped.
2025-05-15 12:52:37,289 : INFO : EventManager : Event: ======'modes_active_modes_changed'====== Args={}
2025-05-15 12:52:37,289 : INFO : EventManager : Event: ======'mode_jets_stopped'====== Args={}
2025-05-15 12:52:37,289 : INFO : EventManager : Event: ======'clear'====== Args={'key': 'jets'}
2025-05-15 12:52:37,291 : INFO : Mode.game : Stopped.
2025-05-15 12:52:37,291 : INFO : EventManager : Event: ======'modes_active_modes_changed'====== Args={}
2025-05-15 12:52:37,291 : INFO : EventManager : Event: ======'mode_game_stopped'====== Args={}
2025-05-15 12:52:37,291 : INFO : EventManager : Event: ======'clear'====== Args={'key': 'game'}
2025-05-15 12:52:37,293 : INFO : root : MPF run loop ended.
