2025-05-15 20:43:07,917 : INFO : root : Loading config.
2025-05-15 20:43:07,927 : INFO : YamlMultifileConfigLoader : Machine config file #1: config.yaml
2025-05-15 20:43:07,929 : INFO : ConfigProcessor : Loading config from cache: C:\Users\Majo\AppData\Local\Temp\e7b34163051777eabf44166c3b479cd5.mpf_cache
2025-05-15 20:43:08,096 : INFO : ConfigProcessor : Loading config from cache: C:\Users\Majo\AppData\Local\Temp\1eec1546f2b92336be53a1ef9400cc83.mpf_cache
2025-05-15 20:43:08,098 : INFO : ConfigProcessor : Loading config from cache: C:\Users\Majo\AppData\Local\Temp\73f6dfef7f206545518fd71aa2c5591c.mpf_cache
2025-05-15 20:43:08,099 : INFO : ConfigProcessor : Loading config from cache: C:\Users\Majo\AppData\Local\Temp\1eec1546f2b92336be53a1ef9400cc83.mpf_cache
2025-05-15 20:43:08,102 : WARNING : ConfigProcessor : Config file in cache changed: C:\SuperMarioPinball\modes\base\config\base.yaml
2025-05-15 20:43:08,103 : INFO : ConfigProcessor : Loading config from file C:\SuperMarioPinball\modes\base\config\base.yaml.
2025-05-15 20:43:08,107 : INFO : ConfigProcessor : Loading config: C:\SuperMarioPinball\modes\base\config\base.yaml
2025-05-15 20:43:08,110 : INFO : ConfigProcessor : Config file cache created: C:\Users\Majo\AppData\Local\Temp\4fbb3c30d924930840d7c7977ab841cd.mpf_cache
2025-05-15 20:43:08,111 : INFO : ConfigProcessor : Loading config from cache: C:\Users\Majo\AppData\Local\Temp\6c98d128194b8b8ae6efc90a9efedc0e.mpf_cache
2025-05-15 20:43:08,113 : INFO : ConfigProcessor : Loading config from cache: C:\Users\Majo\AppData\Local\Temp\100c2702f9191071647a91d977b417b1.mpf_cache
2025-05-15 20:43:08,114 : INFO : Machine : Mission Pinball Framework Core Engine v0.80.0.dev7
2025-05-15 20:43:08,114 : INFO : Machine : Command line arguments: {'no_load_cache': False, 'create_config_cache': True, 'bcp': True, 'configfile': ['config.yaml'], 'force_assets_load': False, 'platform_integration_test': False, 'jsonlogging': False, 'logfile': 'logs\\2025-05-15-20-43-07-mpf-LX15.log', 'pause': False, 'production': False, 'text_ui': False, 'loglevel': 15, 'consoleloglevel': 20, 'force_platform': 'virtual', 'syslog_address': None, 'full_logfile_path': 'C:\\SuperMarioPinball\\logs\\2025-05-15-20-43-07-mpf-LX15.log'}
2025-05-15 20:43:08,115 : INFO : Machine : MPF path: C:\Users\Majo\AppData\Local\Programs\Python\Python312\Lib\site-packages\mpf
2025-05-15 20:43:08,115 : INFO : Machine : Machine path: C:\SuperMarioPinball
2025-05-15 20:43:08,115 : INFO : Machine : Platform: win32
2025-05-15 20:43:08,115 : INFO : Machine : Python executable location: C:\Users\Majo\AppData\Local\Programs\Python\Python312\python.exe
2025-05-15 20:43:08,115 : INFO : Machine : Python version: 3.12.7 (64-bit)
2025-05-15 20:43:08,121 : INFO : Machine : Initializing MPF...
2025-05-15 20:43:08,322 : INFO : EventManager : Event: ======'machine_var_credits_string'====== Args={'value': 'FREE PLAY', 'prev_value': None, 'change': True}
2025-05-15 20:43:08,364 : INFO : EventManager : Event: ======'machine_var_master_volume'====== Args={'value': 0.5, 'prev_value': None, 'change': True}
2025-05-15 20:43:08,364 : INFO : EventManager : Event: ======'machine_var_mpf_version'====== Args={'value': 'Mission Pinball Framework v0.80.0.dev7', 'prev_value': None, 'change': True}
2025-05-15 20:43:08,364 : INFO : EventManager : Event: ======'machine_var_mpf_extended_version'====== Args={'value': 'Mission Pinball Framework v0.80.0.dev7, Config version:6, Show version: 6, BCP version:1.1', 'prev_value': None, 'change': True}
2025-05-15 20:43:08,365 : INFO : EventManager : Event: ======'machine_var_python_version'====== Args={'value': '3.12.7', 'prev_value': None, 'change': True}
2025-05-15 20:43:08,905 : INFO : EventManager : Event: ======'machine_var_platform'====== Args={'value': 'Windows-11-10.0.26100-SP0', 'prev_value': None, 'change': True}
2025-05-15 20:43:08,906 : INFO : EventManager : Event: ======'machine_var_platform_system'====== Args={'value': 'Windows', 'prev_value': None, 'change': True}
2025-05-15 20:43:08,906 : INFO : EventManager : Event: ======'machine_var_platform_release'====== Args={'value': '11', 'prev_value': None, 'change': True}
2025-05-15 20:43:08,906 : INFO : EventManager : Event: ======'machine_var_platform_version'====== Args={'value': '10.0.26100', 'prev_value': None, 'change': True}
2025-05-15 20:43:08,906 : INFO : EventManager : Event: ======'machine_var_platform_machine'====== Args={'value': 'AMD64', 'prev_value': None, 'change': True}
2025-05-15 20:43:08,906 : INFO : EventManager : Event: ======'machine_var_log_file_path'====== Args={'value': 'C:\\SuperMarioPinball\\logs\\2025-05-15-20-43-07-mpf-LX15.log', 'prev_value': None, 'change': True}
2025-05-15 20:43:08,906 : INFO : EventManager : Event: ======'init_phase_1'====== Args={}
2025-05-15 20:43:08,947 : INFO : EventManager : Event: ======'init_phase_2'====== Args={}
2025-05-15 20:43:08,948 : INFO : SwitchController : Found active switch: ('1-0-18', <Platform.Virtual>) <switch.s_balltruhe_1>
2025-05-15 20:43:08,948 : INFO : SwitchController : Found active switch: ('1-0-19', <Platform.Virtual>) <switch.s_balltruhe_2>
2025-05-15 20:43:08,948 : INFO : SwitchController : Found active switch: ('1-0-20', <Platform.Virtual>) <switch.s_balltruhe_3>
2025-05-15 20:43:08,948 : INFO : SwitchController : Found active switch: ('1-0-21', <Platform.Virtual>) <switch.s_balltruhe_4>
2025-05-15 20:43:08,948 : INFO : SwitchController : Found active switch: ('1-0-22', <Platform.Virtual>) <switch.s_balltruhe_5>
2025-05-15 20:43:08,948 : INFO : SwitchController : Found active switch: ('1-0-23', <Platform.Virtual>) <switch.s_balltruhe_6>
2025-05-15 20:43:08,952 : INFO : EventManager : Event: ======'bcp_connection_attempt'====== Args={'name': 'local_display', 'host': 'localhost', 'port': 5050}
2025-05-15 20:43:08,956 : INFO : BCPClientSocket : Connecting BCP to 'local_display' at localhost:5050...
2025-05-15 20:43:08,976 : INFO : BCPClientSocket : Connected BCP to 'local_display' localhost:5050
2025-05-15 20:43:08,977 : INFO : EventManager : Event: ======'bcp_clients_connected'====== Args={}
2025-05-15 20:43:08,978 : INFO : ball_device.bd_balltruhe : BCH: Initial count: 6
2025-05-15 20:43:08,978 : INFO : ball_device.bd_balltruhe : State: idle
2025-05-15 20:43:08,979 : INFO : ball_device.bd_plunger : BCH: Initial count: 0
2025-05-15 20:43:08,979 : INFO : ball_device.bd_plunger : State: idle
2025-05-15 20:43:08,998 : INFO : EventManager : Event: ======'init_phase_3'====== Args={}
2025-05-15 20:43:09,002 : INFO : EventManager : Event: ======'init_phase_4'====== Args={}
2025-05-15 20:43:09,003 : INFO : BallController : Initial balls found: 6
2025-05-15 20:43:09,006 : INFO : EventManager : Event: ======'machine_var_audits_events_game_ended'====== Args={'value': 0, 'prev_value': None, 'change': True}
2025-05-15 20:43:09,006 : INFO : EventManager : Event: ======'machine_var_audits_events_game_started'====== Args={'value': 11, 'prev_value': None, 'change': True}
2025-05-15 20:43:09,006 : INFO : EventManager : Event: ======'machine_var_audits_missing_switches_s_balltruhe_1'====== Args={'value': 11, 'prev_value': None, 'change': True}
2025-05-15 20:43:09,006 : INFO : EventManager : Event: ======'machine_var_audits_missing_switches_s_balltruhe_2'====== Args={'value': 11, 'prev_value': None, 'change': True}
2025-05-15 20:43:09,006 : INFO : EventManager : Event: ======'machine_var_audits_missing_switches_s_balltruhe_3'====== Args={'value': 11, 'prev_value': None, 'change': True}
2025-05-15 20:43:09,006 : INFO : EventManager : Event: ======'machine_var_audits_missing_switches_s_balltruhe_4'====== Args={'value': 11, 'prev_value': None, 'change': True}
2025-05-15 20:43:09,006 : INFO : EventManager : Event: ======'machine_var_audits_missing_switches_s_balltruhe_5'====== Args={'value': 11, 'prev_value': None, 'change': True}
2025-05-15 20:43:09,006 : INFO : EventManager : Event: ======'machine_var_audits_missing_switches_s_balltruhe_6'====== Args={'value': 11, 'prev_value': None, 'change': True}
2025-05-15 20:43:09,007 : INFO : EventManager : Event: ======'machine_var_audits_missing_switches_s_balltruhe_jam'====== Args={'value': 11, 'prev_value': None, 'change': True}
2025-05-15 20:43:09,007 : INFO : EventManager : Event: ======'machine_var_audits_missing_switches_s_flipper_left'====== Args={'value': 11, 'prev_value': None, 'change': True}
2025-05-15 20:43:09,007 : INFO : EventManager : Event: ======'machine_var_audits_missing_switches_s_flipper_right'====== Args={'value': 11, 'prev_value': None, 'change': True}
2025-05-15 20:43:09,007 : INFO : EventManager : Event: ======'machine_var_audits_missing_switches_s_plunger_lane'====== Args={'value': 11, 'prev_value': None, 'change': True}
2025-05-15 20:43:09,007 : INFO : EventManager : Event: ======'machine_var_audits_missing_switches_s_upper_flipper'====== Args={'value': 11, 'prev_value': None, 'change': True}
2025-05-15 20:43:09,007 : INFO : EventManager : Event: ======'machine_var_audits_player_score'====== Args={'value': {'average': 0, 'top': [], 'total': 0}, 'prev_value': None, 'change': True}
2025-05-15 20:43:09,007 : INFO : EventManager : Event: ======'machine_var_audits_shots_hurryup'====== Args={'value': 9, 'prev_value': None, 'change': True}
2025-05-15 20:43:09,008 : INFO : EventManager : Event: ======'machine_var_audits_shots_jet_left'====== Args={'value': 51, 'prev_value': None, 'change': True}
2025-05-15 20:43:09,008 : INFO : EventManager : Event: ======'machine_var_audits_shots_jet_right'====== Args={'value': 51, 'prev_value': None, 'change': True}
2025-05-15 20:43:09,008 : INFO : EventManager : Event: ======'machine_var_audits_shots_left_ramp'====== Args={'value': 26, 'prev_value': None, 'change': True}
2025-05-15 20:43:09,008 : INFO : EventManager : Event: ======'machine_var_audits_shots_s_jet_upper'====== Args={'value': 42, 'prev_value': None, 'change': True}
2025-05-15 20:43:09,008 : INFO : EventManager : Event: ======'machine_var_audits_switches_s_balltruhe_1'====== Args={'value': 0, 'prev_value': None, 'change': True}
2025-05-15 20:43:09,008 : INFO : EventManager : Event: ======'machine_var_audits_switches_s_balltruhe_2'====== Args={'value': 0, 'prev_value': None, 'change': True}
2025-05-15 20:43:09,008 : INFO : EventManager : Event: ======'machine_var_audits_switches_s_balltruhe_3'====== Args={'value': 0, 'prev_value': None, 'change': True}
2025-05-15 20:43:09,008 : INFO : EventManager : Event: ======'machine_var_audits_switches_s_balltruhe_4'====== Args={'value': 0, 'prev_value': None, 'change': True}
2025-05-15 20:43:09,008 : INFO : EventManager : Event: ======'machine_var_audits_switches_s_balltruhe_5'====== Args={'value': 0, 'prev_value': None, 'change': True}
2025-05-15 20:43:09,008 : INFO : EventManager : Event: ======'machine_var_audits_switches_s_balltruhe_6'====== Args={'value': 0, 'prev_value': None, 'change': True}
2025-05-15 20:43:09,008 : INFO : EventManager : Event: ======'machine_var_audits_switches_s_balltruhe_jam'====== Args={'value': 0, 'prev_value': None, 'change': True}
2025-05-15 20:43:09,009 : INFO : EventManager : Event: ======'machine_var_audits_switches_s_flipper_left'====== Args={'value': 0, 'prev_value': None, 'change': True}
2025-05-15 20:43:09,009 : INFO : EventManager : Event: ======'machine_var_audits_switches_s_flipper_right'====== Args={'value': 0, 'prev_value': None, 'change': True}
2025-05-15 20:43:09,009 : INFO : EventManager : Event: ======'machine_var_audits_switches_s_jet_left'====== Args={'value': 51, 'prev_value': None, 'change': True}
2025-05-15 20:43:09,009 : INFO : EventManager : Event: ======'machine_var_audits_switches_s_jet_right'====== Args={'value': 51, 'prev_value': None, 'change': True}
2025-05-15 20:43:09,009 : INFO : EventManager : Event: ======'machine_var_audits_switches_s_jet_upper'====== Args={'value': 42, 'prev_value': None, 'change': True}
2025-05-15 20:43:09,009 : INFO : EventManager : Event: ======'machine_var_audits_switches_s_plunger_lane'====== Args={'value': 0, 'prev_value': None, 'change': True}
2025-05-15 20:43:09,009 : INFO : EventManager : Event: ======'machine_var_audits_switches_s_ramp_left_opto'====== Args={'value': 26, 'prev_value': None, 'change': True}
2025-05-15 20:43:09,009 : INFO : EventManager : Event: ======'machine_var_audits_switches_s_start'====== Args={'value': 7, 'prev_value': None, 'change': True}
2025-05-15 20:43:09,009 : INFO : EventManager : Event: ======'machine_var_audits_switches_s_upper_flipper'====== Args={'value': 0, 'prev_value': None, 'change': True}
2025-05-15 20:43:09,010 : INFO : EventManager : Event: ======'init_phase_5'====== Args={}
2025-05-15 20:43:09,011 : INFO : EventManager : Event: ======'init_done'====== Args={}
2025-05-15 20:43:09,011 : INFO : EventManager : Event: ======'machine_reset_phase_1'====== Args={}
2025-05-15 20:43:09,023 : INFO : EventManager : Event: ======'machine_reset_phase_2'====== Args={}
2025-05-15 20:43:09,024 : INFO : EventManager : Event: ======'machine_reset_phase_3'====== Args={}
2025-05-15 20:43:09,024 : INFO : EventManager : Event: ======'reset_complete'====== Args={}
2025-05-15 20:43:09,025 : INFO : EventManager : Event: ======'mode_attract_will_start'====== Args={}
2025-05-15 20:43:09,025 : INFO : Timer.attract_carousel_timer : Starting Timer.
2025-05-15 20:43:09,025 : INFO : EventManager : Event: ======'timer_attract_carousel_timer_started'====== Args={'ticks': 0, 'ticks_remaining': 1}
2025-05-15 20:43:09,027 : INFO : EventManager : Event: ======'timer_attract_carousel_timer_tick'====== Args={'ticks': 0, 'ticks_remaining': 1}
2025-05-15 20:43:09,028 : INFO : EventManager : Event: ======'mode_attract_starting'====== Args={}
2025-05-15 20:43:09,029 : INFO : Mode.attract : Started. Priority: 10
2025-05-15 20:43:09,029 : INFO : EventManager : Event: ======'modes_active_modes_changed'====== Args={}
2025-05-15 20:43:09,029 : INFO : EventManager : Event: ======'mode_attract_started'====== Args={}
2025-05-15 20:43:09,030 : INFO : EventManager : Event: ======'collecting_balls_complete'====== Args={}
2025-05-15 20:43:09,030 : INFO : EventManager : Event: ======'item_highlighted'====== Args={'carousel': 'attract', 'direction': None, 'item': 'title'}
2025-05-15 20:43:09,031 : INFO : EventManager : Event: ======'timer_attract_carousel_timer_tick'====== Args={'ticks': 0, 'ticks_remaining': 1}
2025-05-15 20:43:09,032 : INFO : Machine : Starting the main run loop with active modes: [<Mode.attract>]
2025-05-15 20:43:09,107 : INFO : EventManager : Event: ======'slide_attract_created'====== Args={'_from_bcp': True}
2025-05-15 20:43:09,109 : INFO : EventManager : Event: ======'slide__removed'====== Args={'_from_bcp': True}
2025-05-15 20:43:09,109 : INFO : EventManager : Event: ======'slide_attract_active'====== Args={'original_context': 'attract', 'original_calling_context': 'mode_attract_started', 'priority': 10.0, 'cmd': 'slides_play', '_from_bcp': True}
2025-05-15 20:43:11,090 : INFO : SwitchController : <<<<<<< 's_start' active >>>>>>>
2025-05-15 20:43:11,142 : INFO : SwitchController : <<<<<<< 's_start' inactive >>>>>>>
2025-05-15 20:43:11,142 : INFO : EventManager : Event: ======'request_to_start_game'====== Args={}
2025-05-15 20:43:11,142 : INFO : EventManager : Event: ======'game_start'====== Args={'buttons': [], 'hold_time': 0.06300000000010186}
2025-05-15 20:43:11,144 : INFO : EventManager : Event: ======'mode_game_will_start'====== Args={'buttons': [], 'hold_time': 0.06300000000010186}
2025-05-15 20:43:11,145 : INFO : EventManager : Event: ======'mode_game_starting'====== Args={'buttons': [], 'hold_time': 0.06300000000010186}
2025-05-15 20:43:11,145 : INFO : EventManager : Event: ======'mode_attract_will_stop'====== Args={}
2025-05-15 20:43:11,146 : INFO : EventManager : Event: ======'mode_attract_stopping'====== Args={}
2025-05-15 20:43:11,146 : INFO : Mode.attract : Stopped.
2025-05-15 20:43:11,146 : INFO : EventManager : Event: ======'modes_active_modes_changed'====== Args={}
2025-05-15 20:43:11,146 : INFO : EventManager : Event: ======'mode_attract_stopped'====== Args={}
2025-05-15 20:43:11,146 : INFO : EventManager : Event: ======'clear'====== Args={'key': 'attract'}
2025-05-15 20:43:11,148 : INFO : Timer.attract_carousel_timer : Stopping Timer
2025-05-15 20:43:11,148 : INFO : EventManager : Event: ======'timer_attract_carousel_timer_stopped'====== Args={'ticks': 0, 'ticks_remaining': 1}
2025-05-15 20:43:11,148 : INFO : Mode.game : Started. Priority: 20
2025-05-15 20:43:11,148 : INFO : EventManager : Event: ======'modes_active_modes_changed'====== Args={}
2025-05-15 20:43:11,148 : INFO : EventManager : Event: ======'mode_game_started'====== Args={'buttons': [], 'hold_time': 0.06300000000010186}
2025-05-15 20:43:11,150 : INFO : EventManager : Event: ======'game_will_start'====== Args={}
2025-05-15 20:43:11,150 : INFO : EventManager : Event: ======'game_starting'====== Args={'game': <Mode.game>}
2025-05-15 20:43:11,152 : INFO : EventManager : Unordered handler for class <Auditor> on event game_ended with priority 1. Handlers: [RegisteredHandler(callback=<bound method Auditor.disable of <Auditor>>, priority=1, kwargs={}, key=UUID('017b5796-d87e-4465-8e9d-eda13d2971da'), condition=None, blocking_facility=None), RegisteredHandler(callback=<bound method Auditor._save_audits of <Auditor>>, priority=1, kwargs={}, key=UUID('e8663514-6588-4964-9c22-9c08cf2750d2'), condition=None, blocking_facility=None)]. The order of those handlers is not defined and they will be executed in random order. This might lead to race conditions and potential bugs.
2025-05-15 20:43:11,152 : INFO : EventManager : Event: ======'player_add_request'====== Args={}
2025-05-15 20:43:11,154 : INFO : EventManager : Event: ======'player_will_add'====== Args={'number': 1}
2025-05-15 20:43:11,154 : INFO : EventManager : Event: ======'player_adding'====== Args={'player': <Player 1>, 'number': 1}
2025-05-15 20:43:11,154 : INFO : EventManager : Event: ======'player_added'====== Args={'player': <Player 1>, 'num': 1}
2025-05-15 20:43:11,155 : INFO : Mode.game : Player added successfully. Total players: 1
2025-05-15 20:43:11,155 : INFO : EventManager : Event: ======'player_index'====== Args={'value': 0, 'prev_value': 0, 'change': 0, 'player_num': 1}
2025-05-15 20:43:11,155 : INFO : EventManager : Event: ======'player_number'====== Args={'value': 1, 'prev_value': 1, 'change': 0, 'player_num': 1}
2025-05-15 20:43:11,156 : INFO : EventManager : Event: ======'player_score'====== Args={'value': 0, 'prev_value': 0, 'change': 0, 'player_num': 1}
2025-05-15 20:43:11,156 : INFO : EventManager : Event: ======'game_started'====== Args={}
2025-05-15 20:43:11,157 : INFO : EventManager : Event: ======'player_turn_will_start'====== Args={'player': <Player 1>, 'number': 1}
2025-05-15 20:43:11,158 : INFO : EventManager : Event: ======'player_turn_starting'====== Args={'player': <Player 1>, 'number': 1}
2025-05-15 20:43:11,160 : INFO : EventManager : Event: ======'player_ball'====== Args={'value': 1, 'prev_value': 0, 'change': 1, 'player_num': 1}
2025-05-15 20:43:11,161 : INFO : EventManager : Event: ======'player_turn_started'====== Args={'player': <Player 1>, 'number': 1}
2025-05-15 20:43:11,168 : INFO : EventManager : Event: ======'ball_will_start'====== Args={'player': 1, 'ball': 1, 'balls_remaining': 2, 'is_extra_ball': False}
2025-05-15 20:43:11,169 : INFO : EventManager : Event: ======'ball_starting'====== Args={'player': 1, 'ball': 1, 'balls_remaining': 2, 'is_extra_ball': False}
2025-05-15 20:43:11,169 : INFO : EventManager : Event: ======'mode_base_will_start'====== Args={'queue': <QueuedEvent>, 'player': 1, 'ball': 1, 'balls_remaining': 2, 'is_extra_ball': False}
2025-05-15 20:43:11,170 : INFO : EventManager : Event: ======'player_shot_left_ramp_enabled'====== Args={'value': True, 'prev_value': 0, 'change': 1, 'player_num': 1}
2025-05-15 20:43:11,174 : INFO : EventManager : Event: ======'mode_base_starting'====== Args={'queue': <QueuedEvent>, 'player': 1, 'ball': 1, 'balls_remaining': 2, 'is_extra_ball': False}
2025-05-15 20:43:11,175 : INFO : Mode.base : Started. Priority: 100
2025-05-15 20:43:11,175 : INFO : EventManager : Event: ======'modes_active_modes_changed'====== Args={}
2025-05-15 20:43:11,175 : INFO : EventManager : Event: ======'mode_base_started'====== Args={'queue': <QueuedEvent>, 'player': 1, 'ball': 1, 'balls_remaining': 2, 'is_extra_ball': False}
2025-05-15 20:43:11,177 : INFO : EventManager : Event: ======'start_mode_jets'====== Args={'priority': 0}
2025-05-15 20:43:11,177 : INFO : EventManager : Event: ======'mode_jets_will_start'====== Args={'priority': 0}
2025-05-15 20:43:11,178 : INFO : EventManager : Event: ======'player_shot_jet_left_enabled'====== Args={'value': True, 'prev_value': 0, 'change': 1, 'player_num': 1}
2025-05-15 20:43:11,179 : INFO : EventManager : Event: ======'player_shot_jet_right_enabled'====== Args={'value': True, 'prev_value': 0, 'change': 1, 'player_num': 1}
2025-05-15 20:43:11,179 : INFO : EventManager : Event: ======'player_shot_s_jet_upper_enabled'====== Args={'value': True, 'prev_value': 0, 'change': 1, 'player_num': 1}
2025-05-15 20:43:11,180 : INFO : EventManager : Event: ======'jets_complete'====== Args={'state': 'unlit'}
2025-05-15 20:43:11,180 : INFO : EventManager : Event: ======'jets_unlit_complete'====== Args={}
2025-05-15 20:43:11,181 : INFO : EventManager : Event: ======'mode_jets_starting'====== Args={'priority': 0}
2025-05-15 20:43:11,182 : INFO : Mode.jets : Started. Priority: 200
2025-05-15 20:43:11,182 : INFO : EventManager : Event: ======'modes_active_modes_changed'====== Args={}
2025-05-15 20:43:11,182 : INFO : EventManager : Event: ======'mode_jets_started'====== Args={'priority': 0}
2025-05-15 20:43:11,182 : INFO : EventManager : Event: ======'balls_in_play'====== Args={'balls': 1}
2025-05-15 20:43:11,183 : INFO : EventManager : Event: ======'ball_started'====== Args={'player': 1, 'ball': 1, 'balls_remaining': 2, 'is_extra_ball': False}
2025-05-15 20:43:11,185 : INFO : EventManager : Event: ======'single_player_ball_started'====== Args={}
2025-05-15 20:43:11,185 : INFO : EventManager : Event: ======'ball_start_target'====== Args={'target': 'playfield'}
2025-05-15 20:43:11,186 : INFO : ball_device.bd_balltruhe : Setting up player-controlled eject. Balls: 1, Target: <playfield.playfield>, player_controlled_eject_event: None
2025-05-15 20:43:11,186 : INFO : ball_device.bd_balltruhe : Adding 1 ball(s) to the eject_queue with target <playfield.playfield>.
2025-05-15 20:43:11,186 : INFO : EventManager : Event: ======'balldevice_balls_available'====== Args={}
2025-05-15 20:43:11,187 : INFO : ball_device.bd_balltruhe : State: waiting_for_target_ready
2025-05-15 20:43:11,187 : INFO : EventManager : Event: ======'balldevice_bd_balltruhe_ball_eject_attempt'====== Args={'balls': 1, 'target': <ball_device.bd_plunger>, 'source': <ball_device.bd_balltruhe>, 'mechanical_eject': False, 'num_attempts': 0}
2025-05-15 20:43:11,188 : INFO : ball_device.bd_plunger : State: waiting_for_ball
2025-05-15 20:43:11,188 : INFO : ball_device.bd_balltruhe : State: ejecting
2025-05-15 20:43:11,188 : INFO : ball_device.bd_balltruhe : Ejecting ball to <ball_device.bd_plunger>
2025-05-15 20:43:11,189 : INFO : EventManager : Event: ======'balldevice_bd_balltruhe_ejecting_ball'====== Args={'balls': 1, 'target': <ball_device.bd_plunger>, 'source': <ball_device.bd_balltruhe>, 'mechanical_eject': False, 'num_attempts': 0}
2025-05-15 20:43:11,189 : INFO : ball_device.bd_balltruhe : Wait for ball to leave device
2025-05-15 20:43:11,189 : INFO : coil.c_drain_eject : Pulsing Driver for 22ms (1.0 pulse_power)
2025-05-15 20:43:11,271 : INFO : EventManager : Event: ======'slide_base_slide_created'====== Args={'_from_bcp': True}
2025-05-15 20:43:11,271 : INFO : EventManager : Event: ======'slide_attract_inactive'====== Args={'is_removing': True, '_from_bcp': True}
2025-05-15 20:43:11,271 : INFO : EventManager : Event: ======'slide_base_slide_active'====== Args={'original_context': 'base', 'original_calling_context': 'mode_base_started', 'priority': 100.0, 'queue': '<QueuedEvent>', 'player': 1.0, 'ball': 1.0, 'balls_remaining': 2.0, 'is_extra_ball': False, 'cmd': 'slides_play', '_from_bcp': True}
2025-05-15 20:43:11,272 : INFO : EventManager : Event: ======'slide_attract_removed'====== Args={'_from_bcp': True}
2025-05-15 20:43:12,202 : INFO : EventManager : Event: ======'balldevice_bd_balltruhe_ball_eject_failed'====== Args={'target': <ball_device.bd_plunger>, 'balls': 1, 'retry': True, 'num_attempts': 1}
2025-05-15 20:43:12,205 : INFO : ball_device.bd_balltruhe : State: waiting_for_target_ready
2025-05-15 20:43:12,205 : INFO : EventManager : Event: ======'balldevice_bd_balltruhe_ball_eject_attempt'====== Args={'balls': 1, 'target': <ball_device.bd_plunger>, 'source': <ball_device.bd_balltruhe>, 'mechanical_eject': False, 'num_attempts': 1}
2025-05-15 20:43:12,205 : INFO : ball_device.bd_balltruhe : State: ejecting
2025-05-15 20:43:12,206 : INFO : ball_device.bd_balltruhe : Ejecting ball to <ball_device.bd_plunger>
2025-05-15 20:43:12,206 : INFO : EventManager : Event: ======'balldevice_bd_balltruhe_ejecting_ball'====== Args={'balls': 1, 'target': <ball_device.bd_plunger>, 'source': <ball_device.bd_balltruhe>, 'mechanical_eject': False, 'num_attempts': 1}
2025-05-15 20:43:12,207 : INFO : ball_device.bd_balltruhe : Wait for ball to leave device
2025-05-15 20:43:12,208 : INFO : coil.c_drain_eject : Pulsing Driver for 22ms (1.0 pulse_power)
2025-05-15 20:43:13,209 : INFO : EventManager : Event: ======'balldevice_bd_balltruhe_ball_eject_failed'====== Args={'target': <ball_device.bd_plunger>, 'balls': 1, 'retry': True, 'num_attempts': 2}
2025-05-15 20:43:13,210 : INFO : ball_device.bd_balltruhe : State: waiting_for_target_ready
2025-05-15 20:43:13,210 : INFO : EventManager : Event: ======'balldevice_bd_balltruhe_ball_eject_attempt'====== Args={'balls': 1, 'target': <ball_device.bd_plunger>, 'source': <ball_device.bd_balltruhe>, 'mechanical_eject': False, 'num_attempts': 2}
2025-05-15 20:43:13,212 : INFO : ball_device.bd_balltruhe : State: ejecting
2025-05-15 20:43:13,212 : INFO : ball_device.bd_balltruhe : Ejecting ball to <ball_device.bd_plunger>
2025-05-15 20:43:13,212 : INFO : EventManager : Event: ======'balldevice_bd_balltruhe_ejecting_ball'====== Args={'balls': 1, 'target': <ball_device.bd_plunger>, 'source': <ball_device.bd_balltruhe>, 'mechanical_eject': False, 'num_attempts': 2}
2025-05-15 20:43:13,213 : INFO : ball_device.bd_balltruhe : Wait for ball to leave device
2025-05-15 20:43:13,213 : INFO : coil.c_drain_eject : Pulsing Driver for 22ms (1.0 pulse_power)
2025-05-15 20:43:14,215 : INFO : EventManager : Event: ======'balldevice_bd_balltruhe_ball_eject_failed'====== Args={'target': <ball_device.bd_plunger>, 'balls': 1, 'retry': True, 'num_attempts': 3}
2025-05-15 20:43:14,218 : INFO : ball_device.bd_balltruhe : State: waiting_for_target_ready
2025-05-15 20:43:14,219 : INFO : EventManager : Event: ======'balldevice_bd_balltruhe_ball_eject_attempt'====== Args={'balls': 1, 'target': <ball_device.bd_plunger>, 'source': <ball_device.bd_balltruhe>, 'mechanical_eject': False, 'num_attempts': 3}
2025-05-15 20:43:14,221 : INFO : ball_device.bd_balltruhe : State: ejecting
2025-05-15 20:43:14,221 : INFO : ball_device.bd_balltruhe : Ejecting ball to <ball_device.bd_plunger>
2025-05-15 20:43:14,224 : INFO : EventManager : Event: ======'balldevice_bd_balltruhe_ejecting_ball'====== Args={'balls': 1, 'target': <ball_device.bd_plunger>, 'source': <ball_device.bd_balltruhe>, 'mechanical_eject': False, 'num_attempts': 3}
2025-05-15 20:43:14,225 : INFO : ball_device.bd_balltruhe : Wait for ball to leave device
2025-05-15 20:43:14,226 : INFO : coil.c_drain_eject : Pulsing Driver for 22ms (1.0 pulse_power)
2025-05-15 20:43:15,237 : INFO : EventManager : Event: ======'balldevice_bd_balltruhe_ball_eject_failed'====== Args={'target': <ball_device.bd_plunger>, 'balls': 1, 'retry': True, 'num_attempts': 4}
2025-05-15 20:43:15,241 : INFO : ball_device.bd_balltruhe : State: waiting_for_target_ready
2025-05-15 20:43:15,242 : INFO : EventManager : Event: ======'balldevice_bd_balltruhe_ball_eject_attempt'====== Args={'balls': 1, 'target': <ball_device.bd_plunger>, 'source': <ball_device.bd_balltruhe>, 'mechanical_eject': False, 'num_attempts': 4}
2025-05-15 20:43:15,243 : INFO : ball_device.bd_balltruhe : State: ejecting
2025-05-15 20:43:15,243 : INFO : ball_device.bd_balltruhe : Ejecting ball to <ball_device.bd_plunger>
2025-05-15 20:43:15,243 : INFO : EventManager : Event: ======'balldevice_bd_balltruhe_ejecting_ball'====== Args={'balls': 1, 'target': <ball_device.bd_plunger>, 'source': <ball_device.bd_balltruhe>, 'mechanical_eject': False, 'num_attempts': 4}
2025-05-15 20:43:15,245 : INFO : ball_device.bd_balltruhe : Wait for ball to leave device
2025-05-15 20:43:15,245 : INFO : coil.c_drain_eject : Pulsing Driver for 22ms (1.0 pulse_power)
2025-05-15 20:43:16,252 : INFO : EventManager : Event: ======'balldevice_bd_balltruhe_ball_eject_failed'====== Args={'target': <ball_device.bd_plunger>, 'balls': 1, 'retry': True, 'num_attempts': 5}
2025-05-15 20:43:16,255 : INFO : ball_device.bd_balltruhe : State: waiting_for_target_ready
2025-05-15 20:43:16,256 : INFO : EventManager : Event: ======'balldevice_bd_balltruhe_ball_eject_attempt'====== Args={'balls': 1, 'target': <ball_device.bd_plunger>, 'source': <ball_device.bd_balltruhe>, 'mechanical_eject': False, 'num_attempts': 5}
2025-05-15 20:43:16,257 : INFO : ball_device.bd_balltruhe : State: ejecting
2025-05-15 20:43:16,258 : INFO : ball_device.bd_balltruhe : Ejecting ball to <ball_device.bd_plunger>
2025-05-15 20:43:16,258 : INFO : EventManager : Event: ======'balldevice_bd_balltruhe_ejecting_ball'====== Args={'balls': 1, 'target': <ball_device.bd_plunger>, 'source': <ball_device.bd_balltruhe>, 'mechanical_eject': False, 'num_attempts': 5}
2025-05-15 20:43:16,260 : INFO : ball_device.bd_balltruhe : Wait for ball to leave device
2025-05-15 20:43:16,260 : INFO : coil.c_drain_eject : Pulsing Driver for 22ms (1.0 pulse_power)
2025-05-15 20:43:17,267 : INFO : EventManager : Event: ======'balldevice_bd_balltruhe_ball_eject_failed'====== Args={'target': <ball_device.bd_plunger>, 'balls': 1, 'retry': True, 'num_attempts': 6}
2025-05-15 20:43:17,270 : INFO : ball_device.bd_balltruhe : State: waiting_for_target_ready
2025-05-15 20:43:17,271 : INFO : EventManager : Event: ======'balldevice_bd_balltruhe_ball_eject_attempt'====== Args={'balls': 1, 'target': <ball_device.bd_plunger>, 'source': <ball_device.bd_balltruhe>, 'mechanical_eject': False, 'num_attempts': 6}
2025-05-15 20:43:17,271 : INFO : ball_device.bd_balltruhe : State: ejecting
2025-05-15 20:43:17,272 : INFO : ball_device.bd_balltruhe : Ejecting ball to <ball_device.bd_plunger>
2025-05-15 20:43:17,272 : INFO : EventManager : Event: ======'balldevice_bd_balltruhe_ejecting_ball'====== Args={'balls': 1, 'target': <ball_device.bd_plunger>, 'source': <ball_device.bd_balltruhe>, 'mechanical_eject': False, 'num_attempts': 6}
2025-05-15 20:43:17,273 : INFO : ball_device.bd_balltruhe : Wait for ball to leave device
2025-05-15 20:43:17,273 : INFO : coil.c_drain_eject : Pulsing Driver for 22ms (1.0 pulse_power)
2025-05-15 20:43:18,289 : INFO : EventManager : Event: ======'balldevice_bd_balltruhe_ball_eject_failed'====== Args={'target': <ball_device.bd_plunger>, 'balls': 1, 'retry': True, 'num_attempts': 7}
2025-05-15 20:43:18,293 : INFO : ball_device.bd_balltruhe : State: waiting_for_target_ready
2025-05-15 20:43:18,293 : INFO : EventManager : Event: ======'balldevice_bd_balltruhe_ball_eject_attempt'====== Args={'balls': 1, 'target': <ball_device.bd_plunger>, 'source': <ball_device.bd_balltruhe>, 'mechanical_eject': False, 'num_attempts': 7}
2025-05-15 20:43:18,294 : INFO : ball_device.bd_balltruhe : State: ejecting
2025-05-15 20:43:18,294 : INFO : ball_device.bd_balltruhe : Ejecting ball to <ball_device.bd_plunger>
2025-05-15 20:43:18,295 : INFO : EventManager : Event: ======'balldevice_bd_balltruhe_ejecting_ball'====== Args={'balls': 1, 'target': <ball_device.bd_plunger>, 'source': <ball_device.bd_balltruhe>, 'mechanical_eject': False, 'num_attempts': 7}
2025-05-15 20:43:18,296 : INFO : ball_device.bd_balltruhe : Wait for ball to leave device
2025-05-15 20:43:18,296 : INFO : coil.c_drain_eject : Pulsing Driver for 22ms (1.0 pulse_power)
2025-05-15 20:43:19,311 : INFO : EventManager : Event: ======'balldevice_bd_balltruhe_ball_eject_failed'====== Args={'target': <ball_device.bd_plunger>, 'balls': 1, 'retry': True, 'num_attempts': 8}
2025-05-15 20:43:19,313 : INFO : ball_device.bd_balltruhe : State: waiting_for_target_ready
2025-05-15 20:43:19,315 : INFO : EventManager : Event: ======'balldevice_bd_balltruhe_ball_eject_attempt'====== Args={'balls': 1, 'target': <ball_device.bd_plunger>, 'source': <ball_device.bd_balltruhe>, 'mechanical_eject': False, 'num_attempts': 8}
2025-05-15 20:43:19,315 : INFO : ball_device.bd_balltruhe : State: ejecting
2025-05-15 20:43:19,315 : INFO : ball_device.bd_balltruhe : Ejecting ball to <ball_device.bd_plunger>
2025-05-15 20:43:19,316 : INFO : EventManager : Event: ======'balldevice_bd_balltruhe_ejecting_ball'====== Args={'balls': 1, 'target': <ball_device.bd_plunger>, 'source': <ball_device.bd_balltruhe>, 'mechanical_eject': False, 'num_attempts': 8}
2025-05-15 20:43:19,316 : INFO : ball_device.bd_balltruhe : Wait for ball to leave device
2025-05-15 20:43:19,316 : INFO : coil.c_drain_eject : Pulsing Driver for 22ms (1.0 pulse_power)
2025-05-15 20:43:20,328 : INFO : EventManager : Event: ======'balldevice_bd_balltruhe_ball_eject_failed'====== Args={'target': <ball_device.bd_plunger>, 'balls': 1, 'retry': True, 'num_attempts': 9}
2025-05-15 20:43:20,330 : INFO : ball_device.bd_balltruhe : State: waiting_for_target_ready
2025-05-15 20:43:20,330 : INFO : EventManager : Event: ======'balldevice_bd_balltruhe_ball_eject_attempt'====== Args={'balls': 1, 'target': <ball_device.bd_plunger>, 'source': <ball_device.bd_balltruhe>, 'mechanical_eject': False, 'num_attempts': 9}
2025-05-15 20:43:20,331 : INFO : ball_device.bd_balltruhe : State: ejecting
2025-05-15 20:43:20,332 : INFO : ball_device.bd_balltruhe : Ejecting ball to <ball_device.bd_plunger>
2025-05-15 20:43:20,332 : INFO : EventManager : Event: ======'balldevice_bd_balltruhe_ejecting_ball'====== Args={'balls': 1, 'target': <ball_device.bd_plunger>, 'source': <ball_device.bd_balltruhe>, 'mechanical_eject': False, 'num_attempts': 9}
2025-05-15 20:43:20,332 : INFO : ball_device.bd_balltruhe : Wait for ball to leave device
2025-05-15 20:43:20,333 : INFO : coil.c_drain_eject : Pulsing Driver for 22ms (1.0 pulse_power)
2025-05-15 20:43:21,349 : INFO : EventManager : Event: ======'balldevice_bd_balltruhe_ball_eject_failed'====== Args={'target': <ball_device.bd_plunger>, 'balls': 1, 'retry': True, 'num_attempts': 10}
2025-05-15 20:43:21,351 : INFO : ball_device.bd_balltruhe : State: waiting_for_target_ready
2025-05-15 20:43:21,351 : INFO : EventManager : Event: ======'balldevice_bd_balltruhe_ball_eject_attempt'====== Args={'balls': 1, 'target': <ball_device.bd_plunger>, 'source': <ball_device.bd_balltruhe>, 'mechanical_eject': False, 'num_attempts': 10}
2025-05-15 20:43:21,352 : INFO : ball_device.bd_balltruhe : State: ejecting
2025-05-15 20:43:21,353 : INFO : ball_device.bd_balltruhe : Ejecting ball to <ball_device.bd_plunger>
2025-05-15 20:43:21,353 : INFO : EventManager : Event: ======'balldevice_bd_balltruhe_ejecting_ball'====== Args={'balls': 1, 'target': <ball_device.bd_plunger>, 'source': <ball_device.bd_balltruhe>, 'mechanical_eject': False, 'num_attempts': 10}
2025-05-15 20:43:21,353 : INFO : ball_device.bd_balltruhe : Wait for ball to leave device
2025-05-15 20:43:21,355 : INFO : coil.c_drain_eject : Pulsing Driver for 22ms (1.0 pulse_power)
2025-05-15 20:43:22,372 : INFO : EventManager : Event: ======'balldevice_bd_balltruhe_ball_eject_failed'====== Args={'target': <ball_device.bd_plunger>, 'balls': 1, 'retry': True, 'num_attempts': 11}
2025-05-15 20:43:22,373 : INFO : ball_device.bd_balltruhe : State: waiting_for_target_ready
2025-05-15 20:43:22,375 : INFO : EventManager : Event: ======'balldevice_bd_balltruhe_ball_eject_attempt'====== Args={'balls': 1, 'target': <ball_device.bd_plunger>, 'source': <ball_device.bd_balltruhe>, 'mechanical_eject': False, 'num_attempts': 11}
2025-05-15 20:43:22,375 : INFO : ball_device.bd_balltruhe : State: ejecting
2025-05-15 20:43:22,375 : INFO : ball_device.bd_balltruhe : Ejecting ball to <ball_device.bd_plunger>
2025-05-15 20:43:22,375 : INFO : EventManager : Event: ======'balldevice_bd_balltruhe_ejecting_ball'====== Args={'balls': 1, 'target': <ball_device.bd_plunger>, 'source': <ball_device.bd_balltruhe>, 'mechanical_eject': False, 'num_attempts': 11}
2025-05-15 20:43:22,376 : INFO : ball_device.bd_balltruhe : Wait for ball to leave device
2025-05-15 20:43:22,376 : INFO : coil.c_drain_eject : Pulsing Driver for 22ms (1.0 pulse_power)
2025-05-15 20:43:23,381 : INFO : EventManager : Event: ======'balldevice_bd_balltruhe_ball_eject_failed'====== Args={'target': <ball_device.bd_plunger>, 'balls': 1, 'retry': True, 'num_attempts': 12}
2025-05-15 20:43:23,381 : INFO : ball_device.bd_balltruhe : State: waiting_for_target_ready
2025-05-15 20:43:23,382 : INFO : EventManager : Event: ======'balldevice_bd_balltruhe_ball_eject_attempt'====== Args={'balls': 1, 'target': <ball_device.bd_plunger>, 'source': <ball_device.bd_balltruhe>, 'mechanical_eject': False, 'num_attempts': 12}
2025-05-15 20:43:23,382 : INFO : ball_device.bd_balltruhe : State: ejecting
2025-05-15 20:43:23,382 : INFO : ball_device.bd_balltruhe : Ejecting ball to <ball_device.bd_plunger>
2025-05-15 20:43:23,382 : INFO : EventManager : Event: ======'balldevice_bd_balltruhe_ejecting_ball'====== Args={'balls': 1, 'target': <ball_device.bd_plunger>, 'source': <ball_device.bd_balltruhe>, 'mechanical_eject': False, 'num_attempts': 12}
2025-05-15 20:43:23,382 : INFO : ball_device.bd_balltruhe : Wait for ball to leave device
2025-05-15 20:43:23,383 : INFO : coil.c_drain_eject : Pulsing Driver for 22ms (1.0 pulse_power)
2025-05-15 20:43:24,393 : INFO : EventManager : Event: ======'balldevice_bd_balltruhe_ball_eject_failed'====== Args={'target': <ball_device.bd_plunger>, 'balls': 1, 'retry': True, 'num_attempts': 13}
2025-05-15 20:43:24,394 : INFO : ball_device.bd_balltruhe : State: waiting_for_target_ready
2025-05-15 20:43:24,394 : INFO : EventManager : Event: ======'balldevice_bd_balltruhe_ball_eject_attempt'====== Args={'balls': 1, 'target': <ball_device.bd_plunger>, 'source': <ball_device.bd_balltruhe>, 'mechanical_eject': False, 'num_attempts': 13}
2025-05-15 20:43:24,394 : INFO : ball_device.bd_balltruhe : State: ejecting
2025-05-15 20:43:24,394 : INFO : ball_device.bd_balltruhe : Ejecting ball to <ball_device.bd_plunger>
2025-05-15 20:43:24,394 : INFO : EventManager : Event: ======'balldevice_bd_balltruhe_ejecting_ball'====== Args={'balls': 1, 'target': <ball_device.bd_plunger>, 'source': <ball_device.bd_balltruhe>, 'mechanical_eject': False, 'num_attempts': 13}
2025-05-15 20:43:24,395 : INFO : ball_device.bd_balltruhe : Wait for ball to leave device
2025-05-15 20:43:24,395 : INFO : coil.c_drain_eject : Pulsing Driver for 22ms (1.0 pulse_power)
2025-05-15 20:43:25,409 : INFO : EventManager : Event: ======'balldevice_bd_balltruhe_ball_eject_failed'====== Args={'target': <ball_device.bd_plunger>, 'balls': 1, 'retry': True, 'num_attempts': 14}
2025-05-15 20:43:25,410 : INFO : ball_device.bd_balltruhe : State: waiting_for_target_ready
2025-05-15 20:43:25,410 : INFO : EventManager : Event: ======'balldevice_bd_balltruhe_ball_eject_attempt'====== Args={'balls': 1, 'target': <ball_device.bd_plunger>, 'source': <ball_device.bd_balltruhe>, 'mechanical_eject': False, 'num_attempts': 14}
2025-05-15 20:43:25,410 : INFO : ball_device.bd_balltruhe : State: ejecting
2025-05-15 20:43:25,411 : INFO : ball_device.bd_balltruhe : Ejecting ball to <ball_device.bd_plunger>
2025-05-15 20:43:25,411 : INFO : EventManager : Event: ======'balldevice_bd_balltruhe_ejecting_ball'====== Args={'balls': 1, 'target': <ball_device.bd_plunger>, 'source': <ball_device.bd_balltruhe>, 'mechanical_eject': False, 'num_attempts': 14}
2025-05-15 20:43:25,413 : INFO : ball_device.bd_balltruhe : Wait for ball to leave device
2025-05-15 20:43:25,413 : INFO : coil.c_drain_eject : Pulsing Driver for 22ms (1.0 pulse_power)
2025-05-15 20:43:26,422 : INFO : EventManager : Event: ======'balldevice_bd_balltruhe_ball_eject_failed'====== Args={'target': <ball_device.bd_plunger>, 'balls': 1, 'retry': True, 'num_attempts': 15}
2025-05-15 20:43:26,424 : INFO : ball_device.bd_balltruhe : State: waiting_for_target_ready
2025-05-15 20:43:26,425 : INFO : EventManager : Event: ======'balldevice_bd_balltruhe_ball_eject_attempt'====== Args={'balls': 1, 'target': <ball_device.bd_plunger>, 'source': <ball_device.bd_balltruhe>, 'mechanical_eject': False, 'num_attempts': 15}
2025-05-15 20:43:26,425 : INFO : ball_device.bd_balltruhe : State: ejecting
2025-05-15 20:43:26,425 : INFO : ball_device.bd_balltruhe : Ejecting ball to <ball_device.bd_plunger>
2025-05-15 20:43:26,425 : INFO : EventManager : Event: ======'balldevice_bd_balltruhe_ejecting_ball'====== Args={'balls': 1, 'target': <ball_device.bd_plunger>, 'source': <ball_device.bd_balltruhe>, 'mechanical_eject': False, 'num_attempts': 15}
2025-05-15 20:43:26,426 : INFO : ball_device.bd_balltruhe : Wait for ball to leave device
2025-05-15 20:43:26,426 : INFO : coil.c_drain_eject : Pulsing Driver for 22ms (1.0 pulse_power)
2025-05-15 20:43:27,438 : INFO : EventManager : Event: ======'balldevice_bd_balltruhe_ball_eject_failed'====== Args={'target': <ball_device.bd_plunger>, 'balls': 1, 'retry': True, 'num_attempts': 16}
2025-05-15 20:43:27,445 : INFO : ball_device.bd_balltruhe : State: waiting_for_target_ready
2025-05-15 20:43:27,446 : INFO : EventManager : Event: ======'balldevice_bd_balltruhe_ball_eject_attempt'====== Args={'balls': 1, 'target': <ball_device.bd_plunger>, 'source': <ball_device.bd_balltruhe>, 'mechanical_eject': False, 'num_attempts': 16}
2025-05-15 20:43:27,447 : INFO : ball_device.bd_balltruhe : State: ejecting
2025-05-15 20:43:27,448 : INFO : ball_device.bd_balltruhe : Ejecting ball to <ball_device.bd_plunger>
2025-05-15 20:43:27,448 : INFO : EventManager : Event: ======'balldevice_bd_balltruhe_ejecting_ball'====== Args={'balls': 1, 'target': <ball_device.bd_plunger>, 'source': <ball_device.bd_balltruhe>, 'mechanical_eject': False, 'num_attempts': 16}
2025-05-15 20:43:27,449 : INFO : ball_device.bd_balltruhe : Wait for ball to leave device
2025-05-15 20:43:27,449 : INFO : coil.c_drain_eject : Pulsing Driver for 22ms (1.0 pulse_power)
2025-05-15 20:43:28,450 : INFO : EventManager : Event: ======'balldevice_bd_balltruhe_ball_eject_failed'====== Args={'target': <ball_device.bd_plunger>, 'balls': 1, 'retry': True, 'num_attempts': 17}
2025-05-15 20:43:28,454 : INFO : ball_device.bd_balltruhe : State: waiting_for_target_ready
2025-05-15 20:43:28,456 : INFO : EventManager : Event: ======'balldevice_bd_balltruhe_ball_eject_attempt'====== Args={'balls': 1, 'target': <ball_device.bd_plunger>, 'source': <ball_device.bd_balltruhe>, 'mechanical_eject': False, 'num_attempts': 17}
2025-05-15 20:43:28,456 : INFO : ball_device.bd_balltruhe : State: ejecting
2025-05-15 20:43:28,457 : INFO : ball_device.bd_balltruhe : Ejecting ball to <ball_device.bd_plunger>
2025-05-15 20:43:28,457 : INFO : EventManager : Event: ======'balldevice_bd_balltruhe_ejecting_ball'====== Args={'balls': 1, 'target': <ball_device.bd_plunger>, 'source': <ball_device.bd_balltruhe>, 'mechanical_eject': False, 'num_attempts': 17}
2025-05-15 20:43:28,458 : INFO : ball_device.bd_balltruhe : Wait for ball to leave device
2025-05-15 20:43:28,458 : INFO : coil.c_drain_eject : Pulsing Driver for 22ms (1.0 pulse_power)
2025-05-15 20:43:29,432 : INFO : Machine : Shutting down...
2025-05-15 20:43:29,433 : INFO : EventManager : Event: ======'shutdown'====== Args={}
2025-05-15 20:43:29,437 : INFO : EventManager : Event: ======'mode_game_will_stop'====== Args={}
2025-05-15 20:43:29,438 : INFO : EventManager : Event: ======'mode_game_stopping'====== Args={}
2025-05-15 20:43:29,439 : INFO : EventManager : Event: ======'balldevice_bd_balltruhe_ball_eject_failed'====== Args={'target': <ball_device.bd_plunger>, 'balls': 1, 'retry': True, 'num_attempts': 18}
2025-05-15 20:43:29,442 : INFO : EventManager : Event: ======'mode_base_will_stop'====== Args={}
2025-05-15 20:43:29,442 : INFO : EventManager : Event: ======'mode_base_stopping'====== Args={}
2025-05-15 20:43:29,443 : INFO : EventManager : Event: ======'mode_jets_will_stop'====== Args={}
2025-05-15 20:43:29,443 : INFO : EventManager : Event: ======'mode_jets_stopping'====== Args={}
2025-05-15 20:43:29,443 : INFO : EventManager : Event: ======'stop_mode_jets'====== Args={'priority': 0}
2025-05-15 20:43:29,443 : INFO : Mode.jets : Stopped.
2025-05-15 20:43:29,445 : INFO : EventManager : Event: ======'modes_active_modes_changed'====== Args={}
2025-05-15 20:43:29,445 : INFO : EventManager : Event: ======'mode_jets_stopped'====== Args={}
2025-05-15 20:43:29,445 : INFO : EventManager : Event: ======'clear'====== Args={'key': 'jets'}
2025-05-15 20:43:29,446 : INFO : Mode.base : Stopped.
2025-05-15 20:43:29,447 : INFO : EventManager : Event: ======'modes_active_modes_changed'====== Args={}
2025-05-15 20:43:29,447 : INFO : EventManager : Event: ======'mode_base_stopped'====== Args={}
2025-05-15 20:43:29,447 : INFO : EventManager : Event: ======'clear'====== Args={'key': 'base'}
2025-05-15 20:43:29,448 : INFO : Mode.game : Stopped.
2025-05-15 20:43:29,448 : INFO : EventManager : Event: ======'modes_active_modes_changed'====== Args={}
2025-05-15 20:43:29,448 : INFO : EventManager : Event: ======'mode_game_stopped'====== Args={}
2025-05-15 20:43:29,448 : INFO : EventManager : Event: ======'clear'====== Args={'key': 'game'}
2025-05-15 20:43:29,454 : INFO : root : MPF run loop ended.
