2025-05-15 11:35:29,730 : INFO : root : Loading config.
2025-05-15 11:35:29,738 : INFO : YamlMultifileConfigLoader : Machine config file #1: config.yaml
2025-05-15 11:35:29,740 : INFO : ConfigProcessor : Loading config from cache: C:\Users\Majo\AppData\Local\Temp\49e243cdd9f1e1d25f58c376a5b1bcea.mpf_cache
2025-05-15 11:35:29,923 : WARNING : ConfigProcessor : Config file in cache changed: C:\supermariopinball\modes\attract\config\attract.yaml
2025-05-15 11:35:29,923 : INFO : ConfigProcessor : Loading config from file C:\Users\Majo\AppData\Local\Programs\Python\Python312\Lib\site-packages\mpf\modes\attract\config\attract.yaml.
2025-05-15 11:35:29,928 : INFO : ConfigProcessor : Loading config: C:\Users\Majo\AppData\Local\Programs\Python\Python312\Lib\site-packages\mpf\modes\attract\config\attract.yaml
2025-05-15 11:35:29,928 : INFO : ConfigProcessor : Loading config from file C:\supermariopinball\modes\attract\config\attract.yaml.
2025-05-15 11:35:29,935 : INFO : ConfigProcessor : Loading config: C:\supermariopinball\modes\attract\config\attract.yaml
2025-05-15 11:35:29,937 : INFO : ConfigProcessor : Config file cache created: C:\Users\Majo\AppData\Local\Temp\d702bac24e056f3176be89df8780b321.mpf_cache
2025-05-15 11:35:29,939 : INFO : ConfigProcessor : Loading config from cache: C:\Users\Majo\AppData\Local\Temp\73f6dfef7f206545518fd71aa2c5591c.mpf_cache
2025-05-15 11:35:29,942 : INFO : ConfigProcessor : Loading config from cache: C:\Users\Majo\AppData\Local\Temp\d702bac24e056f3176be89df8780b321.mpf_cache
2025-05-15 11:35:29,944 : INFO : ConfigProcessor : Loading config from cache: C:\Users\Majo\AppData\Local\Temp\8a05a22d50c9fd6520be5872b6dcd994.mpf_cache
2025-05-15 11:35:29,945 : INFO : Machine : Mission Pinball Framework Core Engine v0.80.0.dev7
2025-05-15 11:35:29,945 : INFO : Machine : Command line arguments: {'no_load_cache': False, 'create_config_cache': True, 'bcp': True, 'configfile': ['config.yaml'], 'force_assets_load': False, 'platform_integration_test': False, 'jsonlogging': False, 'logfile': 'logs\\2025-05-15-11-35-29-mpf-LX15.log', 'pause': False, 'production': False, 'text_ui': False, 'loglevel': 15, 'consoleloglevel': 20, 'force_platform': 'virtual', 'syslog_address': None, 'full_logfile_path': 'C:\\supermariopinball\\logs\\2025-05-15-11-35-29-mpf-LX15.log'}
2025-05-15 11:35:29,946 : INFO : Machine : MPF path: C:\Users\Majo\AppData\Local\Programs\Python\Python312\Lib\site-packages\mpf
2025-05-15 11:35:29,946 : INFO : Machine : Machine path: C:\supermariopinball
2025-05-15 11:35:29,946 : INFO : Machine : Platform: win32
2025-05-15 11:35:29,946 : INFO : Machine : Python executable location: C:\Users\Majo\AppData\Local\Programs\Python\Python312\python.exe
2025-05-15 11:35:29,946 : INFO : Machine : Python version: 3.12.7 (64-bit)
2025-05-15 11:35:29,953 : INFO : Machine : Initializing MPF...
2025-05-15 11:35:30,114 : INFO : EventManager : Event: ======'machine_var_credits_string'====== Args={'value': 'FREE PLAY', 'prev_value': None, 'change': True}
2025-05-15 11:35:30,173 : INFO : EventManager : Event: ======'machine_var_master_volume'====== Args={'value': 0.5, 'prev_value': None, 'change': True}
2025-05-15 11:35:30,175 : INFO : EventManager : Event: ======'machine_var_mpf_version'====== Args={'value': 'Mission Pinball Framework v0.80.0.dev7', 'prev_value': None, 'change': True}
2025-05-15 11:35:30,175 : INFO : EventManager : Event: ======'machine_var_mpf_extended_version'====== Args={'value': 'Mission Pinball Framework v0.80.0.dev7, Config version:6, Show version: 6, BCP version:1.1', 'prev_value': None, 'change': True}
2025-05-15 11:35:30,176 : INFO : EventManager : Event: ======'machine_var_python_version'====== Args={'value': '3.12.7', 'prev_value': None, 'change': True}
2025-05-15 11:35:30,626 : INFO : EventManager : Event: ======'machine_var_platform'====== Args={'value': 'Windows-11-10.0.26100-SP0', 'prev_value': None, 'change': True}
2025-05-15 11:35:30,626 : INFO : EventManager : Event: ======'machine_var_platform_system'====== Args={'value': 'Windows', 'prev_value': None, 'change': True}
2025-05-15 11:35:30,626 : INFO : EventManager : Event: ======'machine_var_platform_release'====== Args={'value': '11', 'prev_value': None, 'change': True}
2025-05-15 11:35:30,626 : INFO : EventManager : Event: ======'machine_var_platform_version'====== Args={'value': '10.0.26100', 'prev_value': None, 'change': True}
2025-05-15 11:35:30,626 : INFO : EventManager : Event: ======'machine_var_platform_machine'====== Args={'value': 'AMD64', 'prev_value': None, 'change': True}
2025-05-15 11:35:30,626 : INFO : EventManager : Event: ======'machine_var_log_file_path'====== Args={'value': 'C:\\supermariopinball\\logs\\2025-05-15-11-35-29-mpf-LX15.log', 'prev_value': None, 'change': True}
2025-05-15 11:35:30,626 : INFO : EventManager : Event: ======'init_phase_1'====== Args={}
2025-05-15 11:35:30,665 : INFO : EventManager : Event: ======'init_phase_2'====== Args={}
2025-05-15 11:35:30,667 : INFO : EventManager : Event: ======'bcp_connection_attempt'====== Args={'name': 'local_display', 'host': 'localhost', 'port': 5050}
2025-05-15 11:35:30,670 : INFO : BCPClientSocket : Connecting BCP to 'local_display' at localhost:5050...
2025-05-15 11:35:30,694 : INFO : BCPClientSocket : Connected BCP to 'local_display' localhost:5050
2025-05-15 11:35:30,695 : INFO : EventManager : Event: ======'bcp_clients_connected'====== Args={}
2025-05-15 11:35:30,696 : INFO : ball_device.bd_balltruhe : BCH: Initial count: 0
2025-05-15 11:35:30,696 : INFO : ball_device.bd_balltruhe : State: idle
2025-05-15 11:35:30,697 : INFO : ball_device.bd_plunger : BCH: Initial count: 0
2025-05-15 11:35:30,698 : INFO : ball_device.bd_plunger : State: idle
2025-05-15 11:35:30,715 : INFO : EventManager : Event: ======'init_phase_3'====== Args={}
2025-05-15 11:35:30,720 : INFO : EventManager : Event: ======'init_phase_4'====== Args={}
2025-05-15 11:35:30,720 : INFO : BallController : Initial balls found: 0
2025-05-15 11:35:30,722 : INFO : EventManager : Event: ======'machine_var_audits_switches_s_balltruhe_6'====== Args={'value': 0, 'prev_value': None, 'change': True}
2025-05-15 11:35:30,722 : INFO : EventManager : Event: ======'machine_var_audits_switches_s_balltruhe_3'====== Args={'value': 0, 'prev_value': None, 'change': True}
2025-05-15 11:35:30,723 : INFO : EventManager : Event: ======'machine_var_audits_switches_s_balltruhe_1'====== Args={'value': 0, 'prev_value': None, 'change': True}
2025-05-15 11:35:30,723 : INFO : EventManager : Event: ======'machine_var_audits_switches_s_upper_flipper'====== Args={'value': 0, 'prev_value': None, 'change': True}
2025-05-15 11:35:30,723 : INFO : EventManager : Event: ======'machine_var_audits_switches_s_balltruhe_jam'====== Args={'value': 0, 'prev_value': None, 'change': True}
2025-05-15 11:35:30,723 : INFO : EventManager : Event: ======'machine_var_audits_switches_s_flipper_right'====== Args={'value': 0, 'prev_value': None, 'change': True}
2025-05-15 11:35:30,723 : INFO : EventManager : Event: ======'machine_var_audits_switches_s_balltruhe_4'====== Args={'value': 0, 'prev_value': None, 'change': True}
2025-05-15 11:35:30,723 : INFO : EventManager : Event: ======'machine_var_audits_switches_s_balltruhe_5'====== Args={'value': 0, 'prev_value': None, 'change': True}
2025-05-15 11:35:30,723 : INFO : EventManager : Event: ======'machine_var_audits_switches_s_plunger_lane'====== Args={'value': 0, 'prev_value': None, 'change': True}
2025-05-15 11:35:30,723 : INFO : EventManager : Event: ======'machine_var_audits_switches_s_balltruhe_2'====== Args={'value': 0, 'prev_value': None, 'change': True}
2025-05-15 11:35:30,724 : INFO : EventManager : Event: ======'machine_var_audits_switches_s_flipper_left'====== Args={'value': 0, 'prev_value': None, 'change': True}
2025-05-15 11:35:30,724 : INFO : EventManager : Event: ======'machine_var_audits_events_game_started'====== Args={'value': 0, 'prev_value': None, 'change': True}
2025-05-15 11:35:30,724 : INFO : EventManager : Event: ======'machine_var_audits_events_game_ended'====== Args={'value': 0, 'prev_value': None, 'change': True}
2025-05-15 11:35:30,724 : INFO : EventManager : Event: ======'machine_var_audits_player_score'====== Args={'value': {'top': [], 'average': 0, 'total': 0}, 'prev_value': None, 'change': True}
2025-05-15 11:35:30,725 : INFO : EventManager : Event: ======'init_phase_5'====== Args={}
2025-05-15 11:35:30,725 : INFO : EventManager : Event: ======'init_done'====== Args={}
2025-05-15 11:35:30,725 : INFO : EventManager : Event: ======'machine_reset_phase_1'====== Args={}
2025-05-15 11:35:30,737 : INFO : EventManager : Event: ======'machine_reset_phase_2'====== Args={}
2025-05-15 11:35:30,738 : INFO : EventManager : Event: ======'machine_reset_phase_3'====== Args={}
2025-05-15 11:35:30,738 : INFO : EventManager : Event: ======'reset_complete'====== Args={}
2025-05-15 11:35:30,738 : INFO : EventManager : Event: ======'mode_attract_will_start'====== Args={}
2025-05-15 11:35:30,739 : INFO : Timer.attract_carousel_timer : Starting Timer.
2025-05-15 11:35:30,739 : INFO : EventManager : Event: ======'timer_attract_carousel_timer_started'====== Args={'ticks': 0, 'ticks_remaining': 1}
2025-05-15 11:35:30,739 : INFO : EventManager : Event: ======'timer_attract_carousel_timer_tick'====== Args={'ticks': 0, 'ticks_remaining': 1}
2025-05-15 11:35:30,741 : INFO : EventManager : Event: ======'mode_attract_starting'====== Args={}
2025-05-15 11:35:30,741 : INFO : Mode.attract : Started. Priority: 10
2025-05-15 11:35:30,742 : INFO : EventManager : Event: ======'modes_active_modes_changed'====== Args={}
2025-05-15 11:35:30,742 : INFO : EventManager : Event: ======'mode_attract_started'====== Args={}
2025-05-15 11:35:30,742 : INFO : EventManager : Event: ======'collecting_balls_complete'====== Args={}
2025-05-15 11:35:30,743 : INFO : EventManager : Event: ======'item_highlighted'====== Args={'carousel': 'attract', 'direction': None, 'item': 'title'}
2025-05-15 11:35:30,743 : INFO : EventManager : Event: ======'timer_attract_carousel_timer_tick'====== Args={'ticks': 0, 'ticks_remaining': 1}
2025-05-15 11:35:30,745 : INFO : Machine : Starting the main run loop with active modes: [<Mode.attract>]
2025-05-15 11:35:30,822 : INFO : EventManager : Event: ======'slide_attract_created'====== Args={'_from_bcp': True}
2025-05-15 11:35:30,822 : INFO : EventManager : Event: ======'slide__removed'====== Args={'_from_bcp': True}
2025-05-15 11:35:30,822 : INFO : EventManager : Event: ======'slide_attract_active'====== Args={'original_context': 'attract', 'original_calling_context': 'mode_attract_started', 'priority': 10.0, 'cmd': 'slides_play', '_from_bcp': True}
2025-05-15 11:35:35,760 : INFO : Timer.attract_carousel_timer : Timer Complete
2025-05-15 11:35:35,760 : INFO : Timer.attract_carousel_timer : Stopping Timer
2025-05-15 11:35:35,760 : INFO : EventManager : Event: ======'timer_attract_carousel_timer_stopped'====== Args={'ticks': 1, 'ticks_remaining': 1}
2025-05-15 11:35:35,761 : INFO : EventManager : Event: ======'timer_attract_carousel_timer_complete'====== Args={'ticks': 1, 'ticks_remaining': 1}
2025-05-15 11:35:35,761 : INFO : EventManager : Event: ======'item_highlighted'====== Args={'carousel': 'attract', 'direction': 'forwards', 'item': 'credits'}
2025-05-15 11:35:35,762 : INFO : Timer.attract_carousel_timer : Starting Timer.
2025-05-15 11:35:35,762 : INFO : EventManager : Event: ======'timer_attract_carousel_timer_started'====== Args={'ticks': 0, 'ticks_remaining': 1}
2025-05-15 11:35:35,763 : INFO : EventManager : Event: ======'timer_attract_carousel_timer_tick'====== Args={'ticks': 0, 'ticks_remaining': 1}
2025-05-15 11:35:40,763 : INFO : Timer.attract_carousel_timer : Timer Complete
2025-05-15 11:35:40,763 : INFO : Timer.attract_carousel_timer : Stopping Timer
2025-05-15 11:35:40,763 : INFO : EventManager : Event: ======'timer_attract_carousel_timer_stopped'====== Args={'ticks': 1, 'ticks_remaining': 1}
2025-05-15 11:35:40,764 : INFO : EventManager : Event: ======'timer_attract_carousel_timer_complete'====== Args={'ticks': 1, 'ticks_remaining': 1}
2025-05-15 11:35:40,764 : INFO : EventManager : Event: ======'item_highlighted'====== Args={'carousel': 'attract', 'direction': 'forwards', 'item': 'mpf_logo'}
2025-05-15 11:35:40,767 : INFO : Timer.attract_carousel_timer : Starting Timer.
2025-05-15 11:35:40,767 : INFO : EventManager : Event: ======'timer_attract_carousel_timer_started'====== Args={'ticks': 0, 'ticks_remaining': 1}
2025-05-15 11:35:40,768 : INFO : EventManager : Event: ======'timer_attract_carousel_timer_tick'====== Args={'ticks': 0, 'ticks_remaining': 1}
2025-05-15 11:35:45,785 : INFO : Timer.attract_carousel_timer : Timer Complete
2025-05-15 11:35:45,786 : INFO : Timer.attract_carousel_timer : Stopping Timer
2025-05-15 11:35:45,787 : INFO : EventManager : Event: ======'timer_attract_carousel_timer_stopped'====== Args={'ticks': 1, 'ticks_remaining': 1}
2025-05-15 11:35:45,787 : INFO : EventManager : Event: ======'timer_attract_carousel_timer_complete'====== Args={'ticks': 1, 'ticks_remaining': 1}
2025-05-15 11:35:45,788 : INFO : EventManager : Event: ======'item_highlighted'====== Args={'carousel': 'attract', 'direction': 'forwards', 'item': 'title'}
2025-05-15 11:35:45,790 : INFO : Timer.attract_carousel_timer : Starting Timer.
2025-05-15 11:35:45,791 : INFO : EventManager : Event: ======'timer_attract_carousel_timer_started'====== Args={'ticks': 0, 'ticks_remaining': 1}
2025-05-15 11:35:45,791 : INFO : EventManager : Event: ======'timer_attract_carousel_timer_tick'====== Args={'ticks': 0, 'ticks_remaining': 1}
2025-05-15 11:35:46,807 : INFO : SwitchController : <<<<<<< 's_flipper_right' active >>>>>>>
2025-05-15 11:35:46,808 : INFO : EventManager : Event: ======'s_flipper_right_active'====== Args={}
2025-05-15 11:35:46,808 : INFO : EventManager : Event: ======'item_highlighted'====== Args={'carousel': 'attract', 'direction': 'forwards', 'item': 'credits'}
2025-05-15 11:35:46,810 : INFO : EventManager : Event: ======'timer_attract_carousel_timer_tick'====== Args={'ticks': 0, 'ticks_remaining': 1}
2025-05-15 11:35:46,888 : INFO : SwitchController : <<<<<<< 's_flipper_right' inactive >>>>>>>
2025-05-15 11:35:47,287 : INFO : SwitchController : <<<<<<< 's_flipper_right' active >>>>>>>
2025-05-15 11:35:47,288 : INFO : EventManager : Event: ======'s_flipper_right_active'====== Args={}
2025-05-15 11:35:47,288 : INFO : EventManager : Event: ======'item_highlighted'====== Args={'carousel': 'attract', 'direction': 'forwards', 'item': 'mpf_logo'}
2025-05-15 11:35:47,289 : INFO : EventManager : Event: ======'timer_attract_carousel_timer_tick'====== Args={'ticks': 0, 'ticks_remaining': 1}
2025-05-15 11:35:47,438 : INFO : SwitchController : <<<<<<< 's_flipper_right' inactive >>>>>>>
2025-05-15 11:35:47,704 : INFO : SwitchController : <<<<<<< 's_flipper_right' active >>>>>>>
2025-05-15 11:35:47,704 : INFO : EventManager : Event: ======'s_flipper_right_active'====== Args={}
2025-05-15 11:35:47,706 : INFO : EventManager : Event: ======'item_highlighted'====== Args={'carousel': 'attract', 'direction': 'forwards', 'item': 'title'}
2025-05-15 11:35:47,707 : INFO : EventManager : Event: ======'timer_attract_carousel_timer_tick'====== Args={'ticks': 0, 'ticks_remaining': 1}
2025-05-15 11:35:47,808 : INFO : SwitchController : <<<<<<< 's_flipper_right' inactive >>>>>>>
2025-05-15 11:35:48,371 : INFO : SwitchController : <<<<<<< 's_flipper_left' active >>>>>>>
2025-05-15 11:35:48,372 : INFO : EventManager : Event: ======'s_flipper_left_active'====== Args={}
2025-05-15 11:35:48,372 : INFO : EventManager : Event: ======'item_highlighted'====== Args={'carousel': 'attract', 'direction': 'backwards', 'item': 'mpf_logo'}
2025-05-15 11:35:48,373 : INFO : EventManager : Event: ======'timer_attract_carousel_timer_tick'====== Args={'ticks': 0, 'ticks_remaining': 1}
2025-05-15 11:35:48,521 : INFO : SwitchController : <<<<<<< 's_flipper_left' inactive >>>>>>>
2025-05-15 11:35:49,437 : INFO : SwitchController : <<<<<<< 's_flipper_right' active >>>>>>>
2025-05-15 11:35:49,439 : INFO : EventManager : Event: ======'s_flipper_right_active'====== Args={}
2025-05-15 11:35:49,439 : INFO : EventManager : Event: ======'item_highlighted'====== Args={'carousel': 'attract', 'direction': 'forwards', 'item': 'title'}
2025-05-15 11:35:49,440 : INFO : EventManager : Event: ======'timer_attract_carousel_timer_tick'====== Args={'ticks': 0, 'ticks_remaining': 1}
2025-05-15 11:35:49,538 : INFO : SwitchController : <<<<<<< 's_flipper_right' inactive >>>>>>>
2025-05-15 11:35:49,955 : INFO : SwitchController : <<<<<<< 's_flipper_left' active >>>>>>>
2025-05-15 11:35:49,955 : INFO : EventManager : Event: ======'s_flipper_left_active'====== Args={}
2025-05-15 11:35:49,957 : INFO : EventManager : Event: ======'item_highlighted'====== Args={'carousel': 'attract', 'direction': 'backwards', 'item': 'mpf_logo'}
2025-05-15 11:35:49,958 : INFO : EventManager : Event: ======'timer_attract_carousel_timer_tick'====== Args={'ticks': 0, 'ticks_remaining': 1}
2025-05-15 11:35:52,971 : INFO : EventManager : Event: ======'flipper_cradle'====== Args={}
2025-05-15 11:35:52,972 : INFO : Timer.attract_carousel_timer : Stopping Timer
2025-05-15 11:35:52,972 : INFO : EventManager : Event: ======'timer_attract_carousel_timer_stopped'====== Args={'ticks': 0, 'ticks_remaining': 1}
2025-05-15 11:35:56,556 : INFO : SwitchController : <<<<<<< 's_flipper_left' inactive >>>>>>>
2025-05-15 11:35:56,556 : INFO : EventManager : Event: ======'flipper_cradle_release'====== Args={}
2025-05-15 11:35:56,556 : INFO : Timer.attract_carousel_timer : Starting Timer.
2025-05-15 11:35:56,557 : INFO : EventManager : Event: ======'timer_attract_carousel_timer_started'====== Args={'ticks': 0, 'ticks_remaining': 1}
2025-05-15 11:35:56,557 : INFO : EventManager : Event: ======'timer_attract_carousel_timer_tick'====== Args={'ticks': 0, 'ticks_remaining': 1}
2025-05-15 11:36:01,573 : INFO : Timer.attract_carousel_timer : Timer Complete
2025-05-15 11:36:01,573 : INFO : Timer.attract_carousel_timer : Stopping Timer
2025-05-15 11:36:01,573 : INFO : EventManager : Event: ======'timer_attract_carousel_timer_stopped'====== Args={'ticks': 1, 'ticks_remaining': 1}
2025-05-15 11:36:01,574 : INFO : EventManager : Event: ======'timer_attract_carousel_timer_complete'====== Args={'ticks': 1, 'ticks_remaining': 1}
2025-05-15 11:36:01,574 : INFO : EventManager : Event: ======'item_highlighted'====== Args={'carousel': 'attract', 'direction': 'forwards', 'item': 'title'}
2025-05-15 11:36:01,575 : INFO : Timer.attract_carousel_timer : Starting Timer.
2025-05-15 11:36:01,575 : INFO : EventManager : Event: ======'timer_attract_carousel_timer_started'====== Args={'ticks': 0, 'ticks_remaining': 1}
2025-05-15 11:36:01,577 : INFO : EventManager : Event: ======'timer_attract_carousel_timer_tick'====== Args={'ticks': 0, 'ticks_remaining': 1}
2025-05-15 11:36:03,090 : INFO : Machine : Shutting down...
2025-05-15 11:36:03,091 : INFO : EventManager : Event: ======'shutdown'====== Args={}
2025-05-15 11:36:03,094 : INFO : root : MPF run loop ended.
