2025-05-14 22:05:05,670 : INFO : root : Loading config.
2025-05-14 22:05:05,677 : INFO : YamlMultifileConfigLoader : Machine config file #1: config.yaml
2025-05-14 22:05:05,677 : INFO : ConfigProcessor : Loading config from cache: C:\Users\Majo\AppData\Local\Temp\49e243cdd9f1e1d25f58c376a5b1bcea.mpf_cache
2025-05-14 22:05:05,842 : WARNING : ConfigProcessor : Config file in cache changed: C:\supermariopinball\modes\attract\config\attract.yaml
2025-05-14 22:05:05,843 : INFO : ConfigProcessor : Loading config from file C:\Users\Majo\AppData\Local\Programs\Python\Python312\Lib\site-packages\mpf\modes\attract\config\attract.yaml.
2025-05-14 22:05:05,848 : INFO : ConfigProcessor : Loading config: C:\Users\Majo\AppData\Local\Programs\Python\Python312\Lib\site-packages\mpf\modes\attract\config\attract.yaml
2025-05-14 22:05:05,848 : INFO : ConfigProcessor : Loading config from file C:\supermariopinball\modes\attract\config\attract.yaml.
2025-05-14 22:05:05,850 : INFO : ConfigProcessor : Loading config: C:\supermariopinball\modes\attract\config\attract.yaml
2025-05-14 22:05:05,851 : INFO : ConfigProcessor : Config file cache created: C:\Users\Majo\AppData\Local\Temp\d702bac24e056f3176be89df8780b321.mpf_cache
2025-05-14 22:05:05,853 : INFO : ConfigProcessor : Loading config from cache: C:\Users\Majo\AppData\Local\Temp\73f6dfef7f206545518fd71aa2c5591c.mpf_cache
2025-05-14 22:05:05,854 : INFO : ConfigProcessor : Loading config from cache: C:\Users\Majo\AppData\Local\Temp\d702bac24e056f3176be89df8780b321.mpf_cache
2025-05-14 22:05:05,856 : INFO : ConfigProcessor : Loading config from cache: C:\Users\Majo\AppData\Local\Temp\8a05a22d50c9fd6520be5872b6dcd994.mpf_cache
2025-05-14 22:05:05,859 : INFO : Machine : Mission Pinball Framework Core Engine v0.80.0.dev7
2025-05-14 22:05:05,859 : INFO : Machine : Command line arguments: {'no_load_cache': False, 'create_config_cache': True, 'bcp': True, 'configfile': ['config.yaml'], 'force_assets_load': False, 'platform_integration_test': False, 'jsonlogging': False, 'logfile': 'logs\\2025-05-14-22-05-05-mpf-LX15.log', 'pause': False, 'production': False, 'text_ui': False, 'loglevel': 15, 'consoleloglevel': 20, 'force_platform': 'virtual', 'syslog_address': None, 'full_logfile_path': 'C:\\supermariopinball\\logs\\2025-05-14-22-05-05-mpf-LX15.log'}
2025-05-14 22:05:05,859 : INFO : Machine : MPF path: C:\Users\Majo\AppData\Local\Programs\Python\Python312\Lib\site-packages\mpf
2025-05-14 22:05:05,859 : INFO : Machine : Machine path: C:\supermariopinball
2025-05-14 22:05:05,860 : INFO : Machine : Platform: win32
2025-05-14 22:05:05,860 : INFO : Machine : Python executable location: C:\Users\Majo\AppData\Local\Programs\Python\Python312\python.exe
2025-05-14 22:05:05,860 : INFO : Machine : Python version: 3.12.7 (64-bit)
2025-05-14 22:05:05,866 : INFO : Machine : Initializing MPF...
2025-05-14 22:05:06,047 : INFO : EventManager : Event: ======'machine_var_credits_string'====== Args={'value': 'FREE PLAY', 'prev_value': None, 'change': True}
2025-05-14 22:05:06,089 : INFO : EventManager : Event: ======'machine_var_master_volume'====== Args={'value': 0.5, 'prev_value': None, 'change': True}
2025-05-14 22:05:06,089 : INFO : EventManager : Event: ======'machine_var_mpf_version'====== Args={'value': 'Mission Pinball Framework v0.80.0.dev7', 'prev_value': None, 'change': True}
2025-05-14 22:05:06,090 : INFO : EventManager : Event: ======'machine_var_mpf_extended_version'====== Args={'value': 'Mission Pinball Framework v0.80.0.dev7, Config version:6, Show version: 6, BCP version:1.1', 'prev_value': None, 'change': True}
2025-05-14 22:05:06,090 : INFO : EventManager : Event: ======'machine_var_python_version'====== Args={'value': '3.12.7', 'prev_value': None, 'change': True}
2025-05-14 22:05:06,454 : INFO : EventManager : Event: ======'machine_var_platform'====== Args={'value': 'Windows-11-10.0.26100-SP0', 'prev_value': None, 'change': True}
2025-05-14 22:05:06,454 : INFO : EventManager : Event: ======'machine_var_platform_system'====== Args={'value': 'Windows', 'prev_value': None, 'change': True}
2025-05-14 22:05:06,454 : INFO : EventManager : Event: ======'machine_var_platform_release'====== Args={'value': '11', 'prev_value': None, 'change': True}
2025-05-14 22:05:06,454 : INFO : EventManager : Event: ======'machine_var_platform_version'====== Args={'value': '10.0.26100', 'prev_value': None, 'change': True}
2025-05-14 22:05:06,454 : INFO : EventManager : Event: ======'machine_var_platform_machine'====== Args={'value': 'AMD64', 'prev_value': None, 'change': True}
2025-05-14 22:05:06,454 : INFO : EventManager : Event: ======'machine_var_log_file_path'====== Args={'value': 'C:\\supermariopinball\\logs\\2025-05-14-22-05-05-mpf-LX15.log', 'prev_value': None, 'change': True}
2025-05-14 22:05:06,455 : INFO : EventManager : Event: ======'init_phase_1'====== Args={}
2025-05-14 22:05:06,481 : INFO : EventManager : Event: ======'init_phase_2'====== Args={}
2025-05-14 22:05:06,482 : INFO : EventManager : Event: ======'bcp_connection_attempt'====== Args={'name': 'local_display', 'host': 'localhost', 'port': 5050}
2025-05-14 22:05:06,494 : INFO : BCPClientSocket : Connecting BCP to 'local_display' at localhost:5050...
2025-05-14 22:05:06,543 : INFO : BCPClientSocket : Connected BCP to 'local_display' localhost:5050
2025-05-14 22:05:06,544 : INFO : EventManager : Event: ======'bcp_clients_connected'====== Args={}
2025-05-14 22:05:06,565 : INFO : EventManager : Event: ======'init_phase_3'====== Args={}
2025-05-14 22:05:06,569 : INFO : EventManager : Event: ======'init_phase_4'====== Args={}
2025-05-14 22:05:06,570 : INFO : EventManager : Event: ======'machine_var_audits_events_game_started'====== Args={'value': 0, 'prev_value': None, 'change': True}
2025-05-14 22:05:06,570 : INFO : EventManager : Event: ======'machine_var_audits_events_game_ended'====== Args={'value': 0, 'prev_value': None, 'change': True}
2025-05-14 22:05:06,571 : INFO : EventManager : Event: ======'machine_var_audits_player_score'====== Args={'value': {'top': [], 'average': 0, 'total': 0}, 'prev_value': None, 'change': True}
2025-05-14 22:05:06,571 : INFO : EventManager : Event: ======'init_phase_5'====== Args={}
2025-05-14 22:05:06,572 : INFO : EventManager : Event: ======'init_done'====== Args={}
2025-05-14 22:05:06,573 : INFO : EventManager : Event: ======'machine_reset_phase_1'====== Args={}
2025-05-14 22:05:06,582 : INFO : EventManager : Event: ======'machine_reset_phase_2'====== Args={}
2025-05-14 22:05:06,584 : INFO : EventManager : Event: ======'machine_reset_phase_3'====== Args={}
2025-05-14 22:05:06,584 : INFO : EventManager : Event: ======'reset_complete'====== Args={}
2025-05-14 22:05:06,584 : INFO : EventManager : Event: ======'mode_attract_will_start'====== Args={}
2025-05-14 22:05:06,585 : INFO : EventManager : Event: ======'mode_attract_starting'====== Args={}
2025-05-14 22:05:06,585 : INFO : Mode.attract : Started. Priority: 10
2025-05-14 22:05:06,585 : INFO : EventManager : Event: ======'modes_active_modes_changed'====== Args={}
2025-05-14 22:05:06,586 : INFO : EventManager : Event: ======'mode_attract_started'====== Args={}
2025-05-14 22:05:06,586 : INFO : EventManager : Event: ======'collecting_balls_complete'====== Args={}
2025-05-14 22:05:06,588 : INFO : Machine : Starting the main run loop with active modes: [<Mode.attract>]
2025-05-14 22:05:06,612 : INFO : EventManager : Event: ======'slide_attract_created'====== Args={'_from_bcp': True}
2025-05-14 22:05:06,613 : INFO : EventManager : Event: ======'slide__removed'====== Args={'_from_bcp': True}
2025-05-14 22:05:06,614 : INFO : EventManager : Event: ======'slide_attract_active'====== Args={'original_context': 'attract', 'original_calling_context': 'mode_attract_started', 'priority': 10.0, 'cmd': 'slides_play', '_from_bcp': True}
2025-05-14 22:05:38,833 : INFO : Machine : Shutting down...
2025-05-14 22:05:38,834 : INFO : EventManager : Event: ======'shutdown'====== Args={}
2025-05-14 22:05:38,853 : INFO : root : MPF run loop ended.
