2025-05-15 20:28:00,851 : INFO : root : Loading config.
2025-05-15 20:28:00,861 : INFO : YamlMultifileConfigLoader : Machine config file #1: config.yaml
2025-05-15 20:28:00,862 : INFO : ConfigProcessor : Loading config from cache: C:\Users\Majo\AppData\Local\Temp\e7b34163051777eabf44166c3b479cd5.mpf_cache
2025-05-15 20:28:01,109 : INFO : ConfigProcessor : Loading config from cache: C:\Users\Majo\AppData\Local\Temp\1eec1546f2b92336be53a1ef9400cc83.mpf_cache
2025-05-15 20:28:01,110 : INFO : ConfigProcessor : Loading config from cache: C:\Users\Majo\AppData\Local\Temp\73f6dfef7f206545518fd71aa2c5591c.mpf_cache
2025-05-15 20:28:01,112 : INFO : ConfigProcessor : Loading config from cache: C:\Users\Majo\AppData\Local\Temp\1eec1546f2b92336be53a1ef9400cc83.mpf_cache
2025-05-15 20:28:01,114 : INFO : ConfigProcessor : Loading config from cache: C:\Users\Majo\AppData\Local\Temp\4fbb3c30d924930840d7c7977ab841cd.mpf_cache
2025-05-15 20:28:01,116 : INFO : ConfigProcessor : Loading config from cache: C:\Users\Majo\AppData\Local\Temp\6c98d128194b8b8ae6efc90a9efedc0e.mpf_cache
2025-05-15 20:28:01,118 : INFO : ConfigProcessor : Loading config from cache: C:\Users\Majo\AppData\Local\Temp\100c2702f9191071647a91d977b417b1.mpf_cache
2025-05-15 20:28:01,119 : INFO : Machine : Mission Pinball Framework Core Engine v0.80.0.dev7
2025-05-15 20:28:01,120 : INFO : Machine : Command line arguments: {'no_load_cache': False, 'create_config_cache': True, 'bcp': True, 'configfile': ['config.yaml'], 'force_assets_load': False, 'platform_integration_test': False, 'jsonlogging': False, 'logfile': 'logs\\2025-05-15-20-28-00-mpf-LX15.log', 'pause': False, 'production': False, 'text_ui': False, 'loglevel': 15, 'consoleloglevel': 20, 'force_platform': 'virtual', 'syslog_address': None, 'full_logfile_path': 'C:\\SuperMarioPinball\\logs\\2025-05-15-20-28-00-mpf-LX15.log'}
2025-05-15 20:28:01,120 : INFO : Machine : MPF path: C:\Users\Majo\AppData\Local\Programs\Python\Python312\Lib\site-packages\mpf
2025-05-15 20:28:01,120 : INFO : Machine : Machine path: C:\SuperMarioPinball
2025-05-15 20:28:01,120 : INFO : Machine : Platform: win32
2025-05-15 20:28:01,120 : INFO : Machine : Python executable location: C:\Users\Majo\AppData\Local\Programs\Python\Python312\python.exe
2025-05-15 20:28:01,120 : INFO : Machine : Python version: 3.12.7 (64-bit)
2025-05-15 20:28:01,130 : INFO : Machine : Initializing MPF...
2025-05-15 20:28:01,287 : INFO : EventManager : Event: ======'machine_var_credits_string'====== Args={'value': 'FREE PLAY', 'prev_value': None, 'change': True}
2025-05-15 20:28:01,325 : INFO : EventManager : Event: ======'machine_var_master_volume'====== Args={'value': 0.5, 'prev_value': None, 'change': True}
2025-05-15 20:28:01,326 : INFO : EventManager : Event: ======'machine_var_mpf_version'====== Args={'value': 'Mission Pinball Framework v0.80.0.dev7', 'prev_value': None, 'change': True}
2025-05-15 20:28:01,326 : INFO : EventManager : Event: ======'machine_var_mpf_extended_version'====== Args={'value': 'Mission Pinball Framework v0.80.0.dev7, Config version:6, Show version: 6, BCP version:1.1', 'prev_value': None, 'change': True}
2025-05-15 20:28:01,327 : INFO : EventManager : Event: ======'machine_var_python_version'====== Args={'value': '3.12.7', 'prev_value': None, 'change': True}
2025-05-15 20:28:01,523 : INFO : EventManager : Event: ======'machine_var_platform'====== Args={'value': 'Windows-11-10.0.26100-SP0', 'prev_value': None, 'change': True}
2025-05-15 20:28:01,523 : INFO : EventManager : Event: ======'machine_var_platform_system'====== Args={'value': 'Windows', 'prev_value': None, 'change': True}
2025-05-15 20:28:01,523 : INFO : EventManager : Event: ======'machine_var_platform_release'====== Args={'value': '11', 'prev_value': None, 'change': True}
2025-05-15 20:28:01,523 : INFO : EventManager : Event: ======'machine_var_platform_version'====== Args={'value': '10.0.26100', 'prev_value': None, 'change': True}
2025-05-15 20:28:01,523 : INFO : EventManager : Event: ======'machine_var_platform_machine'====== Args={'value': 'AMD64', 'prev_value': None, 'change': True}
2025-05-15 20:28:01,523 : INFO : EventManager : Event: ======'machine_var_log_file_path'====== Args={'value': 'C:\\SuperMarioPinball\\logs\\2025-05-15-20-28-00-mpf-LX15.log', 'prev_value': None, 'change': True}
2025-05-15 20:28:01,523 : INFO : EventManager : Event: ======'init_phase_1'====== Args={}
2025-05-15 20:28:01,569 : INFO : EventManager : Event: ======'init_phase_2'====== Args={}
2025-05-15 20:28:01,569 : INFO : SwitchController : Found active switch: ('1-0-18', <Platform.Virtual>) <switch.s_balltruhe_1>
2025-05-15 20:28:01,570 : INFO : SwitchController : Found active switch: ('1-0-19', <Platform.Virtual>) <switch.s_balltruhe_2>
2025-05-15 20:28:01,570 : INFO : SwitchController : Found active switch: ('1-0-20', <Platform.Virtual>) <switch.s_balltruhe_3>
2025-05-15 20:28:01,570 : INFO : SwitchController : Found active switch: ('1-0-21', <Platform.Virtual>) <switch.s_balltruhe_4>
2025-05-15 20:28:01,570 : INFO : SwitchController : Found active switch: ('1-0-22', <Platform.Virtual>) <switch.s_balltruhe_5>
2025-05-15 20:28:01,570 : INFO : SwitchController : Found active switch: ('1-0-23', <Platform.Virtual>) <switch.s_balltruhe_6>
2025-05-15 20:28:01,573 : INFO : EventManager : Event: ======'bcp_connection_attempt'====== Args={'name': 'local_display', 'host': 'localhost', 'port': 5050}
2025-05-15 20:28:01,577 : INFO : BCPClientSocket : Connecting BCP to 'local_display' at localhost:5050...
2025-05-15 20:28:01,600 : INFO : BCPClientSocket : Connected BCP to 'local_display' localhost:5050
2025-05-15 20:28:01,602 : INFO : EventManager : Event: ======'bcp_clients_connected'====== Args={}
2025-05-15 20:28:01,602 : INFO : ball_device.bd_balltruhe : BCH: Initial count: 6
2025-05-15 20:28:01,602 : INFO : ball_device.bd_balltruhe : State: idle
2025-05-15 20:28:01,603 : INFO : ball_device.bd_plunger : BCH: Initial count: 0
2025-05-15 20:28:01,603 : INFO : ball_device.bd_plunger : State: idle
2025-05-15 20:28:01,629 : INFO : EventManager : Event: ======'init_phase_3'====== Args={}
2025-05-15 20:28:01,634 : INFO : EventManager : Event: ======'init_phase_4'====== Args={}
2025-05-15 20:28:01,635 : INFO : BallController : Initial balls found: 6
2025-05-15 20:28:01,637 : INFO : EventManager : Event: ======'machine_var_audits_events_game_ended'====== Args={'value': 0, 'prev_value': None, 'change': True}
2025-05-15 20:28:01,637 : INFO : EventManager : Event: ======'machine_var_audits_events_game_started'====== Args={'value': 10, 'prev_value': None, 'change': True}
2025-05-15 20:28:01,637 : INFO : EventManager : Event: ======'machine_var_audits_missing_switches_s_balltruhe_1'====== Args={'value': 10, 'prev_value': None, 'change': True}
2025-05-15 20:28:01,638 : INFO : EventManager : Event: ======'machine_var_audits_missing_switches_s_balltruhe_2'====== Args={'value': 10, 'prev_value': None, 'change': True}
2025-05-15 20:28:01,638 : INFO : EventManager : Event: ======'machine_var_audits_missing_switches_s_balltruhe_3'====== Args={'value': 10, 'prev_value': None, 'change': True}
2025-05-15 20:28:01,638 : INFO : EventManager : Event: ======'machine_var_audits_missing_switches_s_balltruhe_4'====== Args={'value': 10, 'prev_value': None, 'change': True}
2025-05-15 20:28:01,639 : INFO : EventManager : Event: ======'machine_var_audits_missing_switches_s_balltruhe_5'====== Args={'value': 10, 'prev_value': None, 'change': True}
2025-05-15 20:28:01,639 : INFO : EventManager : Event: ======'machine_var_audits_missing_switches_s_balltruhe_6'====== Args={'value': 10, 'prev_value': None, 'change': True}
2025-05-15 20:28:01,639 : INFO : EventManager : Event: ======'machine_var_audits_missing_switches_s_balltruhe_jam'====== Args={'value': 10, 'prev_value': None, 'change': True}
2025-05-15 20:28:01,639 : INFO : EventManager : Event: ======'machine_var_audits_missing_switches_s_flipper_left'====== Args={'value': 10, 'prev_value': None, 'change': True}
2025-05-15 20:28:01,639 : INFO : EventManager : Event: ======'machine_var_audits_missing_switches_s_flipper_right'====== Args={'value': 10, 'prev_value': None, 'change': True}
2025-05-15 20:28:01,639 : INFO : EventManager : Event: ======'machine_var_audits_missing_switches_s_plunger_lane'====== Args={'value': 10, 'prev_value': None, 'change': True}
2025-05-15 20:28:01,640 : INFO : EventManager : Event: ======'machine_var_audits_missing_switches_s_start'====== Args={'value': 2, 'prev_value': None, 'change': True}
2025-05-15 20:28:01,640 : INFO : EventManager : Event: ======'machine_var_audits_missing_switches_s_upper_flipper'====== Args={'value': 10, 'prev_value': None, 'change': True}
2025-05-15 20:28:01,640 : INFO : EventManager : Event: ======'machine_var_audits_player_score'====== Args={'value': {'average': 0, 'top': [], 'total': 0}, 'prev_value': None, 'change': True}
2025-05-15 20:28:01,640 : INFO : EventManager : Event: ======'machine_var_audits_shots_hurryup'====== Args={'value': 8, 'prev_value': None, 'change': True}
2025-05-15 20:28:01,640 : INFO : EventManager : Event: ======'machine_var_audits_shots_jet_left'====== Args={'value': 46, 'prev_value': None, 'change': True}
2025-05-15 20:28:01,640 : INFO : EventManager : Event: ======'machine_var_audits_shots_jet_right'====== Args={'value': 43, 'prev_value': None, 'change': True}
2025-05-15 20:28:01,640 : INFO : EventManager : Event: ======'machine_var_audits_shots_left_ramp'====== Args={'value': 23, 'prev_value': None, 'change': True}
2025-05-15 20:28:01,640 : INFO : EventManager : Event: ======'machine_var_audits_shots_s_jet_upper'====== Args={'value': 35, 'prev_value': None, 'change': True}
2025-05-15 20:28:01,641 : INFO : EventManager : Event: ======'machine_var_audits_switches_s_balltruhe_1'====== Args={'value': 0, 'prev_value': None, 'change': True}
2025-05-15 20:28:01,641 : INFO : EventManager : Event: ======'machine_var_audits_switches_s_balltruhe_2'====== Args={'value': 0, 'prev_value': None, 'change': True}
2025-05-15 20:28:01,641 : INFO : EventManager : Event: ======'machine_var_audits_switches_s_balltruhe_3'====== Args={'value': 0, 'prev_value': None, 'change': True}
2025-05-15 20:28:01,641 : INFO : EventManager : Event: ======'machine_var_audits_switches_s_balltruhe_4'====== Args={'value': 0, 'prev_value': None, 'change': True}
2025-05-15 20:28:01,641 : INFO : EventManager : Event: ======'machine_var_audits_switches_s_balltruhe_5'====== Args={'value': 0, 'prev_value': None, 'change': True}
2025-05-15 20:28:01,641 : INFO : EventManager : Event: ======'machine_var_audits_switches_s_balltruhe_6'====== Args={'value': 0, 'prev_value': None, 'change': True}
2025-05-15 20:28:01,641 : INFO : EventManager : Event: ======'machine_var_audits_switches_s_balltruhe_jam'====== Args={'value': 0, 'prev_value': None, 'change': True}
2025-05-15 20:28:01,641 : INFO : EventManager : Event: ======'machine_var_audits_switches_s_flipper_left'====== Args={'value': 0, 'prev_value': None, 'change': True}
2025-05-15 20:28:01,642 : INFO : EventManager : Event: ======'machine_var_audits_switches_s_flipper_right'====== Args={'value': 0, 'prev_value': None, 'change': True}
2025-05-15 20:28:01,642 : INFO : EventManager : Event: ======'machine_var_audits_switches_s_jet_left'====== Args={'value': 46, 'prev_value': None, 'change': True}
2025-05-15 20:28:01,642 : INFO : EventManager : Event: ======'machine_var_audits_switches_s_jet_right'====== Args={'value': 43, 'prev_value': None, 'change': True}
2025-05-15 20:28:01,642 : INFO : EventManager : Event: ======'machine_var_audits_switches_s_jet_upper'====== Args={'value': 35, 'prev_value': None, 'change': True}
2025-05-15 20:28:01,642 : INFO : EventManager : Event: ======'machine_var_audits_switches_s_plunger_lane'====== Args={'value': 0, 'prev_value': None, 'change': True}
2025-05-15 20:28:01,642 : INFO : EventManager : Event: ======'machine_var_audits_switches_s_ramp_left_opto'====== Args={'value': 23, 'prev_value': None, 'change': True}
2025-05-15 20:28:01,642 : INFO : EventManager : Event: ======'machine_var_audits_switches_s_start'====== Args={'value': 3, 'prev_value': None, 'change': True}
2025-05-15 20:28:01,643 : INFO : EventManager : Event: ======'machine_var_audits_switches_s_upper_flipper'====== Args={'value': 0, 'prev_value': None, 'change': True}
2025-05-15 20:28:01,643 : INFO : EventManager : Event: ======'init_phase_5'====== Args={}
2025-05-15 20:28:01,644 : INFO : EventManager : Event: ======'init_done'====== Args={}
2025-05-15 20:28:01,644 : INFO : EventManager : Event: ======'machine_reset_phase_1'====== Args={}
2025-05-15 20:28:01,657 : INFO : EventManager : Event: ======'machine_reset_phase_2'====== Args={}
2025-05-15 20:28:01,659 : INFO : EventManager : Event: ======'machine_reset_phase_3'====== Args={}
2025-05-15 20:28:01,660 : INFO : EventManager : Event: ======'reset_complete'====== Args={}
2025-05-15 20:28:01,660 : INFO : EventManager : Event: ======'mode_attract_will_start'====== Args={}
2025-05-15 20:28:01,662 : INFO : Timer.attract_carousel_timer : Starting Timer.
2025-05-15 20:28:01,662 : INFO : EventManager : Event: ======'timer_attract_carousel_timer_started'====== Args={'ticks': 0, 'ticks_remaining': 1}
2025-05-15 20:28:01,662 : INFO : EventManager : Event: ======'timer_attract_carousel_timer_tick'====== Args={'ticks': 0, 'ticks_remaining': 1}
2025-05-15 20:28:01,666 : INFO : EventManager : Event: ======'mode_attract_starting'====== Args={}
2025-05-15 20:28:01,666 : INFO : Mode.attract : Started. Priority: 10
2025-05-15 20:28:01,667 : INFO : EventManager : Event: ======'modes_active_modes_changed'====== Args={}
2025-05-15 20:28:01,667 : INFO : EventManager : Event: ======'mode_attract_started'====== Args={}
2025-05-15 20:28:01,668 : INFO : EventManager : Event: ======'collecting_balls_complete'====== Args={}
2025-05-15 20:28:01,669 : INFO : EventManager : Event: ======'item_highlighted'====== Args={'carousel': 'attract', 'direction': None, 'item': 'title'}
2025-05-15 20:28:01,669 : INFO : EventManager : Event: ======'timer_attract_carousel_timer_tick'====== Args={'ticks': 0, 'ticks_remaining': 1}
2025-05-15 20:28:01,671 : INFO : Machine : Starting the main run loop with active modes: [<Mode.attract>]
2025-05-15 20:28:01,741 : INFO : EventManager : Event: ======'slide_attract_created'====== Args={'_from_bcp': True}
2025-05-15 20:28:01,741 : INFO : EventManager : Event: ======'slide__removed'====== Args={'_from_bcp': True}
2025-05-15 20:28:01,742 : INFO : EventManager : Event: ======'slide_attract_active'====== Args={'original_context': 'attract', 'original_calling_context': 'mode_attract_started', 'priority': 10.0, 'cmd': 'slides_play', '_from_bcp': True}
2025-05-15 20:28:06,675 : INFO : Timer.attract_carousel_timer : Timer Complete
2025-05-15 20:28:06,675 : INFO : Timer.attract_carousel_timer : Stopping Timer
2025-05-15 20:28:06,675 : INFO : EventManager : Event: ======'timer_attract_carousel_timer_stopped'====== Args={'ticks': 1, 'ticks_remaining': 1}
2025-05-15 20:28:06,675 : INFO : EventManager : Event: ======'timer_attract_carousel_timer_complete'====== Args={'ticks': 1, 'ticks_remaining': 1}
2025-05-15 20:28:06,675 : INFO : EventManager : Event: ======'item_highlighted'====== Args={'carousel': 'attract', 'direction': 'forwards', 'item': 'credits'}
2025-05-15 20:28:06,677 : INFO : Timer.attract_carousel_timer : Starting Timer.
2025-05-15 20:28:06,677 : INFO : EventManager : Event: ======'timer_attract_carousel_timer_started'====== Args={'ticks': 0, 'ticks_remaining': 1}
2025-05-15 20:28:06,677 : INFO : EventManager : Event: ======'timer_attract_carousel_timer_tick'====== Args={'ticks': 0, 'ticks_remaining': 1}
2025-05-15 20:28:11,686 : INFO : Timer.attract_carousel_timer : Timer Complete
2025-05-15 20:28:11,686 : INFO : Timer.attract_carousel_timer : Stopping Timer
2025-05-15 20:28:11,688 : INFO : EventManager : Event: ======'timer_attract_carousel_timer_stopped'====== Args={'ticks': 1, 'ticks_remaining': 1}
2025-05-15 20:28:11,688 : INFO : EventManager : Event: ======'timer_attract_carousel_timer_complete'====== Args={'ticks': 1, 'ticks_remaining': 1}
2025-05-15 20:28:11,688 : INFO : EventManager : Event: ======'item_highlighted'====== Args={'carousel': 'attract', 'direction': 'forwards', 'item': 'mpf_logo'}
2025-05-15 20:28:11,690 : INFO : Timer.attract_carousel_timer : Starting Timer.
2025-05-15 20:28:11,690 : INFO : EventManager : Event: ======'timer_attract_carousel_timer_started'====== Args={'ticks': 0, 'ticks_remaining': 1}
2025-05-15 20:28:11,690 : INFO : EventManager : Event: ======'timer_attract_carousel_timer_tick'====== Args={'ticks': 0, 'ticks_remaining': 1}
2025-05-15 20:28:16,696 : INFO : Timer.attract_carousel_timer : Timer Complete
2025-05-15 20:28:16,696 : INFO : Timer.attract_carousel_timer : Stopping Timer
2025-05-15 20:28:16,697 : INFO : EventManager : Event: ======'timer_attract_carousel_timer_stopped'====== Args={'ticks': 1, 'ticks_remaining': 1}
2025-05-15 20:28:16,697 : INFO : EventManager : Event: ======'timer_attract_carousel_timer_complete'====== Args={'ticks': 1, 'ticks_remaining': 1}
2025-05-15 20:28:16,697 : INFO : EventManager : Event: ======'item_highlighted'====== Args={'carousel': 'attract', 'direction': 'forwards', 'item': 'title'}
2025-05-15 20:28:16,698 : INFO : Timer.attract_carousel_timer : Starting Timer.
2025-05-15 20:28:16,699 : INFO : EventManager : Event: ======'timer_attract_carousel_timer_started'====== Args={'ticks': 0, 'ticks_remaining': 1}
2025-05-15 20:28:16,699 : INFO : EventManager : Event: ======'timer_attract_carousel_timer_tick'====== Args={'ticks': 0, 'ticks_remaining': 1}
2025-05-15 20:28:19,831 : INFO : Machine : Shutting down...
2025-05-15 20:28:19,832 : INFO : EventManager : Event: ======'shutdown'====== Args={}
2025-05-15 20:28:19,844 : INFO : root : MPF run loop ended.
