2025-05-15 20:27:14,900 : INFO : root : Loading config.
2025-05-15 20:27:14,905 : INFO : YamlMultifileConfigLoader : Machine config file #1: config.yaml
2025-05-15 20:27:14,906 : INFO : ConfigProcessor : Loading config from cache: C:\Users\Majo\AppData\Local\Temp\e7b34163051777eabf44166c3b479cd5.mpf_cache
2025-05-15 20:27:15,125 : INFO : ConfigProcessor : Loading config from cache: C:\Users\Majo\AppData\Local\Temp\1eec1546f2b92336be53a1ef9400cc83.mpf_cache
2025-05-15 20:27:15,126 : INFO : ConfigProcessor : Loading config from cache: C:\Users\Majo\AppData\Local\Temp\73f6dfef7f206545518fd71aa2c5591c.mpf_cache
2025-05-15 20:27:15,127 : INFO : ConfigProcessor : Loading config from cache: C:\Users\Majo\AppData\Local\Temp\1eec1546f2b92336be53a1ef9400cc83.mpf_cache
2025-05-15 20:27:15,128 : INFO : ConfigProcessor : Loading config from cache: C:\Users\Majo\AppData\Local\Temp\4fbb3c30d924930840d7c7977ab841cd.mpf_cache
2025-05-15 20:27:15,129 : INFO : ConfigProcessor : Loading config from cache: C:\Users\Majo\AppData\Local\Temp\6c98d128194b8b8ae6efc90a9efedc0e.mpf_cache
2025-05-15 20:27:15,130 : INFO : ConfigProcessor : Loading config from cache: C:\Users\Majo\AppData\Local\Temp\100c2702f9191071647a91d977b417b1.mpf_cache
2025-05-15 20:27:15,132 : INFO : Machine : Mission Pinball Framework Core Engine v0.80.0.dev7
2025-05-15 20:27:15,132 : INFO : Machine : Command line arguments: {'no_load_cache': False, 'create_config_cache': True, 'bcp': True, 'configfile': ['config.yaml'], 'force_assets_load': False, 'platform_integration_test': False, 'jsonlogging': False, 'logfile': 'logs\\2025-05-15-20-27-14-mpf-LX15.log', 'pause': False, 'production': False, 'text_ui': False, 'loglevel': 15, 'consoleloglevel': 20, 'force_platform': 'virtual', 'syslog_address': None, 'full_logfile_path': 'C:\\SuperMarioPinball\\logs\\2025-05-15-20-27-14-mpf-LX15.log'}
2025-05-15 20:27:15,132 : INFO : Machine : MPF path: C:\Users\Majo\AppData\Local\Programs\Python\Python312\Lib\site-packages\mpf
2025-05-15 20:27:15,133 : INFO : Machine : Machine path: C:\SuperMarioPinball
2025-05-15 20:27:15,133 : INFO : Machine : Platform: win32
2025-05-15 20:27:15,133 : INFO : Machine : Python executable location: C:\Users\Majo\AppData\Local\Programs\Python\Python312\python.exe
2025-05-15 20:27:15,133 : INFO : Machine : Python version: 3.12.7 (64-bit)
2025-05-15 20:27:15,138 : INFO : Machine : Initializing MPF...
2025-05-15 20:27:15,262 : INFO : EventManager : Event: ======'machine_var_credits_string'====== Args={'value': 'FREE PLAY', 'prev_value': None, 'change': True}
2025-05-15 20:27:15,302 : INFO : EventManager : Event: ======'machine_var_master_volume'====== Args={'value': 0.5, 'prev_value': None, 'change': True}
2025-05-15 20:27:15,303 : INFO : EventManager : Event: ======'machine_var_mpf_version'====== Args={'value': 'Mission Pinball Framework v0.80.0.dev7', 'prev_value': None, 'change': True}
2025-05-15 20:27:15,303 : INFO : EventManager : Event: ======'machine_var_mpf_extended_version'====== Args={'value': 'Mission Pinball Framework v0.80.0.dev7, Config version:6, Show version: 6, BCP version:1.1', 'prev_value': None, 'change': True}
2025-05-15 20:27:15,305 : INFO : EventManager : Event: ======'machine_var_python_version'====== Args={'value': '3.12.7', 'prev_value': None, 'change': True}
2025-05-15 20:27:15,683 : INFO : EventManager : Event: ======'machine_var_platform'====== Args={'value': 'Windows-11-10.0.26100-SP0', 'prev_value': None, 'change': True}
2025-05-15 20:27:15,685 : INFO : EventManager : Event: ======'machine_var_platform_system'====== Args={'value': 'Windows', 'prev_value': None, 'change': True}
2025-05-15 20:27:15,685 : INFO : EventManager : Event: ======'machine_var_platform_release'====== Args={'value': '11', 'prev_value': None, 'change': True}
2025-05-15 20:27:15,685 : INFO : EventManager : Event: ======'machine_var_platform_version'====== Args={'value': '10.0.26100', 'prev_value': None, 'change': True}
2025-05-15 20:27:15,685 : INFO : EventManager : Event: ======'machine_var_platform_machine'====== Args={'value': 'AMD64', 'prev_value': None, 'change': True}
2025-05-15 20:27:15,686 : INFO : EventManager : Event: ======'machine_var_log_file_path'====== Args={'value': 'C:\\SuperMarioPinball\\logs\\2025-05-15-20-27-14-mpf-LX15.log', 'prev_value': None, 'change': True}
2025-05-15 20:27:15,686 : INFO : EventManager : Event: ======'init_phase_1'====== Args={}
2025-05-15 20:27:15,738 : INFO : EventManager : Event: ======'init_phase_2'====== Args={}
2025-05-15 20:27:15,739 : INFO : SwitchController : Found active switch: ('1-0-18', <Platform.Virtual>) <switch.s_balltruhe_1>
2025-05-15 20:27:15,739 : INFO : SwitchController : Found active switch: ('1-0-19', <Platform.Virtual>) <switch.s_balltruhe_2>
2025-05-15 20:27:15,739 : INFO : SwitchController : Found active switch: ('1-0-20', <Platform.Virtual>) <switch.s_balltruhe_3>
2025-05-15 20:27:15,739 : INFO : SwitchController : Found active switch: ('1-0-21', <Platform.Virtual>) <switch.s_balltruhe_4>
2025-05-15 20:27:15,739 : INFO : SwitchController : Found active switch: ('1-0-22', <Platform.Virtual>) <switch.s_balltruhe_5>
2025-05-15 20:27:15,739 : INFO : SwitchController : Found active switch: ('1-0-23', <Platform.Virtual>) <switch.s_balltruhe_6>
2025-05-15 20:27:15,742 : INFO : EventManager : Event: ======'bcp_connection_attempt'====== Args={'name': 'local_display', 'host': 'localhost', 'port': 5050}
2025-05-15 20:27:15,744 : INFO : BCPClientSocket : Connecting BCP to 'local_display' at localhost:5050...
2025-05-15 20:27:18,319 : INFO : BCPClientSocket : Connected BCP to 'local_display' localhost:5050
2025-05-15 20:27:18,320 : INFO : EventManager : Event: ======'bcp_clients_connected'====== Args={}
2025-05-15 20:27:18,322 : INFO : ball_device.bd_balltruhe : BCH: Initial count: 6
2025-05-15 20:27:18,323 : INFO : ball_device.bd_balltruhe : State: idle
2025-05-15 20:27:18,325 : INFO : ball_device.bd_plunger : BCH: Initial count: 0
2025-05-15 20:27:18,325 : INFO : ball_device.bd_plunger : State: idle
2025-05-15 20:27:18,356 : INFO : EventManager : Event: ======'init_phase_3'====== Args={}
2025-05-15 20:27:18,360 : INFO : EventManager : Event: ======'init_phase_4'====== Args={}
2025-05-15 20:27:18,360 : INFO : BallController : Initial balls found: 6
2025-05-15 20:27:18,363 : INFO : EventManager : Event: ======'machine_var_audits_events_game_ended'====== Args={'value': 0, 'prev_value': None, 'change': True}
2025-05-15 20:27:18,364 : INFO : EventManager : Event: ======'machine_var_audits_events_game_started'====== Args={'value': 10, 'prev_value': None, 'change': True}
2025-05-15 20:27:18,364 : INFO : EventManager : Event: ======'machine_var_audits_missing_switches_s_balltruhe_1'====== Args={'value': 10, 'prev_value': None, 'change': True}
2025-05-15 20:27:18,364 : INFO : EventManager : Event: ======'machine_var_audits_missing_switches_s_balltruhe_2'====== Args={'value': 10, 'prev_value': None, 'change': True}
2025-05-15 20:27:18,364 : INFO : EventManager : Event: ======'machine_var_audits_missing_switches_s_balltruhe_3'====== Args={'value': 10, 'prev_value': None, 'change': True}
2025-05-15 20:27:18,364 : INFO : EventManager : Event: ======'machine_var_audits_missing_switches_s_balltruhe_4'====== Args={'value': 10, 'prev_value': None, 'change': True}
2025-05-15 20:27:18,364 : INFO : EventManager : Event: ======'machine_var_audits_missing_switches_s_balltruhe_5'====== Args={'value': 10, 'prev_value': None, 'change': True}
2025-05-15 20:27:18,364 : INFO : EventManager : Event: ======'machine_var_audits_missing_switches_s_balltruhe_6'====== Args={'value': 10, 'prev_value': None, 'change': True}
2025-05-15 20:27:18,365 : INFO : EventManager : Event: ======'machine_var_audits_missing_switches_s_balltruhe_jam'====== Args={'value': 10, 'prev_value': None, 'change': True}
2025-05-15 20:27:18,365 : INFO : EventManager : Event: ======'machine_var_audits_missing_switches_s_flipper_left'====== Args={'value': 10, 'prev_value': None, 'change': True}
2025-05-15 20:27:18,365 : INFO : EventManager : Event: ======'machine_var_audits_missing_switches_s_flipper_right'====== Args={'value': 10, 'prev_value': None, 'change': True}
2025-05-15 20:27:18,365 : INFO : EventManager : Event: ======'machine_var_audits_missing_switches_s_plunger_lane'====== Args={'value': 10, 'prev_value': None, 'change': True}
2025-05-15 20:27:18,365 : INFO : EventManager : Event: ======'machine_var_audits_missing_switches_s_start'====== Args={'value': 2, 'prev_value': None, 'change': True}
2025-05-15 20:27:18,365 : INFO : EventManager : Event: ======'machine_var_audits_missing_switches_s_upper_flipper'====== Args={'value': 10, 'prev_value': None, 'change': True}
2025-05-15 20:27:18,365 : INFO : EventManager : Event: ======'machine_var_audits_player_score'====== Args={'value': {'average': 0, 'top': [], 'total': 0}, 'prev_value': None, 'change': True}
2025-05-15 20:27:18,365 : INFO : EventManager : Event: ======'machine_var_audits_shots_hurryup'====== Args={'value': 8, 'prev_value': None, 'change': True}
2025-05-15 20:27:18,365 : INFO : EventManager : Event: ======'machine_var_audits_shots_jet_left'====== Args={'value': 46, 'prev_value': None, 'change': True}
2025-05-15 20:27:18,366 : INFO : EventManager : Event: ======'machine_var_audits_shots_jet_right'====== Args={'value': 43, 'prev_value': None, 'change': True}
2025-05-15 20:27:18,366 : INFO : EventManager : Event: ======'machine_var_audits_shots_left_ramp'====== Args={'value': 23, 'prev_value': None, 'change': True}
2025-05-15 20:27:18,366 : INFO : EventManager : Event: ======'machine_var_audits_shots_s_jet_upper'====== Args={'value': 35, 'prev_value': None, 'change': True}
2025-05-15 20:27:18,366 : INFO : EventManager : Event: ======'machine_var_audits_switches_s_balltruhe_1'====== Args={'value': 0, 'prev_value': None, 'change': True}
2025-05-15 20:27:18,366 : INFO : EventManager : Event: ======'machine_var_audits_switches_s_balltruhe_2'====== Args={'value': 0, 'prev_value': None, 'change': True}
2025-05-15 20:27:18,366 : INFO : EventManager : Event: ======'machine_var_audits_switches_s_balltruhe_3'====== Args={'value': 0, 'prev_value': None, 'change': True}
2025-05-15 20:27:18,366 : INFO : EventManager : Event: ======'machine_var_audits_switches_s_balltruhe_4'====== Args={'value': 0, 'prev_value': None, 'change': True}
2025-05-15 20:27:18,366 : INFO : EventManager : Event: ======'machine_var_audits_switches_s_balltruhe_5'====== Args={'value': 0, 'prev_value': None, 'change': True}
2025-05-15 20:27:18,367 : INFO : EventManager : Event: ======'machine_var_audits_switches_s_balltruhe_6'====== Args={'value': 0, 'prev_value': None, 'change': True}
2025-05-15 20:27:18,367 : INFO : EventManager : Event: ======'machine_var_audits_switches_s_balltruhe_jam'====== Args={'value': 0, 'prev_value': None, 'change': True}
2025-05-15 20:27:18,367 : INFO : EventManager : Event: ======'machine_var_audits_switches_s_flipper_left'====== Args={'value': 0, 'prev_value': None, 'change': True}
2025-05-15 20:27:18,368 : INFO : EventManager : Event: ======'machine_var_audits_switches_s_flipper_right'====== Args={'value': 0, 'prev_value': None, 'change': True}
2025-05-15 20:27:18,368 : INFO : EventManager : Event: ======'machine_var_audits_switches_s_jet_left'====== Args={'value': 46, 'prev_value': None, 'change': True}
2025-05-15 20:27:18,368 : INFO : EventManager : Event: ======'machine_var_audits_switches_s_jet_right'====== Args={'value': 43, 'prev_value': None, 'change': True}
2025-05-15 20:27:18,368 : INFO : EventManager : Event: ======'machine_var_audits_switches_s_jet_upper'====== Args={'value': 35, 'prev_value': None, 'change': True}
2025-05-15 20:27:18,369 : INFO : EventManager : Event: ======'machine_var_audits_switches_s_plunger_lane'====== Args={'value': 0, 'prev_value': None, 'change': True}
2025-05-15 20:27:18,369 : INFO : EventManager : Event: ======'machine_var_audits_switches_s_ramp_left_opto'====== Args={'value': 23, 'prev_value': None, 'change': True}
2025-05-15 20:27:18,369 : INFO : EventManager : Event: ======'machine_var_audits_switches_s_start'====== Args={'value': 3, 'prev_value': None, 'change': True}
2025-05-15 20:27:18,369 : INFO : EventManager : Event: ======'machine_var_audits_switches_s_upper_flipper'====== Args={'value': 0, 'prev_value': None, 'change': True}
2025-05-15 20:27:18,370 : INFO : EventManager : Event: ======'init_phase_5'====== Args={}
2025-05-15 20:27:18,371 : INFO : EventManager : Event: ======'init_done'====== Args={}
2025-05-15 20:27:18,371 : INFO : EventManager : Event: ======'machine_reset_phase_1'====== Args={}
2025-05-15 20:27:18,390 : INFO : EventManager : Event: ======'machine_reset_phase_2'====== Args={}
2025-05-15 20:27:18,391 : INFO : EventManager : Event: ======'machine_reset_phase_3'====== Args={}
2025-05-15 20:27:18,391 : INFO : EventManager : Event: ======'reset_complete'====== Args={}
2025-05-15 20:27:18,393 : INFO : EventManager : Event: ======'mode_attract_will_start'====== Args={}
2025-05-15 20:27:18,394 : INFO : Timer.attract_carousel_timer : Starting Timer.
2025-05-15 20:27:18,394 : INFO : EventManager : Event: ======'timer_attract_carousel_timer_started'====== Args={'ticks': 0, 'ticks_remaining': 1}
2025-05-15 20:27:18,395 : INFO : EventManager : Event: ======'timer_attract_carousel_timer_tick'====== Args={'ticks': 0, 'ticks_remaining': 1}
2025-05-15 20:27:18,397 : INFO : EventManager : Event: ======'mode_attract_starting'====== Args={}
2025-05-15 20:27:18,398 : INFO : Mode.attract : Started. Priority: 10
2025-05-15 20:27:18,398 : INFO : EventManager : Event: ======'modes_active_modes_changed'====== Args={}
2025-05-15 20:27:18,398 : INFO : EventManager : Event: ======'mode_attract_started'====== Args={}
2025-05-15 20:27:18,399 : INFO : EventManager : Event: ======'collecting_balls_complete'====== Args={}
2025-05-15 20:27:18,399 : INFO : EventManager : Event: ======'item_highlighted'====== Args={'carousel': 'attract', 'direction': None, 'item': 'title'}
2025-05-15 20:27:18,400 : INFO : EventManager : Event: ======'timer_attract_carousel_timer_tick'====== Args={'ticks': 0, 'ticks_remaining': 1}
2025-05-15 20:27:18,405 : INFO : Machine : Starting the main run loop with active modes: [<Mode.attract>]
2025-05-15 20:27:18,468 : INFO : EventManager : Event: ======'slide_attract_created'====== Args={'_from_bcp': True}
2025-05-15 20:27:18,469 : INFO : EventManager : Event: ======'slide__removed'====== Args={'_from_bcp': True}
2025-05-15 20:27:18,469 : INFO : EventManager : Event: ======'slide_attract_active'====== Args={'original_context': 'attract', 'original_calling_context': 'mode_attract_started', 'priority': 10.0, 'cmd': 'slides_play', '_from_bcp': True}
2025-05-15 20:27:23,404 : INFO : Timer.attract_carousel_timer : Timer Complete
2025-05-15 20:27:23,405 : INFO : Timer.attract_carousel_timer : Stopping Timer
2025-05-15 20:27:23,406 : INFO : EventManager : Event: ======'timer_attract_carousel_timer_stopped'====== Args={'ticks': 1, 'ticks_remaining': 1}
2025-05-15 20:27:23,406 : INFO : EventManager : Event: ======'timer_attract_carousel_timer_complete'====== Args={'ticks': 1, 'ticks_remaining': 1}
2025-05-15 20:27:23,406 : INFO : EventManager : Event: ======'item_highlighted'====== Args={'carousel': 'attract', 'direction': 'forwards', 'item': 'credits'}
2025-05-15 20:27:23,408 : INFO : Timer.attract_carousel_timer : Starting Timer.
2025-05-15 20:27:23,409 : INFO : EventManager : Event: ======'timer_attract_carousel_timer_started'====== Args={'ticks': 0, 'ticks_remaining': 1}
2025-05-15 20:27:23,409 : INFO : EventManager : Event: ======'timer_attract_carousel_timer_tick'====== Args={'ticks': 0, 'ticks_remaining': 1}
2025-05-15 20:27:28,416 : INFO : Timer.attract_carousel_timer : Timer Complete
2025-05-15 20:27:28,416 : INFO : Timer.attract_carousel_timer : Stopping Timer
2025-05-15 20:27:28,417 : INFO : EventManager : Event: ======'timer_attract_carousel_timer_stopped'====== Args={'ticks': 1, 'ticks_remaining': 1}
2025-05-15 20:27:28,417 : INFO : EventManager : Event: ======'timer_attract_carousel_timer_complete'====== Args={'ticks': 1, 'ticks_remaining': 1}
2025-05-15 20:27:28,417 : INFO : EventManager : Event: ======'item_highlighted'====== Args={'carousel': 'attract', 'direction': 'forwards', 'item': 'mpf_logo'}
2025-05-15 20:27:28,420 : INFO : Timer.attract_carousel_timer : Starting Timer.
2025-05-15 20:27:28,421 : INFO : EventManager : Event: ======'timer_attract_carousel_timer_started'====== Args={'ticks': 0, 'ticks_remaining': 1}
2025-05-15 20:27:28,422 : INFO : EventManager : Event: ======'timer_attract_carousel_timer_tick'====== Args={'ticks': 0, 'ticks_remaining': 1}
2025-05-15 20:27:30,442 : INFO : SwitchController : <<<<<<< 's_flipper_right' active >>>>>>>
2025-05-15 20:27:30,443 : INFO : EventManager : Event: ======'s_flipper_right_active'====== Args={}
2025-05-15 20:27:30,444 : INFO : EventManager : Event: ======'item_highlighted'====== Args={'carousel': 'attract', 'direction': 'forwards', 'item': 'title'}
2025-05-15 20:27:30,445 : INFO : EventManager : Event: ======'timer_attract_carousel_timer_tick'====== Args={'ticks': 0, 'ticks_remaining': 1}
2025-05-15 20:27:30,540 : INFO : SwitchController : <<<<<<< 's_flipper_right' inactive >>>>>>>
2025-05-15 20:27:31,108 : INFO : SwitchController : <<<<<<< 's_flipper_right' active >>>>>>>
2025-05-15 20:27:31,108 : INFO : EventManager : Event: ======'s_flipper_right_active'====== Args={}
2025-05-15 20:27:31,109 : INFO : EventManager : Event: ======'item_highlighted'====== Args={'carousel': 'attract', 'direction': 'forwards', 'item': 'credits'}
2025-05-15 20:27:31,110 : INFO : EventManager : Event: ======'timer_attract_carousel_timer_tick'====== Args={'ticks': 0, 'ticks_remaining': 1}
2025-05-15 20:27:31,242 : INFO : SwitchController : <<<<<<< 's_flipper_right' inactive >>>>>>>
2025-05-15 20:27:31,509 : INFO : SwitchController : <<<<<<< 's_flipper_right' active >>>>>>>
2025-05-15 20:27:31,510 : INFO : EventManager : Event: ======'s_flipper_right_active'====== Args={}
2025-05-15 20:27:31,510 : INFO : EventManager : Event: ======'item_highlighted'====== Args={'carousel': 'attract', 'direction': 'forwards', 'item': 'mpf_logo'}
2025-05-15 20:27:31,512 : INFO : EventManager : Event: ======'timer_attract_carousel_timer_tick'====== Args={'ticks': 0, 'ticks_remaining': 1}
2025-05-15 20:27:31,641 : INFO : SwitchController : <<<<<<< 's_flipper_right' inactive >>>>>>>
2025-05-15 20:27:31,842 : INFO : SwitchController : <<<<<<< 's_flipper_right' active >>>>>>>
2025-05-15 20:27:31,842 : INFO : EventManager : Event: ======'s_flipper_right_active'====== Args={}
2025-05-15 20:27:31,842 : INFO : EventManager : Event: ======'item_highlighted'====== Args={'carousel': 'attract', 'direction': 'forwards', 'item': 'title'}
2025-05-15 20:27:31,843 : INFO : EventManager : Event: ======'timer_attract_carousel_timer_tick'====== Args={'ticks': 0, 'ticks_remaining': 1}
2025-05-15 20:27:31,991 : INFO : SwitchController : <<<<<<< 's_flipper_right' inactive >>>>>>>
2025-05-15 20:27:32,107 : INFO : SwitchController : <<<<<<< 's_flipper_right' active >>>>>>>
2025-05-15 20:27:32,108 : INFO : EventManager : Event: ======'s_flipper_right_active'====== Args={}
2025-05-15 20:27:32,108 : INFO : EventManager : Event: ======'item_highlighted'====== Args={'carousel': 'attract', 'direction': 'forwards', 'item': 'credits'}
2025-05-15 20:27:32,109 : INFO : EventManager : Event: ======'timer_attract_carousel_timer_tick'====== Args={'ticks': 0, 'ticks_remaining': 1}
2025-05-15 20:27:32,257 : INFO : SwitchController : <<<<<<< 's_flipper_right' inactive >>>>>>>
2025-05-15 20:27:37,120 : INFO : Timer.attract_carousel_timer : Timer Complete
2025-05-15 20:27:37,121 : INFO : Timer.attract_carousel_timer : Stopping Timer
2025-05-15 20:27:37,121 : INFO : EventManager : Event: ======'timer_attract_carousel_timer_stopped'====== Args={'ticks': 1, 'ticks_remaining': 1}
2025-05-15 20:27:37,122 : INFO : EventManager : Event: ======'timer_attract_carousel_timer_complete'====== Args={'ticks': 1, 'ticks_remaining': 1}
2025-05-15 20:27:37,122 : INFO : EventManager : Event: ======'item_highlighted'====== Args={'carousel': 'attract', 'direction': 'forwards', 'item': 'mpf_logo'}
2025-05-15 20:27:37,124 : INFO : Timer.attract_carousel_timer : Starting Timer.
2025-05-15 20:27:37,125 : INFO : EventManager : Event: ======'timer_attract_carousel_timer_started'====== Args={'ticks': 0, 'ticks_remaining': 1}
2025-05-15 20:27:37,125 : INFO : EventManager : Event: ======'timer_attract_carousel_timer_tick'====== Args={'ticks': 0, 'ticks_remaining': 1}
2025-05-15 20:27:37,866 : INFO : Machine : Shutting down...
2025-05-15 20:27:37,866 : INFO : EventManager : Event: ======'shutdown'====== Args={}
2025-05-15 20:27:37,874 : INFO : root : MPF run loop ended.
