2025-05-15 20:45:12,255 : INFO : root : Loading config.
2025-05-15 20:45:12,262 : INFO : YamlMultifileConfigLoader : Machine config file #1: config.yaml
2025-05-15 20:45:12,263 : INFO : ConfigProcessor : Loading config from cache: C:\Users\Majo\AppData\Local\Temp\e7b34163051777eabf44166c3b479cd5.mpf_cache
2025-05-15 20:45:12,388 : WARNING : ConfigProcessor : Config file in cache changed: C:\SuperMarioPinball\modes\attract\config\attract.yaml
2025-05-15 20:45:12,388 : INFO : ConfigProcessor : Loading config from file C:\Users\Majo\AppData\Local\Programs\Python\Python312\Lib\site-packages\mpf\modes\attract\config\attract.yaml.
2025-05-15 20:45:12,392 : INFO : ConfigProcessor : Loading config: C:\Users\Majo\AppData\Local\Programs\Python\Python312\Lib\site-packages\mpf\modes\attract\config\attract.yaml
2025-05-15 20:45:12,392 : INFO : ConfigProcessor : Loading config from file C:\SuperMarioPinball\modes\attract\config\attract.yaml.
2025-05-15 20:45:12,396 : INFO : ConfigProcessor : Loading config: C:\SuperMarioPinball\modes\attract\config\attract.yaml
2025-05-15 20:45:12,397 : INFO : ConfigProcessor : Config file cache created: C:\Users\Majo\AppData\Local\Temp\1eec1546f2b92336be53a1ef9400cc83.mpf_cache
2025-05-15 20:45:12,398 : INFO : ConfigProcessor : Loading config from cache: C:\Users\Majo\AppData\Local\Temp\73f6dfef7f206545518fd71aa2c5591c.mpf_cache
2025-05-15 20:45:12,400 : INFO : ConfigProcessor : Loading config from cache: C:\Users\Majo\AppData\Local\Temp\1eec1546f2b92336be53a1ef9400cc83.mpf_cache
2025-05-15 20:45:12,400 : WARNING : ConfigProcessor : Config file in cache changed: C:\SuperMarioPinball\modes\base\config\base.yaml
2025-05-15 20:45:12,400 : INFO : ConfigProcessor : Loading config from file C:\SuperMarioPinball\modes\base\config\base.yaml.
2025-05-15 20:45:12,403 : INFO : ConfigProcessor : Loading config: C:\SuperMarioPinball\modes\base\config\base.yaml
2025-05-15 20:45:12,404 : INFO : ConfigProcessor : Config file cache created: C:\Users\Majo\AppData\Local\Temp\4fbb3c30d924930840d7c7977ab841cd.mpf_cache
2025-05-15 20:45:12,405 : INFO : ConfigProcessor : Loading config from cache: C:\Users\Majo\AppData\Local\Temp\6c98d128194b8b8ae6efc90a9efedc0e.mpf_cache
2025-05-15 20:45:12,406 : INFO : ConfigProcessor : Loading config from cache: C:\Users\Majo\AppData\Local\Temp\100c2702f9191071647a91d977b417b1.mpf_cache
2025-05-15 20:45:12,407 : INFO : Machine : Mission Pinball Framework Core Engine v0.80.0.dev7
2025-05-15 20:45:12,407 : INFO : Machine : Command line arguments: {'no_load_cache': False, 'create_config_cache': True, 'bcp': True, 'configfile': ['config.yaml'], 'force_assets_load': False, 'platform_integration_test': False, 'jsonlogging': False, 'logfile': 'logs\\2025-05-15-20-45-12-mpf-LX15.log', 'pause': False, 'production': False, 'text_ui': False, 'loglevel': 15, 'consoleloglevel': 20, 'force_platform': 'virtual', 'syslog_address': None, 'full_logfile_path': 'C:\\SuperMarioPinball\\logs\\2025-05-15-20-45-12-mpf-LX15.log'}
2025-05-15 20:45:12,407 : INFO : Machine : MPF path: C:\Users\Majo\AppData\Local\Programs\Python\Python312\Lib\site-packages\mpf
2025-05-15 20:45:12,407 : INFO : Machine : Machine path: C:\SuperMarioPinball
2025-05-15 20:45:12,407 : INFO : Machine : Platform: win32
2025-05-15 20:45:12,407 : INFO : Machine : Python executable location: C:\Users\Majo\AppData\Local\Programs\Python\Python312\python.exe
2025-05-15 20:45:12,407 : INFO : Machine : Python version: 3.12.7 (64-bit)
2025-05-15 20:45:12,412 : INFO : Machine : Initializing MPF...
2025-05-15 20:45:12,535 : INFO : EventManager : Event: ======'machine_var_credits_string'====== Args={'value': 'FREE PLAY', 'prev_value': None, 'change': True}
2025-05-15 20:45:12,566 : INFO : EventManager : Event: ======'machine_var_master_volume'====== Args={'value': 0.5, 'prev_value': None, 'change': True}
2025-05-15 20:45:12,566 : INFO : EventManager : Event: ======'machine_var_mpf_version'====== Args={'value': 'Mission Pinball Framework v0.80.0.dev7', 'prev_value': None, 'change': True}
2025-05-15 20:45:12,567 : INFO : EventManager : Event: ======'machine_var_mpf_extended_version'====== Args={'value': 'Mission Pinball Framework v0.80.0.dev7, Config version:6, Show version: 6, BCP version:1.1', 'prev_value': None, 'change': True}
2025-05-15 20:45:12,567 : INFO : EventManager : Event: ======'machine_var_python_version'====== Args={'value': '3.12.7', 'prev_value': None, 'change': True}
2025-05-15 20:45:12,947 : INFO : EventManager : Event: ======'machine_var_platform'====== Args={'value': 'Windows-11-10.0.26100-SP0', 'prev_value': None, 'change': True}
2025-05-15 20:45:12,947 : INFO : EventManager : Event: ======'machine_var_platform_system'====== Args={'value': 'Windows', 'prev_value': None, 'change': True}
2025-05-15 20:45:12,947 : INFO : EventManager : Event: ======'machine_var_platform_release'====== Args={'value': '11', 'prev_value': None, 'change': True}
2025-05-15 20:45:12,947 : INFO : EventManager : Event: ======'machine_var_platform_version'====== Args={'value': '10.0.26100', 'prev_value': None, 'change': True}
2025-05-15 20:45:12,947 : INFO : EventManager : Event: ======'machine_var_platform_machine'====== Args={'value': 'AMD64', 'prev_value': None, 'change': True}
2025-05-15 20:45:12,947 : INFO : EventManager : Event: ======'machine_var_log_file_path'====== Args={'value': 'C:\\SuperMarioPinball\\logs\\2025-05-15-20-45-12-mpf-LX15.log', 'prev_value': None, 'change': True}
2025-05-15 20:45:12,948 : INFO : EventManager : Event: ======'init_phase_1'====== Args={}
2025-05-15 20:45:12,988 : INFO : EventManager : Event: ======'init_phase_2'====== Args={}
2025-05-15 20:45:12,989 : INFO : SwitchController : Found active switch: ('1-0-18', <Platform.Virtual>) <switch.s_balltruhe_1>
2025-05-15 20:45:12,989 : INFO : SwitchController : Found active switch: ('1-0-19', <Platform.Virtual>) <switch.s_balltruhe_2>
2025-05-15 20:45:12,989 : INFO : SwitchController : Found active switch: ('1-0-20', <Platform.Virtual>) <switch.s_balltruhe_3>
2025-05-15 20:45:12,989 : INFO : SwitchController : Found active switch: ('1-0-21', <Platform.Virtual>) <switch.s_balltruhe_4>
2025-05-15 20:45:12,989 : INFO : SwitchController : Found active switch: ('1-0-22', <Platform.Virtual>) <switch.s_balltruhe_5>
2025-05-15 20:45:12,989 : INFO : SwitchController : Found active switch: ('1-0-23', <Platform.Virtual>) <switch.s_balltruhe_6>
2025-05-15 20:45:12,991 : INFO : EventManager : Event: ======'bcp_connection_attempt'====== Args={'name': 'local_display', 'host': 'localhost', 'port': 5050}
2025-05-15 20:45:12,993 : INFO : BCPClientSocket : Connecting BCP to 'local_display' at localhost:5050...
2025-05-15 20:45:16,075 : INFO : BCPClientSocket : Connected BCP to 'local_display' localhost:5050
2025-05-15 20:45:16,076 : INFO : EventManager : Event: ======'bcp_clients_connected'====== Args={}
2025-05-15 20:45:16,077 : INFO : ball_device.bd_balltruhe : BCH: Initial count: 6
2025-05-15 20:45:16,078 : INFO : ball_device.bd_balltruhe : State: idle
2025-05-15 20:45:16,079 : INFO : ball_device.bd_plunger : BCH: Initial count: 0
2025-05-15 20:45:16,079 : INFO : ball_device.bd_plunger : State: idle
2025-05-15 20:45:16,113 : INFO : EventManager : Event: ======'init_phase_3'====== Args={}
2025-05-15 20:45:16,119 : INFO : EventManager : Event: ======'init_phase_4'====== Args={}
2025-05-15 20:45:16,120 : INFO : BallController : Initial balls found: 6
2025-05-15 20:45:16,123 : INFO : EventManager : Event: ======'machine_var_audits_events_game_ended'====== Args={'value': 0, 'prev_value': None, 'change': True}
2025-05-15 20:45:16,123 : INFO : EventManager : Event: ======'machine_var_audits_events_game_started'====== Args={'value': 12, 'prev_value': None, 'change': True}
2025-05-15 20:45:16,125 : INFO : EventManager : Event: ======'machine_var_audits_missing_switches_s_balltruhe_1'====== Args={'value': 12, 'prev_value': None, 'change': True}
2025-05-15 20:45:16,125 : INFO : EventManager : Event: ======'machine_var_audits_missing_switches_s_balltruhe_2'====== Args={'value': 12, 'prev_value': None, 'change': True}
2025-05-15 20:45:16,125 : INFO : EventManager : Event: ======'machine_var_audits_missing_switches_s_balltruhe_3'====== Args={'value': 12, 'prev_value': None, 'change': True}
2025-05-15 20:45:16,125 : INFO : EventManager : Event: ======'machine_var_audits_missing_switches_s_balltruhe_4'====== Args={'value': 12, 'prev_value': None, 'change': True}
2025-05-15 20:45:16,125 : INFO : EventManager : Event: ======'machine_var_audits_missing_switches_s_balltruhe_5'====== Args={'value': 12, 'prev_value': None, 'change': True}
2025-05-15 20:45:16,126 : INFO : EventManager : Event: ======'machine_var_audits_missing_switches_s_balltruhe_6'====== Args={'value': 12, 'prev_value': None, 'change': True}
2025-05-15 20:45:16,127 : INFO : EventManager : Event: ======'machine_var_audits_missing_switches_s_balltruhe_jam'====== Args={'value': 12, 'prev_value': None, 'change': True}
2025-05-15 20:45:16,127 : INFO : EventManager : Event: ======'machine_var_audits_missing_switches_s_flipper_left'====== Args={'value': 12, 'prev_value': None, 'change': True}
2025-05-15 20:45:16,128 : INFO : EventManager : Event: ======'machine_var_audits_missing_switches_s_flipper_right'====== Args={'value': 12, 'prev_value': None, 'change': True}
2025-05-15 20:45:16,128 : INFO : EventManager : Event: ======'machine_var_audits_missing_switches_s_jet_left'====== Args={'value': 1, 'prev_value': None, 'change': True}
2025-05-15 20:45:16,128 : INFO : EventManager : Event: ======'machine_var_audits_missing_switches_s_jet_right'====== Args={'value': 1, 'prev_value': None, 'change': True}
2025-05-15 20:45:16,129 : INFO : EventManager : Event: ======'machine_var_audits_missing_switches_s_jet_upper'====== Args={'value': 1, 'prev_value': None, 'change': True}
2025-05-15 20:45:16,129 : INFO : EventManager : Event: ======'machine_var_audits_missing_switches_s_plunger_lane'====== Args={'value': 12, 'prev_value': None, 'change': True}
2025-05-15 20:45:16,129 : INFO : EventManager : Event: ======'machine_var_audits_missing_switches_s_ramp_left_opto'====== Args={'value': 1, 'prev_value': None, 'change': True}
2025-05-15 20:45:16,129 : INFO : EventManager : Event: ======'machine_var_audits_missing_switches_s_start'====== Args={'value': 1, 'prev_value': None, 'change': True}
2025-05-15 20:45:16,130 : INFO : EventManager : Event: ======'machine_var_audits_missing_switches_s_upper_flipper'====== Args={'value': 12, 'prev_value': None, 'change': True}
2025-05-15 20:45:16,130 : INFO : EventManager : Event: ======'machine_var_audits_player_score'====== Args={'value': {'average': 0, 'top': [], 'total': 0}, 'prev_value': None, 'change': True}
2025-05-15 20:45:16,131 : INFO : EventManager : Event: ======'machine_var_audits_shots_hurryup'====== Args={'value': 9, 'prev_value': None, 'change': True}
2025-05-15 20:45:16,131 : INFO : EventManager : Event: ======'machine_var_audits_shots_jet_left'====== Args={'value': 51, 'prev_value': None, 'change': True}
2025-05-15 20:45:16,131 : INFO : EventManager : Event: ======'machine_var_audits_shots_jet_right'====== Args={'value': 51, 'prev_value': None, 'change': True}
2025-05-15 20:45:16,131 : INFO : EventManager : Event: ======'machine_var_audits_shots_left_ramp'====== Args={'value': 26, 'prev_value': None, 'change': True}
2025-05-15 20:45:16,132 : INFO : EventManager : Event: ======'machine_var_audits_shots_s_jet_upper'====== Args={'value': 42, 'prev_value': None, 'change': True}
2025-05-15 20:45:16,133 : INFO : EventManager : Event: ======'machine_var_audits_switches_s_balltruhe_1'====== Args={'value': 0, 'prev_value': None, 'change': True}
2025-05-15 20:45:16,133 : INFO : EventManager : Event: ======'machine_var_audits_switches_s_balltruhe_2'====== Args={'value': 0, 'prev_value': None, 'change': True}
2025-05-15 20:45:16,133 : INFO : EventManager : Event: ======'machine_var_audits_switches_s_balltruhe_3'====== Args={'value': 0, 'prev_value': None, 'change': True}
2025-05-15 20:45:16,133 : INFO : EventManager : Event: ======'machine_var_audits_switches_s_balltruhe_4'====== Args={'value': 0, 'prev_value': None, 'change': True}
2025-05-15 20:45:16,133 : INFO : EventManager : Event: ======'machine_var_audits_switches_s_balltruhe_5'====== Args={'value': 0, 'prev_value': None, 'change': True}
2025-05-15 20:45:16,135 : INFO : EventManager : Event: ======'machine_var_audits_switches_s_balltruhe_6'====== Args={'value': 0, 'prev_value': None, 'change': True}
2025-05-15 20:45:16,136 : INFO : EventManager : Event: ======'machine_var_audits_switches_s_balltruhe_jam'====== Args={'value': 0, 'prev_value': None, 'change': True}
2025-05-15 20:45:16,136 : INFO : EventManager : Event: ======'machine_var_audits_switches_s_flipper_left'====== Args={'value': 0, 'prev_value': None, 'change': True}
2025-05-15 20:45:16,138 : INFO : EventManager : Event: ======'machine_var_audits_switches_s_flipper_right'====== Args={'value': 0, 'prev_value': None, 'change': True}
2025-05-15 20:45:16,138 : INFO : EventManager : Event: ======'machine_var_audits_switches_s_jet_left'====== Args={'value': 51, 'prev_value': None, 'change': True}
2025-05-15 20:45:16,138 : INFO : EventManager : Event: ======'machine_var_audits_switches_s_jet_right'====== Args={'value': 51, 'prev_value': None, 'change': True}
2025-05-15 20:45:16,138 : INFO : EventManager : Event: ======'machine_var_audits_switches_s_jet_upper'====== Args={'value': 42, 'prev_value': None, 'change': True}
2025-05-15 20:45:16,138 : INFO : EventManager : Event: ======'machine_var_audits_switches_s_plunger_lane'====== Args={'value': 0, 'prev_value': None, 'change': True}
2025-05-15 20:45:16,138 : INFO : EventManager : Event: ======'machine_var_audits_switches_s_ramp_left_opto'====== Args={'value': 26, 'prev_value': None, 'change': True}
2025-05-15 20:45:16,139 : INFO : EventManager : Event: ======'machine_var_audits_switches_s_start'====== Args={'value': 7, 'prev_value': None, 'change': True}
2025-05-15 20:45:16,139 : INFO : EventManager : Event: ======'machine_var_audits_switches_s_upper_flipper'====== Args={'value': 0, 'prev_value': None, 'change': True}
2025-05-15 20:45:16,140 : INFO : EventManager : Event: ======'init_phase_5'====== Args={}
2025-05-15 20:45:16,140 : INFO : EventManager : Event: ======'init_done'====== Args={}
2025-05-15 20:45:16,141 : INFO : EventManager : Event: ======'machine_reset_phase_1'====== Args={}
2025-05-15 20:45:16,155 : INFO : EventManager : Event: ======'machine_reset_phase_2'====== Args={}
2025-05-15 20:45:16,157 : INFO : EventManager : Event: ======'machine_reset_phase_3'====== Args={}
2025-05-15 20:45:16,158 : INFO : EventManager : Event: ======'reset_complete'====== Args={}
2025-05-15 20:45:16,158 : INFO : EventManager : Event: ======'mode_attract_will_start'====== Args={}
2025-05-15 20:45:16,159 : INFO : Timer.attract_carousel_timer : Starting Timer.
2025-05-15 20:45:16,159 : INFO : EventManager : Event: ======'timer_attract_carousel_timer_started'====== Args={'ticks': 0, 'ticks_remaining': 1}
2025-05-15 20:45:16,159 : INFO : EventManager : Event: ======'timer_attract_carousel_timer_tick'====== Args={'ticks': 0, 'ticks_remaining': 1}
2025-05-15 20:45:16,162 : INFO : EventManager : Event: ======'mode_attract_starting'====== Args={}
2025-05-15 20:45:16,162 : INFO : Mode.attract : Started. Priority: 10
2025-05-15 20:45:16,162 : INFO : EventManager : Event: ======'modes_active_modes_changed'====== Args={}
2025-05-15 20:45:16,163 : INFO : EventManager : Event: ======'mode_attract_started'====== Args={}
2025-05-15 20:45:16,166 : INFO : EventManager : Event: ======'collecting_balls_complete'====== Args={}
2025-05-15 20:45:16,168 : INFO : EventManager : Event: ======'item_highlighted'====== Args={'carousel': 'attract', 'direction': None, 'item': 'title'}
2025-05-15 20:45:16,169 : INFO : EventManager : Event: ======'timer_attract_carousel_timer_tick'====== Args={'ticks': 0, 'ticks_remaining': 1}
2025-05-15 20:45:16,171 : INFO : Machine : Starting the main run loop with active modes: [<Mode.attract>]
2025-05-15 20:45:16,252 : INFO : EventManager : Event: ======'slide_attract_created'====== Args={'_from_bcp': True}
2025-05-15 20:45:16,252 : INFO : EventManager : Event: ======'slide__removed'====== Args={'_from_bcp': True}
2025-05-15 20:45:16,252 : INFO : EventManager : Event: ======'slide_attract_active'====== Args={'original_context': 'attract', 'original_calling_context': 'mode_attract_started', 'priority': 10.0, 'cmd': 'slides_play', '_from_bcp': True}
2025-05-15 20:45:20,449 : INFO : SwitchController : <<<<<<< 's_start' active >>>>>>>
2025-05-15 20:45:20,516 : INFO : SwitchController : <<<<<<< 's_start' inactive >>>>>>>
2025-05-15 20:45:20,516 : INFO : EventManager : Event: ======'request_to_start_game'====== Args={}
2025-05-15 20:45:20,516 : INFO : EventManager : Event: ======'game_start'====== Args={'buttons': [], 'hold_time': 0.07799999999997453}
2025-05-15 20:45:20,516 : INFO : EventManager : Event: ======'mode_game_will_start'====== Args={'buttons': [], 'hold_time': 0.07799999999997453}
2025-05-15 20:45:20,519 : INFO : EventManager : Event: ======'mode_game_starting'====== Args={'buttons': [], 'hold_time': 0.07799999999997453}
2025-05-15 20:45:20,519 : INFO : EventManager : Event: ======'mode_attract_will_stop'====== Args={}
2025-05-15 20:45:20,519 : INFO : EventManager : Event: ======'mode_attract_stopping'====== Args={}
2025-05-15 20:45:20,520 : INFO : Mode.attract : Stopped.
2025-05-15 20:45:20,520 : INFO : EventManager : Event: ======'modes_active_modes_changed'====== Args={}
2025-05-15 20:45:20,520 : INFO : EventManager : Event: ======'mode_attract_stopped'====== Args={}
2025-05-15 20:45:20,520 : INFO : EventManager : Event: ======'clear'====== Args={'key': 'attract'}
2025-05-15 20:45:20,521 : INFO : Timer.attract_carousel_timer : Stopping Timer
2025-05-15 20:45:20,521 : INFO : EventManager : Event: ======'timer_attract_carousel_timer_stopped'====== Args={'ticks': 0, 'ticks_remaining': 1}
2025-05-15 20:45:20,521 : INFO : Mode.game : Started. Priority: 20
2025-05-15 20:45:20,521 : INFO : EventManager : Event: ======'modes_active_modes_changed'====== Args={}
2025-05-15 20:45:20,521 : INFO : EventManager : Event: ======'mode_game_started'====== Args={'buttons': [], 'hold_time': 0.07799999999997453}
2025-05-15 20:45:20,523 : INFO : EventManager : Event: ======'game_will_start'====== Args={}
2025-05-15 20:45:20,523 : INFO : EventManager : Event: ======'game_starting'====== Args={'game': <Mode.game>}
2025-05-15 20:45:20,524 : INFO : EventManager : Unordered handler for class <Auditor> on event game_ended with priority 1. Handlers: [RegisteredHandler(callback=<bound method Auditor.disable of <Auditor>>, priority=1, kwargs={}, key=UUID('559c77d0-ddfb-494f-bb13-6e8a4ac6541d'), condition=None, blocking_facility=None), RegisteredHandler(callback=<bound method Auditor._save_audits of <Auditor>>, priority=1, kwargs={}, key=UUID('b92ba4c7-191a-4fee-8ad3-d6fb3f1d5344'), condition=None, blocking_facility=None)]. The order of those handlers is not defined and they will be executed in random order. This might lead to race conditions and potential bugs.
2025-05-15 20:45:20,525 : INFO : EventManager : Event: ======'player_add_request'====== Args={}
2025-05-15 20:45:20,525 : INFO : EventManager : Event: ======'player_will_add'====== Args={'number': 1}
2025-05-15 20:45:20,525 : INFO : EventManager : Event: ======'player_adding'====== Args={'player': <Player 1>, 'number': 1}
2025-05-15 20:45:20,525 : INFO : EventManager : Event: ======'player_added'====== Args={'player': <Player 1>, 'num': 1}
2025-05-15 20:45:20,525 : INFO : Mode.game : Player added successfully. Total players: 1
2025-05-15 20:45:20,526 : INFO : EventManager : Event: ======'player_index'====== Args={'value': 0, 'prev_value': 0, 'change': 0, 'player_num': 1}
2025-05-15 20:45:20,526 : INFO : EventManager : Event: ======'player_number'====== Args={'value': 1, 'prev_value': 1, 'change': 0, 'player_num': 1}
2025-05-15 20:45:20,527 : INFO : EventManager : Event: ======'player_score'====== Args={'value': 0, 'prev_value': 0, 'change': 0, 'player_num': 1}
2025-05-15 20:45:20,527 : INFO : EventManager : Event: ======'game_started'====== Args={}
2025-05-15 20:45:20,529 : INFO : EventManager : Event: ======'player_turn_will_start'====== Args={'player': <Player 1>, 'number': 1}
2025-05-15 20:45:20,529 : INFO : EventManager : Event: ======'player_turn_starting'====== Args={'player': <Player 1>, 'number': 1}
2025-05-15 20:45:20,529 : INFO : EventManager : Event: ======'player_ball'====== Args={'value': 1, 'prev_value': 0, 'change': 1, 'player_num': 1}
2025-05-15 20:45:20,532 : INFO : EventManager : Event: ======'player_turn_started'====== Args={'player': <Player 1>, 'number': 1}
2025-05-15 20:45:20,540 : INFO : EventManager : Event: ======'ball_will_start'====== Args={'player': 1, 'ball': 1, 'balls_remaining': 2, 'is_extra_ball': False}
2025-05-15 20:45:20,541 : INFO : EventManager : Event: ======'ball_starting'====== Args={'player': 1, 'ball': 1, 'balls_remaining': 2, 'is_extra_ball': False}
2025-05-15 20:45:20,541 : INFO : EventManager : Event: ======'mode_base_will_start'====== Args={'queue': <QueuedEvent>, 'player': 1, 'ball': 1, 'balls_remaining': 2, 'is_extra_ball': False}
2025-05-15 20:45:20,542 : INFO : EventManager : Event: ======'player_shot_left_ramp_enabled'====== Args={'value': True, 'prev_value': 0, 'change': 1, 'player_num': 1}
2025-05-15 20:45:20,545 : INFO : EventManager : Event: ======'mode_base_starting'====== Args={'queue': <QueuedEvent>, 'player': 1, 'ball': 1, 'balls_remaining': 2, 'is_extra_ball': False}
2025-05-15 20:45:20,547 : INFO : Mode.base : Started. Priority: 100
2025-05-15 20:45:20,547 : INFO : EventManager : Event: ======'modes_active_modes_changed'====== Args={}
2025-05-15 20:45:20,547 : INFO : EventManager : Event: ======'mode_base_started'====== Args={'queue': <QueuedEvent>, 'player': 1, 'ball': 1, 'balls_remaining': 2, 'is_extra_ball': False}
2025-05-15 20:45:20,548 : INFO : EventManager : Event: ======'start_mode_jets'====== Args={'priority': 0}
2025-05-15 20:45:20,550 : INFO : EventManager : Event: ======'mode_jets_will_start'====== Args={'priority': 0}
2025-05-15 20:45:20,551 : INFO : EventManager : Event: ======'player_shot_jet_left_enabled'====== Args={'value': True, 'prev_value': 0, 'change': 1, 'player_num': 1}
2025-05-15 20:45:20,552 : INFO : EventManager : Event: ======'player_shot_jet_right_enabled'====== Args={'value': True, 'prev_value': 0, 'change': 1, 'player_num': 1}
2025-05-15 20:45:20,553 : INFO : EventManager : Event: ======'player_shot_s_jet_upper_enabled'====== Args={'value': True, 'prev_value': 0, 'change': 1, 'player_num': 1}
2025-05-15 20:45:20,554 : INFO : EventManager : Event: ======'jets_complete'====== Args={'state': 'unlit'}
2025-05-15 20:45:20,554 : INFO : EventManager : Event: ======'jets_unlit_complete'====== Args={}
2025-05-15 20:45:20,556 : INFO : EventManager : Event: ======'mode_jets_starting'====== Args={'priority': 0}
2025-05-15 20:45:20,557 : INFO : Mode.jets : Started. Priority: 200
2025-05-15 20:45:20,557 : INFO : EventManager : Event: ======'modes_active_modes_changed'====== Args={}
2025-05-15 20:45:20,557 : INFO : EventManager : Event: ======'mode_jets_started'====== Args={'priority': 0}
2025-05-15 20:45:20,558 : INFO : EventManager : Event: ======'balls_in_play'====== Args={'balls': 1}
2025-05-15 20:45:20,558 : INFO : EventManager : Event: ======'ball_started'====== Args={'player': 1, 'ball': 1, 'balls_remaining': 2, 'is_extra_ball': False}
2025-05-15 20:45:20,562 : INFO : EventManager : Event: ======'single_player_ball_started'====== Args={}
2025-05-15 20:45:20,562 : INFO : EventManager : Event: ======'ball_start_target'====== Args={'target': 'playfield'}
2025-05-15 20:45:20,562 : INFO : ball_device.bd_balltruhe : Setting up player-controlled eject. Balls: 1, Target: <playfield.playfield>, player_controlled_eject_event: None
2025-05-15 20:45:20,563 : INFO : ball_device.bd_balltruhe : Adding 1 ball(s) to the eject_queue with target <playfield.playfield>.
2025-05-15 20:45:20,563 : INFO : EventManager : Event: ======'balldevice_balls_available'====== Args={}
2025-05-15 20:45:20,565 : INFO : ball_device.bd_balltruhe : State: waiting_for_target_ready
2025-05-15 20:45:20,566 : INFO : EventManager : Event: ======'balldevice_bd_balltruhe_ball_eject_attempt'====== Args={'balls': 1, 'target': <ball_device.bd_plunger>, 'source': <ball_device.bd_balltruhe>, 'mechanical_eject': False, 'num_attempts': 0}
2025-05-15 20:45:20,567 : INFO : ball_device.bd_plunger : State: waiting_for_ball
2025-05-15 20:45:20,567 : INFO : ball_device.bd_balltruhe : State: ejecting
2025-05-15 20:45:20,568 : INFO : ball_device.bd_balltruhe : Ejecting ball to <ball_device.bd_plunger>
2025-05-15 20:45:20,568 : INFO : EventManager : Event: ======'balldevice_bd_balltruhe_ejecting_ball'====== Args={'balls': 1, 'target': <ball_device.bd_plunger>, 'source': <ball_device.bd_balltruhe>, 'mechanical_eject': False, 'num_attempts': 0}
2025-05-15 20:45:20,569 : INFO : ball_device.bd_balltruhe : Wait for ball to leave device
2025-05-15 20:45:20,569 : INFO : coil.c_drain_eject : Pulsing Driver for 22ms (1.0 pulse_power)
2025-05-15 20:45:20,646 : INFO : EventManager : Event: ======'slide_base_slide_created'====== Args={'_from_bcp': True}
2025-05-15 20:45:20,647 : INFO : EventManager : Event: ======'slide_attract_inactive'====== Args={'is_removing': True, '_from_bcp': True}
2025-05-15 20:45:20,648 : INFO : EventManager : Event: ======'slide_base_slide_active'====== Args={'original_context': 'base', 'original_calling_context': 'mode_base_started', 'priority': 100.0, 'queue': '<QueuedEvent>', 'player': 1.0, 'ball': 1.0, 'balls_remaining': 2.0, 'is_extra_ball': False, 'cmd': 'slides_play', '_from_bcp': True}
2025-05-15 20:45:20,648 : INFO : EventManager : Event: ======'slide_attract_removed'====== Args={'_from_bcp': True}
2025-05-15 20:45:21,565 : INFO : EventManager : Event: ======'balldevice_bd_balltruhe_ball_eject_failed'====== Args={'target': <ball_device.bd_plunger>, 'balls': 1, 'retry': True, 'num_attempts': 1}
2025-05-15 20:45:21,566 : INFO : ball_device.bd_balltruhe : State: waiting_for_target_ready
2025-05-15 20:45:21,568 : INFO : EventManager : Event: ======'balldevice_bd_balltruhe_ball_eject_attempt'====== Args={'balls': 1, 'target': <ball_device.bd_plunger>, 'source': <ball_device.bd_balltruhe>, 'mechanical_eject': False, 'num_attempts': 1}
2025-05-15 20:45:21,568 : INFO : ball_device.bd_balltruhe : State: ejecting
2025-05-15 20:45:21,568 : INFO : ball_device.bd_balltruhe : Ejecting ball to <ball_device.bd_plunger>
2025-05-15 20:45:21,568 : INFO : EventManager : Event: ======'balldevice_bd_balltruhe_ejecting_ball'====== Args={'balls': 1, 'target': <ball_device.bd_plunger>, 'source': <ball_device.bd_balltruhe>, 'mechanical_eject': False, 'num_attempts': 1}
2025-05-15 20:45:21,569 : INFO : ball_device.bd_balltruhe : Wait for ball to leave device
2025-05-15 20:45:21,569 : INFO : coil.c_drain_eject : Pulsing Driver for 22ms (1.0 pulse_power)
2025-05-15 20:45:22,576 : INFO : EventManager : Event: ======'balldevice_bd_balltruhe_ball_eject_failed'====== Args={'target': <ball_device.bd_plunger>, 'balls': 1, 'retry': True, 'num_attempts': 2}
2025-05-15 20:45:22,582 : INFO : ball_device.bd_balltruhe : State: waiting_for_target_ready
2025-05-15 20:45:22,582 : INFO : EventManager : Event: ======'balldevice_bd_balltruhe_ball_eject_attempt'====== Args={'balls': 1, 'target': <ball_device.bd_plunger>, 'source': <ball_device.bd_balltruhe>, 'mechanical_eject': False, 'num_attempts': 2}
2025-05-15 20:45:22,583 : INFO : ball_device.bd_balltruhe : State: ejecting
2025-05-15 20:45:22,583 : INFO : ball_device.bd_balltruhe : Ejecting ball to <ball_device.bd_plunger>
2025-05-15 20:45:22,583 : INFO : EventManager : Event: ======'balldevice_bd_balltruhe_ejecting_ball'====== Args={'balls': 1, 'target': <ball_device.bd_plunger>, 'source': <ball_device.bd_balltruhe>, 'mechanical_eject': False, 'num_attempts': 2}
2025-05-15 20:45:22,584 : INFO : ball_device.bd_balltruhe : Wait for ball to leave device
2025-05-15 20:45:22,584 : INFO : coil.c_drain_eject : Pulsing Driver for 22ms (1.0 pulse_power)
2025-05-15 20:45:23,594 : INFO : EventManager : Event: ======'balldevice_bd_balltruhe_ball_eject_failed'====== Args={'target': <ball_device.bd_plunger>, 'balls': 1, 'retry': True, 'num_attempts': 3}
2025-05-15 20:45:23,599 : INFO : ball_device.bd_balltruhe : State: waiting_for_target_ready
2025-05-15 20:45:23,599 : INFO : EventManager : Event: ======'balldevice_bd_balltruhe_ball_eject_attempt'====== Args={'balls': 1, 'target': <ball_device.bd_plunger>, 'source': <ball_device.bd_balltruhe>, 'mechanical_eject': False, 'num_attempts': 3}
2025-05-15 20:45:23,600 : INFO : ball_device.bd_balltruhe : State: ejecting
2025-05-15 20:45:23,600 : INFO : ball_device.bd_balltruhe : Ejecting ball to <ball_device.bd_plunger>
2025-05-15 20:45:23,601 : INFO : EventManager : Event: ======'balldevice_bd_balltruhe_ejecting_ball'====== Args={'balls': 1, 'target': <ball_device.bd_plunger>, 'source': <ball_device.bd_balltruhe>, 'mechanical_eject': False, 'num_attempts': 3}
2025-05-15 20:45:23,601 : INFO : ball_device.bd_balltruhe : Wait for ball to leave device
2025-05-15 20:45:23,602 : INFO : coil.c_drain_eject : Pulsing Driver for 22ms (1.0 pulse_power)
2025-05-15 20:45:24,614 : INFO : EventManager : Event: ======'balldevice_bd_balltruhe_ball_eject_failed'====== Args={'target': <ball_device.bd_plunger>, 'balls': 1, 'retry': True, 'num_attempts': 4}
2025-05-15 20:45:24,617 : INFO : ball_device.bd_balltruhe : State: waiting_for_target_ready
2025-05-15 20:45:24,617 : INFO : EventManager : Event: ======'balldevice_bd_balltruhe_ball_eject_attempt'====== Args={'balls': 1, 'target': <ball_device.bd_plunger>, 'source': <ball_device.bd_balltruhe>, 'mechanical_eject': False, 'num_attempts': 4}
2025-05-15 20:45:24,618 : INFO : ball_device.bd_balltruhe : State: ejecting
2025-05-15 20:45:24,618 : INFO : ball_device.bd_balltruhe : Ejecting ball to <ball_device.bd_plunger>
2025-05-15 20:45:24,618 : INFO : EventManager : Event: ======'balldevice_bd_balltruhe_ejecting_ball'====== Args={'balls': 1, 'target': <ball_device.bd_plunger>, 'source': <ball_device.bd_balltruhe>, 'mechanical_eject': False, 'num_attempts': 4}
2025-05-15 20:45:24,619 : INFO : ball_device.bd_balltruhe : Wait for ball to leave device
2025-05-15 20:45:24,619 : INFO : coil.c_drain_eject : Pulsing Driver for 22ms (1.0 pulse_power)
2025-05-15 20:45:25,629 : INFO : EventManager : Event: ======'balldevice_bd_balltruhe_ball_eject_failed'====== Args={'target': <ball_device.bd_plunger>, 'balls': 1, 'retry': True, 'num_attempts': 5}
2025-05-15 20:45:25,631 : INFO : ball_device.bd_balltruhe : State: waiting_for_target_ready
2025-05-15 20:45:25,632 : INFO : EventManager : Event: ======'balldevice_bd_balltruhe_ball_eject_attempt'====== Args={'balls': 1, 'target': <ball_device.bd_plunger>, 'source': <ball_device.bd_balltruhe>, 'mechanical_eject': False, 'num_attempts': 5}
2025-05-15 20:45:25,632 : INFO : ball_device.bd_balltruhe : State: ejecting
2025-05-15 20:45:25,633 : INFO : ball_device.bd_balltruhe : Ejecting ball to <ball_device.bd_plunger>
2025-05-15 20:45:25,633 : INFO : EventManager : Event: ======'balldevice_bd_balltruhe_ejecting_ball'====== Args={'balls': 1, 'target': <ball_device.bd_plunger>, 'source': <ball_device.bd_balltruhe>, 'mechanical_eject': False, 'num_attempts': 5}
2025-05-15 20:45:25,635 : INFO : ball_device.bd_balltruhe : Wait for ball to leave device
2025-05-15 20:45:25,635 : INFO : coil.c_drain_eject : Pulsing Driver for 22ms (1.0 pulse_power)
2025-05-15 20:45:26,649 : INFO : EventManager : Event: ======'balldevice_bd_balltruhe_ball_eject_failed'====== Args={'target': <ball_device.bd_plunger>, 'balls': 1, 'retry': True, 'num_attempts': 6}
2025-05-15 20:45:26,652 : INFO : ball_device.bd_balltruhe : State: waiting_for_target_ready
2025-05-15 20:45:26,652 : INFO : EventManager : Event: ======'balldevice_bd_balltruhe_ball_eject_attempt'====== Args={'balls': 1, 'target': <ball_device.bd_plunger>, 'source': <ball_device.bd_balltruhe>, 'mechanical_eject': False, 'num_attempts': 6}
2025-05-15 20:45:26,653 : INFO : ball_device.bd_balltruhe : State: ejecting
2025-05-15 20:45:26,653 : INFO : ball_device.bd_balltruhe : Ejecting ball to <ball_device.bd_plunger>
2025-05-15 20:45:26,654 : INFO : EventManager : Event: ======'balldevice_bd_balltruhe_ejecting_ball'====== Args={'balls': 1, 'target': <ball_device.bd_plunger>, 'source': <ball_device.bd_balltruhe>, 'mechanical_eject': False, 'num_attempts': 6}
2025-05-15 20:45:26,654 : INFO : ball_device.bd_balltruhe : Wait for ball to leave device
2025-05-15 20:45:26,655 : INFO : coil.c_drain_eject : Pulsing Driver for 22ms (1.0 pulse_power)
2025-05-15 20:45:26,987 : INFO : Machine : Shutting down...
2025-05-15 20:45:26,988 : INFO : EventManager : Event: ======'shutdown'====== Args={}
2025-05-15 20:45:26,990 : INFO : EventManager : Event: ======'mode_game_will_stop'====== Args={}
2025-05-15 20:45:26,991 : INFO : EventManager : Event: ======'mode_game_stopping'====== Args={}
2025-05-15 20:45:26,992 : INFO : EventManager : Event: ======'mode_jets_will_stop'====== Args={}
2025-05-15 20:45:26,992 : INFO : EventManager : Event: ======'mode_jets_stopping'====== Args={}
2025-05-15 20:45:26,992 : INFO : EventManager : Event: ======'mode_base_will_stop'====== Args={}
2025-05-15 20:45:26,993 : INFO : EventManager : Event: ======'mode_base_stopping'====== Args={}
2025-05-15 20:45:26,999 : INFO : EventManager : Event: ======'stop_mode_jets'====== Args={'priority': 0}
2025-05-15 20:45:27,001 : INFO : Mode.base : Stopped.
2025-05-15 20:45:27,002 : INFO : EventManager : Event: ======'modes_active_modes_changed'====== Args={}
2025-05-15 20:45:27,003 : INFO : EventManager : Event: ======'mode_base_stopped'====== Args={}
2025-05-15 20:45:27,003 : INFO : EventManager : Event: ======'clear'====== Args={'key': 'base'}
2025-05-15 20:45:27,004 : INFO : Mode.jets : Stopped.
2025-05-15 20:45:27,005 : INFO : EventManager : Event: ======'modes_active_modes_changed'====== Args={}
2025-05-15 20:45:27,006 : INFO : EventManager : Event: ======'mode_jets_stopped'====== Args={}
2025-05-15 20:45:27,006 : INFO : EventManager : Event: ======'clear'====== Args={'key': 'jets'}
2025-05-15 20:45:27,009 : INFO : Mode.game : Stopped.
2025-05-15 20:45:27,009 : INFO : EventManager : Event: ======'modes_active_modes_changed'====== Args={}
2025-05-15 20:45:27,010 : INFO : EventManager : Event: ======'mode_game_stopped'====== Args={}
2025-05-15 20:45:27,012 : INFO : EventManager : Event: ======'clear'====== Args={'key': 'game'}
2025-05-15 20:45:27,038 : INFO : root : MPF run loop ended.
