2025-05-15 10:24:59,757 : INFO : root : Loading config.
2025-05-15 10:24:59,764 : INFO : YamlMultifileConfigLoader : Machine config file #1: config.yaml
2025-05-15 10:24:59,767 : WARNING : ConfigProcessor : Config file in cache changed: C:\supermariopinball\config\config.yaml
2025-05-15 10:24:59,767 : INFO : ConfigProcessor : Loading config from file C:\Users\Majo\AppData\Local\Programs\Python\Python312\Lib\site-packages\mpf\mpfconfig.yaml.
2025-05-15 10:24:59,783 : INFO : ConfigProcessor : Loading config: C:\Users\Majo\AppData\Local\Programs\Python\Python312\Lib\site-packages\mpf\mpfconfig.yaml
2025-05-15 10:24:59,783 : INFO : ConfigProcessor : Loading config from file C:\supermariopinball\config\config.yaml.
2025-05-15 10:24:59,783 : INFO : ConfigProcessor : Loading config: C:\supermariopinball\config\config.yaml
2025-05-15 10:24:59,783 : INFO : ConfigProcessor : Loading config: C:\supermariopinball\config\config_switches.yaml
2025-05-15 10:24:59,783 : INFO : ConfigProcessor : Loading config: C:\supermariopinball\config\config_ball_devices.yaml
2025-05-15 10:24:59,783 : INFO : ConfigProcessor : Loading config: C:\supermariopinball\config\config_coils.yaml
2025-05-15 10:24:59,783 : INFO : ConfigProcessor : Config file cache created: C:\Users\Majo\AppData\Local\Temp\49e243cdd9f1e1d25f58c376a5b1bcea.mpf_cache
2025-05-15 10:25:00,471 : WARNING : ConfigProcessor : Config file in cache changed: C:\supermariopinball\modes\attract\config\attract.yaml
2025-05-15 10:25:00,471 : INFO : ConfigProcessor : Loading config from file C:\Users\Majo\AppData\Local\Programs\Python\Python312\Lib\site-packages\mpf\modes\attract\config\attract.yaml.
2025-05-15 10:25:00,474 : INFO : ConfigProcessor : Loading config: C:\Users\Majo\AppData\Local\Programs\Python\Python312\Lib\site-packages\mpf\modes\attract\config\attract.yaml
2025-05-15 10:25:00,474 : INFO : ConfigProcessor : Loading config from file C:\supermariopinball\modes\attract\config\attract.yaml.
2025-05-15 10:25:00,476 : INFO : ConfigProcessor : Loading config: C:\supermariopinball\modes\attract\config\attract.yaml
2025-05-15 10:25:00,478 : INFO : ConfigProcessor : Config file cache created: C:\Users\Majo\AppData\Local\Temp\d702bac24e056f3176be89df8780b321.mpf_cache
2025-05-15 10:25:00,478 : INFO : ConfigProcessor : Loading config from cache: C:\Users\Majo\AppData\Local\Temp\73f6dfef7f206545518fd71aa2c5591c.mpf_cache
2025-05-15 10:25:00,482 : INFO : ConfigProcessor : Loading config from cache: C:\Users\Majo\AppData\Local\Temp\d702bac24e056f3176be89df8780b321.mpf_cache
2025-05-15 10:25:00,483 : INFO : ConfigProcessor : Loading config from cache: C:\Users\Majo\AppData\Local\Temp\8a05a22d50c9fd6520be5872b6dcd994.mpf_cache
2025-05-15 10:25:00,484 : INFO : Machine : Mission Pinball Framework Core Engine v0.80.0.dev7
2025-05-15 10:25:00,484 : INFO : Machine : Command line arguments: {'no_load_cache': False, 'create_config_cache': True, 'bcp': False, 'configfile': ['config.yaml'], 'force_assets_load': False, 'platform_integration_test': False, 'jsonlogging': False, 'logfile': 'logs\\2025-05-15-10-24-59-mpf-LX15.log', 'pause': False, 'production': False, 'text_ui': False, 'loglevel': 15, 'consoleloglevel': 20, 'force_platform': 'virtual', 'syslog_address': None, 'full_logfile_path': 'C:\\supermariopinball\\logs\\2025-05-15-10-24-59-mpf-LX15.log'}
2025-05-15 10:25:00,484 : INFO : Machine : MPF path: C:\Users\Majo\AppData\Local\Programs\Python\Python312\Lib\site-packages\mpf
2025-05-15 10:25:00,484 : INFO : Machine : Machine path: C:\supermariopinball
2025-05-15 10:25:00,484 : INFO : Machine : Platform: win32
2025-05-15 10:25:00,484 : INFO : Machine : Python executable location: C:\Users\Majo\AppData\Local\Programs\Python\Python312\python.exe
2025-05-15 10:25:00,484 : INFO : Machine : Python version: 3.12.7 (64-bit)
2025-05-15 10:25:00,493 : INFO : Machine : Initializing MPF...
2025-05-15 10:25:01,098 : INFO : EventManager : Event: ======'machine_var_credits_string'====== Args={'value': 'FREE PLAY', 'prev_value': None, 'change': True}
2025-05-15 10:25:01,241 : INFO : EventManager : Event: ======'machine_var_master_volume'====== Args={'value': 0.5, 'prev_value': None, 'change': True}
2025-05-15 10:25:01,241 : INFO : EventManager : Event: ======'machine_var_mpf_version'====== Args={'value': 'Mission Pinball Framework v0.80.0.dev7', 'prev_value': None, 'change': True}
2025-05-15 10:25:01,241 : INFO : EventManager : Event: ======'machine_var_mpf_extended_version'====== Args={'value': 'Mission Pinball Framework v0.80.0.dev7, Config version:6, Show version: 6, BCP version:1.1', 'prev_value': None, 'change': True}
2025-05-15 10:25:01,242 : INFO : EventManager : Event: ======'machine_var_python_version'====== Args={'value': '3.12.7', 'prev_value': None, 'change': True}
2025-05-15 10:25:01,535 : INFO : EventManager : Event: ======'machine_var_platform'====== Args={'value': 'Windows-11-10.0.26100-SP0', 'prev_value': None, 'change': True}
2025-05-15 10:25:01,535 : INFO : EventManager : Event: ======'machine_var_platform_system'====== Args={'value': 'Windows', 'prev_value': None, 'change': True}
2025-05-15 10:25:01,535 : INFO : EventManager : Event: ======'machine_var_platform_release'====== Args={'value': '11', 'prev_value': None, 'change': True}
2025-05-15 10:25:01,535 : INFO : EventManager : Event: ======'machine_var_platform_version'====== Args={'value': '10.0.26100', 'prev_value': None, 'change': True}
2025-05-15 10:25:01,535 : INFO : EventManager : Event: ======'machine_var_platform_machine'====== Args={'value': 'AMD64', 'prev_value': None, 'change': True}
2025-05-15 10:25:01,535 : INFO : EventManager : Event: ======'machine_var_log_file_path'====== Args={'value': 'C:\\supermariopinball\\logs\\2025-05-15-10-24-59-mpf-LX15.log', 'prev_value': None, 'change': True}
2025-05-15 10:25:01,537 : INFO : EventManager : Event: ======'init_phase_1'====== Args={}
2025-05-15 10:25:01,608 : INFO : EventManager : Event: ======'init_phase_2'====== Args={}
2025-05-15 10:25:01,610 : INFO : ball_device.bd_balltruhe : BCH: Initial count: 0
2025-05-15 10:25:01,610 : INFO : ball_device.bd_balltruhe : State: idle
2025-05-15 10:25:01,611 : INFO : ball_device.bd_plunger : BCH: Initial count: 0
2025-05-15 10:25:01,611 : INFO : ball_device.bd_plunger : State: idle
2025-05-15 10:25:01,650 : INFO : EventManager : Event: ======'init_phase_3'====== Args={}
2025-05-15 10:25:01,653 : INFO : EventManager : Event: ======'init_phase_4'====== Args={}
2025-05-15 10:25:01,655 : INFO : BallController : Initial balls found: 0
2025-05-15 10:25:01,656 : INFO : EventManager : Event: ======'machine_var_audits_switches_s_right_flipper'====== Args={'value': 0, 'prev_value': None, 'change': True}
2025-05-15 10:25:01,657 : INFO : EventManager : Event: ======'machine_var_audits_switches_s_balltruhe_2'====== Args={'value': 0, 'prev_value': None, 'change': True}
2025-05-15 10:25:01,657 : INFO : EventManager : Event: ======'machine_var_audits_switches_s_balltruhe_1'====== Args={'value': 0, 'prev_value': None, 'change': True}
2025-05-15 10:25:01,657 : INFO : EventManager : Event: ======'machine_var_audits_switches_s_balltruhe_3'====== Args={'value': 0, 'prev_value': None, 'change': True}
2025-05-15 10:25:01,657 : INFO : EventManager : Event: ======'machine_var_audits_switches_s_plunger_lane'====== Args={'value': 0, 'prev_value': None, 'change': True}
2025-05-15 10:25:01,657 : INFO : EventManager : Event: ======'machine_var_audits_switches_s_balltruhe_5'====== Args={'value': 0, 'prev_value': None, 'change': True}
2025-05-15 10:25:01,657 : INFO : EventManager : Event: ======'machine_var_audits_switches_s_left_flipper'====== Args={'value': 0, 'prev_value': None, 'change': True}
2025-05-15 10:25:01,657 : INFO : EventManager : Event: ======'machine_var_audits_switches_s_balltruhe_4'====== Args={'value': 0, 'prev_value': None, 'change': True}
2025-05-15 10:25:01,658 : INFO : EventManager : Event: ======'machine_var_audits_switches_s_balltruhe_jam'====== Args={'value': 0, 'prev_value': None, 'change': True}
2025-05-15 10:25:01,658 : INFO : EventManager : Event: ======'machine_var_audits_switches_s_balltruhe_6'====== Args={'value': 0, 'prev_value': None, 'change': True}
2025-05-15 10:25:01,658 : INFO : EventManager : Event: ======'machine_var_audits_switches_s_left_upper_flipper'====== Args={'value': 0, 'prev_value': None, 'change': True}
2025-05-15 10:25:01,658 : INFO : EventManager : Event: ======'machine_var_audits_events_game_started'====== Args={'value': 0, 'prev_value': None, 'change': True}
2025-05-15 10:25:01,658 : INFO : EventManager : Event: ======'machine_var_audits_events_game_ended'====== Args={'value': 0, 'prev_value': None, 'change': True}
2025-05-15 10:25:01,658 : INFO : EventManager : Event: ======'machine_var_audits_player_score'====== Args={'value': {'top': [], 'average': 0, 'total': 0}, 'prev_value': None, 'change': True}
2025-05-15 10:25:01,658 : INFO : EventManager : Event: ======'init_phase_5'====== Args={}
2025-05-15 10:25:01,659 : INFO : EventManager : Event: ======'init_done'====== Args={}
2025-05-15 10:25:01,659 : INFO : EventManager : Event: ======'machine_reset_phase_1'====== Args={}
2025-05-15 10:25:01,659 : INFO : EventManager : Event: ======'machine_reset_phase_2'====== Args={}
2025-05-15 10:25:01,659 : INFO : EventManager : Event: ======'machine_reset_phase_3'====== Args={}
2025-05-15 10:25:01,659 : INFO : EventManager : Event: ======'reset_complete'====== Args={}
2025-05-15 10:25:01,659 : INFO : EventManager : Event: ======'mode_attract_will_start'====== Args={}
2025-05-15 10:25:01,661 : INFO : EventManager : Event: ======'mode_attract_starting'====== Args={}
2025-05-15 10:25:01,661 : INFO : Mode.attract : Started. Priority: 10
2025-05-15 10:25:01,661 : INFO : EventManager : Event: ======'modes_active_modes_changed'====== Args={}
2025-05-15 10:25:01,661 : INFO : EventManager : Event: ======'mode_attract_started'====== Args={}
2025-05-15 10:25:01,661 : INFO : EventManager : Event: ======'collecting_balls_complete'====== Args={}
2025-05-15 10:25:01,661 : INFO : Machine : Starting the main run loop with active modes: [<Mode.attract>]
2025-05-15 10:25:14,490 : INFO : Machine : Shutting down...
2025-05-15 10:25:14,492 : INFO : EventManager : Event: ======'shutdown'====== Args={}
2025-05-15 10:25:14,499 : INFO : root : MPF run loop ended.
