2025-05-15 13:33:27,548 : INFO : root : Loading config.
2025-05-15 13:33:27,555 : INFO : YamlMultifileConfigLoader : Machine config file #1: config.yaml
2025-05-15 13:33:27,555 : INFO : ConfigProcessor : Loading config from cache: C:\Users\Majo\AppData\Local\Temp\49e243cdd9f1e1d25f58c376a5b1bcea.mpf_cache
2025-05-15 13:33:27,629 : INFO : ConfigProcessor : Loading config from cache: C:\Users\Majo\AppData\Local\Temp\d702bac24e056f3176be89df8780b321.mpf_cache
2025-05-15 13:33:27,629 : INFO : ConfigProcessor : Loading config from cache: C:\Users\Majo\AppData\Local\Temp\73f6dfef7f206545518fd71aa2c5591c.mpf_cache
2025-05-15 13:33:27,631 : INFO : ConfigProcessor : Loading config from cache: C:\Users\Majo\AppData\Local\Temp\d702bac24e056f3176be89df8780b321.mpf_cache
2025-05-15 13:33:27,632 : INFO : ConfigProcessor : Loading config from cache: C:\Users\Majo\AppData\Local\Temp\8a05a22d50c9fd6520be5872b6dcd994.mpf_cache
2025-05-15 13:33:27,632 : INFO : ConfigProcessor : Loading config from cache: C:\Users\Majo\AppData\Local\Temp\88b7623af3bb19725041b5cfdd7b04ce.mpf_cache
2025-05-15 13:33:27,633 : WARNING : ConfigProcessor : Config file in cache changed: C:\supermariopinball\modes\hurryup\config\hurryup.yaml
2025-05-15 13:33:27,633 : INFO : ConfigProcessor : Loading config from file C:\supermariopinball\modes\hurryup\config\hurryup.yaml.
2025-05-15 13:33:27,637 : INFO : ConfigProcessor : Loading config: C:\supermariopinball\modes\hurryup\config\hurryup.yaml
2025-05-15 13:33:27,638 : INFO : ConfigProcessor : Config file cache created: C:\Users\Majo\AppData\Local\Temp\aa12f098217c7290111d8dab11849bdf.mpf_cache
2025-05-15 13:33:27,639 : INFO : Machine : Mission Pinball Framework Core Engine v0.80.0.dev7
2025-05-15 13:33:27,639 : INFO : Machine : Command line arguments: {'no_load_cache': False, 'create_config_cache': True, 'bcp': True, 'configfile': ['config.yaml'], 'force_assets_load': False, 'platform_integration_test': False, 'jsonlogging': False, 'logfile': 'logs\\2025-05-15-13-33-27-mpf-LX15.log', 'pause': False, 'production': False, 'text_ui': False, 'loglevel': 15, 'consoleloglevel': 20, 'force_platform': 'virtual', 'syslog_address': None, 'full_logfile_path': 'C:\\supermariopinball\\logs\\2025-05-15-13-33-27-mpf-LX15.log'}
2025-05-15 13:33:27,639 : INFO : Machine : MPF path: C:\Users\Majo\AppData\Local\Programs\Python\Python312\Lib\site-packages\mpf
2025-05-15 13:33:27,639 : INFO : Machine : Machine path: C:\supermariopinball
2025-05-15 13:33:27,639 : INFO : Machine : Platform: win32
2025-05-15 13:33:27,639 : INFO : Machine : Python executable location: C:\Users\Majo\AppData\Local\Programs\Python\Python312\python.exe
2025-05-15 13:33:27,639 : INFO : Machine : Python version: 3.12.7 (64-bit)
2025-05-15 13:33:27,643 : INFO : Machine : Initializing MPF...
2025-05-15 13:33:27,718 : INFO : EventManager : Event: ======'machine_var_credits_string'====== Args={'value': 'FREE PLAY', 'prev_value': None, 'change': True}
2025-05-15 13:33:27,734 : INFO : EventManager : Event: ======'machine_var_master_volume'====== Args={'value': 0.5, 'prev_value': None, 'change': True}
2025-05-15 13:33:27,734 : INFO : EventManager : Event: ======'machine_var_mpf_version'====== Args={'value': 'Mission Pinball Framework v0.80.0.dev7', 'prev_value': None, 'change': True}
2025-05-15 13:33:27,734 : INFO : EventManager : Event: ======'machine_var_mpf_extended_version'====== Args={'value': 'Mission Pinball Framework v0.80.0.dev7, Config version:6, Show version: 6, BCP version:1.1', 'prev_value': None, 'change': True}
2025-05-15 13:33:27,736 : INFO : EventManager : Event: ======'machine_var_python_version'====== Args={'value': '3.12.7', 'prev_value': None, 'change': True}
2025-05-15 13:33:27,840 : INFO : EventManager : Event: ======'machine_var_platform'====== Args={'value': 'Windows-11-10.0.26100-SP0', 'prev_value': None, 'change': True}
2025-05-15 13:33:27,840 : INFO : EventManager : Event: ======'machine_var_platform_system'====== Args={'value': 'Windows', 'prev_value': None, 'change': True}
2025-05-15 13:33:27,840 : INFO : EventManager : Event: ======'machine_var_platform_release'====== Args={'value': '11', 'prev_value': None, 'change': True}
2025-05-15 13:33:27,840 : INFO : EventManager : Event: ======'machine_var_platform_version'====== Args={'value': '10.0.26100', 'prev_value': None, 'change': True}
2025-05-15 13:33:27,840 : INFO : EventManager : Event: ======'machine_var_platform_machine'====== Args={'value': 'AMD64', 'prev_value': None, 'change': True}
2025-05-15 13:33:27,842 : INFO : EventManager : Event: ======'machine_var_log_file_path'====== Args={'value': 'C:\\supermariopinball\\logs\\2025-05-15-13-33-27-mpf-LX15.log', 'prev_value': None, 'change': True}
2025-05-15 13:33:27,842 : INFO : EventManager : Event: ======'init_phase_1'====== Args={}
2025-05-15 13:33:27,860 : INFO : EventManager : Event: ======'init_phase_2'====== Args={}
2025-05-15 13:33:27,860 : INFO : SwitchController : Found active switch: ('1-0-18', <Platform.Virtual>) <switch.s_balltruhe_1>
2025-05-15 13:33:27,860 : INFO : SwitchController : Found active switch: ('1-0-19', <Platform.Virtual>) <switch.s_balltruhe_2>
2025-05-15 13:33:27,860 : INFO : SwitchController : Found active switch: ('1-0-20', <Platform.Virtual>) <switch.s_balltruhe_3>
2025-05-15 13:33:27,860 : INFO : SwitchController : Found active switch: ('1-0-21', <Platform.Virtual>) <switch.s_balltruhe_4>
2025-05-15 13:33:27,860 : INFO : SwitchController : Found active switch: ('1-0-22', <Platform.Virtual>) <switch.s_balltruhe_5>
2025-05-15 13:33:27,860 : INFO : SwitchController : Found active switch: ('1-0-23', <Platform.Virtual>) <switch.s_balltruhe_6>
2025-05-15 13:33:27,862 : INFO : EventManager : Event: ======'bcp_connection_attempt'====== Args={'name': 'local_display', 'host': 'localhost', 'port': 5050}
2025-05-15 13:33:27,863 : INFO : BCPClientSocket : Connecting BCP to 'local_display' at localhost:5050...
2025-05-15 13:33:27,875 : INFO : BCPClientSocket : Connected BCP to 'local_display' localhost:5050
2025-05-15 13:33:27,876 : INFO : EventManager : Event: ======'bcp_clients_connected'====== Args={}
2025-05-15 13:33:27,876 : INFO : ball_device.bd_balltruhe : BCH: Initial count: 6
2025-05-15 13:33:27,876 : INFO : ball_device.bd_balltruhe : State: idle
2025-05-15 13:33:27,877 : INFO : ball_device.bd_plunger : BCH: Initial count: 0
2025-05-15 13:33:27,877 : INFO : ball_device.bd_plunger : State: idle
2025-05-15 13:33:27,886 : INFO : EventManager : Event: ======'init_phase_3'====== Args={}
2025-05-15 13:33:27,889 : INFO : EventManager : Event: ======'init_phase_4'====== Args={}
2025-05-15 13:33:27,889 : INFO : BallController : Initial balls found: 6
2025-05-15 13:33:27,890 : INFO : EventManager : Event: ======'machine_var_audits_events_game_ended'====== Args={'value': 0, 'prev_value': None, 'change': True}
2025-05-15 13:33:27,890 : INFO : EventManager : Event: ======'machine_var_audits_events_game_started'====== Args={'value': 5, 'prev_value': None, 'change': True}
2025-05-15 13:33:27,890 : INFO : EventManager : Event: ======'machine_var_audits_missing_switches_s_balltruhe_1'====== Args={'value': 5, 'prev_value': None, 'change': True}
2025-05-15 13:33:27,890 : INFO : EventManager : Event: ======'machine_var_audits_missing_switches_s_balltruhe_2'====== Args={'value': 5, 'prev_value': None, 'change': True}
2025-05-15 13:33:27,890 : INFO : EventManager : Event: ======'machine_var_audits_missing_switches_s_balltruhe_3'====== Args={'value': 5, 'prev_value': None, 'change': True}
2025-05-15 13:33:27,890 : INFO : EventManager : Event: ======'machine_var_audits_missing_switches_s_balltruhe_4'====== Args={'value': 5, 'prev_value': None, 'change': True}
2025-05-15 13:33:27,890 : INFO : EventManager : Event: ======'machine_var_audits_missing_switches_s_balltruhe_5'====== Args={'value': 5, 'prev_value': None, 'change': True}
2025-05-15 13:33:27,890 : INFO : EventManager : Event: ======'machine_var_audits_missing_switches_s_balltruhe_6'====== Args={'value': 5, 'prev_value': None, 'change': True}
2025-05-15 13:33:27,890 : INFO : EventManager : Event: ======'machine_var_audits_missing_switches_s_balltruhe_jam'====== Args={'value': 5, 'prev_value': None, 'change': True}
2025-05-15 13:33:27,890 : INFO : EventManager : Event: ======'machine_var_audits_missing_switches_s_flipper_left'====== Args={'value': 5, 'prev_value': None, 'change': True}
2025-05-15 13:33:27,890 : INFO : EventManager : Event: ======'machine_var_audits_missing_switches_s_flipper_right'====== Args={'value': 5, 'prev_value': None, 'change': True}
2025-05-15 13:33:27,890 : INFO : EventManager : Event: ======'machine_var_audits_missing_switches_s_jet_left'====== Args={'value': 2, 'prev_value': None, 'change': True}
2025-05-15 13:33:27,890 : INFO : EventManager : Event: ======'machine_var_audits_missing_switches_s_jet_right'====== Args={'value': 2, 'prev_value': None, 'change': True}
2025-05-15 13:33:27,890 : INFO : EventManager : Event: ======'machine_var_audits_missing_switches_s_jet_upper'====== Args={'value': 2, 'prev_value': None, 'change': True}
2025-05-15 13:33:27,891 : INFO : EventManager : Event: ======'machine_var_audits_missing_switches_s_plunger_lane'====== Args={'value': 5, 'prev_value': None, 'change': True}
2025-05-15 13:33:27,891 : INFO : EventManager : Event: ======'machine_var_audits_missing_switches_s_start'====== Args={'value': 3, 'prev_value': None, 'change': True}
2025-05-15 13:33:27,891 : INFO : EventManager : Event: ======'machine_var_audits_missing_switches_s_upper_flipper'====== Args={'value': 5, 'prev_value': None, 'change': True}
2025-05-15 13:33:27,891 : INFO : EventManager : Event: ======'machine_var_audits_player_score'====== Args={'value': {'average': 0, 'top': [], 'total': 0}, 'prev_value': None, 'change': True}
2025-05-15 13:33:27,891 : INFO : EventManager : Event: ======'machine_var_audits_shots_hurryup'====== Args={'value': 3, 'prev_value': None, 'change': True}
2025-05-15 13:33:27,891 : INFO : EventManager : Event: ======'machine_var_audits_shots_jet_left'====== Args={'value': 16, 'prev_value': None, 'change': True}
2025-05-15 13:33:27,891 : INFO : EventManager : Event: ======'machine_var_audits_shots_jet_right'====== Args={'value': 15, 'prev_value': None, 'change': True}
2025-05-15 13:33:27,891 : INFO : EventManager : Event: ======'machine_var_audits_shots_left_ramp'====== Args={'value': 8, 'prev_value': None, 'change': True}
2025-05-15 13:33:27,891 : INFO : EventManager : Event: ======'machine_var_audits_shots_s_jet_upper'====== Args={'value': 11, 'prev_value': None, 'change': True}
2025-05-15 13:33:27,891 : INFO : EventManager : Event: ======'machine_var_audits_switches_s_balltruhe_1'====== Args={'value': 0, 'prev_value': None, 'change': True}
2025-05-15 13:33:27,891 : INFO : EventManager : Event: ======'machine_var_audits_switches_s_balltruhe_2'====== Args={'value': 0, 'prev_value': None, 'change': True}
2025-05-15 13:33:27,891 : INFO : EventManager : Event: ======'machine_var_audits_switches_s_balltruhe_3'====== Args={'value': 0, 'prev_value': None, 'change': True}
2025-05-15 13:33:27,891 : INFO : EventManager : Event: ======'machine_var_audits_switches_s_balltruhe_4'====== Args={'value': 0, 'prev_value': None, 'change': True}
2025-05-15 13:33:27,891 : INFO : EventManager : Event: ======'machine_var_audits_switches_s_balltruhe_5'====== Args={'value': 0, 'prev_value': None, 'change': True}
2025-05-15 13:33:27,891 : INFO : EventManager : Event: ======'machine_var_audits_switches_s_balltruhe_6'====== Args={'value': 0, 'prev_value': None, 'change': True}
2025-05-15 13:33:27,891 : INFO : EventManager : Event: ======'machine_var_audits_switches_s_balltruhe_jam'====== Args={'value': 0, 'prev_value': None, 'change': True}
2025-05-15 13:33:27,891 : INFO : EventManager : Event: ======'machine_var_audits_switches_s_flipper_left'====== Args={'value': 0, 'prev_value': None, 'change': True}
2025-05-15 13:33:27,891 : INFO : EventManager : Event: ======'machine_var_audits_switches_s_flipper_right'====== Args={'value': 0, 'prev_value': None, 'change': True}
2025-05-15 13:33:27,891 : INFO : EventManager : Event: ======'machine_var_audits_switches_s_jet_left'====== Args={'value': 16, 'prev_value': None, 'change': True}
2025-05-15 13:33:27,891 : INFO : EventManager : Event: ======'machine_var_audits_switches_s_jet_right'====== Args={'value': 15, 'prev_value': None, 'change': True}
2025-05-15 13:33:27,892 : INFO : EventManager : Event: ======'machine_var_audits_switches_s_jet_upper'====== Args={'value': 11, 'prev_value': None, 'change': True}
2025-05-15 13:33:27,892 : INFO : EventManager : Event: ======'machine_var_audits_switches_s_plunger_lane'====== Args={'value': 0, 'prev_value': None, 'change': True}
2025-05-15 13:33:27,892 : INFO : EventManager : Event: ======'machine_var_audits_switches_s_ramp_left_opto'====== Args={'value': 8, 'prev_value': None, 'change': True}
2025-05-15 13:33:27,892 : INFO : EventManager : Event: ======'machine_var_audits_switches_s_start'====== Args={'value': 1, 'prev_value': None, 'change': True}
2025-05-15 13:33:27,892 : INFO : EventManager : Event: ======'machine_var_audits_switches_s_upper_flipper'====== Args={'value': 0, 'prev_value': None, 'change': True}
2025-05-15 13:33:27,892 : INFO : EventManager : Event: ======'init_phase_5'====== Args={}
2025-05-15 13:33:27,892 : INFO : EventManager : Event: ======'init_done'====== Args={}
2025-05-15 13:33:27,892 : INFO : EventManager : Event: ======'machine_reset_phase_1'====== Args={}
2025-05-15 13:33:27,899 : INFO : EventManager : Event: ======'machine_reset_phase_2'====== Args={}
2025-05-15 13:33:27,899 : INFO : EventManager : Event: ======'machine_reset_phase_3'====== Args={}
2025-05-15 13:33:27,899 : INFO : EventManager : Event: ======'reset_complete'====== Args={}
2025-05-15 13:33:27,899 : INFO : EventManager : Event: ======'mode_attract_will_start'====== Args={}
2025-05-15 13:33:27,899 : INFO : Timer.attract_carousel_timer : Starting Timer.
2025-05-15 13:33:27,899 : INFO : EventManager : Event: ======'timer_attract_carousel_timer_started'====== Args={'ticks': 0, 'ticks_remaining': 1}
2025-05-15 13:33:27,899 : INFO : EventManager : Event: ======'timer_attract_carousel_timer_tick'====== Args={'ticks': 0, 'ticks_remaining': 1}
2025-05-15 13:33:27,902 : INFO : EventManager : Event: ======'mode_attract_starting'====== Args={}
2025-05-15 13:33:27,902 : INFO : Mode.attract : Started. Priority: 10
2025-05-15 13:33:27,902 : INFO : EventManager : Event: ======'modes_active_modes_changed'====== Args={}
2025-05-15 13:33:27,902 : INFO : EventManager : Event: ======'mode_attract_started'====== Args={}
2025-05-15 13:33:27,903 : INFO : EventManager : Event: ======'collecting_balls_complete'====== Args={}
2025-05-15 13:33:27,903 : INFO : EventManager : Event: ======'item_highlighted'====== Args={'carousel': 'attract', 'direction': None, 'item': 'title'}
2025-05-15 13:33:27,903 : INFO : EventManager : Event: ======'timer_attract_carousel_timer_tick'====== Args={'ticks': 0, 'ticks_remaining': 1}
2025-05-15 13:33:27,904 : INFO : Machine : Starting the main run loop with active modes: [<Mode.attract>]
2025-05-15 13:33:27,955 : INFO : EventManager : Event: ======'slide_attract_created'====== Args={'_from_bcp': True}
2025-05-15 13:33:27,955 : INFO : EventManager : Event: ======'slide__removed'====== Args={'_from_bcp': True}
2025-05-15 13:33:27,957 : INFO : EventManager : Event: ======'slide_attract_active'====== Args={'original_context': 'attract', 'original_calling_context': 'mode_attract_started', 'priority': 10.0, 'cmd': 'slides_play', '_from_bcp': True}
2025-05-15 13:33:32,896 : INFO : Timer.attract_carousel_timer : Timer Complete
2025-05-15 13:33:32,896 : INFO : Timer.attract_carousel_timer : Stopping Timer
2025-05-15 13:33:32,896 : INFO : EventManager : Event: ======'timer_attract_carousel_timer_stopped'====== Args={'ticks': 1, 'ticks_remaining': 1}
2025-05-15 13:33:32,896 : INFO : EventManager : Event: ======'timer_attract_carousel_timer_complete'====== Args={'ticks': 1, 'ticks_remaining': 1}
2025-05-15 13:33:32,896 : INFO : EventManager : Event: ======'item_highlighted'====== Args={'carousel': 'attract', 'direction': 'forwards', 'item': 'credits'}
2025-05-15 13:33:32,898 : INFO : Timer.attract_carousel_timer : Starting Timer.
2025-05-15 13:33:32,898 : INFO : EventManager : Event: ======'timer_attract_carousel_timer_started'====== Args={'ticks': 0, 'ticks_remaining': 1}
2025-05-15 13:33:32,898 : INFO : EventManager : Event: ======'timer_attract_carousel_timer_tick'====== Args={'ticks': 0, 'ticks_remaining': 1}
2025-05-15 13:33:33,072 : INFO : SwitchController : <<<<<<< 's_start' active >>>>>>>
2025-05-15 13:33:33,121 : INFO : SwitchController : <<<<<<< 's_start' inactive >>>>>>>
2025-05-15 13:33:33,121 : INFO : EventManager : Event: ======'request_to_start_game'====== Args={}
2025-05-15 13:33:33,121 : INFO : EventManager : Event: ======'game_start'====== Args={'buttons': [], 'hold_time': 0.0470000000204891}
2025-05-15 13:33:33,121 : INFO : EventManager : Event: ======'mode_game_will_start'====== Args={'buttons': [], 'hold_time': 0.0470000000204891}
2025-05-15 13:33:33,122 : INFO : EventManager : Event: ======'mode_game_starting'====== Args={'buttons': [], 'hold_time': 0.0470000000204891}
2025-05-15 13:33:33,122 : INFO : EventManager : Event: ======'mode_attract_will_stop'====== Args={}
2025-05-15 13:33:33,122 : INFO : EventManager : Event: ======'mode_attract_stopping'====== Args={}
2025-05-15 13:33:33,122 : INFO : Mode.attract : Stopped.
2025-05-15 13:33:33,122 : INFO : EventManager : Event: ======'modes_active_modes_changed'====== Args={}
2025-05-15 13:33:33,122 : INFO : EventManager : Event: ======'mode_attract_stopped'====== Args={}
2025-05-15 13:33:33,122 : INFO : EventManager : Event: ======'clear'====== Args={'key': 'attract'}
2025-05-15 13:33:33,122 : INFO : Timer.attract_carousel_timer : Stopping Timer
2025-05-15 13:33:33,122 : INFO : EventManager : Event: ======'timer_attract_carousel_timer_stopped'====== Args={'ticks': 0, 'ticks_remaining': 1}
2025-05-15 13:33:33,122 : INFO : Mode.game : Started. Priority: 20
2025-05-15 13:33:33,122 : INFO : EventManager : Event: ======'modes_active_modes_changed'====== Args={}
2025-05-15 13:33:33,122 : INFO : EventManager : Event: ======'mode_game_started'====== Args={'buttons': [], 'hold_time': 0.0470000000204891}
2025-05-15 13:33:33,123 : INFO : EventManager : Event: ======'game_will_start'====== Args={}
2025-05-15 13:33:33,123 : INFO : EventManager : Event: ======'game_starting'====== Args={'game': <Mode.game>}
2025-05-15 13:33:33,123 : INFO : EventManager : Unordered handler for class <Auditor> on event game_ended with priority 1. Handlers: [RegisteredHandler(callback=<bound method Auditor.disable of <Auditor>>, priority=1, kwargs={}, key=UUID('c8832aee-fac7-456f-98c3-b3725e1391e6'), condition=None, blocking_facility=None), RegisteredHandler(callback=<bound method Auditor._save_audits of <Auditor>>, priority=1, kwargs={}, key=UUID('5893651f-74e7-4498-b532-b4864d494d9c'), condition=None, blocking_facility=None)]. The order of those handlers is not defined and they will be executed in random order. This might lead to race conditions and potential bugs.
2025-05-15 13:33:33,123 : INFO : EventManager : Event: ======'player_add_request'====== Args={}
2025-05-15 13:33:33,123 : INFO : EventManager : Event: ======'player_will_add'====== Args={'number': 1}
2025-05-15 13:33:33,123 : INFO : EventManager : Event: ======'player_adding'====== Args={'player': <Player 1>, 'number': 1}
2025-05-15 13:33:33,123 : INFO : EventManager : Event: ======'player_added'====== Args={'player': <Player 1>, 'num': 1}
2025-05-15 13:33:33,123 : INFO : Mode.game : Player added successfully. Total players: 1
2025-05-15 13:33:33,124 : INFO : EventManager : Event: ======'player_index'====== Args={'value': 0, 'prev_value': 0, 'change': 0, 'player_num': 1}
2025-05-15 13:33:33,124 : INFO : EventManager : Event: ======'player_number'====== Args={'value': 1, 'prev_value': 1, 'change': 0, 'player_num': 1}
2025-05-15 13:33:33,124 : INFO : EventManager : Event: ======'player_score'====== Args={'value': 0, 'prev_value': 0, 'change': 0, 'player_num': 1}
2025-05-15 13:33:33,124 : INFO : EventManager : Event: ======'game_started'====== Args={}
2025-05-15 13:33:33,125 : INFO : EventManager : Event: ======'player_turn_will_start'====== Args={'player': <Player 1>, 'number': 1}
2025-05-15 13:33:33,125 : INFO : EventManager : Event: ======'player_turn_starting'====== Args={'player': <Player 1>, 'number': 1}
2025-05-15 13:33:33,125 : INFO : EventManager : Event: ======'player_ball'====== Args={'value': 1, 'prev_value': 0, 'change': 1, 'player_num': 1}
2025-05-15 13:33:33,125 : INFO : EventManager : Event: ======'player_turn_started'====== Args={'player': <Player 1>, 'number': 1}
2025-05-15 13:33:33,128 : INFO : EventManager : Event: ======'ball_will_start'====== Args={'player': 1, 'ball': 1, 'balls_remaining': 2, 'is_extra_ball': False}
2025-05-15 13:33:33,128 : INFO : EventManager : Event: ======'ball_starting'====== Args={'player': 1, 'ball': 1, 'balls_remaining': 2, 'is_extra_ball': False}
2025-05-15 13:33:33,128 : INFO : EventManager : Event: ======'mode_base_will_start'====== Args={'queue': <QueuedEvent>, 'player': 1, 'ball': 1, 'balls_remaining': 2, 'is_extra_ball': False}
2025-05-15 13:33:33,128 : INFO : EventManager : Event: ======'player_shot_left_ramp_enabled'====== Args={'value': True, 'prev_value': 0, 'change': 1, 'player_num': 1}
2025-05-15 13:33:33,129 : INFO : EventManager : Event: ======'mode_base_starting'====== Args={'queue': <QueuedEvent>, 'player': 1, 'ball': 1, 'balls_remaining': 2, 'is_extra_ball': False}
2025-05-15 13:33:33,129 : INFO : Mode.base : Started. Priority: 100
2025-05-15 13:33:33,129 : INFO : EventManager : Event: ======'modes_active_modes_changed'====== Args={}
2025-05-15 13:33:33,129 : INFO : EventManager : Event: ======'mode_base_started'====== Args={'queue': <QueuedEvent>, 'player': 1, 'ball': 1, 'balls_remaining': 2, 'is_extra_ball': False}
2025-05-15 13:33:33,130 : INFO : EventManager : Event: ======'start_mode_jets'====== Args={'priority': 0}
2025-05-15 13:33:33,130 : INFO : EventManager : Event: ======'mode_jets_will_start'====== Args={'priority': 0}
2025-05-15 13:33:33,130 : INFO : EventManager : Event: ======'player_shot_jet_left_enabled'====== Args={'value': True, 'prev_value': 0, 'change': 1, 'player_num': 1}
2025-05-15 13:33:33,130 : INFO : EventManager : Event: ======'player_shot_jet_right_enabled'====== Args={'value': True, 'prev_value': 0, 'change': 1, 'player_num': 1}
2025-05-15 13:33:33,131 : INFO : EventManager : Event: ======'player_shot_s_jet_upper_enabled'====== Args={'value': True, 'prev_value': 0, 'change': 1, 'player_num': 1}
2025-05-15 13:33:33,131 : INFO : EventManager : Event: ======'jets_complete'====== Args={'state': 'unlit'}
2025-05-15 13:33:33,131 : INFO : EventManager : Event: ======'jets_unlit_complete'====== Args={}
2025-05-15 13:33:33,131 : INFO : EventManager : Event: ======'mode_jets_starting'====== Args={'priority': 0}
2025-05-15 13:33:33,131 : INFO : Mode.jets : Started. Priority: 200
2025-05-15 13:33:33,131 : INFO : EventManager : Event: ======'modes_active_modes_changed'====== Args={}
2025-05-15 13:33:33,131 : INFO : EventManager : Event: ======'mode_jets_started'====== Args={'priority': 0}
2025-05-15 13:33:33,131 : INFO : EventManager : Event: ======'balls_in_play'====== Args={'balls': 1}
2025-05-15 13:33:33,131 : INFO : EventManager : Event: ======'ball_started'====== Args={'player': 1, 'ball': 1, 'balls_remaining': 2, 'is_extra_ball': False}
2025-05-15 13:33:33,132 : INFO : EventManager : Event: ======'single_player_ball_started'====== Args={}
2025-05-15 13:33:33,132 : INFO : EventManager : Event: ======'ball_start_target'====== Args={'target': 'playfield'}
2025-05-15 13:33:33,132 : INFO : ball_device.bd_balltruhe : Setting up player-controlled eject. Balls: 1, Target: <playfield.playfield>, player_controlled_eject_event: None
2025-05-15 13:33:33,132 : INFO : ball_device.bd_balltruhe : Adding 1 ball(s) to the eject_queue with target <playfield.playfield>.
2025-05-15 13:33:33,132 : INFO : EventManager : Event: ======'balldevice_balls_available'====== Args={}
2025-05-15 13:33:33,133 : INFO : ball_device.bd_balltruhe : State: waiting_for_target_ready
2025-05-15 13:33:33,133 : INFO : EventManager : Event: ======'balldevice_bd_balltruhe_ball_eject_attempt'====== Args={'balls': 1, 'target': <ball_device.bd_plunger>, 'source': <ball_device.bd_balltruhe>, 'mechanical_eject': False, 'num_attempts': 0}
2025-05-15 13:33:33,133 : INFO : ball_device.bd_plunger : State: waiting_for_ball
2025-05-15 13:33:33,133 : INFO : ball_device.bd_balltruhe : State: ejecting
2025-05-15 13:33:33,133 : INFO : ball_device.bd_balltruhe : Ejecting ball to <ball_device.bd_plunger>
2025-05-15 13:33:33,133 : INFO : EventManager : Event: ======'balldevice_bd_balltruhe_ejecting_ball'====== Args={'balls': 1, 'target': <ball_device.bd_plunger>, 'source': <ball_device.bd_balltruhe>, 'mechanical_eject': False, 'num_attempts': 0}
2025-05-15 13:33:33,133 : INFO : ball_device.bd_balltruhe : Wait for ball to leave device
2025-05-15 13:33:33,134 : INFO : coil.c_drain_eject : Pulsing Driver for 22ms (1.0 pulse_power)
2025-05-15 13:33:33,142 : INFO : EventManager : Event: ======'slide_base_slide_created'====== Args={'_from_bcp': True}
2025-05-15 13:33:33,144 : INFO : EventManager : Event: ======'slide_attract_inactive'====== Args={'is_removing': True, '_from_bcp': True}
2025-05-15 13:33:33,144 : INFO : EventManager : Event: ======'slide_base_slide_active'====== Args={'original_context': 'base', 'original_calling_context': 'mode_base_started', 'priority': 100.0, 'queue': '<QueuedEvent>', 'player': 1.0, 'ball': 1.0, 'balls_remaining': 2.0, 'is_extra_ball': False, 'cmd': 'slides_play', '_from_bcp': True}
2025-05-15 13:33:33,144 : INFO : EventManager : Event: ======'slide_attract_removed'====== Args={'_from_bcp': True}
2025-05-15 13:33:34,121 : INFO : SwitchController : <<<<<<< 's_ramp_left_opto' active >>>>>>>
2025-05-15 13:33:34,121 : INFO : EventManager : Event: ======'playfield_active'====== Args={'source': 'hurryup'}
2025-05-15 13:33:34,121 : INFO : EventManager : Event: ======'unexpected_ball_on_playfield'====== Args={}
2025-05-15 13:33:34,121 : INFO : EventManager : Event: ======'playfield_active'====== Args={'source': 'left_ramp'}
2025-05-15 13:33:34,122 : INFO : EventManager : Event: ======'unexpected_ball_on_playfield'====== Args={}
2025-05-15 13:33:34,122 : INFO : EventManager : Event: ======'s_ramp_left_opto_active'====== Args={}
2025-05-15 13:33:34,122 : INFO : EventManager : Event: ======'machine_var_audits_switches_s_ramp_left_opto'====== Args={'value': 9, 'prev_value': 8, 'change': 1}
2025-05-15 13:33:34,122 : INFO : EventManager : Event: ======'player_shot_left_ramp'====== Args={'value': 1, 'prev_value': 0, 'change': 1, 'player_num': 1}
2025-05-15 13:33:34,122 : INFO : EventManager : Event: ======'machine_var_audits_shots_left_ramp'====== Args={'value': 9, 'prev_value': 8, 'change': 1}
2025-05-15 13:33:34,123 : INFO : EventManager : Event: ======'left_ramp_hit'====== Args={'profile': 'default', 'state': 'unlit', 'advancing': True}
2025-05-15 13:33:34,123 : INFO : EventManager : Event: ======'left_ramp_default_hit'====== Args={'profile': 'default', 'state': 'unlit', 'advancing': True}
2025-05-15 13:33:34,123 : INFO : EventManager : Event: ======'left_ramp_default_unlit_hit'====== Args={'profile': 'default', 'state': 'unlit', 'advancing': True}
2025-05-15 13:33:34,123 : INFO : EventManager : Event: ======'left_ramp_unlit_hit'====== Args={'profile': 'default', 'state': 'unlit', 'advancing': True}
2025-05-15 13:33:34,123 : INFO : EventManager : Event: ======'start_mode_hurryup'====== Args={'priority': 0}
2025-05-15 13:33:34,123 : INFO : EventManager : Event: ======'mode_hurryup_will_start'====== Args={'priority': 0}
2025-05-15 13:33:34,123 : INFO : EventManager : Event: ======'player_shot_hurryup_enabled'====== Args={'value': True, 'prev_value': 0, 'change': 1, 'player_num': 1}
2025-05-15 13:33:34,123 : INFO : EventManager : Event: ======'player_hurryup_hurryup_timer_tick'====== Args={'value': 0, 'prev_value': 0, 'change': 0, 'player_num': 1}
2025-05-15 13:33:34,123 : INFO : Timer.hurryup_timer : Starting Timer.
2025-05-15 13:33:34,123 : INFO : EventManager : Event: ======'timer_hurryup_timer_started'====== Args={'ticks': 0, 'ticks_remaining': 50}
2025-05-15 13:33:34,124 : INFO : EventManager : Event: ======'timer_hurryup_timer_tick'====== Args={'ticks': 0, 'ticks_remaining': 50}
2025-05-15 13:33:34,124 : INFO : EventManager : Event: ======'mode_hurryup_starting'====== Args={'priority': 0}
2025-05-15 13:33:34,124 : INFO : Mode.hurryup : Started. Priority: 1000
2025-05-15 13:33:34,124 : INFO : EventManager : Event: ======'modes_active_modes_changed'====== Args={}
2025-05-15 13:33:34,124 : INFO : EventManager : Event: ======'mode_hurryup_started'====== Args={'priority': 0}
2025-05-15 13:33:34,125 : INFO : EventManager : Event: ======'balldevice_bd_balltruhe_ball_eject_failed'====== Args={'target': <ball_device.bd_plunger>, 'balls': 1, 'retry': True, 'num_attempts': 1}
2025-05-15 13:33:34,125 : INFO : ball_device.bd_balltruhe : State: waiting_for_target_ready
2025-05-15 13:33:34,125 : INFO : EventManager : Event: ======'balldevice_bd_balltruhe_ball_eject_attempt'====== Args={'balls': 1, 'target': <ball_device.bd_plunger>, 'source': <ball_device.bd_balltruhe>, 'mechanical_eject': False, 'num_attempts': 1}
2025-05-15 13:33:34,125 : INFO : ball_device.bd_balltruhe : State: ejecting
2025-05-15 13:33:34,125 : INFO : ball_device.bd_balltruhe : Ejecting ball to <ball_device.bd_plunger>
2025-05-15 13:33:34,125 : INFO : EventManager : Event: ======'balldevice_bd_balltruhe_ejecting_ball'====== Args={'balls': 1, 'target': <ball_device.bd_plunger>, 'source': <ball_device.bd_balltruhe>, 'mechanical_eject': False, 'num_attempts': 1}
2025-05-15 13:33:34,125 : INFO : ball_device.bd_balltruhe : Wait for ball to leave device
2025-05-15 13:33:34,126 : INFO : coil.c_drain_eject : Pulsing Driver for 22ms (1.0 pulse_power)
2025-05-15 13:33:34,147 : INFO : EventManager : Event: ======'slide_hurryup_created'====== Args={'_from_bcp': True}
2025-05-15 13:33:34,147 : INFO : EventManager : Event: ======'slide_base_slide_inactive'====== Args={'is_removing': False, '_from_bcp': True}
2025-05-15 13:33:34,147 : INFO : EventManager : Event: ======'slide_hurryup_active'====== Args={'original_context': 'hurryup', 'original_calling_context': 'mode_hurryup_started', 'priority': 1000.0, 'cmd': 'slides_play', '_from_bcp': True}
2025-05-15 13:33:34,170 : INFO : EventManager : Event: ======'player_hurryup_hurryup_timer_tick'====== Args={'value': 1, 'prev_value': 0, 'change': 1, 'player_num': 1}
2025-05-15 13:33:34,170 : INFO : EventManager : Event: ======'timer_hurryup_timer_tick'====== Args={'ticks': 1, 'ticks_remaining': 49}
2025-05-15 13:33:34,171 : INFO : EventManager : Event: ======'hurryup_value'====== Args={'priority': 0, 'current_hurryup': 99500}
2025-05-15 13:33:34,171 : INFO : SwitchController : <<<<<<< 's_ramp_left_opto' inactive >>>>>>>
2025-05-15 13:33:34,217 : INFO : EventManager : Event: ======'player_hurryup_hurryup_timer_tick'====== Args={'value': 2, 'prev_value': 1, 'change': 1, 'player_num': 1}
2025-05-15 13:33:34,218 : INFO : EventManager : Event: ======'timer_hurryup_timer_tick'====== Args={'ticks': 2, 'ticks_remaining': 48}
2025-05-15 13:33:34,218 : INFO : EventManager : Event: ======'hurryup_value'====== Args={'priority': 0, 'current_hurryup': 99000}
2025-05-15 13:33:34,264 : INFO : EventManager : Event: ======'player_hurryup_hurryup_timer_tick'====== Args={'value': 3, 'prev_value': 2, 'change': 1, 'player_num': 1}
2025-05-15 13:33:34,264 : INFO : EventManager : Event: ======'timer_hurryup_timer_tick'====== Args={'ticks': 3, 'ticks_remaining': 47}
2025-05-15 13:33:34,265 : INFO : EventManager : Event: ======'hurryup_value'====== Args={'priority': 0, 'current_hurryup': 98500}
2025-05-15 13:33:34,311 : INFO : EventManager : Event: ======'player_hurryup_hurryup_timer_tick'====== Args={'value': 4, 'prev_value': 3, 'change': 1, 'player_num': 1}
2025-05-15 13:33:34,311 : INFO : EventManager : Event: ======'timer_hurryup_timer_tick'====== Args={'ticks': 4, 'ticks_remaining': 46}
2025-05-15 13:33:34,311 : INFO : EventManager : Event: ======'hurryup_value'====== Args={'priority': 0, 'current_hurryup': 98000}
2025-05-15 13:33:34,374 : INFO : EventManager : Event: ======'player_hurryup_hurryup_timer_tick'====== Args={'value': 5, 'prev_value': 4, 'change': 1, 'player_num': 1}
2025-05-15 13:33:34,374 : INFO : EventManager : Event: ======'timer_hurryup_timer_tick'====== Args={'ticks': 5, 'ticks_remaining': 45}
2025-05-15 13:33:34,374 : INFO : EventManager : Event: ======'hurryup_value'====== Args={'priority': 0, 'current_hurryup': 97500}
2025-05-15 13:33:34,420 : INFO : EventManager : Event: ======'player_hurryup_hurryup_timer_tick'====== Args={'value': 6, 'prev_value': 5, 'change': 1, 'player_num': 1}
2025-05-15 13:33:34,421 : INFO : EventManager : Event: ======'timer_hurryup_timer_tick'====== Args={'ticks': 6, 'ticks_remaining': 44}
2025-05-15 13:33:34,421 : INFO : EventManager : Event: ======'hurryup_value'====== Args={'priority': 0, 'current_hurryup': 97000}
2025-05-15 13:33:34,467 : INFO : EventManager : Event: ======'player_hurryup_hurryup_timer_tick'====== Args={'value': 7, 'prev_value': 6, 'change': 1, 'player_num': 1}
2025-05-15 13:33:34,467 : INFO : EventManager : Event: ======'timer_hurryup_timer_tick'====== Args={'ticks': 7, 'ticks_remaining': 43}
2025-05-15 13:33:34,468 : INFO : EventManager : Event: ======'hurryup_value'====== Args={'priority': 0, 'current_hurryup': 96500}
2025-05-15 13:33:34,514 : INFO : EventManager : Event: ======'player_hurryup_hurryup_timer_tick'====== Args={'value': 8, 'prev_value': 7, 'change': 1, 'player_num': 1}
2025-05-15 13:33:34,514 : INFO : EventManager : Event: ======'timer_hurryup_timer_tick'====== Args={'ticks': 8, 'ticks_remaining': 42}
2025-05-15 13:33:34,515 : INFO : EventManager : Event: ======'hurryup_value'====== Args={'priority': 0, 'current_hurryup': 96000}
2025-05-15 13:33:34,560 : INFO : EventManager : Event: ======'player_hurryup_hurryup_timer_tick'====== Args={'value': 9, 'prev_value': 8, 'change': 1, 'player_num': 1}
2025-05-15 13:33:34,560 : INFO : EventManager : Event: ======'timer_hurryup_timer_tick'====== Args={'ticks': 9, 'ticks_remaining': 41}
2025-05-15 13:33:34,560 : INFO : EventManager : Event: ======'hurryup_value'====== Args={'priority': 0, 'current_hurryup': 95500}
2025-05-15 13:33:34,621 : INFO : EventManager : Event: ======'player_hurryup_hurryup_timer_tick'====== Args={'value': 10, 'prev_value': 9, 'change': 1, 'player_num': 1}
2025-05-15 13:33:34,621 : INFO : EventManager : Event: ======'timer_hurryup_timer_tick'====== Args={'ticks': 10, 'ticks_remaining': 40}
2025-05-15 13:33:34,623 : INFO : EventManager : Event: ======'hurryup_value'====== Args={'priority': 0, 'current_hurryup': 95000}
2025-05-15 13:33:34,684 : INFO : EventManager : Event: ======'player_hurryup_hurryup_timer_tick'====== Args={'value': 11, 'prev_value': 10, 'change': 1, 'player_num': 1}
2025-05-15 13:33:34,685 : INFO : EventManager : Event: ======'timer_hurryup_timer_tick'====== Args={'ticks': 11, 'ticks_remaining': 39}
2025-05-15 13:33:34,686 : INFO : EventManager : Event: ======'hurryup_value'====== Args={'priority': 0, 'current_hurryup': 94500}
2025-05-15 13:33:34,714 : INFO : EventManager : Event: ======'player_hurryup_hurryup_timer_tick'====== Args={'value': 12, 'prev_value': 11, 'change': 1, 'player_num': 1}
2025-05-15 13:33:34,714 : INFO : EventManager : Event: ======'timer_hurryup_timer_tick'====== Args={'ticks': 12, 'ticks_remaining': 38}
2025-05-15 13:33:34,715 : INFO : EventManager : Event: ======'hurryup_value'====== Args={'priority': 0, 'current_hurryup': 94000}
2025-05-15 13:33:34,776 : INFO : EventManager : Event: ======'player_hurryup_hurryup_timer_tick'====== Args={'value': 13, 'prev_value': 12, 'change': 1, 'player_num': 1}
2025-05-15 13:33:34,776 : INFO : EventManager : Event: ======'timer_hurryup_timer_tick'====== Args={'ticks': 13, 'ticks_remaining': 37}
2025-05-15 13:33:34,778 : INFO : EventManager : Event: ======'hurryup_value'====== Args={'priority': 0, 'current_hurryup': 93500}
2025-05-15 13:33:34,824 : INFO : EventManager : Event: ======'player_hurryup_hurryup_timer_tick'====== Args={'value': 14, 'prev_value': 13, 'change': 1, 'player_num': 1}
2025-05-15 13:33:34,824 : INFO : EventManager : Event: ======'timer_hurryup_timer_tick'====== Args={'ticks': 14, 'ticks_remaining': 36}
2025-05-15 13:33:34,825 : INFO : EventManager : Event: ======'hurryup_value'====== Args={'priority': 0, 'current_hurryup': 93000}
2025-05-15 13:33:34,886 : INFO : EventManager : Event: ======'player_hurryup_hurryup_timer_tick'====== Args={'value': 15, 'prev_value': 14, 'change': 1, 'player_num': 1}
2025-05-15 13:33:34,888 : INFO : EventManager : Event: ======'timer_hurryup_timer_tick'====== Args={'ticks': 15, 'ticks_remaining': 35}
2025-05-15 13:33:34,888 : INFO : EventManager : Event: ======'hurryup_value'====== Args={'priority': 0, 'current_hurryup': 92500}
2025-05-15 13:33:34,918 : INFO : EventManager : Event: ======'player_hurryup_hurryup_timer_tick'====== Args={'value': 16, 'prev_value': 15, 'change': 1, 'player_num': 1}
2025-05-15 13:33:34,918 : INFO : EventManager : Event: ======'timer_hurryup_timer_tick'====== Args={'ticks': 16, 'ticks_remaining': 34}
2025-05-15 13:33:34,920 : INFO : EventManager : Event: ======'hurryup_value'====== Args={'priority': 0, 'current_hurryup': 92000}
2025-05-15 13:33:34,965 : INFO : EventManager : Event: ======'player_hurryup_hurryup_timer_tick'====== Args={'value': 17, 'prev_value': 16, 'change': 1, 'player_num': 1}
2025-05-15 13:33:34,966 : INFO : EventManager : Event: ======'timer_hurryup_timer_tick'====== Args={'ticks': 17, 'ticks_remaining': 33}
2025-05-15 13:33:34,966 : INFO : EventManager : Event: ======'hurryup_value'====== Args={'priority': 0, 'current_hurryup': 91500}
2025-05-15 13:33:35,027 : INFO : EventManager : Event: ======'player_hurryup_hurryup_timer_tick'====== Args={'value': 18, 'prev_value': 17, 'change': 1, 'player_num': 1}
2025-05-15 13:33:35,027 : INFO : EventManager : Event: ======'timer_hurryup_timer_tick'====== Args={'ticks': 18, 'ticks_remaining': 32}
2025-05-15 13:33:35,027 : INFO : EventManager : Event: ======'hurryup_value'====== Args={'priority': 0, 'current_hurryup': 91000}
2025-05-15 13:33:35,072 : INFO : EventManager : Event: ======'player_hurryup_hurryup_timer_tick'====== Args={'value': 19, 'prev_value': 18, 'change': 1, 'player_num': 1}
2025-05-15 13:33:35,072 : INFO : EventManager : Event: ======'timer_hurryup_timer_tick'====== Args={'ticks': 19, 'ticks_remaining': 31}
2025-05-15 13:33:35,074 : INFO : EventManager : Event: ======'hurryup_value'====== Args={'priority': 0, 'current_hurryup': 90500}
2025-05-15 13:33:35,136 : INFO : EventManager : Event: ======'player_hurryup_hurryup_timer_tick'====== Args={'value': 20, 'prev_value': 19, 'change': 1, 'player_num': 1}
2025-05-15 13:33:35,137 : INFO : EventManager : Event: ======'timer_hurryup_timer_tick'====== Args={'ticks': 20, 'ticks_remaining': 30}
2025-05-15 13:33:35,137 : INFO : EventManager : Event: ======'hurryup_value'====== Args={'priority': 0, 'current_hurryup': 90000}
2025-05-15 13:33:35,138 : INFO : EventManager : Event: ======'balldevice_bd_balltruhe_ball_eject_failed'====== Args={'target': <ball_device.bd_plunger>, 'balls': 1, 'retry': True, 'num_attempts': 2}
2025-05-15 13:33:35,138 : INFO : ball_device.bd_balltruhe : State: waiting_for_target_ready
2025-05-15 13:33:35,138 : INFO : EventManager : Event: ======'balldevice_bd_balltruhe_ball_eject_attempt'====== Args={'balls': 1, 'target': <ball_device.bd_plunger>, 'source': <ball_device.bd_balltruhe>, 'mechanical_eject': False, 'num_attempts': 2}
2025-05-15 13:33:35,139 : INFO : ball_device.bd_balltruhe : State: ejecting
2025-05-15 13:33:35,139 : INFO : ball_device.bd_balltruhe : Ejecting ball to <ball_device.bd_plunger>
2025-05-15 13:33:35,139 : INFO : EventManager : Event: ======'balldevice_bd_balltruhe_ejecting_ball'====== Args={'balls': 1, 'target': <ball_device.bd_plunger>, 'source': <ball_device.bd_balltruhe>, 'mechanical_eject': False, 'num_attempts': 2}
2025-05-15 13:33:35,140 : INFO : ball_device.bd_balltruhe : Wait for ball to leave device
2025-05-15 13:33:35,140 : INFO : coil.c_drain_eject : Pulsing Driver for 22ms (1.0 pulse_power)
2025-05-15 13:33:35,168 : INFO : EventManager : Event: ======'player_hurryup_hurryup_timer_tick'====== Args={'value': 21, 'prev_value': 20, 'change': 1, 'player_num': 1}
2025-05-15 13:33:35,168 : INFO : EventManager : Event: ======'timer_hurryup_timer_tick'====== Args={'ticks': 21, 'ticks_remaining': 29}
2025-05-15 13:33:35,169 : INFO : EventManager : Event: ======'hurryup_value'====== Args={'priority': 0, 'current_hurryup': 89500}
2025-05-15 13:33:35,229 : INFO : EventManager : Event: ======'player_hurryup_hurryup_timer_tick'====== Args={'value': 22, 'prev_value': 21, 'change': 1, 'player_num': 1}
2025-05-15 13:33:35,229 : INFO : EventManager : Event: ======'timer_hurryup_timer_tick'====== Args={'ticks': 22, 'ticks_remaining': 28}
2025-05-15 13:33:35,229 : INFO : EventManager : Event: ======'hurryup_value'====== Args={'priority': 0, 'current_hurryup': 89000}
2025-05-15 13:33:35,275 : INFO : EventManager : Event: ======'player_hurryup_hurryup_timer_tick'====== Args={'value': 23, 'prev_value': 22, 'change': 1, 'player_num': 1}
2025-05-15 13:33:35,275 : INFO : EventManager : Event: ======'timer_hurryup_timer_tick'====== Args={'ticks': 23, 'ticks_remaining': 27}
2025-05-15 13:33:35,277 : INFO : EventManager : Event: ======'hurryup_value'====== Args={'priority': 0, 'current_hurryup': 88500}
2025-05-15 13:33:35,323 : INFO : EventManager : Event: ======'player_hurryup_hurryup_timer_tick'====== Args={'value': 24, 'prev_value': 23, 'change': 1, 'player_num': 1}
2025-05-15 13:33:35,323 : INFO : EventManager : Event: ======'timer_hurryup_timer_tick'====== Args={'ticks': 24, 'ticks_remaining': 26}
2025-05-15 13:33:35,323 : INFO : EventManager : Event: ======'hurryup_value'====== Args={'priority': 0, 'current_hurryup': 88000}
2025-05-15 13:33:35,386 : INFO : EventManager : Event: ======'player_hurryup_hurryup_timer_tick'====== Args={'value': 25, 'prev_value': 24, 'change': 1, 'player_num': 1}
2025-05-15 13:33:35,387 : INFO : EventManager : Event: ======'timer_hurryup_timer_tick'====== Args={'ticks': 25, 'ticks_remaining': 25}
2025-05-15 13:33:35,387 : INFO : EventManager : Event: ======'hurryup_value'====== Args={'priority': 0, 'current_hurryup': 87500}
2025-05-15 13:33:35,432 : INFO : EventManager : Event: ======'player_hurryup_hurryup_timer_tick'====== Args={'value': 26, 'prev_value': 25, 'change': 1, 'player_num': 1}
2025-05-15 13:33:35,432 : INFO : EventManager : Event: ======'timer_hurryup_timer_tick'====== Args={'ticks': 26, 'ticks_remaining': 24}
2025-05-15 13:33:35,433 : INFO : EventManager : Event: ======'hurryup_value'====== Args={'priority': 0, 'current_hurryup': 87000}
2025-05-15 13:33:35,480 : INFO : EventManager : Event: ======'player_hurryup_hurryup_timer_tick'====== Args={'value': 27, 'prev_value': 26, 'change': 1, 'player_num': 1}
2025-05-15 13:33:35,480 : INFO : EventManager : Event: ======'timer_hurryup_timer_tick'====== Args={'ticks': 27, 'ticks_remaining': 23}
2025-05-15 13:33:35,480 : INFO : EventManager : Event: ======'hurryup_value'====== Args={'priority': 0, 'current_hurryup': 86500}
2025-05-15 13:33:35,527 : INFO : EventManager : Event: ======'player_hurryup_hurryup_timer_tick'====== Args={'value': 28, 'prev_value': 27, 'change': 1, 'player_num': 1}
2025-05-15 13:33:35,527 : INFO : EventManager : Event: ======'timer_hurryup_timer_tick'====== Args={'ticks': 28, 'ticks_remaining': 22}
2025-05-15 13:33:35,527 : INFO : EventManager : Event: ======'hurryup_value'====== Args={'priority': 0, 'current_hurryup': 86000}
2025-05-15 13:33:35,574 : INFO : EventManager : Event: ======'player_hurryup_hurryup_timer_tick'====== Args={'value': 29, 'prev_value': 28, 'change': 1, 'player_num': 1}
2025-05-15 13:33:35,574 : INFO : EventManager : Event: ======'timer_hurryup_timer_tick'====== Args={'ticks': 29, 'ticks_remaining': 21}
2025-05-15 13:33:35,575 : INFO : EventManager : Event: ======'hurryup_value'====== Args={'priority': 0, 'current_hurryup': 85500}
2025-05-15 13:33:35,636 : INFO : EventManager : Event: ======'player_hurryup_hurryup_timer_tick'====== Args={'value': 30, 'prev_value': 29, 'change': 1, 'player_num': 1}
2025-05-15 13:33:35,637 : INFO : EventManager : Event: ======'timer_hurryup_timer_tick'====== Args={'ticks': 30, 'ticks_remaining': 20}
2025-05-15 13:33:35,638 : INFO : EventManager : Event: ======'hurryup_value'====== Args={'priority': 0, 'current_hurryup': 85000}
2025-05-15 13:33:35,684 : INFO : EventManager : Event: ======'player_hurryup_hurryup_timer_tick'====== Args={'value': 31, 'prev_value': 30, 'change': 1, 'player_num': 1}
2025-05-15 13:33:35,684 : INFO : EventManager : Event: ======'timer_hurryup_timer_tick'====== Args={'ticks': 31, 'ticks_remaining': 19}
2025-05-15 13:33:35,685 : INFO : EventManager : Event: ======'hurryup_value'====== Args={'priority': 0, 'current_hurryup': 84500}
2025-05-15 13:33:35,731 : INFO : EventManager : Event: ======'player_hurryup_hurryup_timer_tick'====== Args={'value': 32, 'prev_value': 31, 'change': 1, 'player_num': 1}
2025-05-15 13:33:35,732 : INFO : EventManager : Event: ======'timer_hurryup_timer_tick'====== Args={'ticks': 32, 'ticks_remaining': 18}
2025-05-15 13:33:35,732 : INFO : EventManager : Event: ======'hurryup_value'====== Args={'priority': 0, 'current_hurryup': 84000}
2025-05-15 13:33:35,778 : INFO : EventManager : Event: ======'player_hurryup_hurryup_timer_tick'====== Args={'value': 33, 'prev_value': 32, 'change': 1, 'player_num': 1}
2025-05-15 13:33:35,778 : INFO : EventManager : Event: ======'timer_hurryup_timer_tick'====== Args={'ticks': 33, 'ticks_remaining': 17}
2025-05-15 13:33:35,779 : INFO : EventManager : Event: ======'hurryup_value'====== Args={'priority': 0, 'current_hurryup': 83500}
2025-05-15 13:33:35,824 : INFO : EventManager : Event: ======'player_hurryup_hurryup_timer_tick'====== Args={'value': 34, 'prev_value': 33, 'change': 1, 'player_num': 1}
2025-05-15 13:33:35,824 : INFO : EventManager : Event: ======'timer_hurryup_timer_tick'====== Args={'ticks': 34, 'ticks_remaining': 16}
2025-05-15 13:33:35,824 : INFO : EventManager : Event: ======'hurryup_value'====== Args={'priority': 0, 'current_hurryup': 83000}
2025-05-15 13:33:35,887 : INFO : EventManager : Event: ======'player_hurryup_hurryup_timer_tick'====== Args={'value': 35, 'prev_value': 34, 'change': 1, 'player_num': 1}
2025-05-15 13:33:35,888 : INFO : EventManager : Event: ======'timer_hurryup_timer_tick'====== Args={'ticks': 35, 'ticks_remaining': 15}
2025-05-15 13:33:35,888 : INFO : EventManager : Event: ======'hurryup_value'====== Args={'priority': 0, 'current_hurryup': 82500}
2025-05-15 13:33:35,934 : INFO : EventManager : Event: ======'player_hurryup_hurryup_timer_tick'====== Args={'value': 36, 'prev_value': 35, 'change': 1, 'player_num': 1}
2025-05-15 13:33:35,934 : INFO : EventManager : Event: ======'timer_hurryup_timer_tick'====== Args={'ticks': 36, 'ticks_remaining': 14}
2025-05-15 13:33:35,935 : INFO : EventManager : Event: ======'hurryup_value'====== Args={'priority': 0, 'current_hurryup': 82000}
2025-05-15 13:33:35,964 : INFO : EventManager : Event: ======'player_hurryup_hurryup_timer_tick'====== Args={'value': 37, 'prev_value': 36, 'change': 1, 'player_num': 1}
2025-05-15 13:33:35,964 : INFO : EventManager : Event: ======'timer_hurryup_timer_tick'====== Args={'ticks': 37, 'ticks_remaining': 13}
2025-05-15 13:33:35,966 : INFO : EventManager : Event: ======'hurryup_value'====== Args={'priority': 0, 'current_hurryup': 81500}
2025-05-15 13:33:36,027 : INFO : EventManager : Event: ======'player_hurryup_hurryup_timer_tick'====== Args={'value': 38, 'prev_value': 37, 'change': 1, 'player_num': 1}
2025-05-15 13:33:36,027 : INFO : EventManager : Event: ======'timer_hurryup_timer_tick'====== Args={'ticks': 38, 'ticks_remaining': 12}
2025-05-15 13:33:36,027 : INFO : EventManager : Event: ======'hurryup_value'====== Args={'priority': 0, 'current_hurryup': 81000}
2025-05-15 13:33:36,074 : INFO : EventManager : Event: ======'player_hurryup_hurryup_timer_tick'====== Args={'value': 39, 'prev_value': 38, 'change': 1, 'player_num': 1}
2025-05-15 13:33:36,074 : INFO : EventManager : Event: ======'timer_hurryup_timer_tick'====== Args={'ticks': 39, 'ticks_remaining': 11}
2025-05-15 13:33:36,074 : INFO : EventManager : Event: ======'hurryup_value'====== Args={'priority': 0, 'current_hurryup': 80500}
2025-05-15 13:33:36,136 : INFO : EventManager : Event: ======'player_hurryup_hurryup_timer_tick'====== Args={'value': 40, 'prev_value': 39, 'change': 1, 'player_num': 1}
2025-05-15 13:33:36,138 : INFO : EventManager : Event: ======'timer_hurryup_timer_tick'====== Args={'ticks': 40, 'ticks_remaining': 10}
2025-05-15 13:33:36,138 : INFO : EventManager : Event: ======'hurryup_value'====== Args={'priority': 0, 'current_hurryup': 80000}
2025-05-15 13:33:36,138 : INFO : EventManager : Event: ======'balldevice_bd_balltruhe_ball_eject_failed'====== Args={'target': <ball_device.bd_plunger>, 'balls': 1, 'retry': True, 'num_attempts': 3}
2025-05-15 13:33:36,139 : INFO : ball_device.bd_balltruhe : State: waiting_for_target_ready
2025-05-15 13:33:36,139 : INFO : EventManager : Event: ======'balldevice_bd_balltruhe_ball_eject_attempt'====== Args={'balls': 1, 'target': <ball_device.bd_plunger>, 'source': <ball_device.bd_balltruhe>, 'mechanical_eject': False, 'num_attempts': 3}
2025-05-15 13:33:36,139 : INFO : ball_device.bd_balltruhe : State: ejecting
2025-05-15 13:33:36,139 : INFO : ball_device.bd_balltruhe : Ejecting ball to <ball_device.bd_plunger>
2025-05-15 13:33:36,139 : INFO : EventManager : Event: ======'balldevice_bd_balltruhe_ejecting_ball'====== Args={'balls': 1, 'target': <ball_device.bd_plunger>, 'source': <ball_device.bd_balltruhe>, 'mechanical_eject': False, 'num_attempts': 3}
2025-05-15 13:33:36,140 : INFO : ball_device.bd_balltruhe : Wait for ball to leave device
2025-05-15 13:33:36,140 : INFO : coil.c_drain_eject : Pulsing Driver for 22ms (1.0 pulse_power)
2025-05-15 13:33:36,169 : INFO : EventManager : Event: ======'player_hurryup_hurryup_timer_tick'====== Args={'value': 41, 'prev_value': 40, 'change': 1, 'player_num': 1}
2025-05-15 13:33:36,170 : INFO : EventManager : Event: ======'timer_hurryup_timer_tick'====== Args={'ticks': 41, 'ticks_remaining': 9}
2025-05-15 13:33:36,171 : INFO : EventManager : Event: ======'hurryup_value'====== Args={'priority': 0, 'current_hurryup': 79500}
2025-05-15 13:33:36,216 : INFO : EventManager : Event: ======'player_hurryup_hurryup_timer_tick'====== Args={'value': 42, 'prev_value': 41, 'change': 1, 'player_num': 1}
2025-05-15 13:33:36,216 : INFO : EventManager : Event: ======'timer_hurryup_timer_tick'====== Args={'ticks': 42, 'ticks_remaining': 8}
2025-05-15 13:33:36,216 : INFO : EventManager : Event: ======'hurryup_value'====== Args={'priority': 0, 'current_hurryup': 79000}
2025-05-15 13:33:36,278 : INFO : EventManager : Event: ======'player_hurryup_hurryup_timer_tick'====== Args={'value': 43, 'prev_value': 42, 'change': 1, 'player_num': 1}
2025-05-15 13:33:36,278 : INFO : EventManager : Event: ======'timer_hurryup_timer_tick'====== Args={'ticks': 43, 'ticks_remaining': 7}
2025-05-15 13:33:36,278 : INFO : EventManager : Event: ======'hurryup_value'====== Args={'priority': 0, 'current_hurryup': 78500}
2025-05-15 13:33:36,310 : INFO : EventManager : Event: ======'player_hurryup_hurryup_timer_tick'====== Args={'value': 44, 'prev_value': 43, 'change': 1, 'player_num': 1}
2025-05-15 13:33:36,310 : INFO : EventManager : Event: ======'timer_hurryup_timer_tick'====== Args={'ticks': 44, 'ticks_remaining': 6}
2025-05-15 13:33:36,310 : INFO : EventManager : Event: ======'hurryup_value'====== Args={'priority': 0, 'current_hurryup': 78000}
2025-05-15 13:33:36,372 : INFO : EventManager : Event: ======'player_hurryup_hurryup_timer_tick'====== Args={'value': 45, 'prev_value': 44, 'change': 1, 'player_num': 1}
2025-05-15 13:33:36,372 : INFO : EventManager : Event: ======'timer_hurryup_timer_tick'====== Args={'ticks': 45, 'ticks_remaining': 5}
2025-05-15 13:33:36,372 : INFO : EventManager : Event: ======'hurryup_value'====== Args={'priority': 0, 'current_hurryup': 77500}
2025-05-15 13:33:36,418 : INFO : EventManager : Event: ======'player_hurryup_hurryup_timer_tick'====== Args={'value': 46, 'prev_value': 45, 'change': 1, 'player_num': 1}
2025-05-15 13:33:36,418 : INFO : EventManager : Event: ======'timer_hurryup_timer_tick'====== Args={'ticks': 46, 'ticks_remaining': 4}
2025-05-15 13:33:36,419 : INFO : EventManager : Event: ======'hurryup_value'====== Args={'priority': 0, 'current_hurryup': 77000}
2025-05-15 13:33:36,465 : INFO : EventManager : Event: ======'player_hurryup_hurryup_timer_tick'====== Args={'value': 47, 'prev_value': 46, 'change': 1, 'player_num': 1}
2025-05-15 13:33:36,465 : INFO : EventManager : Event: ======'timer_hurryup_timer_tick'====== Args={'ticks': 47, 'ticks_remaining': 3}
2025-05-15 13:33:36,466 : INFO : EventManager : Event: ======'hurryup_value'====== Args={'priority': 0, 'current_hurryup': 76500}
2025-05-15 13:33:36,528 : INFO : EventManager : Event: ======'player_hurryup_hurryup_timer_tick'====== Args={'value': 48, 'prev_value': 47, 'change': 1, 'player_num': 1}
2025-05-15 13:33:36,528 : INFO : EventManager : Event: ======'timer_hurryup_timer_tick'====== Args={'ticks': 48, 'ticks_remaining': 2}
2025-05-15 13:33:36,529 : INFO : EventManager : Event: ======'hurryup_value'====== Args={'priority': 0, 'current_hurryup': 76000}
2025-05-15 13:33:36,575 : INFO : EventManager : Event: ======'player_hurryup_hurryup_timer_tick'====== Args={'value': 49, 'prev_value': 48, 'change': 1, 'player_num': 1}
2025-05-15 13:33:36,575 : INFO : EventManager : Event: ======'timer_hurryup_timer_tick'====== Args={'ticks': 49, 'ticks_remaining': 1}
2025-05-15 13:33:36,576 : INFO : EventManager : Event: ======'hurryup_value'====== Args={'priority': 0, 'current_hurryup': 75500}
2025-05-15 13:33:36,637 : INFO : EventManager : Event: ======'player_hurryup_hurryup_timer_tick'====== Args={'value': 50, 'prev_value': 49, 'change': 1, 'player_num': 1}
2025-05-15 13:33:36,637 : INFO : Timer.hurryup_timer : Timer Complete
2025-05-15 13:33:36,638 : INFO : Timer.hurryup_timer : Stopping Timer
2025-05-15 13:33:36,638 : INFO : EventManager : Event: ======'timer_hurryup_timer_stopped'====== Args={'ticks': 50, 'ticks_remaining': 1}
2025-05-15 13:33:36,638 : INFO : EventManager : Event: ======'timer_hurryup_timer_complete'====== Args={'ticks': 50, 'ticks_remaining': 1}
2025-05-15 13:33:36,638 : INFO : EventManager : Event: ======'stop_mode_hurryup'====== Args={'priority': 0}
2025-05-15 13:33:36,638 : INFO : EventManager : Event: ======'mode_hurryup_will_stop'====== Args={}
2025-05-15 13:33:36,638 : INFO : EventManager : Event: ======'mode_hurryup_stopping'====== Args={}
2025-05-15 13:33:36,638 : INFO : Mode.hurryup : Stopped.
2025-05-15 13:33:36,638 : INFO : EventManager : Event: ======'modes_active_modes_changed'====== Args={}
2025-05-15 13:33:36,640 : INFO : EventManager : Event: ======'mode_hurryup_stopped'====== Args={}
2025-05-15 13:33:36,640 : INFO : EventManager : Event: ======'clear'====== Args={'key': 'hurryup'}
2025-05-15 13:33:36,640 : INFO : Timer.hurryup_timer : Stopping Timer
2025-05-15 13:33:36,640 : INFO : EventManager : Event: ======'timer_hurryup_timer_stopped'====== Args={'ticks': 50, 'ticks_remaining': 1}
2025-05-15 13:33:36,654 : INFO : EventManager : Event: ======'slide_hurryup_inactive'====== Args={'is_removing': True, '_from_bcp': True}
2025-05-15 13:33:36,654 : INFO : EventManager : Event: ======'slide_base_slide_active'====== Args={'_from_bcp': True}
2025-05-15 13:33:36,655 : INFO : EventManager : Event: ======'slide_hurryup_removed'====== Args={'_from_bcp': True}
2025-05-15 13:33:37,153 : INFO : EventManager : Event: ======'balldevice_bd_balltruhe_ball_eject_failed'====== Args={'target': <ball_device.bd_plunger>, 'balls': 1, 'retry': True, 'num_attempts': 4}
2025-05-15 13:33:37,154 : INFO : ball_device.bd_balltruhe : State: waiting_for_target_ready
2025-05-15 13:33:37,154 : INFO : EventManager : Event: ======'balldevice_bd_balltruhe_ball_eject_attempt'====== Args={'balls': 1, 'target': <ball_device.bd_plunger>, 'source': <ball_device.bd_balltruhe>, 'mechanical_eject': False, 'num_attempts': 4}
2025-05-15 13:33:37,154 : INFO : ball_device.bd_balltruhe : State: ejecting
2025-05-15 13:33:37,154 : INFO : ball_device.bd_balltruhe : Ejecting ball to <ball_device.bd_plunger>
2025-05-15 13:33:37,154 : INFO : EventManager : Event: ======'balldevice_bd_balltruhe_ejecting_ball'====== Args={'balls': 1, 'target': <ball_device.bd_plunger>, 'source': <ball_device.bd_balltruhe>, 'mechanical_eject': False, 'num_attempts': 4}
2025-05-15 13:33:37,155 : INFO : ball_device.bd_balltruhe : Wait for ball to leave device
2025-05-15 13:33:37,155 : INFO : coil.c_drain_eject : Pulsing Driver for 22ms (1.0 pulse_power)
2025-05-15 13:33:38,182 : INFO : EventManager : Event: ======'balldevice_bd_balltruhe_ball_eject_failed'====== Args={'target': <ball_device.bd_plunger>, 'balls': 1, 'retry': True, 'num_attempts': 5}
2025-05-15 13:33:38,182 : INFO : ball_device.bd_balltruhe : State: waiting_for_target_ready
2025-05-15 13:33:38,182 : INFO : EventManager : Event: ======'balldevice_bd_balltruhe_ball_eject_attempt'====== Args={'balls': 1, 'target': <ball_device.bd_plunger>, 'source': <ball_device.bd_balltruhe>, 'mechanical_eject': False, 'num_attempts': 5}
2025-05-15 13:33:38,183 : INFO : ball_device.bd_balltruhe : State: ejecting
2025-05-15 13:33:38,183 : INFO : ball_device.bd_balltruhe : Ejecting ball to <ball_device.bd_plunger>
2025-05-15 13:33:38,183 : INFO : EventManager : Event: ======'balldevice_bd_balltruhe_ejecting_ball'====== Args={'balls': 1, 'target': <ball_device.bd_plunger>, 'source': <ball_device.bd_balltruhe>, 'mechanical_eject': False, 'num_attempts': 5}
2025-05-15 13:33:38,183 : INFO : ball_device.bd_balltruhe : Wait for ball to leave device
2025-05-15 13:33:38,183 : INFO : coil.c_drain_eject : Pulsing Driver for 22ms (1.0 pulse_power)
2025-05-15 13:33:39,191 : INFO : EventManager : Event: ======'balldevice_bd_balltruhe_ball_eject_failed'====== Args={'target': <ball_device.bd_plunger>, 'balls': 1, 'retry': True, 'num_attempts': 6}
2025-05-15 13:33:39,191 : INFO : ball_device.bd_balltruhe : State: waiting_for_target_ready
2025-05-15 13:33:39,192 : INFO : EventManager : Event: ======'balldevice_bd_balltruhe_ball_eject_attempt'====== Args={'balls': 1, 'target': <ball_device.bd_plunger>, 'source': <ball_device.bd_balltruhe>, 'mechanical_eject': False, 'num_attempts': 6}
2025-05-15 13:33:39,192 : INFO : ball_device.bd_balltruhe : State: ejecting
2025-05-15 13:33:39,192 : INFO : ball_device.bd_balltruhe : Ejecting ball to <ball_device.bd_plunger>
2025-05-15 13:33:39,192 : INFO : EventManager : Event: ======'balldevice_bd_balltruhe_ejecting_ball'====== Args={'balls': 1, 'target': <ball_device.bd_plunger>, 'source': <ball_device.bd_balltruhe>, 'mechanical_eject': False, 'num_attempts': 6}
2025-05-15 13:33:39,192 : INFO : ball_device.bd_balltruhe : Wait for ball to leave device
2025-05-15 13:33:39,192 : INFO : coil.c_drain_eject : Pulsing Driver for 22ms (1.0 pulse_power)
2025-05-15 13:33:40,198 : INFO : EventManager : Event: ======'balldevice_bd_balltruhe_ball_eject_failed'====== Args={'target': <ball_device.bd_plunger>, 'balls': 1, 'retry': True, 'num_attempts': 7}
2025-05-15 13:33:40,198 : INFO : ball_device.bd_balltruhe : State: waiting_for_target_ready
2025-05-15 13:33:40,198 : INFO : EventManager : Event: ======'balldevice_bd_balltruhe_ball_eject_attempt'====== Args={'balls': 1, 'target': <ball_device.bd_plunger>, 'source': <ball_device.bd_balltruhe>, 'mechanical_eject': False, 'num_attempts': 7}
2025-05-15 13:33:40,199 : INFO : ball_device.bd_balltruhe : State: ejecting
2025-05-15 13:33:40,199 : INFO : ball_device.bd_balltruhe : Ejecting ball to <ball_device.bd_plunger>
2025-05-15 13:33:40,199 : INFO : EventManager : Event: ======'balldevice_bd_balltruhe_ejecting_ball'====== Args={'balls': 1, 'target': <ball_device.bd_plunger>, 'source': <ball_device.bd_balltruhe>, 'mechanical_eject': False, 'num_attempts': 7}
2025-05-15 13:33:40,199 : INFO : ball_device.bd_balltruhe : Wait for ball to leave device
2025-05-15 13:33:40,199 : INFO : coil.c_drain_eject : Pulsing Driver for 22ms (1.0 pulse_power)
2025-05-15 13:33:41,213 : INFO : EventManager : Event: ======'balldevice_bd_balltruhe_ball_eject_failed'====== Args={'target': <ball_device.bd_plunger>, 'balls': 1, 'retry': True, 'num_attempts': 8}
2025-05-15 13:33:41,213 : INFO : ball_device.bd_balltruhe : State: waiting_for_target_ready
2025-05-15 13:33:41,213 : INFO : EventManager : Event: ======'balldevice_bd_balltruhe_ball_eject_attempt'====== Args={'balls': 1, 'target': <ball_device.bd_plunger>, 'source': <ball_device.bd_balltruhe>, 'mechanical_eject': False, 'num_attempts': 8}
2025-05-15 13:33:41,214 : INFO : ball_device.bd_balltruhe : State: ejecting
2025-05-15 13:33:41,214 : INFO : ball_device.bd_balltruhe : Ejecting ball to <ball_device.bd_plunger>
2025-05-15 13:33:41,214 : INFO : EventManager : Event: ======'balldevice_bd_balltruhe_ejecting_ball'====== Args={'balls': 1, 'target': <ball_device.bd_plunger>, 'source': <ball_device.bd_balltruhe>, 'mechanical_eject': False, 'num_attempts': 8}
2025-05-15 13:33:41,214 : INFO : ball_device.bd_balltruhe : Wait for ball to leave device
2025-05-15 13:33:41,214 : INFO : coil.c_drain_eject : Pulsing Driver for 22ms (1.0 pulse_power)
2025-05-15 13:33:42,095 : INFO : Machine : Shutting down...
2025-05-15 13:33:42,095 : INFO : EventManager : Event: ======'shutdown'====== Args={}
2025-05-15 13:33:42,096 : INFO : EventManager : Event: ======'mode_game_will_stop'====== Args={}
2025-05-15 13:33:42,096 : INFO : EventManager : Event: ======'mode_game_stopping'====== Args={}
2025-05-15 13:33:42,096 : INFO : EventManager : Event: ======'mode_jets_will_stop'====== Args={}
2025-05-15 13:33:42,096 : INFO : EventManager : Event: ======'mode_jets_stopping'====== Args={}
2025-05-15 13:33:42,096 : INFO : EventManager : Event: ======'mode_base_will_stop'====== Args={}
2025-05-15 13:33:42,097 : INFO : EventManager : Event: ======'mode_base_stopping'====== Args={}
2025-05-15 13:33:42,097 : INFO : EventManager : Event: ======'stop_mode_jets'====== Args={'priority': 0}
2025-05-15 13:33:42,097 : INFO : Mode.base : Stopped.
2025-05-15 13:33:42,097 : INFO : EventManager : Event: ======'modes_active_modes_changed'====== Args={}
2025-05-15 13:33:42,097 : INFO : EventManager : Event: ======'mode_base_stopped'====== Args={}
2025-05-15 13:33:42,097 : INFO : EventManager : Event: ======'clear'====== Args={'key': 'base'}
2025-05-15 13:33:42,097 : INFO : Mode.jets : Stopped.
2025-05-15 13:33:42,097 : INFO : EventManager : Event: ======'modes_active_modes_changed'====== Args={}
2025-05-15 13:33:42,097 : INFO : EventManager : Event: ======'mode_jets_stopped'====== Args={}
2025-05-15 13:33:42,097 : INFO : EventManager : Event: ======'clear'====== Args={'key': 'jets'}
2025-05-15 13:33:42,098 : INFO : Mode.game : Stopped.
2025-05-15 13:33:42,098 : INFO : EventManager : Event: ======'modes_active_modes_changed'====== Args={}
2025-05-15 13:33:42,098 : INFO : EventManager : Event: ======'mode_game_stopped'====== Args={}
2025-05-15 13:33:42,098 : INFO : EventManager : Event: ======'clear'====== Args={'key': 'game'}
2025-05-15 13:33:42,100 : INFO : root : MPF run loop ended.
