2025-05-15 10:57:06,465 : INFO : root : Loading config.
2025-05-15 10:57:06,473 : INFO : YamlMultifileConfigLoader : Machine config file #1: config.yaml
2025-05-15 10:57:06,474 : INFO : ConfigProcessor : Loading config from cache: C:\Users\Majo\AppData\Local\Temp\49e243cdd9f1e1d25f58c376a5b1bcea.mpf_cache
2025-05-15 10:57:06,647 : INFO : ConfigProcessor : Loading config from cache: C:\Users\Majo\AppData\Local\Temp\d702bac24e056f3176be89df8780b321.mpf_cache
2025-05-15 10:57:06,650 : INFO : ConfigProcessor : Loading config from cache: C:\Users\Majo\AppData\Local\Temp\73f6dfef7f206545518fd71aa2c5591c.mpf_cache
2025-05-15 10:57:06,652 : INFO : ConfigProcessor : Loading config from cache: C:\Users\Majo\AppData\Local\Temp\d702bac24e056f3176be89df8780b321.mpf_cache
2025-05-15 10:57:06,653 : INFO : ConfigProcessor : Loading config from cache: C:\Users\Majo\AppData\Local\Temp\8a05a22d50c9fd6520be5872b6dcd994.mpf_cache
2025-05-15 10:57:06,655 : INFO : Machine : Mission Pinball Framework Core Engine v0.80.0.dev7
2025-05-15 10:57:06,656 : INFO : Machine : Command line arguments: {'no_load_cache': False, 'create_config_cache': True, 'bcp': True, 'configfile': ['config.yaml'], 'force_assets_load': False, 'platform_integration_test': False, 'jsonlogging': False, 'logfile': 'logs\\2025-05-15-10-57-06-mpf-LX15.log', 'pause': False, 'production': False, 'text_ui': False, 'loglevel': 15, 'consoleloglevel': 20, 'force_platform': 'virtual', 'syslog_address': None, 'full_logfile_path': 'C:\\supermariopinball\\logs\\2025-05-15-10-57-06-mpf-LX15.log'}
2025-05-15 10:57:06,656 : INFO : Machine : MPF path: C:\Users\Majo\AppData\Local\Programs\Python\Python312\Lib\site-packages\mpf
2025-05-15 10:57:06,656 : INFO : Machine : Machine path: C:\supermariopinball
2025-05-15 10:57:06,656 : INFO : Machine : Platform: win32
2025-05-15 10:57:06,656 : INFO : Machine : Python executable location: C:\Users\Majo\AppData\Local\Programs\Python\Python312\python.exe
2025-05-15 10:57:06,656 : INFO : Machine : Python version: 3.12.7 (64-bit)
2025-05-15 10:57:06,664 : INFO : Machine : Initializing MPF...
2025-05-15 10:57:06,828 : INFO : EventManager : Event: ======'machine_var_credits_string'====== Args={'value': 'FREE PLAY', 'prev_value': None, 'change': True}
2025-05-15 10:57:06,873 : INFO : EventManager : Event: ======'machine_var_master_volume'====== Args={'value': 0.5, 'prev_value': None, 'change': True}
2025-05-15 10:57:06,873 : INFO : EventManager : Event: ======'machine_var_mpf_version'====== Args={'value': 'Mission Pinball Framework v0.80.0.dev7', 'prev_value': None, 'change': True}
2025-05-15 10:57:06,873 : INFO : EventManager : Event: ======'machine_var_mpf_extended_version'====== Args={'value': 'Mission Pinball Framework v0.80.0.dev7, Config version:6, Show version: 6, BCP version:1.1', 'prev_value': None, 'change': True}
2025-05-15 10:57:06,874 : INFO : EventManager : Event: ======'machine_var_python_version'====== Args={'value': '3.12.7', 'prev_value': None, 'change': True}
2025-05-15 10:57:07,101 : INFO : EventManager : Event: ======'machine_var_platform'====== Args={'value': 'Windows-11-10.0.26100-SP0', 'prev_value': None, 'change': True}
2025-05-15 10:57:07,101 : INFO : EventManager : Event: ======'machine_var_platform_system'====== Args={'value': 'Windows', 'prev_value': None, 'change': True}
2025-05-15 10:57:07,103 : INFO : EventManager : Event: ======'machine_var_platform_release'====== Args={'value': '11', 'prev_value': None, 'change': True}
2025-05-15 10:57:07,103 : INFO : EventManager : Event: ======'machine_var_platform_version'====== Args={'value': '10.0.26100', 'prev_value': None, 'change': True}
2025-05-15 10:57:07,103 : INFO : EventManager : Event: ======'machine_var_platform_machine'====== Args={'value': 'AMD64', 'prev_value': None, 'change': True}
2025-05-15 10:57:07,103 : INFO : EventManager : Event: ======'machine_var_log_file_path'====== Args={'value': 'C:\\supermariopinball\\logs\\2025-05-15-10-57-06-mpf-LX15.log', 'prev_value': None, 'change': True}
2025-05-15 10:57:07,104 : INFO : EventManager : Event: ======'init_phase_1'====== Args={}
2025-05-15 10:57:07,156 : INFO : EventManager : Event: ======'init_phase_2'====== Args={}
2025-05-15 10:57:07,161 : INFO : EventManager : Event: ======'bcp_connection_attempt'====== Args={'name': 'local_display', 'host': 'localhost', 'port': 5050}
2025-05-15 10:57:07,166 : INFO : BCPClientSocket : Connecting BCP to 'local_display' at localhost:5050...
2025-05-15 10:57:07,202 : INFO : BCPClientSocket : Connected BCP to 'local_display' localhost:5050
2025-05-15 10:57:07,203 : INFO : EventManager : Event: ======'bcp_clients_connected'====== Args={}
2025-05-15 10:57:07,204 : INFO : ball_device.bd_balltruhe : BCH: Initial count: 0
2025-05-15 10:57:07,204 : INFO : ball_device.bd_balltruhe : State: idle
2025-05-15 10:57:07,204 : INFO : ball_device.bd_plunger : BCH: Initial count: 0
2025-05-15 10:57:07,204 : INFO : ball_device.bd_plunger : State: idle
2025-05-15 10:57:07,222 : INFO : EventManager : Event: ======'init_phase_3'====== Args={}
2025-05-15 10:57:07,229 : INFO : EventManager : Event: ======'init_phase_4'====== Args={}
2025-05-15 10:57:07,230 : INFO : BallController : Initial balls found: 0
2025-05-15 10:57:07,234 : INFO : EventManager : Event: ======'machine_var_audits_switches_s_flipper_left'====== Args={'value': 0, 'prev_value': None, 'change': True}
2025-05-15 10:57:07,234 : INFO : EventManager : Event: ======'machine_var_audits_switches_s_balltruhe_3'====== Args={'value': 0, 'prev_value': None, 'change': True}
2025-05-15 10:57:07,234 : INFO : EventManager : Event: ======'machine_var_audits_switches_s_balltruhe_5'====== Args={'value': 0, 'prev_value': None, 'change': True}
2025-05-15 10:57:07,234 : INFO : EventManager : Event: ======'machine_var_audits_switches_s_upper_flipper'====== Args={'value': 0, 'prev_value': None, 'change': True}
2025-05-15 10:57:07,234 : INFO : EventManager : Event: ======'machine_var_audits_switches_s_flipper_right'====== Args={'value': 0, 'prev_value': None, 'change': True}
2025-05-15 10:57:07,234 : INFO : EventManager : Event: ======'machine_var_audits_switches_s_balltruhe_6'====== Args={'value': 0, 'prev_value': None, 'change': True}
2025-05-15 10:57:07,234 : INFO : EventManager : Event: ======'machine_var_audits_switches_s_plunger_lane'====== Args={'value': 0, 'prev_value': None, 'change': True}
2025-05-15 10:57:07,234 : INFO : EventManager : Event: ======'machine_var_audits_switches_s_balltruhe_1'====== Args={'value': 0, 'prev_value': None, 'change': True}
2025-05-15 10:57:07,234 : INFO : EventManager : Event: ======'machine_var_audits_switches_s_balltruhe_jam'====== Args={'value': 0, 'prev_value': None, 'change': True}
2025-05-15 10:57:07,234 : INFO : EventManager : Event: ======'machine_var_audits_switches_s_balltruhe_4'====== Args={'value': 0, 'prev_value': None, 'change': True}
2025-05-15 10:57:07,234 : INFO : EventManager : Event: ======'machine_var_audits_switches_s_balltruhe_2'====== Args={'value': 0, 'prev_value': None, 'change': True}
2025-05-15 10:57:07,234 : INFO : EventManager : Event: ======'machine_var_audits_events_game_started'====== Args={'value': 0, 'prev_value': None, 'change': True}
2025-05-15 10:57:07,234 : INFO : EventManager : Event: ======'machine_var_audits_events_game_ended'====== Args={'value': 0, 'prev_value': None, 'change': True}
2025-05-15 10:57:07,235 : INFO : EventManager : Event: ======'machine_var_audits_player_score'====== Args={'value': {'top': [], 'average': 0, 'total': 0}, 'prev_value': None, 'change': True}
2025-05-15 10:57:07,235 : INFO : EventManager : Event: ======'init_phase_5'====== Args={}
2025-05-15 10:57:07,235 : INFO : EventManager : Event: ======'init_done'====== Args={}
2025-05-15 10:57:07,235 : INFO : EventManager : Event: ======'machine_reset_phase_1'====== Args={}
2025-05-15 10:57:07,251 : INFO : EventManager : Event: ======'machine_reset_phase_2'====== Args={}
2025-05-15 10:57:07,252 : INFO : EventManager : Event: ======'machine_reset_phase_3'====== Args={}
2025-05-15 10:57:07,253 : INFO : EventManager : Event: ======'reset_complete'====== Args={}
2025-05-15 10:57:07,253 : INFO : EventManager : Event: ======'mode_attract_will_start'====== Args={}
2025-05-15 10:57:07,254 : INFO : Timer.attract_carousel_timer : Starting Timer.
2025-05-15 10:57:07,254 : INFO : EventManager : Event: ======'timer_attract_carousel_timer_started'====== Args={'ticks': 0, 'ticks_remaining': 1}
2025-05-15 10:57:07,254 : INFO : EventManager : Event: ======'timer_attract_carousel_timer_tick'====== Args={'ticks': 0, 'ticks_remaining': 1}
2025-05-15 10:57:07,255 : INFO : EventManager : Event: ======'mode_attract_starting'====== Args={}
2025-05-15 10:57:07,255 : INFO : Mode.attract : Started. Priority: 10
2025-05-15 10:57:07,257 : INFO : EventManager : Event: ======'modes_active_modes_changed'====== Args={}
2025-05-15 10:57:07,257 : INFO : EventManager : Event: ======'mode_attract_started'====== Args={}
2025-05-15 10:57:07,258 : INFO : EventManager : Event: ======'collecting_balls_complete'====== Args={}
2025-05-15 10:57:07,260 : INFO : EventManager : Event: ======'item_highlighted'====== Args={'carousel': 'attract', 'direction': None, 'item': 'title'}
2025-05-15 10:57:07,261 : INFO : EventManager : Event: ======'timer_attract_carousel_timer_tick'====== Args={'ticks': 0, 'ticks_remaining': 1}
2025-05-15 10:57:07,263 : INFO : Machine : Starting the main run loop with active modes: [<Mode.attract>]
2025-05-15 10:57:07,323 : INFO : EventManager : Event: ======'slide_attract_created'====== Args={'_from_bcp': True}
2025-05-15 10:57:07,323 : INFO : EventManager : Event: ======'slide__removed'====== Args={'_from_bcp': True}
2025-05-15 10:57:07,324 : INFO : EventManager : Event: ======'slide_attract_active'====== Args={'original_context': 'attract', 'original_calling_context': 'mode_attract_started', 'priority': 10.0, 'cmd': 'slides_play', '_from_bcp': True}
2025-05-15 10:57:12,273 : INFO : Timer.attract_carousel_timer : Timer Complete
2025-05-15 10:57:12,273 : INFO : Timer.attract_carousel_timer : Stopping Timer
2025-05-15 10:57:12,276 : INFO : EventManager : Event: ======'timer_attract_carousel_timer_stopped'====== Args={'ticks': 1, 'ticks_remaining': 1}
2025-05-15 10:57:12,277 : INFO : EventManager : Event: ======'timer_attract_carousel_timer_complete'====== Args={'ticks': 1, 'ticks_remaining': 1}
2025-05-15 10:57:12,277 : INFO : EventManager : Event: ======'item_highlighted'====== Args={'carousel': 'attract', 'direction': 'forwards', 'item': 'credits'}
2025-05-15 10:57:12,278 : INFO : Timer.attract_carousel_timer : Starting Timer.
2025-05-15 10:57:12,278 : INFO : EventManager : Event: ======'timer_attract_carousel_timer_started'====== Args={'ticks': 0, 'ticks_remaining': 1}
2025-05-15 10:57:12,279 : INFO : EventManager : Event: ======'timer_attract_carousel_timer_tick'====== Args={'ticks': 0, 'ticks_remaining': 1}
2025-05-15 10:57:17,270 : INFO : Timer.attract_carousel_timer : Timer Complete
2025-05-15 10:57:17,270 : INFO : Timer.attract_carousel_timer : Stopping Timer
2025-05-15 10:57:17,272 : INFO : EventManager : Event: ======'timer_attract_carousel_timer_stopped'====== Args={'ticks': 1, 'ticks_remaining': 1}
2025-05-15 10:57:17,272 : INFO : EventManager : Event: ======'timer_attract_carousel_timer_complete'====== Args={'ticks': 1, 'ticks_remaining': 1}
2025-05-15 10:57:17,272 : INFO : EventManager : Event: ======'item_highlighted'====== Args={'carousel': 'attract', 'direction': 'forwards', 'item': 'mpf_logo'}
2025-05-15 10:57:17,273 : INFO : Timer.attract_carousel_timer : Starting Timer.
2025-05-15 10:57:17,274 : INFO : EventManager : Event: ======'timer_attract_carousel_timer_started'====== Args={'ticks': 0, 'ticks_remaining': 1}
2025-05-15 10:57:17,274 : INFO : EventManager : Event: ======'timer_attract_carousel_timer_tick'====== Args={'ticks': 0, 'ticks_remaining': 1}
2025-05-15 10:57:22,289 : INFO : Timer.attract_carousel_timer : Timer Complete
2025-05-15 10:57:22,289 : INFO : Timer.attract_carousel_timer : Stopping Timer
2025-05-15 10:57:22,289 : INFO : EventManager : Event: ======'timer_attract_carousel_timer_stopped'====== Args={'ticks': 1, 'ticks_remaining': 1}
2025-05-15 10:57:22,290 : INFO : EventManager : Event: ======'timer_attract_carousel_timer_complete'====== Args={'ticks': 1, 'ticks_remaining': 1}
2025-05-15 10:57:22,290 : INFO : EventManager : Event: ======'item_highlighted'====== Args={'carousel': 'attract', 'direction': 'forwards', 'item': 'title'}
2025-05-15 10:57:22,291 : INFO : Timer.attract_carousel_timer : Starting Timer.
2025-05-15 10:57:22,291 : INFO : EventManager : Event: ======'timer_attract_carousel_timer_started'====== Args={'ticks': 0, 'ticks_remaining': 1}
2025-05-15 10:57:22,291 : INFO : EventManager : Event: ======'timer_attract_carousel_timer_tick'====== Args={'ticks': 0, 'ticks_remaining': 1}
2025-05-15 10:57:23,808 : INFO : Machine : Shutting down...
2025-05-15 10:57:23,808 : INFO : EventManager : Event: ======'shutdown'====== Args={}
2025-05-15 10:57:23,817 : INFO : root : MPF run loop ended.
