2025-05-15 13:32:44,227 : INFO : root : Loading config.
2025-05-15 13:32:44,231 : INFO : YamlMultifileConfigLoader : Machine config file #1: config.yaml
2025-05-15 13:32:44,233 : INFO : ConfigProcessor : Loading config from cache: C:\Users\Majo\AppData\Local\Temp\49e243cdd9f1e1d25f58c376a5b1bcea.mpf_cache
2025-05-15 13:32:44,306 : INFO : ConfigProcessor : Loading config from cache: C:\Users\Majo\AppData\Local\Temp\d702bac24e056f3176be89df8780b321.mpf_cache
2025-05-15 13:32:44,307 : INFO : ConfigProcessor : Loading config from cache: C:\Users\Majo\AppData\Local\Temp\73f6dfef7f206545518fd71aa2c5591c.mpf_cache
2025-05-15 13:32:44,308 : INFO : ConfigProcessor : Loading config from cache: C:\Users\Majo\AppData\Local\Temp\d702bac24e056f3176be89df8780b321.mpf_cache
2025-05-15 13:32:44,308 : INFO : ConfigProcessor : Loading config from cache: C:\Users\Majo\AppData\Local\Temp\8a05a22d50c9fd6520be5872b6dcd994.mpf_cache
2025-05-15 13:32:44,308 : INFO : ConfigProcessor : Loading config from cache: C:\Users\Majo\AppData\Local\Temp\88b7623af3bb19725041b5cfdd7b04ce.mpf_cache
2025-05-15 13:32:44,309 : WARNING : ConfigProcessor : Config file in cache changed: C:\supermariopinball\modes\hurryup\config\hurryup.yaml
2025-05-15 13:32:44,309 : INFO : ConfigProcessor : Loading config from file C:\supermariopinball\modes\hurryup\config\hurryup.yaml.
2025-05-15 13:32:44,313 : INFO : ConfigProcessor : Loading config: C:\supermariopinball\modes\hurryup\config\hurryup.yaml
2025-05-15 13:32:44,313 : INFO : ConfigProcessor : Config file cache created: C:\Users\Majo\AppData\Local\Temp\aa12f098217c7290111d8dab11849bdf.mpf_cache
2025-05-15 13:32:44,314 : INFO : Machine : Mission Pinball Framework Core Engine v0.80.0.dev7
2025-05-15 13:32:44,314 : INFO : Machine : Command line arguments: {'no_load_cache': False, 'create_config_cache': True, 'bcp': True, 'configfile': ['config.yaml'], 'force_assets_load': False, 'platform_integration_test': False, 'jsonlogging': False, 'logfile': 'logs\\2025-05-15-13-32-44-mpf-LX15.log', 'pause': False, 'production': False, 'text_ui': False, 'loglevel': 15, 'consoleloglevel': 20, 'force_platform': 'virtual', 'syslog_address': None, 'full_logfile_path': 'C:\\supermariopinball\\logs\\2025-05-15-13-32-44-mpf-LX15.log'}
2025-05-15 13:32:44,315 : INFO : Machine : MPF path: C:\Users\Majo\AppData\Local\Programs\Python\Python312\Lib\site-packages\mpf
2025-05-15 13:32:44,315 : INFO : Machine : Machine path: C:\supermariopinball
2025-05-15 13:32:44,316 : INFO : Machine : Platform: win32
2025-05-15 13:32:44,316 : INFO : Machine : Python executable location: C:\Users\Majo\AppData\Local\Programs\Python\Python312\python.exe
2025-05-15 13:32:44,316 : INFO : Machine : Python version: 3.12.7 (64-bit)
2025-05-15 13:32:44,320 : INFO : Machine : Initializing MPF...
2025-05-15 13:32:44,395 : INFO : EventManager : Event: ======'machine_var_credits_string'====== Args={'value': 'FREE PLAY', 'prev_value': None, 'change': True}
2025-05-15 13:32:44,413 : INFO : EventManager : Event: ======'machine_var_master_volume'====== Args={'value': 0.5, 'prev_value': None, 'change': True}
2025-05-15 13:32:44,413 : INFO : EventManager : Event: ======'machine_var_mpf_version'====== Args={'value': 'Mission Pinball Framework v0.80.0.dev7', 'prev_value': None, 'change': True}
2025-05-15 13:32:44,413 : INFO : EventManager : Event: ======'machine_var_mpf_extended_version'====== Args={'value': 'Mission Pinball Framework v0.80.0.dev7, Config version:6, Show version: 6, BCP version:1.1', 'prev_value': None, 'change': True}
2025-05-15 13:32:44,413 : INFO : EventManager : Event: ======'machine_var_python_version'====== Args={'value': '3.12.7', 'prev_value': None, 'change': True}
2025-05-15 13:32:44,552 : INFO : EventManager : Event: ======'machine_var_platform'====== Args={'value': 'Windows-11-10.0.26100-SP0', 'prev_value': None, 'change': True}
2025-05-15 13:32:44,552 : INFO : EventManager : Event: ======'machine_var_platform_system'====== Args={'value': 'Windows', 'prev_value': None, 'change': True}
2025-05-15 13:32:44,552 : INFO : EventManager : Event: ======'machine_var_platform_release'====== Args={'value': '11', 'prev_value': None, 'change': True}
2025-05-15 13:32:44,553 : INFO : EventManager : Event: ======'machine_var_platform_version'====== Args={'value': '10.0.26100', 'prev_value': None, 'change': True}
2025-05-15 13:32:44,553 : INFO : EventManager : Event: ======'machine_var_platform_machine'====== Args={'value': 'AMD64', 'prev_value': None, 'change': True}
2025-05-15 13:32:44,553 : INFO : EventManager : Event: ======'machine_var_log_file_path'====== Args={'value': 'C:\\supermariopinball\\logs\\2025-05-15-13-32-44-mpf-LX15.log', 'prev_value': None, 'change': True}
2025-05-15 13:32:44,553 : INFO : EventManager : Event: ======'init_phase_1'====== Args={}
2025-05-15 13:32:44,572 : INFO : EventManager : Event: ======'init_phase_2'====== Args={}
2025-05-15 13:32:44,573 : INFO : SwitchController : Found active switch: ('1-0-18', <Platform.Virtual>) <switch.s_balltruhe_1>
2025-05-15 13:32:44,573 : INFO : SwitchController : Found active switch: ('1-0-19', <Platform.Virtual>) <switch.s_balltruhe_2>
2025-05-15 13:32:44,573 : INFO : SwitchController : Found active switch: ('1-0-20', <Platform.Virtual>) <switch.s_balltruhe_3>
2025-05-15 13:32:44,573 : INFO : SwitchController : Found active switch: ('1-0-21', <Platform.Virtual>) <switch.s_balltruhe_4>
2025-05-15 13:32:44,573 : INFO : SwitchController : Found active switch: ('1-0-22', <Platform.Virtual>) <switch.s_balltruhe_5>
2025-05-15 13:32:44,573 : INFO : SwitchController : Found active switch: ('1-0-23', <Platform.Virtual>) <switch.s_balltruhe_6>
2025-05-15 13:32:44,574 : INFO : EventManager : Event: ======'bcp_connection_attempt'====== Args={'name': 'local_display', 'host': 'localhost', 'port': 5050}
2025-05-15 13:32:44,575 : INFO : BCPClientSocket : Connecting BCP to 'local_display' at localhost:5050...
2025-05-15 13:32:44,587 : INFO : BCPClientSocket : Connected BCP to 'local_display' localhost:5050
2025-05-15 13:32:44,587 : INFO : EventManager : Event: ======'bcp_clients_connected'====== Args={}
2025-05-15 13:32:44,589 : INFO : ball_device.bd_balltruhe : BCH: Initial count: 6
2025-05-15 13:32:44,589 : INFO : ball_device.bd_balltruhe : State: idle
2025-05-15 13:32:44,589 : INFO : ball_device.bd_plunger : BCH: Initial count: 0
2025-05-15 13:32:44,589 : INFO : ball_device.bd_plunger : State: idle
2025-05-15 13:32:44,597 : INFO : EventManager : Event: ======'init_phase_3'====== Args={}
2025-05-15 13:32:44,599 : INFO : EventManager : Event: ======'init_phase_4'====== Args={}
2025-05-15 13:32:44,599 : INFO : BallController : Initial balls found: 6
2025-05-15 13:32:44,602 : INFO : EventManager : Event: ======'machine_var_audits_events_game_ended'====== Args={'value': 0, 'prev_value': None, 'change': True}
2025-05-15 13:32:44,602 : INFO : EventManager : Event: ======'machine_var_audits_events_game_started'====== Args={'value': 4, 'prev_value': None, 'change': True}
2025-05-15 13:32:44,602 : INFO : EventManager : Event: ======'machine_var_audits_missing_switches_s_balltruhe_1'====== Args={'value': 4, 'prev_value': None, 'change': True}
2025-05-15 13:32:44,602 : INFO : EventManager : Event: ======'machine_var_audits_missing_switches_s_balltruhe_2'====== Args={'value': 4, 'prev_value': None, 'change': True}
2025-05-15 13:32:44,602 : INFO : EventManager : Event: ======'machine_var_audits_missing_switches_s_balltruhe_3'====== Args={'value': 4, 'prev_value': None, 'change': True}
2025-05-15 13:32:44,602 : INFO : EventManager : Event: ======'machine_var_audits_missing_switches_s_balltruhe_4'====== Args={'value': 4, 'prev_value': None, 'change': True}
2025-05-15 13:32:44,602 : INFO : EventManager : Event: ======'machine_var_audits_missing_switches_s_balltruhe_5'====== Args={'value': 4, 'prev_value': None, 'change': True}
2025-05-15 13:32:44,602 : INFO : EventManager : Event: ======'machine_var_audits_missing_switches_s_balltruhe_6'====== Args={'value': 4, 'prev_value': None, 'change': True}
2025-05-15 13:32:44,602 : INFO : EventManager : Event: ======'machine_var_audits_missing_switches_s_balltruhe_jam'====== Args={'value': 4, 'prev_value': None, 'change': True}
2025-05-15 13:32:44,602 : INFO : EventManager : Event: ======'machine_var_audits_missing_switches_s_flipper_left'====== Args={'value': 4, 'prev_value': None, 'change': True}
2025-05-15 13:32:44,602 : INFO : EventManager : Event: ======'machine_var_audits_missing_switches_s_flipper_right'====== Args={'value': 4, 'prev_value': None, 'change': True}
2025-05-15 13:32:44,602 : INFO : EventManager : Event: ======'machine_var_audits_missing_switches_s_jet_left'====== Args={'value': 1, 'prev_value': None, 'change': True}
2025-05-15 13:32:44,602 : INFO : EventManager : Event: ======'machine_var_audits_missing_switches_s_jet_right'====== Args={'value': 1, 'prev_value': None, 'change': True}
2025-05-15 13:32:44,603 : INFO : EventManager : Event: ======'machine_var_audits_missing_switches_s_jet_upper'====== Args={'value': 1, 'prev_value': None, 'change': True}
2025-05-15 13:32:44,603 : INFO : EventManager : Event: ======'machine_var_audits_missing_switches_s_plunger_lane'====== Args={'value': 4, 'prev_value': None, 'change': True}
2025-05-15 13:32:44,603 : INFO : EventManager : Event: ======'machine_var_audits_missing_switches_s_start'====== Args={'value': 2, 'prev_value': None, 'change': True}
2025-05-15 13:32:44,603 : INFO : EventManager : Event: ======'machine_var_audits_missing_switches_s_upper_flipper'====== Args={'value': 4, 'prev_value': None, 'change': True}
2025-05-15 13:32:44,603 : INFO : EventManager : Event: ======'machine_var_audits_player_score'====== Args={'value': {'average': 0, 'top': [], 'total': 0}, 'prev_value': None, 'change': True}
2025-05-15 13:32:44,603 : INFO : EventManager : Event: ======'machine_var_audits_shots_hurryup'====== Args={'value': 2, 'prev_value': None, 'change': True}
2025-05-15 13:32:44,603 : INFO : EventManager : Event: ======'machine_var_audits_shots_jet_left'====== Args={'value': 16, 'prev_value': None, 'change': True}
2025-05-15 13:32:44,603 : INFO : EventManager : Event: ======'machine_var_audits_shots_jet_right'====== Args={'value': 15, 'prev_value': None, 'change': True}
2025-05-15 13:32:44,603 : INFO : EventManager : Event: ======'machine_var_audits_shots_left_ramp'====== Args={'value': 6, 'prev_value': None, 'change': True}
2025-05-15 13:32:44,603 : INFO : EventManager : Event: ======'machine_var_audits_shots_s_jet_upper'====== Args={'value': 11, 'prev_value': None, 'change': True}
2025-05-15 13:32:44,603 : INFO : EventManager : Event: ======'machine_var_audits_switches_s_balltruhe_1'====== Args={'value': 0, 'prev_value': None, 'change': True}
2025-05-15 13:32:44,603 : INFO : EventManager : Event: ======'machine_var_audits_switches_s_balltruhe_2'====== Args={'value': 0, 'prev_value': None, 'change': True}
2025-05-15 13:32:44,603 : INFO : EventManager : Event: ======'machine_var_audits_switches_s_balltruhe_3'====== Args={'value': 0, 'prev_value': None, 'change': True}
2025-05-15 13:32:44,603 : INFO : EventManager : Event: ======'machine_var_audits_switches_s_balltruhe_4'====== Args={'value': 0, 'prev_value': None, 'change': True}
2025-05-15 13:32:44,603 : INFO : EventManager : Event: ======'machine_var_audits_switches_s_balltruhe_5'====== Args={'value': 0, 'prev_value': None, 'change': True}
2025-05-15 13:32:44,603 : INFO : EventManager : Event: ======'machine_var_audits_switches_s_balltruhe_6'====== Args={'value': 0, 'prev_value': None, 'change': True}
2025-05-15 13:32:44,603 : INFO : EventManager : Event: ======'machine_var_audits_switches_s_balltruhe_jam'====== Args={'value': 0, 'prev_value': None, 'change': True}
2025-05-15 13:32:44,603 : INFO : EventManager : Event: ======'machine_var_audits_switches_s_flipper_left'====== Args={'value': 0, 'prev_value': None, 'change': True}
2025-05-15 13:32:44,603 : INFO : EventManager : Event: ======'machine_var_audits_switches_s_flipper_right'====== Args={'value': 0, 'prev_value': None, 'change': True}
2025-05-15 13:32:44,603 : INFO : EventManager : Event: ======'machine_var_audits_switches_s_jet_left'====== Args={'value': 16, 'prev_value': None, 'change': True}
2025-05-15 13:32:44,604 : INFO : EventManager : Event: ======'machine_var_audits_switches_s_jet_right'====== Args={'value': 15, 'prev_value': None, 'change': True}
2025-05-15 13:32:44,604 : INFO : EventManager : Event: ======'machine_var_audits_switches_s_jet_upper'====== Args={'value': 11, 'prev_value': None, 'change': True}
2025-05-15 13:32:44,604 : INFO : EventManager : Event: ======'machine_var_audits_switches_s_plunger_lane'====== Args={'value': 0, 'prev_value': None, 'change': True}
2025-05-15 13:32:44,604 : INFO : EventManager : Event: ======'machine_var_audits_switches_s_ramp_left_opto'====== Args={'value': 6, 'prev_value': None, 'change': True}
2025-05-15 13:32:44,604 : INFO : EventManager : Event: ======'machine_var_audits_switches_s_start'====== Args={'value': 1, 'prev_value': None, 'change': True}
2025-05-15 13:32:44,604 : INFO : EventManager : Event: ======'machine_var_audits_switches_s_upper_flipper'====== Args={'value': 0, 'prev_value': None, 'change': True}
2025-05-15 13:32:44,604 : INFO : EventManager : Event: ======'init_phase_5'====== Args={}
2025-05-15 13:32:44,605 : INFO : EventManager : Event: ======'init_done'====== Args={}
2025-05-15 13:32:44,605 : INFO : EventManager : Event: ======'machine_reset_phase_1'====== Args={}
2025-05-15 13:32:44,614 : INFO : EventManager : Event: ======'machine_reset_phase_2'====== Args={}
2025-05-15 13:32:44,614 : INFO : EventManager : Event: ======'machine_reset_phase_3'====== Args={}
2025-05-15 13:32:44,615 : INFO : EventManager : Event: ======'reset_complete'====== Args={}
2025-05-15 13:32:44,615 : INFO : EventManager : Event: ======'mode_attract_will_start'====== Args={}
2025-05-15 13:32:44,615 : INFO : Timer.attract_carousel_timer : Starting Timer.
2025-05-15 13:32:44,615 : INFO : EventManager : Event: ======'timer_attract_carousel_timer_started'====== Args={'ticks': 0, 'ticks_remaining': 1}
2025-05-15 13:32:44,615 : INFO : EventManager : Event: ======'timer_attract_carousel_timer_tick'====== Args={'ticks': 0, 'ticks_remaining': 1}
2025-05-15 13:32:44,617 : INFO : EventManager : Event: ======'mode_attract_starting'====== Args={}
2025-05-15 13:32:44,617 : INFO : Mode.attract : Started. Priority: 10
2025-05-15 13:32:44,617 : INFO : EventManager : Event: ======'modes_active_modes_changed'====== Args={}
2025-05-15 13:32:44,617 : INFO : EventManager : Event: ======'mode_attract_started'====== Args={}
2025-05-15 13:32:44,618 : INFO : EventManager : Event: ======'collecting_balls_complete'====== Args={}
2025-05-15 13:32:44,618 : INFO : EventManager : Event: ======'item_highlighted'====== Args={'carousel': 'attract', 'direction': None, 'item': 'title'}
2025-05-15 13:32:44,618 : INFO : EventManager : Event: ======'timer_attract_carousel_timer_tick'====== Args={'ticks': 0, 'ticks_remaining': 1}
2025-05-15 13:32:44,619 : INFO : Machine : Starting the main run loop with active modes: [<Mode.attract>]
2025-05-15 13:32:44,667 : INFO : EventManager : Event: ======'slide_attract_created'====== Args={'_from_bcp': True}
2025-05-15 13:32:44,669 : INFO : EventManager : Event: ======'slide__removed'====== Args={'_from_bcp': True}
2025-05-15 13:32:44,669 : INFO : EventManager : Event: ======'slide_attract_active'====== Args={'original_context': 'attract', 'original_calling_context': 'mode_attract_started', 'priority': 10.0, 'cmd': 'slides_play', '_from_bcp': True}
2025-05-15 13:32:49,632 : INFO : Timer.attract_carousel_timer : Timer Complete
2025-05-15 13:32:49,632 : INFO : Timer.attract_carousel_timer : Stopping Timer
2025-05-15 13:32:49,632 : INFO : EventManager : Event: ======'timer_attract_carousel_timer_stopped'====== Args={'ticks': 1, 'ticks_remaining': 1}
2025-05-15 13:32:49,632 : INFO : EventManager : Event: ======'timer_attract_carousel_timer_complete'====== Args={'ticks': 1, 'ticks_remaining': 1}
2025-05-15 13:32:49,632 : INFO : EventManager : Event: ======'item_highlighted'====== Args={'carousel': 'attract', 'direction': 'forwards', 'item': 'credits'}
2025-05-15 13:32:49,634 : INFO : Timer.attract_carousel_timer : Starting Timer.
2025-05-15 13:32:49,634 : INFO : EventManager : Event: ======'timer_attract_carousel_timer_started'====== Args={'ticks': 0, 'ticks_remaining': 1}
2025-05-15 13:32:49,634 : INFO : EventManager : Event: ======'timer_attract_carousel_timer_tick'====== Args={'ticks': 0, 'ticks_remaining': 1}
2025-05-15 13:32:50,034 : INFO : SwitchController : <<<<<<< 's_start' active >>>>>>>
2025-05-15 13:32:50,101 : INFO : SwitchController : <<<<<<< 's_start' inactive >>>>>>>
2025-05-15 13:32:50,101 : INFO : EventManager : Event: ======'request_to_start_game'====== Args={}
2025-05-15 13:32:50,101 : INFO : EventManager : Event: ======'game_start'====== Args={'buttons': [], 'hold_time': 0.06300000002374873}
2025-05-15 13:32:50,101 : INFO : EventManager : Event: ======'mode_game_will_start'====== Args={'buttons': [], 'hold_time': 0.06300000002374873}
2025-05-15 13:32:50,103 : INFO : EventManager : Event: ======'mode_game_starting'====== Args={'buttons': [], 'hold_time': 0.06300000002374873}
2025-05-15 13:32:50,103 : INFO : EventManager : Event: ======'mode_attract_will_stop'====== Args={}
2025-05-15 13:32:50,103 : INFO : EventManager : Event: ======'mode_attract_stopping'====== Args={}
2025-05-15 13:32:50,103 : INFO : Mode.attract : Stopped.
2025-05-15 13:32:50,103 : INFO : EventManager : Event: ======'modes_active_modes_changed'====== Args={}
2025-05-15 13:32:50,103 : INFO : EventManager : Event: ======'mode_attract_stopped'====== Args={}
2025-05-15 13:32:50,103 : INFO : EventManager : Event: ======'clear'====== Args={'key': 'attract'}
2025-05-15 13:32:50,103 : INFO : Timer.attract_carousel_timer : Stopping Timer
2025-05-15 13:32:50,103 : INFO : EventManager : Event: ======'timer_attract_carousel_timer_stopped'====== Args={'ticks': 0, 'ticks_remaining': 1}
2025-05-15 13:32:50,103 : INFO : Mode.game : Started. Priority: 20
2025-05-15 13:32:50,103 : INFO : EventManager : Event: ======'modes_active_modes_changed'====== Args={}
2025-05-15 13:32:50,103 : INFO : EventManager : Event: ======'mode_game_started'====== Args={'buttons': [], 'hold_time': 0.06300000002374873}
2025-05-15 13:32:50,104 : INFO : EventManager : Event: ======'game_will_start'====== Args={}
2025-05-15 13:32:50,104 : INFO : EventManager : Event: ======'game_starting'====== Args={'game': <Mode.game>}
2025-05-15 13:32:50,104 : INFO : EventManager : Unordered handler for class <Auditor> on event game_ended with priority 1. Handlers: [RegisteredHandler(callback=<bound method Auditor.disable of <Auditor>>, priority=1, kwargs={}, key=UUID('ef571c3d-c2c1-4cea-a741-6414ffb91d79'), condition=None, blocking_facility=None), RegisteredHandler(callback=<bound method Auditor._save_audits of <Auditor>>, priority=1, kwargs={}, key=UUID('ceaae276-99c2-435b-b684-e035dbd9ae5d'), condition=None, blocking_facility=None)]. The order of those handlers is not defined and they will be executed in random order. This might lead to race conditions and potential bugs.
2025-05-15 13:32:50,104 : INFO : EventManager : Event: ======'player_add_request'====== Args={}
2025-05-15 13:32:50,104 : INFO : EventManager : Event: ======'player_will_add'====== Args={'number': 1}
2025-05-15 13:32:50,104 : INFO : EventManager : Event: ======'player_adding'====== Args={'player': <Player 1>, 'number': 1}
2025-05-15 13:32:50,104 : INFO : EventManager : Event: ======'player_added'====== Args={'player': <Player 1>, 'num': 1}
2025-05-15 13:32:50,104 : INFO : Mode.game : Player added successfully. Total players: 1
2025-05-15 13:32:50,105 : INFO : EventManager : Event: ======'player_index'====== Args={'value': 0, 'prev_value': 0, 'change': 0, 'player_num': 1}
2025-05-15 13:32:50,105 : INFO : EventManager : Event: ======'player_number'====== Args={'value': 1, 'prev_value': 1, 'change': 0, 'player_num': 1}
2025-05-15 13:32:50,105 : INFO : EventManager : Event: ======'player_score'====== Args={'value': 0, 'prev_value': 0, 'change': 0, 'player_num': 1}
2025-05-15 13:32:50,105 : INFO : EventManager : Event: ======'game_started'====== Args={}
2025-05-15 13:32:50,105 : INFO : EventManager : Event: ======'player_turn_will_start'====== Args={'player': <Player 1>, 'number': 1}
2025-05-15 13:32:50,105 : INFO : EventManager : Event: ======'player_turn_starting'====== Args={'player': <Player 1>, 'number': 1}
2025-05-15 13:32:50,106 : INFO : EventManager : Event: ======'player_ball'====== Args={'value': 1, 'prev_value': 0, 'change': 1, 'player_num': 1}
2025-05-15 13:32:50,106 : INFO : EventManager : Event: ======'player_turn_started'====== Args={'player': <Player 1>, 'number': 1}
2025-05-15 13:32:50,106 : INFO : EventManager : Event: ======'ball_will_start'====== Args={'player': 1, 'ball': 1, 'balls_remaining': 2, 'is_extra_ball': False}
2025-05-15 13:32:50,106 : INFO : EventManager : Event: ======'ball_starting'====== Args={'player': 1, 'ball': 1, 'balls_remaining': 2, 'is_extra_ball': False}
2025-05-15 13:32:50,106 : INFO : EventManager : Event: ======'mode_base_will_start'====== Args={'queue': <QueuedEvent>, 'player': 1, 'ball': 1, 'balls_remaining': 2, 'is_extra_ball': False}
2025-05-15 13:32:50,106 : INFO : EventManager : Event: ======'player_shot_left_ramp_enabled'====== Args={'value': True, 'prev_value': 0, 'change': 1, 'player_num': 1}
2025-05-15 13:32:50,108 : INFO : EventManager : Event: ======'mode_base_starting'====== Args={'queue': <QueuedEvent>, 'player': 1, 'ball': 1, 'balls_remaining': 2, 'is_extra_ball': False}
2025-05-15 13:32:50,109 : INFO : Mode.base : Started. Priority: 100
2025-05-15 13:32:50,109 : INFO : EventManager : Event: ======'modes_active_modes_changed'====== Args={}
2025-05-15 13:32:50,109 : INFO : EventManager : Event: ======'mode_base_started'====== Args={'queue': <QueuedEvent>, 'player': 1, 'ball': 1, 'balls_remaining': 2, 'is_extra_ball': False}
2025-05-15 13:32:50,109 : INFO : EventManager : Event: ======'start_mode_jets'====== Args={'priority': 0}
2025-05-15 13:32:50,109 : INFO : EventManager : Event: ======'mode_jets_will_start'====== Args={'priority': 0}
2025-05-15 13:32:50,109 : INFO : EventManager : Event: ======'player_shot_jet_left_enabled'====== Args={'value': True, 'prev_value': 0, 'change': 1, 'player_num': 1}
2025-05-15 13:32:50,109 : INFO : EventManager : Event: ======'player_shot_jet_right_enabled'====== Args={'value': True, 'prev_value': 0, 'change': 1, 'player_num': 1}
2025-05-15 13:32:50,110 : INFO : EventManager : Event: ======'player_shot_s_jet_upper_enabled'====== Args={'value': True, 'prev_value': 0, 'change': 1, 'player_num': 1}
2025-05-15 13:32:50,110 : INFO : EventManager : Event: ======'jets_complete'====== Args={'state': 'unlit'}
2025-05-15 13:32:50,110 : INFO : EventManager : Event: ======'jets_unlit_complete'====== Args={}
2025-05-15 13:32:50,110 : INFO : EventManager : Event: ======'mode_jets_starting'====== Args={'priority': 0}
2025-05-15 13:32:50,110 : INFO : Mode.jets : Started. Priority: 200
2025-05-15 13:32:50,110 : INFO : EventManager : Event: ======'modes_active_modes_changed'====== Args={}
2025-05-15 13:32:50,110 : INFO : EventManager : Event: ======'mode_jets_started'====== Args={'priority': 0}
2025-05-15 13:32:50,110 : INFO : EventManager : Event: ======'balls_in_play'====== Args={'balls': 1}
2025-05-15 13:32:50,110 : INFO : EventManager : Event: ======'ball_started'====== Args={'player': 1, 'ball': 1, 'balls_remaining': 2, 'is_extra_ball': False}
2025-05-15 13:32:50,114 : INFO : EventManager : Event: ======'single_player_ball_started'====== Args={}
2025-05-15 13:32:50,114 : INFO : EventManager : Event: ======'ball_start_target'====== Args={'target': 'playfield'}
2025-05-15 13:32:50,114 : INFO : ball_device.bd_balltruhe : Setting up player-controlled eject. Balls: 1, Target: <playfield.playfield>, player_controlled_eject_event: None
2025-05-15 13:32:50,114 : INFO : ball_device.bd_balltruhe : Adding 1 ball(s) to the eject_queue with target <playfield.playfield>.
2025-05-15 13:32:50,114 : INFO : EventManager : Event: ======'balldevice_balls_available'====== Args={}
2025-05-15 13:32:50,115 : INFO : ball_device.bd_balltruhe : State: waiting_for_target_ready
2025-05-15 13:32:50,115 : INFO : EventManager : Event: ======'balldevice_bd_balltruhe_ball_eject_attempt'====== Args={'balls': 1, 'target': <ball_device.bd_plunger>, 'source': <ball_device.bd_balltruhe>, 'mechanical_eject': False, 'num_attempts': 0}
2025-05-15 13:32:50,115 : INFO : ball_device.bd_plunger : State: waiting_for_ball
2025-05-15 13:32:50,115 : INFO : ball_device.bd_balltruhe : State: ejecting
2025-05-15 13:32:50,115 : INFO : ball_device.bd_balltruhe : Ejecting ball to <ball_device.bd_plunger>
2025-05-15 13:32:50,115 : INFO : EventManager : Event: ======'balldevice_bd_balltruhe_ejecting_ball'====== Args={'balls': 1, 'target': <ball_device.bd_plunger>, 'source': <ball_device.bd_balltruhe>, 'mechanical_eject': False, 'num_attempts': 0}
2025-05-15 13:32:50,115 : INFO : ball_device.bd_balltruhe : Wait for ball to leave device
2025-05-15 13:32:50,117 : INFO : coil.c_drain_eject : Pulsing Driver for 22ms (1.0 pulse_power)
2025-05-15 13:32:50,140 : INFO : EventManager : Event: ======'slide_base_slide_created'====== Args={'_from_bcp': True}
2025-05-15 13:32:50,141 : INFO : EventManager : Event: ======'slide_attract_inactive'====== Args={'is_removing': True, '_from_bcp': True}
2025-05-15 13:32:50,141 : INFO : EventManager : Event: ======'slide_base_slide_active'====== Args={'original_context': 'base', 'original_calling_context': 'mode_base_started', 'priority': 100.0, 'queue': '<QueuedEvent>', 'player': 1.0, 'ball': 1.0, 'balls_remaining': 2.0, 'is_extra_ball': False, 'cmd': 'slides_play', '_from_bcp': True}
2025-05-15 13:32:50,141 : INFO : EventManager : Event: ======'slide_attract_removed'====== Args={'_from_bcp': True}
2025-05-15 13:32:51,034 : INFO : SwitchController : <<<<<<< 's_ramp_left_opto' active >>>>>>>
2025-05-15 13:32:51,034 : INFO : EventManager : Event: ======'playfield_active'====== Args={'source': 'left_ramp'}
2025-05-15 13:32:51,035 : INFO : EventManager : Event: ======'unexpected_ball_on_playfield'====== Args={}
2025-05-15 13:32:51,035 : INFO : EventManager : Event: ======'playfield_active'====== Args={'source': 'hurryup'}
2025-05-15 13:32:51,035 : INFO : EventManager : Event: ======'unexpected_ball_on_playfield'====== Args={}
2025-05-15 13:32:51,035 : INFO : EventManager : Event: ======'s_ramp_left_opto_active'====== Args={}
2025-05-15 13:32:51,035 : INFO : EventManager : Event: ======'machine_var_audits_switches_s_ramp_left_opto'====== Args={'value': 7, 'prev_value': 6, 'change': 1}
2025-05-15 13:32:51,035 : INFO : EventManager : Event: ======'player_shot_left_ramp'====== Args={'value': 1, 'prev_value': 0, 'change': 1, 'player_num': 1}
2025-05-15 13:32:51,035 : INFO : EventManager : Event: ======'machine_var_audits_shots_left_ramp'====== Args={'value': 7, 'prev_value': 6, 'change': 1}
2025-05-15 13:32:51,035 : INFO : EventManager : Event: ======'left_ramp_hit'====== Args={'profile': 'default', 'state': 'unlit', 'advancing': True}
2025-05-15 13:32:51,035 : INFO : EventManager : Event: ======'left_ramp_default_hit'====== Args={'profile': 'default', 'state': 'unlit', 'advancing': True}
2025-05-15 13:32:51,035 : INFO : EventManager : Event: ======'left_ramp_default_unlit_hit'====== Args={'profile': 'default', 'state': 'unlit', 'advancing': True}
2025-05-15 13:32:51,035 : INFO : EventManager : Event: ======'left_ramp_unlit_hit'====== Args={'profile': 'default', 'state': 'unlit', 'advancing': True}
2025-05-15 13:32:51,035 : INFO : EventManager : Event: ======'start_mode_hurryup'====== Args={'priority': 0}
2025-05-15 13:32:51,035 : INFO : EventManager : Event: ======'mode_hurryup_will_start'====== Args={'priority': 0}
2025-05-15 13:32:51,036 : INFO : EventManager : Event: ======'player_shot_hurryup_enabled'====== Args={'value': True, 'prev_value': 0, 'change': 1, 'player_num': 1}
2025-05-15 13:32:51,036 : INFO : EventManager : Event: ======'player_hurryup_hurryup_timer_tick'====== Args={'value': 0, 'prev_value': 0, 'change': 0, 'player_num': 1}
2025-05-15 13:32:51,036 : INFO : Timer.hurryup_timer : Starting Timer.
2025-05-15 13:32:51,036 : INFO : EventManager : Event: ======'timer_hurryup_timer_started'====== Args={'ticks': 0, 'ticks_remaining': 50}
2025-05-15 13:32:51,036 : INFO : EventManager : Event: ======'timer_hurryup_timer_tick'====== Args={'ticks': 0, 'ticks_remaining': 50}
2025-05-15 13:32:51,036 : INFO : EventManager : Event: ======'mode_hurryup_starting'====== Args={'priority': 0}
2025-05-15 13:32:51,037 : INFO : Mode.hurryup : Started. Priority: 1000
2025-05-15 13:32:51,037 : INFO : EventManager : Event: ======'modes_active_modes_changed'====== Args={}
2025-05-15 13:32:51,037 : INFO : EventManager : Event: ======'mode_hurryup_started'====== Args={'priority': 0}
2025-05-15 13:32:51,059 : INFO : EventManager : Event: ======'slide_hurryup_created'====== Args={'_from_bcp': True}
2025-05-15 13:32:51,059 : INFO : EventManager : Event: ======'slide_base_slide_inactive'====== Args={'is_removing': False, '_from_bcp': True}
2025-05-15 13:32:51,059 : INFO : EventManager : Event: ======'slide_hurryup_active'====== Args={'original_context': 'hurryup', 'original_calling_context': 'mode_hurryup_started', 'priority': 1000.0, 'cmd': 'slides_play', '_from_bcp': True}
2025-05-15 13:32:51,084 : INFO : SwitchController : <<<<<<< 's_ramp_left_opto' inactive >>>>>>>
2025-05-15 13:32:51,129 : INFO : EventManager : Event: ======'balldevice_bd_balltruhe_ball_eject_failed'====== Args={'target': <ball_device.bd_plunger>, 'balls': 1, 'retry': True, 'num_attempts': 1}
2025-05-15 13:32:51,129 : INFO : ball_device.bd_balltruhe : State: waiting_for_target_ready
2025-05-15 13:32:51,129 : INFO : EventManager : Event: ======'balldevice_bd_balltruhe_ball_eject_attempt'====== Args={'balls': 1, 'target': <ball_device.bd_plunger>, 'source': <ball_device.bd_balltruhe>, 'mechanical_eject': False, 'num_attempts': 1}
2025-05-15 13:32:51,129 : INFO : ball_device.bd_balltruhe : State: ejecting
2025-05-15 13:32:51,129 : INFO : ball_device.bd_balltruhe : Ejecting ball to <ball_device.bd_plunger>
2025-05-15 13:32:51,129 : INFO : EventManager : Event: ======'balldevice_bd_balltruhe_ejecting_ball'====== Args={'balls': 1, 'target': <ball_device.bd_plunger>, 'source': <ball_device.bd_balltruhe>, 'mechanical_eject': False, 'num_attempts': 1}
2025-05-15 13:32:51,130 : INFO : ball_device.bd_balltruhe : Wait for ball to leave device
2025-05-15 13:32:51,130 : INFO : coil.c_drain_eject : Pulsing Driver for 22ms (1.0 pulse_power)
2025-05-15 13:32:51,537 : INFO : EventManager : Event: ======'player_hurryup_hurryup_timer_tick'====== Args={'value': 1, 'prev_value': 0, 'change': 1, 'player_num': 1}
2025-05-15 13:32:51,537 : INFO : EventManager : Event: ======'timer_hurryup_timer_tick'====== Args={'ticks': 1, 'ticks_remaining': 49}
2025-05-15 13:32:51,537 : INFO : EventManager : Event: ======'hurryup_value'====== Args={'priority': 0, 'current_hurryup': 99500}
2025-05-15 13:32:52,052 : INFO : EventManager : Event: ======'player_hurryup_hurryup_timer_tick'====== Args={'value': 2, 'prev_value': 1, 'change': 1, 'player_num': 1}
2025-05-15 13:32:52,052 : INFO : EventManager : Event: ======'timer_hurryup_timer_tick'====== Args={'ticks': 2, 'ticks_remaining': 48}
2025-05-15 13:32:52,052 : INFO : EventManager : Event: ======'hurryup_value'====== Args={'priority': 0, 'current_hurryup': 99000}
2025-05-15 13:32:52,148 : INFO : EventManager : Event: ======'balldevice_bd_balltruhe_ball_eject_failed'====== Args={'target': <ball_device.bd_plunger>, 'balls': 1, 'retry': True, 'num_attempts': 2}
2025-05-15 13:32:52,149 : INFO : ball_device.bd_balltruhe : State: waiting_for_target_ready
2025-05-15 13:32:52,149 : INFO : EventManager : Event: ======'balldevice_bd_balltruhe_ball_eject_attempt'====== Args={'balls': 1, 'target': <ball_device.bd_plunger>, 'source': <ball_device.bd_balltruhe>, 'mechanical_eject': False, 'num_attempts': 2}
2025-05-15 13:32:52,150 : INFO : ball_device.bd_balltruhe : State: ejecting
2025-05-15 13:32:52,150 : INFO : ball_device.bd_balltruhe : Ejecting ball to <ball_device.bd_plunger>
2025-05-15 13:32:52,150 : INFO : EventManager : Event: ======'balldevice_bd_balltruhe_ejecting_ball'====== Args={'balls': 1, 'target': <ball_device.bd_plunger>, 'source': <ball_device.bd_balltruhe>, 'mechanical_eject': False, 'num_attempts': 2}
2025-05-15 13:32:52,151 : INFO : ball_device.bd_balltruhe : Wait for ball to leave device
2025-05-15 13:32:52,151 : INFO : coil.c_drain_eject : Pulsing Driver for 22ms (1.0 pulse_power)
2025-05-15 13:32:52,555 : INFO : EventManager : Event: ======'player_hurryup_hurryup_timer_tick'====== Args={'value': 3, 'prev_value': 2, 'change': 1, 'player_num': 1}
2025-05-15 13:32:52,555 : INFO : EventManager : Event: ======'timer_hurryup_timer_tick'====== Args={'ticks': 3, 'ticks_remaining': 47}
2025-05-15 13:32:52,557 : INFO : EventManager : Event: ======'hurryup_value'====== Args={'priority': 0, 'current_hurryup': 98500}
2025-05-15 13:32:53,052 : INFO : EventManager : Event: ======'player_hurryup_hurryup_timer_tick'====== Args={'value': 4, 'prev_value': 3, 'change': 1, 'player_num': 1}
2025-05-15 13:32:53,052 : INFO : EventManager : Event: ======'timer_hurryup_timer_tick'====== Args={'ticks': 4, 'ticks_remaining': 46}
2025-05-15 13:32:53,054 : INFO : EventManager : Event: ======'hurryup_value'====== Args={'priority': 0, 'current_hurryup': 98000}
2025-05-15 13:32:53,161 : INFO : EventManager : Event: ======'balldevice_bd_balltruhe_ball_eject_failed'====== Args={'target': <ball_device.bd_plunger>, 'balls': 1, 'retry': True, 'num_attempts': 3}
2025-05-15 13:32:53,161 : INFO : ball_device.bd_balltruhe : State: waiting_for_target_ready
2025-05-15 13:32:53,162 : INFO : EventManager : Event: ======'balldevice_bd_balltruhe_ball_eject_attempt'====== Args={'balls': 1, 'target': <ball_device.bd_plunger>, 'source': <ball_device.bd_balltruhe>, 'mechanical_eject': False, 'num_attempts': 3}
2025-05-15 13:32:53,162 : INFO : ball_device.bd_balltruhe : State: ejecting
2025-05-15 13:32:53,162 : INFO : ball_device.bd_balltruhe : Ejecting ball to <ball_device.bd_plunger>
2025-05-15 13:32:53,162 : INFO : EventManager : Event: ======'balldevice_bd_balltruhe_ejecting_ball'====== Args={'balls': 1, 'target': <ball_device.bd_plunger>, 'source': <ball_device.bd_balltruhe>, 'mechanical_eject': False, 'num_attempts': 3}
2025-05-15 13:32:53,162 : INFO : ball_device.bd_balltruhe : Wait for ball to leave device
2025-05-15 13:32:53,162 : INFO : coil.c_drain_eject : Pulsing Driver for 22ms (1.0 pulse_power)
2025-05-15 13:32:53,548 : INFO : EventManager : Event: ======'player_hurryup_hurryup_timer_tick'====== Args={'value': 5, 'prev_value': 4, 'change': 1, 'player_num': 1}
2025-05-15 13:32:53,548 : INFO : EventManager : Event: ======'timer_hurryup_timer_tick'====== Args={'ticks': 5, 'ticks_remaining': 45}
2025-05-15 13:32:53,549 : INFO : EventManager : Event: ======'hurryup_value'====== Args={'priority': 0, 'current_hurryup': 97500}
2025-05-15 13:32:54,045 : INFO : EventManager : Event: ======'player_hurryup_hurryup_timer_tick'====== Args={'value': 6, 'prev_value': 5, 'change': 1, 'player_num': 1}
2025-05-15 13:32:54,045 : INFO : EventManager : Event: ======'timer_hurryup_timer_tick'====== Args={'ticks': 6, 'ticks_remaining': 44}
2025-05-15 13:32:54,047 : INFO : EventManager : Event: ======'hurryup_value'====== Args={'priority': 0, 'current_hurryup': 97000}
2025-05-15 13:32:54,156 : INFO : EventManager : Event: ======'balldevice_bd_balltruhe_ball_eject_failed'====== Args={'target': <ball_device.bd_plunger>, 'balls': 1, 'retry': True, 'num_attempts': 4}
2025-05-15 13:32:54,157 : INFO : ball_device.bd_balltruhe : State: waiting_for_target_ready
2025-05-15 13:32:54,157 : INFO : EventManager : Event: ======'balldevice_bd_balltruhe_ball_eject_attempt'====== Args={'balls': 1, 'target': <ball_device.bd_plunger>, 'source': <ball_device.bd_balltruhe>, 'mechanical_eject': False, 'num_attempts': 4}
2025-05-15 13:32:54,157 : INFO : ball_device.bd_balltruhe : State: ejecting
2025-05-15 13:32:54,157 : INFO : ball_device.bd_balltruhe : Ejecting ball to <ball_device.bd_plunger>
2025-05-15 13:32:54,157 : INFO : EventManager : Event: ======'balldevice_bd_balltruhe_ejecting_ball'====== Args={'balls': 1, 'target': <ball_device.bd_plunger>, 'source': <ball_device.bd_balltruhe>, 'mechanical_eject': False, 'num_attempts': 4}
2025-05-15 13:32:54,158 : INFO : ball_device.bd_balltruhe : Wait for ball to leave device
2025-05-15 13:32:54,158 : INFO : coil.c_drain_eject : Pulsing Driver for 22ms (1.0 pulse_power)
2025-05-15 13:32:54,547 : INFO : EventManager : Event: ======'player_hurryup_hurryup_timer_tick'====== Args={'value': 7, 'prev_value': 6, 'change': 1, 'player_num': 1}
2025-05-15 13:32:54,547 : INFO : EventManager : Event: ======'timer_hurryup_timer_tick'====== Args={'ticks': 7, 'ticks_remaining': 43}
2025-05-15 13:32:54,548 : INFO : EventManager : Event: ======'hurryup_value'====== Args={'priority': 0, 'current_hurryup': 96500}
2025-05-15 13:32:55,045 : INFO : EventManager : Event: ======'player_hurryup_hurryup_timer_tick'====== Args={'value': 8, 'prev_value': 7, 'change': 1, 'player_num': 1}
2025-05-15 13:32:55,045 : INFO : EventManager : Event: ======'timer_hurryup_timer_tick'====== Args={'ticks': 8, 'ticks_remaining': 42}
2025-05-15 13:32:55,045 : INFO : EventManager : Event: ======'hurryup_value'====== Args={'priority': 0, 'current_hurryup': 96000}
2025-05-15 13:32:55,155 : INFO : EventManager : Event: ======'balldevice_bd_balltruhe_ball_eject_failed'====== Args={'target': <ball_device.bd_plunger>, 'balls': 1, 'retry': True, 'num_attempts': 5}
2025-05-15 13:32:55,155 : INFO : ball_device.bd_balltruhe : State: waiting_for_target_ready
2025-05-15 13:32:55,155 : INFO : EventManager : Event: ======'balldevice_bd_balltruhe_ball_eject_attempt'====== Args={'balls': 1, 'target': <ball_device.bd_plunger>, 'source': <ball_device.bd_balltruhe>, 'mechanical_eject': False, 'num_attempts': 5}
2025-05-15 13:32:55,155 : INFO : ball_device.bd_balltruhe : State: ejecting
2025-05-15 13:32:55,156 : INFO : ball_device.bd_balltruhe : Ejecting ball to <ball_device.bd_plunger>
2025-05-15 13:32:55,156 : INFO : EventManager : Event: ======'balldevice_bd_balltruhe_ejecting_ball'====== Args={'balls': 1, 'target': <ball_device.bd_plunger>, 'source': <ball_device.bd_balltruhe>, 'mechanical_eject': False, 'num_attempts': 5}
2025-05-15 13:32:55,156 : INFO : ball_device.bd_balltruhe : Wait for ball to leave device
2025-05-15 13:32:55,156 : INFO : coil.c_drain_eject : Pulsing Driver for 22ms (1.0 pulse_power)
2025-05-15 13:32:55,542 : INFO : EventManager : Event: ======'player_hurryup_hurryup_timer_tick'====== Args={'value': 9, 'prev_value': 8, 'change': 1, 'player_num': 1}
2025-05-15 13:32:55,542 : INFO : EventManager : Event: ======'timer_hurryup_timer_tick'====== Args={'ticks': 9, 'ticks_remaining': 41}
2025-05-15 13:32:55,544 : INFO : EventManager : Event: ======'hurryup_value'====== Args={'priority': 0, 'current_hurryup': 95500}
2025-05-15 13:32:56,058 : INFO : EventManager : Event: ======'player_hurryup_hurryup_timer_tick'====== Args={'value': 10, 'prev_value': 9, 'change': 1, 'player_num': 1}
2025-05-15 13:32:56,058 : INFO : EventManager : Event: ======'timer_hurryup_timer_tick'====== Args={'ticks': 10, 'ticks_remaining': 40}
2025-05-15 13:32:56,059 : INFO : EventManager : Event: ======'hurryup_value'====== Args={'priority': 0, 'current_hurryup': 95000}
2025-05-15 13:32:56,183 : INFO : EventManager : Event: ======'balldevice_bd_balltruhe_ball_eject_failed'====== Args={'target': <ball_device.bd_plunger>, 'balls': 1, 'retry': True, 'num_attempts': 6}
2025-05-15 13:32:56,184 : INFO : ball_device.bd_balltruhe : State: waiting_for_target_ready
2025-05-15 13:32:56,184 : INFO : EventManager : Event: ======'balldevice_bd_balltruhe_ball_eject_attempt'====== Args={'balls': 1, 'target': <ball_device.bd_plunger>, 'source': <ball_device.bd_balltruhe>, 'mechanical_eject': False, 'num_attempts': 6}
2025-05-15 13:32:56,185 : INFO : ball_device.bd_balltruhe : State: ejecting
2025-05-15 13:32:56,185 : INFO : ball_device.bd_balltruhe : Ejecting ball to <ball_device.bd_plunger>
2025-05-15 13:32:56,186 : INFO : EventManager : Event: ======'balldevice_bd_balltruhe_ejecting_ball'====== Args={'balls': 1, 'target': <ball_device.bd_plunger>, 'source': <ball_device.bd_balltruhe>, 'mechanical_eject': False, 'num_attempts': 6}
2025-05-15 13:32:56,186 : INFO : ball_device.bd_balltruhe : Wait for ball to leave device
2025-05-15 13:32:56,186 : INFO : coil.c_drain_eject : Pulsing Driver for 22ms (1.0 pulse_power)
2025-05-15 13:32:56,318 : INFO : SwitchController : <<<<<<< 's_ramp_left_opto' active >>>>>>>
2025-05-15 13:32:56,318 : INFO : EventManager : Event: ======'playfield_active'====== Args={'source': 'left_ramp'}
2025-05-15 13:32:56,318 : INFO : EventManager : Event: ======'unexpected_ball_on_playfield'====== Args={}
2025-05-15 13:32:56,318 : INFO : EventManager : Event: ======'playfield_active'====== Args={'source': 'hurryup'}
2025-05-15 13:32:56,318 : INFO : EventManager : Event: ======'unexpected_ball_on_playfield'====== Args={}
2025-05-15 13:32:56,318 : INFO : EventManager : Event: ======'s_ramp_left_opto_active'====== Args={}
2025-05-15 13:32:56,318 : INFO : EventManager : Event: ======'machine_var_audits_switches_s_ramp_left_opto'====== Args={'value': 8, 'prev_value': 7, 'change': 1}
2025-05-15 13:32:56,320 : INFO : EventManager : Event: ======'player_shot_hurryup'====== Args={'value': 1, 'prev_value': 0, 'change': 1, 'player_num': 1}
2025-05-15 13:32:56,320 : INFO : EventManager : Event: ======'machine_var_audits_shots_hurryup'====== Args={'value': 3, 'prev_value': 2, 'change': 1}
2025-05-15 13:32:56,320 : INFO : EventManager : Event: ======'hurryup_hit'====== Args={'profile': 'default', 'state': 'unlit', 'advancing': True}
2025-05-15 13:32:56,320 : INFO : EventManager : Event: ======'hurryup_default_hit'====== Args={'profile': 'default', 'state': 'unlit', 'advancing': True}
2025-05-15 13:32:56,320 : INFO : EventManager : Event: ======'hurryup_default_unlit_hit'====== Args={'profile': 'default', 'state': 'unlit', 'advancing': True}
2025-05-15 13:32:56,320 : INFO : EventManager : Event: ======'hurryup_unlit_hit'====== Args={'profile': 'default', 'state': 'unlit', 'advancing': True}
2025-05-15 13:32:56,320 : INFO : EventManager : Event: ======'machine_var_audits_shots_left_ramp'====== Args={'value': 8, 'prev_value': 7, 'change': 1}
2025-05-15 13:32:56,320 : INFO : EventManager : Event: ======'left_ramp_hit'====== Args={'profile': 'default', 'state': 'lit', 'advancing': False}
2025-05-15 13:32:56,320 : INFO : EventManager : Event: ======'left_ramp_default_hit'====== Args={'profile': 'default', 'state': 'lit', 'advancing': False}
2025-05-15 13:32:56,320 : INFO : EventManager : Event: ======'left_ramp_default_lit_hit'====== Args={'profile': 'default', 'state': 'lit', 'advancing': False}
2025-05-15 13:32:56,320 : INFO : EventManager : Event: ======'left_ramp_lit_hit'====== Args={'profile': 'default', 'state': 'lit', 'advancing': False}
2025-05-15 13:32:56,320 : INFO : EventManager : Event: ======'stop_mode_hurryup'====== Args={'priority': 0}
2025-05-15 13:32:56,320 : INFO : EventManager : Event: ======'player_score'====== Args={'value': 95000, 'prev_value': 0, 'change': 95000, 'player_num': 1, 'source': 'hurryup'}
2025-05-15 13:32:56,320 : INFO : EventManager : Event: ======'mode_hurryup_will_stop'====== Args={}
2025-05-15 13:32:56,320 : INFO : EventManager : Event: ======'mode_hurryup_stopping'====== Args={}
2025-05-15 13:32:56,320 : INFO : EventManager : Event: ======'start_mode_hurryup'====== Args={'priority': 0}
2025-05-15 13:32:56,320 : INFO : Mode.hurryup : Stopped.
2025-05-15 13:32:56,321 : INFO : EventManager : Event: ======'modes_active_modes_changed'====== Args={}
2025-05-15 13:32:56,321 : INFO : EventManager : Event: ======'mode_hurryup_stopped'====== Args={}
2025-05-15 13:32:56,321 : INFO : EventManager : Event: ======'clear'====== Args={'key': 'hurryup'}
2025-05-15 13:32:56,321 : INFO : Timer.hurryup_timer : Stopping Timer
2025-05-15 13:32:56,321 : INFO : EventManager : Event: ======'timer_hurryup_timer_stopped'====== Args={'ticks': 10, 'ticks_remaining': 40}
2025-05-15 13:32:56,334 : INFO : EventManager : Event: ======'slide_hurryup_inactive'====== Args={'is_removing': True, '_from_bcp': True}
2025-05-15 13:32:56,335 : INFO : EventManager : Event: ======'slide_base_slide_active'====== Args={'_from_bcp': True}
2025-05-15 13:32:56,336 : INFO : EventManager : Event: ======'slide_hurryup_removed'====== Args={'_from_bcp': True}
2025-05-15 13:32:56,402 : INFO : SwitchController : <<<<<<< 's_ramp_left_opto' inactive >>>>>>>
2025-05-15 13:32:57,207 : INFO : EventManager : Event: ======'balldevice_bd_balltruhe_ball_eject_failed'====== Args={'target': <ball_device.bd_plunger>, 'balls': 1, 'retry': True, 'num_attempts': 7}
2025-05-15 13:32:57,207 : INFO : ball_device.bd_balltruhe : State: waiting_for_target_ready
2025-05-15 13:32:57,208 : INFO : EventManager : Event: ======'balldevice_bd_balltruhe_ball_eject_attempt'====== Args={'balls': 1, 'target': <ball_device.bd_plunger>, 'source': <ball_device.bd_balltruhe>, 'mechanical_eject': False, 'num_attempts': 7}
2025-05-15 13:32:57,208 : INFO : ball_device.bd_balltruhe : State: ejecting
2025-05-15 13:32:57,208 : INFO : ball_device.bd_balltruhe : Ejecting ball to <ball_device.bd_plunger>
2025-05-15 13:32:57,208 : INFO : EventManager : Event: ======'balldevice_bd_balltruhe_ejecting_ball'====== Args={'balls': 1, 'target': <ball_device.bd_plunger>, 'source': <ball_device.bd_balltruhe>, 'mechanical_eject': False, 'num_attempts': 7}
2025-05-15 13:32:57,208 : INFO : ball_device.bd_balltruhe : Wait for ball to leave device
2025-05-15 13:32:57,209 : INFO : coil.c_drain_eject : Pulsing Driver for 22ms (1.0 pulse_power)
2025-05-15 13:32:58,138 : INFO : Machine : Shutting down...
2025-05-15 13:32:58,138 : INFO : EventManager : Event: ======'shutdown'====== Args={}
2025-05-15 13:32:58,139 : INFO : EventManager : Event: ======'mode_game_will_stop'====== Args={}
2025-05-15 13:32:58,139 : INFO : EventManager : Event: ======'mode_game_stopping'====== Args={}
2025-05-15 13:32:58,139 : INFO : EventManager : Event: ======'mode_base_will_stop'====== Args={}
2025-05-15 13:32:58,139 : INFO : EventManager : Event: ======'mode_base_stopping'====== Args={}
2025-05-15 13:32:58,139 : INFO : EventManager : Event: ======'mode_jets_will_stop'====== Args={}
2025-05-15 13:32:58,139 : INFO : EventManager : Event: ======'mode_jets_stopping'====== Args={}
2025-05-15 13:32:58,139 : INFO : EventManager : Event: ======'stop_mode_jets'====== Args={'priority': 0}
2025-05-15 13:32:58,139 : INFO : Mode.jets : Stopped.
2025-05-15 13:32:58,139 : INFO : EventManager : Event: ======'modes_active_modes_changed'====== Args={}
2025-05-15 13:32:58,140 : INFO : EventManager : Event: ======'mode_jets_stopped'====== Args={}
2025-05-15 13:32:58,140 : INFO : EventManager : Event: ======'clear'====== Args={'key': 'jets'}
2025-05-15 13:32:58,141 : INFO : Mode.base : Stopped.
2025-05-15 13:32:58,141 : INFO : EventManager : Event: ======'modes_active_modes_changed'====== Args={}
2025-05-15 13:32:58,141 : INFO : EventManager : Event: ======'mode_base_stopped'====== Args={}
2025-05-15 13:32:58,141 : INFO : EventManager : Event: ======'clear'====== Args={'key': 'base'}
2025-05-15 13:32:58,141 : INFO : Mode.game : Stopped.
2025-05-15 13:32:58,141 : INFO : EventManager : Event: ======'modes_active_modes_changed'====== Args={}
2025-05-15 13:32:58,141 : INFO : EventManager : Event: ======'mode_game_stopped'====== Args={}
2025-05-15 13:32:58,141 : INFO : EventManager : Event: ======'clear'====== Args={'key': 'game'}
2025-05-15 13:32:58,143 : INFO : root : MPF run loop ended.
